[2023-05-07T08:15:47+08:00][error] [8]未定义变量: id
[2023-05-07T09:09:14+08:00][error] [10501]SQLSTATE[HY000]: General error: 1364 Field 'member_id' doesn't have a default value
[2023-05-07T09:16:16+08:00][error] [10501]SQLSTATE[HY000]: General error: 1364 Field 'enabled' doesn't have a default value
[2023-05-07T09:16:24+08:00][error] [10501]SQLSTATE[HY000]: General error: 1364 Field 'enabled' doesn't have a default value
[2023-05-07T09:20:25+08:00][error] [2]array_unshift() expects parameter 1 to be array, string given
[2023-05-07T10:15:19+08:00][error] [0]Call to undefined method mod\Category::find()
[2023-05-07T10:19:59+08:00][error] [8]Indirect modification of overloaded property app\common\model\Category::$path has no effect
[2023-05-07T10:20:13+08:00][error] [2]array_unshift() expects parameter 1 to be array, string given
[2023-05-07T10:43:15+08:00][error] [8]Undefined property: stdClass::$modName
[2023-05-07T10:43:44+08:00][error] [8]Undefined property: stdClass::$modName
[2023-05-07T10:49:54+08:00][error] [8]Array to string conversion
[2023-05-07T11:08:32+08:00][error] [8]Array to string conversion
[2023-05-07T11:09:05+08:00][error] [8]Array to string conversion
[2023-05-07T11:09:12+08:00][error] [8]Array to string conversion
[2023-05-07T11:09:14+08:00][error] [8]Array to string conversion
[2023-05-07T11:09:22+08:00][error] [8]Array to string conversion
[2023-05-07T11:10:21+08:00][error] [8]Array to string conversion
[2023-05-07T11:10:43+08:00][error] [2]array_unshift() expects parameter 1 to be array, string given
[2023-05-07T11:10:51+08:00][error] [2]array_unshift() expects parameter 1 to be array, string given
[2023-05-07T11:14:47+08:00][error] [8]Indirect modification of overloaded property app\common\model\Category::$path has no effect
[2023-05-07T11:14:59+08:00][error] [8]Indirect modification of overloaded property app\common\model\Category::$path has no effect
[2023-05-07T12:07:10+08:00][error] [8]Undefined property: app\admin\controller\Article::$table
