[2023-12-05T18:26:21+08:00][error] [10501]SQLSTATE[HY000] [1045] Access denied for user 'root'@'localhost' (using password: YES)[/Users/zhoushouzhan/Desktop/www/qiye/web/vendor/topthink/think-orm/src/db/PDOConnection.php:797]
[2023-12-05T18:27:06+08:00][sql] CONNECT:[ UseTime:0.005510s ] mysql:host=127.0.0.1;port=3306;dbname=qiye;charset=utf8
[2023-12-05T18:27:06+08:00][sql] SHOW FULL COLUMNS FROM `yp_category` [ RunTime:0.030534s ]
[2023-12-05T18:27:06+08:00][sql] SELECT * FROM `yp_category` [ RunTime:0.001169s ]
[2023-12-05T18:27:06+08:00][sql] SHOW FULL COLUMNS FROM `yp_mod` [ RunTime:0.001989s ]
[2023-12-05T18:27:06+08:00][sql] SELECT * FROM `yp_mod` WHERE  `id` = 2 [ RunTime:0.001760s ]
[2023-12-05T18:27:06+08:00][error] [8192]Creation of dynamic property app\index\controller\Index::$uid is deprecated[/Users/zhoushouzhan/Desktop/www/qiye/web/app/index/controller/Base.php:28]
[2023-12-05T19:06:36+08:00][sql] CONNECT:[ UseTime:0.004346s ] mysql:host=127.0.0.1;port=3306;dbname=qiye;charset=utf8
[2023-12-05T19:06:36+08:00][sql] SHOW FULL COLUMNS FROM `yp_category` [ RunTime:0.006752s ]
[2023-12-05T19:06:36+08:00][sql] SELECT * FROM `yp_category` [ RunTime:0.000697s ]
[2023-12-05T19:06:36+08:00][sql] SHOW FULL COLUMNS FROM `yp_mod` [ RunTime:0.002333s ]
[2023-12-05T19:06:36+08:00][sql] SELECT * FROM `yp_mod` WHERE  `id` = 2 [ RunTime:0.000962s ]
[2023-12-05T19:06:36+08:00][error] [8192]Creation of dynamic property app\index\controller\Index::$uid is deprecated[/Users/zhoushouzhan/Desktop/www/qiye/web/app/index/controller/Base.php:28]
[2023-12-05T19:06:38+08:00][sql] CONNECT:[ UseTime:0.002091s ] mysql:host=127.0.0.1;port=3306;dbname=qiye;charset=utf8
[2023-12-05T19:06:38+08:00][sql] SHOW FULL COLUMNS FROM `yp_category` [ RunTime:0.004330s ]
[2023-12-05T19:06:38+08:00][sql] SELECT * FROM `yp_category` [ RunTime:0.002171s ]
[2023-12-05T19:06:38+08:00][sql] SHOW FULL COLUMNS FROM `yp_mod` [ RunTime:0.002780s ]
[2023-12-05T19:06:38+08:00][sql] SELECT * FROM `yp_mod` WHERE  `id` = 2 [ RunTime:0.001069s ]
[2023-12-05T19:06:38+08:00][error] [8192]Creation of dynamic property app\index\controller\Index::$uid is deprecated[/Users/zhoushouzhan/Desktop/www/qiye/web/app/index/controller/Base.php:28]
[2023-12-05T19:06:39+08:00][sql] CONNECT:[ UseTime:0.001647s ] mysql:host=127.0.0.1;port=3306;dbname=qiye;charset=utf8
[2023-12-05T19:06:39+08:00][sql] SHOW FULL COLUMNS FROM `yp_category` [ RunTime:0.003883s ]
[2023-12-05T19:06:39+08:00][sql] SELECT * FROM `yp_category` [ RunTime:0.000774s ]
[2023-12-05T19:06:39+08:00][sql] SHOW FULL COLUMNS FROM `yp_mod` [ RunTime:0.001888s ]
[2023-12-05T19:06:39+08:00][sql] SELECT * FROM `yp_mod` WHERE  `id` = 2 [ RunTime:0.000521s ]
[2023-12-05T19:06:39+08:00][error] [8192]Creation of dynamic property app\index\controller\Index::$uid is deprecated[/Users/zhoushouzhan/Desktop/www/qiye/web/app/index/controller/Base.php:28]
[2023-12-05T19:07:21+08:00][sql] CONNECT:[ UseTime:0.001371s ] mysql:host=127.0.0.1;port=3306;dbname=qiye;charset=utf8
[2023-12-05T19:07:21+08:00][sql] SHOW FULL COLUMNS FROM `yp_category` [ RunTime:0.004061s ]
[2023-12-05T19:07:21+08:00][sql] SELECT * FROM `yp_category` [ RunTime:0.000573s ]
[2023-12-05T19:07:21+08:00][sql] SHOW FULL COLUMNS FROM `yp_mod` [ RunTime:0.001790s ]
[2023-12-05T19:07:21+08:00][sql] SELECT * FROM `yp_mod` WHERE  `id` = 2 [ RunTime:0.000554s ]
[2023-12-05T19:07:21+08:00][error] [0]Call to undefined method think\Template::setCache()[/Users/zhoushouzhan/Desktop/www/qiye/web/vendor/topthink/think-view/src/Think.php:53]
[2023-12-05T19:10:00+08:00][sql] CONNECT:[ UseTime:0.002491s ] mysql:host=127.0.0.1;port=3306;dbname=qiye;charset=utf8
[2023-12-05T19:10:00+08:00][sql] SHOW FULL COLUMNS FROM `yp_category` [ RunTime:0.005097s ]
[2023-12-05T19:10:00+08:00][sql] SELECT * FROM `yp_category` [ RunTime:0.000974s ]
[2023-12-05T19:10:00+08:00][sql] SHOW FULL COLUMNS FROM `yp_mod` [ RunTime:0.001676s ]
[2023-12-05T19:10:00+08:00][sql] SELECT * FROM `yp_mod` WHERE  `id` = 2 [ RunTime:0.000854s ]
[2023-12-05T19:10:00+08:00][error] [0]Call to undefined method think\Template::setCache()[/Users/zhoushouzhan/Desktop/www/qiye/web/vendor/topthink/think-view/src/Think.php:53]
[2023-12-05T19:11:11+08:00][sql] CONNECT:[ UseTime:0.001567s ] mysql:host=127.0.0.1;port=3306;dbname=qiye;charset=utf8
[2023-12-05T19:11:11+08:00][sql] SHOW FULL COLUMNS FROM `yp_category` [ RunTime:0.006849s ]
[2023-12-05T19:11:11+08:00][sql] SELECT * FROM `yp_category` [ RunTime:0.000870s ]
[2023-12-05T19:11:11+08:00][sql] SHOW FULL COLUMNS FROM `yp_mod` [ RunTime:0.002523s ]
[2023-12-05T19:11:11+08:00][sql] SELECT * FROM `yp_mod` WHERE  `id` = 2 [ RunTime:0.000882s ]
[2023-12-05T19:11:17+08:00][sql] CONNECT:[ UseTime:0.001777s ] mysql:host=127.0.0.1;port=3306;dbname=qiye;charset=utf8
[2023-12-05T19:11:17+08:00][sql] SHOW FULL COLUMNS FROM `yp_category` [ RunTime:0.004297s ]
[2023-12-05T19:11:17+08:00][sql] SELECT * FROM `yp_category` [ RunTime:0.000714s ]
[2023-12-05T19:11:17+08:00][sql] SHOW FULL COLUMNS FROM `yp_mod` [ RunTime:0.003036s ]
[2023-12-05T19:11:17+08:00][sql] SELECT * FROM `yp_mod` WHERE  `id` = 2 [ RunTime:0.000897s ]
[2023-12-05T19:11:17+08:00][error] [0]Call to undefined method think\Template::setCache()[/Users/zhoushouzhan/Desktop/www/qiye/web/vendor/topthink/think-view/src/Think.php:53]
[2023-12-05T19:11:40+08:00][sql] CONNECT:[ UseTime:0.001520s ] mysql:host=127.0.0.1;port=3306;dbname=qiye;charset=utf8
[2023-12-05T19:11:40+08:00][sql] SHOW FULL COLUMNS FROM `yp_category` [ RunTime:0.004426s ]
[2023-12-05T19:11:40+08:00][sql] SELECT * FROM `yp_category` [ RunTime:0.000737s ]
[2023-12-05T19:11:40+08:00][sql] SHOW FULL COLUMNS FROM `yp_mod` [ RunTime:0.002795s ]
[2023-12-05T19:11:40+08:00][sql] SELECT * FROM `yp_mod` WHERE  `id` = 2 [ RunTime:0.000970s ]
[2023-12-05T19:11:40+08:00][error] [0]Call to undefined method think\Template::setCache()[/Users/zhoushouzhan/Desktop/www/qiye/web/vendor/topthink/think-view/src/Think.php:53]
[2023-12-05T19:11:41+08:00][sql] CONNECT:[ UseTime:0.001442s ] mysql:host=127.0.0.1;port=3306;dbname=qiye;charset=utf8
[2023-12-05T19:11:41+08:00][sql] SHOW FULL COLUMNS FROM `yp_category` [ RunTime:0.004187s ]
[2023-12-05T19:11:41+08:00][sql] SELECT * FROM `yp_category` [ RunTime:0.000914s ]
[2023-12-05T19:11:41+08:00][sql] SHOW FULL COLUMNS FROM `yp_mod` [ RunTime:0.002999s ]
[2023-12-05T19:11:41+08:00][sql] SELECT * FROM `yp_mod` WHERE  `id` = 2 [ RunTime:0.000776s ]
[2023-12-05T19:11:41+08:00][error] [0]Call to undefined method think\Template::setCache()[/Users/zhoushouzhan/Desktop/www/qiye/web/vendor/topthink/think-view/src/Think.php:53]
[2023-12-05T19:12:11+08:00][sql] CONNECT:[ UseTime:0.001526s ] mysql:host=127.0.0.1;port=3306;dbname=qiye;charset=utf8
[2023-12-05T19:12:11+08:00][sql] SHOW FULL COLUMNS FROM `yp_category` [ RunTime:0.004196s ]
[2023-12-05T19:12:11+08:00][sql] SELECT * FROM `yp_category` [ RunTime:0.000598s ]
[2023-12-05T19:12:11+08:00][sql] SHOW FULL COLUMNS FROM `yp_mod` [ RunTime:0.001718s ]
[2023-12-05T19:12:11+08:00][sql] SELECT * FROM `yp_mod` WHERE  `id` = 2 [ RunTime:0.000822s ]
[2023-12-05T19:12:11+08:00][error] [0]Call to undefined method think\Template::setCache()[/Users/zhoushouzhan/Desktop/www/qiye/web/vendor/topthink/think-view/src/Think.php:53]
[2023-12-05T19:12:12+08:00][sql] CONNECT:[ UseTime:0.001404s ] mysql:host=127.0.0.1;port=3306;dbname=qiye;charset=utf8
[2023-12-05T19:12:12+08:00][sql] SHOW FULL COLUMNS FROM `yp_category` [ RunTime:0.003885s ]
[2023-12-05T19:12:12+08:00][sql] SELECT * FROM `yp_category` [ RunTime:0.000806s ]
[2023-12-05T19:12:12+08:00][sql] SHOW FULL COLUMNS FROM `yp_mod` [ RunTime:0.002528s ]
[2023-12-05T19:12:12+08:00][sql] SELECT * FROM `yp_mod` WHERE  `id` = 2 [ RunTime:0.000860s ]
[2023-12-05T19:12:12+08:00][error] [0]Call to undefined method think\Template::setCache()[/Users/zhoushouzhan/Desktop/www/qiye/web/vendor/topthink/think-view/src/Think.php:53]
[2023-12-05T19:13:19+08:00][sql] CONNECT:[ UseTime:0.001264s ] mysql:host=127.0.0.1;port=3306;dbname=qiye;charset=utf8
[2023-12-05T19:13:19+08:00][sql] SHOW FULL COLUMNS FROM `yp_category` [ RunTime:0.003443s ]
[2023-12-05T19:13:19+08:00][sql] SELECT * FROM `yp_category` [ RunTime:0.000881s ]
[2023-12-05T19:13:19+08:00][sql] SHOW FULL COLUMNS FROM `yp_mod` [ RunTime:0.002356s ]
[2023-12-05T19:13:19+08:00][sql] SELECT * FROM `yp_mod` WHERE  `id` = 2 [ RunTime:0.000767s ]
[2023-12-05T19:14:16+08:00][sql] CONNECT:[ UseTime:0.001406s ] mysql:host=127.0.0.1;port=3306;dbname=qiye;charset=utf8
[2023-12-05T19:14:16+08:00][sql] SHOW FULL COLUMNS FROM `yp_category` [ RunTime:0.002606s ]
[2023-12-05T19:14:16+08:00][sql] SELECT * FROM `yp_category` [ RunTime:0.000630s ]
[2023-12-05T19:14:16+08:00][sql] SHOW FULL COLUMNS FROM `yp_mod` [ RunTime:0.001831s ]
[2023-12-05T19:14:16+08:00][sql] SELECT * FROM `yp_mod` WHERE  `id` = 2 [ RunTime:0.000534s ]
[2023-12-05T19:14:16+08:00][error] [0]Call to undefined method think\Template::setCache()[/Users/zhoushouzhan/Desktop/www/qiye/web/vendor/topthink/think-view/src/Think.php:53]
[2023-12-05T19:17:41+08:00][sql] CONNECT:[ UseTime:0.001431s ] mysql:host=127.0.0.1;port=3306;dbname=qiye;charset=utf8
[2023-12-05T19:17:41+08:00][sql] SHOW FULL COLUMNS FROM `yp_category` [ RunTime:0.004300s ]
[2023-12-05T19:17:41+08:00][sql] SELECT * FROM `yp_category` [ RunTime:0.000460s ]
[2023-12-05T19:17:41+08:00][sql] SHOW FULL COLUMNS FROM `yp_mod` [ RunTime:0.002024s ]
[2023-12-05T19:17:41+08:00][sql] SELECT * FROM `yp_mod` WHERE  `id` = 2 [ RunTime:0.000669s ]
[2023-12-05T19:17:41+08:00][error] [0]Call to undefined method think\Template::setCache()[/Users/zhoushouzhan/Desktop/www/qiye/web/vendor/topthink/think-view/src/Think.php:53]
[2023-12-05T19:18:17+08:00][sql] CONNECT:[ UseTime:0.001379s ] mysql:host=127.0.0.1;port=3306;dbname=qiye;charset=utf8
[2023-12-05T19:18:17+08:00][sql] SHOW FULL COLUMNS FROM `yp_category` [ RunTime:0.003497s ]
[2023-12-05T19:18:17+08:00][sql] SELECT * FROM `yp_category` [ RunTime:0.000684s ]
[2023-12-05T19:18:17+08:00][sql] SHOW FULL COLUMNS FROM `yp_mod` [ RunTime:0.001870s ]
[2023-12-05T19:18:17+08:00][sql] SELECT * FROM `yp_mod` WHERE  `id` = 2 [ RunTime:0.000801s ]
[2023-12-05T19:18:17+08:00][error] [0]Call to undefined method think\Template::setCache()[/Users/zhoushouzhan/Desktop/www/qiye/web/vendor/topthink/think-view/src/Think.php:53]
[2023-12-05T19:18:18+08:00][sql] CONNECT:[ UseTime:0.001540s ] mysql:host=127.0.0.1;port=3306;dbname=qiye;charset=utf8
[2023-12-05T19:18:18+08:00][sql] SHOW FULL COLUMNS FROM `yp_category` [ RunTime:0.004038s ]
[2023-12-05T19:18:18+08:00][sql] SELECT * FROM `yp_category` [ RunTime:0.000867s ]
[2023-12-05T19:18:18+08:00][sql] SHOW FULL COLUMNS FROM `yp_mod` [ RunTime:0.002188s ]
[2023-12-05T19:18:18+08:00][sql] SELECT * FROM `yp_mod` WHERE  `id` = 2 [ RunTime:0.000695s ]
[2023-12-05T19:18:18+08:00][error] [0]Call to undefined method think\Template::setCache()[/Users/zhoushouzhan/Desktop/www/qiye/web/vendor/topthink/think-view/src/Think.php:53]
[2023-12-05T19:18:52+08:00][sql] CONNECT:[ UseTime:0.001799s ] mysql:host=127.0.0.1;port=3306;dbname=qiye;charset=utf8
[2023-12-05T19:18:52+08:00][sql] SHOW FULL COLUMNS FROM `yp_category` [ RunTime:0.017038s ]
[2023-12-05T19:18:52+08:00][sql] SELECT * FROM `yp_category` [ RunTime:0.000777s ]
[2023-12-05T19:18:52+08:00][sql] SHOW FULL COLUMNS FROM `yp_mod` [ RunTime:0.002405s ]
[2023-12-05T19:18:52+08:00][sql] SELECT * FROM `yp_mod` WHERE  `id` = 2 [ RunTime:0.000778s ]
[2023-12-05T19:18:52+08:00][error] [0]Driver [Think] not supported.[/Users/zhoushouzhan/Desktop/www/qiye/web/vendor/topthink/framework/src/think/Manager.php:100]
[2023-12-05T19:19:13+08:00][sql] CONNECT:[ UseTime:0.001232s ] mysql:host=127.0.0.1;port=3306;dbname=qiye;charset=utf8
[2023-12-05T19:19:13+08:00][sql] SHOW FULL COLUMNS FROM `yp_category` [ RunTime:0.003946s ]
[2023-12-05T19:19:13+08:00][sql] SELECT * FROM `yp_category` [ RunTime:0.000921s ]
[2023-12-05T19:19:13+08:00][sql] SHOW FULL COLUMNS FROM `yp_mod` [ RunTime:0.002505s ]
[2023-12-05T19:19:13+08:00][sql] SELECT * FROM `yp_mod` WHERE  `id` = 2 [ RunTime:0.000754s ]
[2023-12-05T19:19:13+08:00][error] [0]模板文件不存在:./../view/home/index/aaa.html[/Users/zhoushouzhan/Desktop/www/qiye/web/vendor/topthink/think-view/src/Think.php:128]
[2023-12-05T19:19:22+08:00][sql] CONNECT:[ UseTime:0.001322s ] mysql:host=127.0.0.1;port=3306;dbname=qiye;charset=utf8
[2023-12-05T19:19:22+08:00][sql] SHOW FULL COLUMNS FROM `yp_category` [ RunTime:0.002434s ]
[2023-12-05T19:19:22+08:00][sql] SELECT * FROM `yp_category` [ RunTime:0.000341s ]
[2023-12-05T19:19:22+08:00][sql] SHOW FULL COLUMNS FROM `yp_mod` [ RunTime:0.001798s ]
[2023-12-05T19:19:22+08:00][sql] SELECT * FROM `yp_mod` WHERE  `id` = 2 [ RunTime:0.000552s ]
