[2023-12-09T19:28:38+08:00][sql] CONNECT:[ UseTime:0.016375s ] mysql:host=127.0.0.1;port=3306;dbname=qiye;charset=utf8
[2023-12-09T19:28:38+08:00][sql] SHOW FULL COLUMNS FROM `yp_category` [ RunTime:0.015777s ]
[2023-12-09T19:28:38+08:00][sql] SELECT * FROM `yp_category` [ RunTime:0.006692s ]
[2023-12-09T19:28:38+08:00][sql] SHOW FULL COLUMNS FROM `yp_mod` [ RunTime:0.003246s ]
[2023-12-09T19:28:38+08:00][sql] SELECT * FROM `yp_mod` WHERE  `id` = 2 [ RunTime:0.003266s ]
[2023-12-09T19:28:44+08:00][sql] CONNECT:[ UseTime:0.001520s ] mysql:host=127.0.0.1;port=3306;dbname=qiye;charset=utf8
[2023-12-09T19:28:44+08:00][sql] SHOW FULL COLUMNS FROM `yp_category` [ RunTime:0.004659s ]
[2023-12-09T19:28:44+08:00][sql] SELECT * FROM `yp_category` [ RunTime:0.000684s ]
[2023-12-09T19:28:44+08:00][sql] SHOW FULL COLUMNS FROM `yp_mod` [ RunTime:0.002491s ]
[2023-12-09T19:28:44+08:00][sql] SELECT * FROM `yp_mod` WHERE  `id` = 2 [ RunTime:0.000707s ]
[2023-12-09T19:29:48+08:00][sql] CONNECT:[ UseTime:0.004272s ] mysql:host=127.0.0.1;port=3306;dbname=qiye;charset=utf8
[2023-12-09T19:29:48+08:00][sql] SHOW FULL COLUMNS FROM `yp_category` [ RunTime:0.007089s ]
[2023-12-09T19:29:48+08:00][sql] SELECT * FROM `yp_category` [ RunTime:0.000941s ]
[2023-12-09T19:29:48+08:00][sql] SHOW FULL COLUMNS FROM `yp_mod` [ RunTime:0.002670s ]
[2023-12-09T19:29:48+08:00][sql] SELECT * FROM `yp_mod` WHERE  `id` = 2 [ RunTime:0.001070s ]
[2023-12-09T19:29:48+08:00][error] [8192]Creation of dynamic property app\index\controller\Category::$categoryid is deprecated[/Users/zhoushouzhan/Desktop/www/qiye/web/app/index/controller/Category.php:22]
[2023-12-09T19:30:40+08:00][sql] CONNECT:[ UseTime:0.002059s ] mysql:host=127.0.0.1;port=3306;dbname=qiye;charset=utf8
[2023-12-09T19:30:40+08:00][sql] SHOW FULL COLUMNS FROM `yp_category` [ RunTime:0.004562s ]
[2023-12-09T19:30:40+08:00][sql] SELECT * FROM `yp_category` [ RunTime:0.000570s ]
[2023-12-09T19:30:40+08:00][sql] SHOW FULL COLUMNS FROM `yp_mod` [ RunTime:0.001466s ]
[2023-12-09T19:30:40+08:00][sql] SELECT * FROM `yp_mod` WHERE  `id` = 2 [ RunTime:0.000448s ]
[2023-12-09T19:30:40+08:00][error] [8192]Creation of dynamic property app\index\controller\Category::$categoryid is deprecated[/Users/zhoushouzhan/Desktop/www/qiye/web/app/index/controller/Category.php:22]
[2023-12-09T19:31:44+08:00][sql] CONNECT:[ UseTime:0.001140s ] mysql:host=127.0.0.1;port=3306;dbname=qiye;charset=utf8
[2023-12-09T19:31:44+08:00][sql] SHOW FULL COLUMNS FROM `yp_category` [ RunTime:0.006065s ]
[2023-12-09T19:31:44+08:00][sql] SELECT * FROM `yp_category` [ RunTime:0.000853s ]
[2023-12-09T19:31:44+08:00][sql] SHOW FULL COLUMNS FROM `yp_mod` [ RunTime:0.002993s ]
[2023-12-09T19:31:44+08:00][sql] SELECT * FROM `yp_mod` WHERE  `id` = 2 [ RunTime:0.000869s ]
[2023-12-09T19:31:44+08:00][sql] SELECT * FROM `yp_category` WHERE  `id` = 7 LIMIT 1 [ RunTime:0.001671s ]
[2023-12-09T19:31:44+08:00][sql] SELECT * FROM `yp_mod` WHERE  `id` = 2 LIMIT 1 [ RunTime:0.000280s ]
[2023-12-09T19:31:44+08:00][sql] SHOW FULL COLUMNS FROM `yp_article` [ RunTime:0.007227s ]
[2023-12-09T19:31:44+08:00][sql] SELECT * FROM `yp_article` WHERE `yp_article`.`delete_time` = '0' [ RunTime:0.007032s ]
[2023-12-09T19:31:46+08:00][sql] CONNECT:[ UseTime:0.001658s ] mysql:host=127.0.0.1;port=3306;dbname=qiye;charset=utf8
[2023-12-09T19:31:46+08:00][sql] SHOW FULL COLUMNS FROM `yp_category` [ RunTime:0.004176s ]
[2023-12-09T19:31:46+08:00][sql] SELECT * FROM `yp_category` [ RunTime:0.000635s ]
[2023-12-09T19:31:46+08:00][sql] SHOW FULL COLUMNS FROM `yp_mod` [ RunTime:0.001971s ]
[2023-12-09T19:31:46+08:00][sql] SELECT * FROM `yp_mod` WHERE  `id` = 2 [ RunTime:0.000834s ]
[2023-12-09T19:31:46+08:00][sql] SHOW FULL COLUMNS FROM `yp_article` [ RunTime:0.001473s ]
[2023-12-09T19:31:46+08:00][sql] SELECT * FROM `yp_article` WHERE (  `id` = 58 ) AND `yp_article`.`delete_time` = '0' LIMIT 1 [ RunTime:0.000560s ]
[2023-12-09T19:31:55+08:00][sql] CONNECT:[ UseTime:0.001076s ] mysql:host=127.0.0.1;port=3306;dbname=qiye;charset=utf8
[2023-12-09T19:31:55+08:00][sql] SHOW FULL COLUMNS FROM `yp_category` [ RunTime:0.003453s ]
[2023-12-09T19:31:55+08:00][sql] SELECT * FROM `yp_category` [ RunTime:0.000641s ]
[2023-12-09T19:31:55+08:00][sql] SHOW FULL COLUMNS FROM `yp_mod` [ RunTime:0.001832s ]
[2023-12-09T19:31:55+08:00][sql] SELECT * FROM `yp_mod` WHERE  `id` = 2 [ RunTime:0.000571s ]
[2023-12-09T19:31:58+08:00][sql] CONNECT:[ UseTime:0.001566s ] mysql:host=127.0.0.1;port=3306;dbname=qiye;charset=utf8
[2023-12-09T19:31:58+08:00][sql] SHOW FULL COLUMNS FROM `yp_category` [ RunTime:0.002951s ]
[2023-12-09T19:31:58+08:00][sql] SELECT * FROM `yp_category` [ RunTime:0.000626s ]
[2023-12-09T19:31:58+08:00][sql] SHOW FULL COLUMNS FROM `yp_mod` [ RunTime:0.001947s ]
[2023-12-09T19:31:58+08:00][sql] SELECT * FROM `yp_mod` WHERE  `id` = 2 [ RunTime:0.000543s ]
[2023-12-09T19:32:02+08:00][sql] CONNECT:[ UseTime:0.001685s ] mysql:host=127.0.0.1;port=3306;dbname=qiye;charset=utf8
[2023-12-09T19:32:02+08:00][sql] SHOW FULL COLUMNS FROM `yp_category` [ RunTime:0.003792s ]
[2023-12-09T19:32:02+08:00][sql] SELECT * FROM `yp_category` [ RunTime:0.000966s ]
[2023-12-09T19:32:02+08:00][sql] SHOW FULL COLUMNS FROM `yp_mod` [ RunTime:0.002409s ]
[2023-12-09T19:32:02+08:00][sql] SELECT * FROM `yp_mod` WHERE  `id` = 2 [ RunTime:0.000787s ]
