[2023-12-10T21:31:57+08:00][sql] CONNECT:[ UseTime:0.018427s ] mysql:host=127.0.0.1;port=3306;dbname=qiye;charset=utf8
[2023-12-10T21:31:57+08:00][sql] SHOW FULL COLUMNS FROM `yp_category` [ RunTime:0.004404s ]
[2023-12-10T21:31:57+08:00][sql] SELECT * FROM `yp_category` [ RunTime:0.000769s ]
[2023-12-10T21:31:57+08:00][sql] SHOW FULL COLUMNS FROM `yp_mod` [ RunTime:0.002689s ]
[2023-12-10T21:31:57+08:00][sql] SELECT * FROM `yp_mod` WHERE  `id` = 2 [ RunTime:0.001522s ]
[2023-12-10T21:32:01+08:00][sql] CONNECT:[ UseTime:0.000689s ] mysql:host=127.0.0.1;port=3306;dbname=qiye;charset=utf8
[2023-12-10T21:32:01+08:00][sql] SHOW FULL COLUMNS FROM `yp_category` [ RunTime:0.002283s ]
[2023-12-10T21:32:01+08:00][sql] SELECT * FROM `yp_category` [ RunTime:0.000418s ]
[2023-12-10T21:32:01+08:00][sql] SHOW FULL COLUMNS FROM `yp_mod` [ RunTime:0.001526s ]
[2023-12-10T21:32:01+08:00][sql] SELECT * FROM `yp_mod` WHERE  `id` = 2 [ RunTime:0.000558s ]
[2023-12-10T21:32:03+08:00][sql] CONNECT:[ UseTime:0.000944s ] mysql:host=127.0.0.1;port=3306;dbname=qiye;charset=utf8
[2023-12-10T21:32:03+08:00][sql] SHOW FULL COLUMNS FROM `yp_category` [ RunTime:0.003044s ]
[2023-12-10T21:32:03+08:00][sql] SELECT * FROM `yp_category` [ RunTime:0.000703s ]
[2023-12-10T21:32:03+08:00][sql] SHOW FULL COLUMNS FROM `yp_mod` [ RunTime:0.002663s ]
[2023-12-10T21:32:03+08:00][sql] SELECT * FROM `yp_mod` WHERE  `id` = 2 [ RunTime:0.000440s ]
[2023-12-10T21:37:32+08:00][sql] CONNECT:[ UseTime:0.043960s ] mysql:host=127.0.0.1;port=3306;dbname=qiye;charset=utf8
[2023-12-10T21:37:32+08:00][sql] SHOW FULL COLUMNS FROM `yp_category` [ RunTime:0.048933s ]
[2023-12-10T21:37:32+08:00][sql] SELECT * FROM `yp_category` [ RunTime:0.000686s ]
[2023-12-10T21:37:32+08:00][sql] SHOW FULL COLUMNS FROM `yp_mod` [ RunTime:0.002525s ]
[2023-12-10T21:37:32+08:00][sql] SELECT * FROM `yp_mod` WHERE  `id` = 2 [ RunTime:0.001079s ]
[2023-12-10T21:37:33+08:00][sql] CONNECT:[ UseTime:0.001837s ] mysql:host=127.0.0.1;port=3306;dbname=qiye;charset=utf8
[2023-12-10T21:37:33+08:00][sql] SHOW FULL COLUMNS FROM `yp_category` [ RunTime:0.004373s ]
[2023-12-10T21:37:33+08:00][sql] SELECT * FROM `yp_category` [ RunTime:0.000773s ]
[2023-12-10T21:37:33+08:00][sql] SHOW FULL COLUMNS FROM `yp_mod` [ RunTime:0.003762s ]
[2023-12-10T21:37:33+08:00][sql] SELECT * FROM `yp_mod` WHERE  `id` = 2 [ RunTime:0.001000s ]
[2023-12-10T21:37:40+08:00][sql] CONNECT:[ UseTime:0.000665s ] mysql:host=127.0.0.1;port=3306;dbname=qiye;charset=utf8
[2023-12-10T21:37:40+08:00][sql] SHOW FULL COLUMNS FROM `yp_category` [ RunTime:0.012691s ]
[2023-12-10T21:37:40+08:00][sql] SELECT * FROM `yp_category` [ RunTime:0.000595s ]
[2023-12-10T21:37:40+08:00][sql] SHOW FULL COLUMNS FROM `yp_mod` [ RunTime:0.002017s ]
[2023-12-10T21:37:40+08:00][sql] SELECT * FROM `yp_mod` WHERE  `id` = 2 [ RunTime:0.000568s ]
[2023-12-10T21:38:07+08:00][sql] CONNECT:[ UseTime:0.001566s ] mysql:host=127.0.0.1;port=3306;dbname=qiye;charset=utf8
[2023-12-10T21:38:07+08:00][sql] SHOW FULL COLUMNS FROM `yp_category` [ RunTime:0.002553s ]
[2023-12-10T21:38:07+08:00][sql] SELECT * FROM `yp_category` [ RunTime:0.000487s ]
[2023-12-10T21:38:07+08:00][sql] SHOW FULL COLUMNS FROM `yp_mod` [ RunTime:0.001351s ]
[2023-12-10T21:38:07+08:00][sql] SELECT * FROM `yp_mod` WHERE  `id` = 2 [ RunTime:0.000602s ]
[2023-12-10T21:38:08+08:00][sql] CONNECT:[ UseTime:0.001682s ] mysql:host=127.0.0.1;port=3306;dbname=qiye;charset=utf8
[2023-12-10T21:38:08+08:00][sql] SHOW FULL COLUMNS FROM `yp_category` [ RunTime:0.003097s ]
[2023-12-10T21:38:08+08:00][sql] SELECT * FROM `yp_category` [ RunTime:0.000626s ]
[2023-12-10T21:38:08+08:00][sql] SHOW FULL COLUMNS FROM `yp_mod` [ RunTime:0.001559s ]
[2023-12-10T21:38:08+08:00][sql] SELECT * FROM `yp_mod` WHERE  `id` = 2 [ RunTime:0.000865s ]
[2023-12-10T21:42:52+08:00][sql] CONNECT:[ UseTime:0.003165s ] mysql:host=127.0.0.1;port=3306;dbname=qiye;charset=utf8
[2023-12-10T21:42:52+08:00][sql] SHOW FULL COLUMNS FROM `yp_category` [ RunTime:0.004394s ]
[2023-12-10T21:42:52+08:00][sql] SELECT * FROM `yp_category` [ RunTime:0.001892s ]
[2023-12-10T21:42:52+08:00][sql] SHOW FULL COLUMNS FROM `yp_mod` [ RunTime:0.002677s ]
[2023-12-10T21:42:52+08:00][sql] SELECT * FROM `yp_mod` WHERE  `id` = 2 [ RunTime:0.000987s ]
[2023-12-10T21:43:15+08:00][sql] CONNECT:[ UseTime:0.001512s ] mysql:host=127.0.0.1;port=3306;dbname=qiye;charset=utf8
[2023-12-10T21:43:15+08:00][sql] SHOW FULL COLUMNS FROM `yp_category` [ RunTime:0.003870s ]
[2023-12-10T21:43:15+08:00][sql] SELECT * FROM `yp_category` [ RunTime:0.000665s ]
[2023-12-10T21:43:15+08:00][sql] SHOW FULL COLUMNS FROM `yp_mod` [ RunTime:0.002317s ]
[2023-12-10T21:43:15+08:00][sql] SELECT * FROM `yp_mod` WHERE  `id` = 2 [ RunTime:0.000634s ]
[2023-12-10T21:43:16+08:00][sql] CONNECT:[ UseTime:0.001675s ] mysql:host=127.0.0.1;port=3306;dbname=qiye;charset=utf8
[2023-12-10T21:43:16+08:00][sql] SHOW FULL COLUMNS FROM `yp_category` [ RunTime:0.004187s ]
[2023-12-10T21:43:16+08:00][sql] SELECT * FROM `yp_category` [ RunTime:0.000817s ]
[2023-12-10T21:43:16+08:00][sql] SHOW FULL COLUMNS FROM `yp_mod` [ RunTime:0.002282s ]
[2023-12-10T21:43:16+08:00][sql] SELECT * FROM `yp_mod` WHERE  `id` = 2 [ RunTime:0.000661s ]
[2023-12-10T21:43:17+08:00][sql] CONNECT:[ UseTime:0.012664s ] mysql:host=127.0.0.1;port=3306;dbname=qiye;charset=utf8
[2023-12-10T21:43:17+08:00][sql] SHOW FULL COLUMNS FROM `yp_category` [ RunTime:0.003037s ]
[2023-12-10T21:43:17+08:00][sql] SELECT * FROM `yp_category` [ RunTime:0.000495s ]
[2023-12-10T21:43:17+08:00][sql] SHOW FULL COLUMNS FROM `yp_mod` [ RunTime:0.001981s ]
[2023-12-10T21:43:17+08:00][sql] SELECT * FROM `yp_mod` WHERE  `id` = 2 [ RunTime:0.000721s ]
[2023-12-10T21:43:52+08:00][sql] CONNECT:[ UseTime:0.001463s ] mysql:host=127.0.0.1;port=3306;dbname=qiye;charset=utf8
[2023-12-10T21:43:52+08:00][sql] SHOW FULL COLUMNS FROM `yp_category` [ RunTime:0.002656s ]
[2023-12-10T21:43:52+08:00][sql] SELECT * FROM `yp_category` [ RunTime:0.000585s ]
[2023-12-10T21:43:52+08:00][sql] SHOW FULL COLUMNS FROM `yp_mod` [ RunTime:0.001854s ]
[2023-12-10T21:43:52+08:00][sql] SELECT * FROM `yp_mod` WHERE  `id` = 2 [ RunTime:0.000516s ]
[2023-12-10T21:43:52+08:00][sql] SELECT * FROM `yp_category` WHERE  `id` = 1 LIMIT 1 [ RunTime:0.001591s ]
[2023-12-10T21:43:52+08:00][sql] SELECT * FROM `yp_mod` WHERE  `id` = 2 LIMIT 1 [ RunTime:0.000579s ]
[2023-12-10T21:43:52+08:00][sql] SHOW FULL COLUMNS FROM `yp_article` [ RunTime:0.002485s ]
[2023-12-10T21:43:52+08:00][sql] SELECT * FROM `yp_article` WHERE `yp_article`.`delete_time` = '0' [ RunTime:0.004525s ]
[2023-12-10T21:43:53+08:00][sql] CONNECT:[ UseTime:0.000872s ] mysql:host=127.0.0.1;port=3306;dbname=qiye;charset=utf8
[2023-12-10T21:43:53+08:00][sql] SHOW FULL COLUMNS FROM `yp_category` [ RunTime:0.003851s ]
[2023-12-10T21:43:53+08:00][sql] SELECT * FROM `yp_category` [ RunTime:0.000770s ]
[2023-12-10T21:43:53+08:00][sql] SHOW FULL COLUMNS FROM `yp_mod` [ RunTime:0.002549s ]
[2023-12-10T21:43:53+08:00][sql] SELECT * FROM `yp_mod` WHERE  `id` = 2 [ RunTime:0.000825s ]
[2023-12-10T21:43:54+08:00][sql] CONNECT:[ UseTime:0.001647s ] mysql:host=127.0.0.1;port=3306;dbname=qiye;charset=utf8
[2023-12-10T21:43:54+08:00][sql] SHOW FULL COLUMNS FROM `yp_category` [ RunTime:0.003266s ]
[2023-12-10T21:43:54+08:00][sql] SELECT * FROM `yp_category` [ RunTime:0.000752s ]
[2023-12-10T21:43:54+08:00][sql] SHOW FULL COLUMNS FROM `yp_mod` [ RunTime:0.002362s ]
[2023-12-10T21:43:54+08:00][sql] SELECT * FROM `yp_mod` WHERE  `id` = 2 [ RunTime:0.000673s ]
[2023-12-10T21:43:54+08:00][sql] SELECT * FROM `yp_category` WHERE  `id` = 1 LIMIT 1 [ RunTime:0.000493s ]
[2023-12-10T21:43:54+08:00][sql] SELECT * FROM `yp_mod` WHERE  `id` = 2 LIMIT 1 [ RunTime:0.000527s ]
[2023-12-10T21:43:54+08:00][sql] SHOW FULL COLUMNS FROM `yp_article` [ RunTime:0.001348s ]
[2023-12-10T21:43:54+08:00][sql] SELECT * FROM `yp_article` WHERE `yp_article`.`delete_time` = '0' [ RunTime:0.000615s ]
[2023-12-10T21:43:55+08:00][sql] CONNECT:[ UseTime:0.001188s ] mysql:host=127.0.0.1;port=3306;dbname=qiye;charset=utf8
[2023-12-10T21:43:55+08:00][sql] SHOW FULL COLUMNS FROM `yp_category` [ RunTime:0.002348s ]
[2023-12-10T21:43:55+08:00][sql] SELECT * FROM `yp_category` [ RunTime:0.000685s ]
[2023-12-10T21:43:55+08:00][sql] SHOW FULL COLUMNS FROM `yp_mod` [ RunTime:0.002018s ]
[2023-12-10T21:43:55+08:00][sql] SELECT * FROM `yp_mod` WHERE  `id` = 2 [ RunTime:0.000633s ]
[2023-12-10T21:43:56+08:00][sql] CONNECT:[ UseTime:0.012264s ] mysql:host=127.0.0.1;port=3306;dbname=qiye;charset=utf8
[2023-12-10T21:43:56+08:00][sql] SHOW FULL COLUMNS FROM `yp_category` [ RunTime:0.003228s ]
[2023-12-10T21:43:56+08:00][sql] SELECT * FROM `yp_category` [ RunTime:0.000524s ]
[2023-12-10T21:43:56+08:00][sql] SHOW FULL COLUMNS FROM `yp_mod` [ RunTime:0.001405s ]
[2023-12-10T21:43:56+08:00][sql] SELECT * FROM `yp_mod` WHERE  `id` = 2 [ RunTime:0.000493s ]
[2023-12-10T21:43:57+08:00][sql] CONNECT:[ UseTime:0.001719s ] mysql:host=127.0.0.1;port=3306;dbname=qiye;charset=utf8
[2023-12-10T21:43:57+08:00][sql] SHOW FULL COLUMNS FROM `yp_category` [ RunTime:0.003502s ]
[2023-12-10T21:43:57+08:00][sql] SELECT * FROM `yp_category` [ RunTime:0.000743s ]
[2023-12-10T21:43:57+08:00][sql] SHOW FULL COLUMNS FROM `yp_mod` [ RunTime:0.002423s ]
[2023-12-10T21:43:57+08:00][sql] SELECT * FROM `yp_mod` WHERE  `id` = 2 [ RunTime:0.000781s ]
[2023-12-10T21:44:04+08:00][sql] CONNECT:[ UseTime:0.000790s ] mysql:host=127.0.0.1;port=3306;dbname=qiye;charset=utf8
[2023-12-10T21:44:04+08:00][sql] SHOW FULL COLUMNS FROM `yp_category` [ RunTime:0.002540s ]
[2023-12-10T21:44:04+08:00][sql] SELECT * FROM `yp_category` [ RunTime:0.000496s ]
[2023-12-10T21:44:04+08:00][sql] SHOW FULL COLUMNS FROM `yp_mod` [ RunTime:0.001940s ]
[2023-12-10T21:44:04+08:00][sql] SELECT * FROM `yp_mod` WHERE  `id` = 2 [ RunTime:0.000382s ]
[2023-12-10T21:46:49+08:00][sql] CONNECT:[ UseTime:0.001351s ] mysql:host=127.0.0.1;port=3306;dbname=qiye;charset=utf8
[2023-12-10T21:46:49+08:00][sql] SHOW FULL COLUMNS FROM `yp_category` [ RunTime:0.002587s ]
[2023-12-10T21:46:49+08:00][sql] SELECT * FROM `yp_category` [ RunTime:0.000492s ]
[2023-12-10T21:46:49+08:00][sql] SHOW FULL COLUMNS FROM `yp_mod` [ RunTime:0.001676s ]
[2023-12-10T21:46:49+08:00][sql] SELECT * FROM `yp_mod` WHERE  `id` = 2 [ RunTime:0.000703s ]
[2023-12-10T21:46:50+08:00][sql] CONNECT:[ UseTime:0.000812s ] mysql:host=127.0.0.1;port=3306;dbname=qiye;charset=utf8
[2023-12-10T21:46:50+08:00][sql] SHOW FULL COLUMNS FROM `yp_category` [ RunTime:0.001991s ]
[2023-12-10T21:46:50+08:00][sql] SELECT * FROM `yp_category` [ RunTime:0.000343s ]
[2023-12-10T21:46:50+08:00][sql] SHOW FULL COLUMNS FROM `yp_mod` [ RunTime:0.002681s ]
[2023-12-10T21:46:50+08:00][sql] SELECT * FROM `yp_mod` WHERE  `id` = 2 [ RunTime:0.002493s ]
[2023-12-10T21:46:51+08:00][sql] CONNECT:[ UseTime:0.001927s ] mysql:host=127.0.0.1;port=3306;dbname=qiye;charset=utf8
[2023-12-10T21:46:51+08:00][sql] SHOW FULL COLUMNS FROM `yp_category` [ RunTime:0.002576s ]
[2023-12-10T21:46:51+08:00][sql] SELECT * FROM `yp_category` [ RunTime:0.000341s ]
[2023-12-10T21:46:51+08:00][sql] SHOW FULL COLUMNS FROM `yp_mod` [ RunTime:0.001691s ]
[2023-12-10T21:46:51+08:00][sql] SELECT * FROM `yp_mod` WHERE  `id` = 2 [ RunTime:0.000782s ]
[2023-12-10T21:48:56+08:00][sql] CONNECT:[ UseTime:0.002065s ] mysql:host=127.0.0.1;port=3306;dbname=qiye;charset=utf8
[2023-12-10T21:48:56+08:00][sql] SHOW FULL COLUMNS FROM `yp_category` [ RunTime:0.003443s ]
[2023-12-10T21:48:56+08:00][sql] SELECT * FROM `yp_category` [ RunTime:0.000829s ]
[2023-12-10T21:48:56+08:00][sql] SHOW FULL COLUMNS FROM `yp_mod` [ RunTime:0.002644s ]
[2023-12-10T21:48:56+08:00][sql] SELECT * FROM `yp_mod` WHERE  `id` = 2 [ RunTime:0.000800s ]
[2023-12-10T21:48:57+08:00][sql] CONNECT:[ UseTime:0.000965s ] mysql:host=127.0.0.1;port=3306;dbname=qiye;charset=utf8
[2023-12-10T21:48:57+08:00][sql] SHOW FULL COLUMNS FROM `yp_category` [ RunTime:0.003955s ]
[2023-12-10T21:48:57+08:00][sql] SELECT * FROM `yp_category` [ RunTime:0.000819s ]
[2023-12-10T21:48:57+08:00][sql] SHOW FULL COLUMNS FROM `yp_mod` [ RunTime:0.002878s ]
[2023-12-10T21:48:57+08:00][sql] SELECT * FROM `yp_mod` WHERE  `id` = 2 [ RunTime:0.000801s ]
[2023-12-10T21:50:48+08:00][sql] CONNECT:[ UseTime:0.001140s ] mysql:host=127.0.0.1;port=3306;dbname=qiye;charset=utf8
[2023-12-10T21:50:48+08:00][sql] SHOW FULL COLUMNS FROM `yp_category` [ RunTime:0.002412s ]
[2023-12-10T21:50:48+08:00][sql] SELECT * FROM `yp_category` [ RunTime:0.000421s ]
[2023-12-10T21:50:48+08:00][sql] SHOW FULL COLUMNS FROM `yp_mod` [ RunTime:0.001706s ]
[2023-12-10T21:50:48+08:00][sql] SELECT * FROM `yp_mod` WHERE  `id` = 2 [ RunTime:0.000563s ]
[2023-12-10T21:56:08+08:00][sql] CONNECT:[ UseTime:0.002279s ] mysql:host=127.0.0.1;port=3306;dbname=qiye;charset=utf8
[2023-12-10T21:56:08+08:00][sql] SHOW FULL COLUMNS FROM `yp_category` [ RunTime:0.003074s ]
[2023-12-10T21:56:08+08:00][sql] SELECT * FROM `yp_category` [ RunTime:0.000408s ]
[2023-12-10T21:56:08+08:00][sql] SHOW FULL COLUMNS FROM `yp_mod` [ RunTime:0.001669s ]
[2023-12-10T21:56:08+08:00][sql] SELECT * FROM `yp_mod` WHERE  `id` = 2 [ RunTime:0.000686s ]
[2023-12-10T21:58:17+08:00][sql] CONNECT:[ UseTime:0.019352s ] mysql:host=127.0.0.1;port=3306;dbname=qiye;charset=utf8
[2023-12-10T21:58:17+08:00][sql] SHOW FULL COLUMNS FROM `yp_category` [ RunTime:0.004142s ]
[2023-12-10T21:58:17+08:00][sql] SELECT * FROM `yp_category` [ RunTime:0.000684s ]
[2023-12-10T21:58:17+08:00][sql] SHOW FULL COLUMNS FROM `yp_mod` [ RunTime:0.002714s ]
[2023-12-10T21:58:17+08:00][sql] SELECT * FROM `yp_mod` WHERE  `id` = 2 [ RunTime:0.000750s ]
[2023-12-10T21:58:18+08:00][sql] CONNECT:[ UseTime:0.000797s ] mysql:host=127.0.0.1;port=3306;dbname=qiye;charset=utf8
[2023-12-10T21:58:18+08:00][sql] SHOW FULL COLUMNS FROM `yp_category` [ RunTime:0.003850s ]
[2023-12-10T21:58:18+08:00][sql] SELECT * FROM `yp_category` [ RunTime:0.000902s ]
[2023-12-10T21:58:18+08:00][sql] SHOW FULL COLUMNS FROM `yp_mod` [ RunTime:0.003232s ]
[2023-12-10T21:58:18+08:00][sql] SELECT * FROM `yp_mod` WHERE  `id` = 2 [ RunTime:0.001471s ]
[2023-12-10T22:03:23+08:00][sql] CONNECT:[ UseTime:0.002214s ] mysql:host=127.0.0.1;port=3306;dbname=qiye;charset=utf8
[2023-12-10T22:03:23+08:00][sql] SHOW FULL COLUMNS FROM `yp_category` [ RunTime:0.003614s ]
[2023-12-10T22:03:23+08:00][sql] SELECT * FROM `yp_category` [ RunTime:0.000428s ]
[2023-12-10T22:03:23+08:00][sql] SHOW FULL COLUMNS FROM `yp_mod` [ RunTime:0.002104s ]
[2023-12-10T22:03:23+08:00][sql] SELECT * FROM `yp_mod` WHERE  `id` = 2 [ RunTime:0.000687s ]
[2023-12-10T22:08:27+08:00][sql] CONNECT:[ UseTime:0.003247s ] mysql:host=127.0.0.1;port=3306;dbname=qiye;charset=utf8
[2023-12-10T22:08:27+08:00][sql] SHOW FULL COLUMNS FROM `yp_category` [ RunTime:0.002877s ]
[2023-12-10T22:08:27+08:00][sql] SELECT * FROM `yp_category` [ RunTime:0.000491s ]
[2023-12-10T22:08:27+08:00][sql] SHOW FULL COLUMNS FROM `yp_mod` [ RunTime:0.001787s ]
[2023-12-10T22:08:27+08:00][sql] SELECT * FROM `yp_mod` WHERE  `id` = 2 [ RunTime:0.000796s ]
[2023-12-10T22:08:29+08:00][sql] CONNECT:[ UseTime:0.001197s ] mysql:host=127.0.0.1;port=3306;dbname=qiye;charset=utf8
[2023-12-10T22:08:29+08:00][sql] SHOW FULL COLUMNS FROM `yp_category` [ RunTime:0.005004s ]
[2023-12-10T22:08:29+08:00][sql] SELECT * FROM `yp_category` [ RunTime:0.000902s ]
[2023-12-10T22:08:29+08:00][sql] SHOW FULL COLUMNS FROM `yp_mod` [ RunTime:0.003467s ]
[2023-12-10T22:08:29+08:00][sql] SELECT * FROM `yp_mod` WHERE  `id` = 2 [ RunTime:0.000664s ]
[2023-12-10T22:17:32+08:00][sql] CONNECT:[ UseTime:0.004155s ] mysql:host=127.0.0.1;port=3306;dbname=qiye;charset=utf8
[2023-12-10T22:17:32+08:00][sql] SHOW FULL COLUMNS FROM `yp_category` [ RunTime:0.005564s ]
[2023-12-10T22:17:32+08:00][sql] SELECT * FROM `yp_category` [ RunTime:0.000507s ]
[2023-12-10T22:17:32+08:00][sql] SHOW FULL COLUMNS FROM `yp_mod` [ RunTime:0.001909s ]
[2023-12-10T22:17:32+08:00][sql] SELECT * FROM `yp_mod` WHERE  `id` = 2 [ RunTime:0.000881s ]
[2023-12-10T22:20:45+08:00][sql] CONNECT:[ UseTime:0.038814s ] mysql:host=127.0.0.1;port=3306;dbname=qiye;charset=utf8
[2023-12-10T22:20:45+08:00][sql] SHOW FULL COLUMNS FROM `yp_category` [ RunTime:0.068740s ]
[2023-12-10T22:20:45+08:00][sql] SELECT * FROM `yp_category` [ RunTime:0.001307s ]
[2023-12-10T22:20:45+08:00][sql] SHOW FULL COLUMNS FROM `yp_mod` [ RunTime:0.002694s ]
[2023-12-10T22:20:45+08:00][sql] SELECT * FROM `yp_mod` WHERE  `id` = 2 [ RunTime:0.000984s ]
[2023-12-10T22:20:52+08:00][sql] CONNECT:[ UseTime:0.001312s ] mysql:host=127.0.0.1;port=3306;dbname=qiye;charset=utf8
[2023-12-10T22:20:52+08:00][sql] SHOW FULL COLUMNS FROM `yp_category` [ RunTime:0.003186s ]
[2023-12-10T22:20:52+08:00][sql] SELECT * FROM `yp_category` [ RunTime:0.000537s ]
[2023-12-10T22:20:52+08:00][sql] SHOW FULL COLUMNS FROM `yp_mod` [ RunTime:0.001855s ]
[2023-12-10T22:20:52+08:00][sql] SELECT * FROM `yp_mod` WHERE  `id` = 2 [ RunTime:0.000543s ]
[2023-12-10T22:21:10+08:00][sql] CONNECT:[ UseTime:0.001651s ] mysql:host=127.0.0.1;port=3306;dbname=qiye;charset=utf8
[2023-12-10T22:21:10+08:00][sql] SHOW FULL COLUMNS FROM `yp_category` [ RunTime:0.003859s ]
[2023-12-10T22:21:10+08:00][sql] SELECT * FROM `yp_category` [ RunTime:0.001024s ]
[2023-12-10T22:21:10+08:00][sql] SHOW FULL COLUMNS FROM `yp_mod` [ RunTime:0.002742s ]
[2023-12-10T22:21:10+08:00][sql] SELECT * FROM `yp_mod` WHERE  `id` = 2 [ RunTime:0.000405s ]
[2023-12-10T22:21:16+08:00][sql] CONNECT:[ UseTime:0.000760s ] mysql:host=127.0.0.1;port=3306;dbname=qiye;charset=utf8
[2023-12-10T22:21:16+08:00][sql] SHOW FULL COLUMNS FROM `yp_category` [ RunTime:0.001653s ]
[2023-12-10T22:21:16+08:00][sql] SELECT * FROM `yp_category` [ RunTime:0.000468s ]
[2023-12-10T22:21:16+08:00][sql] SHOW FULL COLUMNS FROM `yp_mod` [ RunTime:0.002203s ]
[2023-12-10T22:21:16+08:00][sql] SELECT * FROM `yp_mod` WHERE  `id` = 2 [ RunTime:0.000682s ]
[2023-12-10T22:21:29+08:00][sql] CONNECT:[ UseTime:0.000718s ] mysql:host=127.0.0.1;port=3306;dbname=qiye;charset=utf8
[2023-12-10T22:21:29+08:00][sql] SHOW FULL COLUMNS FROM `yp_category` [ RunTime:0.001809s ]
[2023-12-10T22:21:29+08:00][sql] SELECT * FROM `yp_category` [ RunTime:0.000282s ]
[2023-12-10T22:21:29+08:00][sql] SHOW FULL COLUMNS FROM `yp_mod` [ RunTime:0.001014s ]
[2023-12-10T22:21:29+08:00][sql] SELECT * FROM `yp_mod` WHERE  `id` = 2 [ RunTime:0.000355s ]
[2023-12-10T22:21:30+08:00][sql] CONNECT:[ UseTime:0.001412s ] mysql:host=127.0.0.1;port=3306;dbname=qiye;charset=utf8
[2023-12-10T22:21:30+08:00][sql] SHOW FULL COLUMNS FROM `yp_category` [ RunTime:0.004063s ]
[2023-12-10T22:21:30+08:00][sql] SELECT * FROM `yp_category` [ RunTime:0.000757s ]
[2023-12-10T22:21:30+08:00][sql] SHOW FULL COLUMNS FROM `yp_mod` [ RunTime:0.002747s ]
[2023-12-10T22:21:30+08:00][sql] SELECT * FROM `yp_mod` WHERE  `id` = 2 [ RunTime:0.000966s ]
[2023-12-10T22:21:31+08:00][sql] CONNECT:[ UseTime:0.000730s ] mysql:host=127.0.0.1;port=3306;dbname=qiye;charset=utf8
[2023-12-10T22:21:31+08:00][sql] SHOW FULL COLUMNS FROM `yp_category` [ RunTime:0.002138s ]
[2023-12-10T22:21:31+08:00][sql] SELECT * FROM `yp_category` [ RunTime:0.000652s ]
[2023-12-10T22:21:31+08:00][sql] SHOW FULL COLUMNS FROM `yp_mod` [ RunTime:0.002204s ]
[2023-12-10T22:21:31+08:00][sql] SELECT * FROM `yp_mod` WHERE  `id` = 2 [ RunTime:0.000615s ]
[2023-12-10T22:21:32+08:00][sql] CONNECT:[ UseTime:0.001430s ] mysql:host=127.0.0.1;port=3306;dbname=qiye;charset=utf8
[2023-12-10T22:21:32+08:00][sql] SHOW FULL COLUMNS FROM `yp_category` [ RunTime:0.002640s ]
[2023-12-10T22:21:32+08:00][sql] SELECT * FROM `yp_category` [ RunTime:0.000430s ]
[2023-12-10T22:21:32+08:00][sql] SHOW FULL COLUMNS FROM `yp_mod` [ RunTime:0.001315s ]
[2023-12-10T22:21:32+08:00][sql] SELECT * FROM `yp_mod` WHERE  `id` = 2 [ RunTime:0.000781s ]
