[2023-12-11T09:51:57+08:00][sql] CONNECT:[ UseTime:0.000795s ] mysql:host=127.0.0.1;port=3306;dbname=qiye;charset=utf8
[2023-12-11T09:51:57+08:00][sql] SHOW FULL COLUMNS FROM `yp_category` [ RunTime:0.002095s ]
[2023-12-11T09:51:57+08:00][sql] SELECT * FROM `yp_category` [ RunTime:0.000482s ]
[2023-12-11T09:51:57+08:00][sql] SHOW FULL COLUMNS FROM `yp_mod` [ RunTime:0.001005s ]
[2023-12-11T09:51:57+08:00][sql] SELECT * FROM `yp_mod` WHERE  `id` = 2 [ RunTime:0.000489s ]
[2023-12-11T09:51:59+08:00][sql] CONNECT:[ UseTime:0.001272s ] mysql:host=127.0.0.1;port=3306;dbname=qiye;charset=utf8
[2023-12-11T09:51:59+08:00][sql] SHOW FULL COLUMNS FROM `yp_category` [ RunTime:0.003332s ]
[2023-12-11T09:51:59+08:00][sql] SELECT * FROM `yp_category` [ RunTime:0.000326s ]
[2023-12-11T09:51:59+08:00][sql] SHOW FULL COLUMNS FROM `yp_mod` [ RunTime:0.002279s ]
[2023-12-11T09:51:59+08:00][sql] SELECT * FROM `yp_mod` WHERE  `id` = 2 [ RunTime:0.000554s ]
[2023-12-11T09:51:59+08:00][sql] SELECT * FROM `yp_category` WHERE  `id` = 1 LIMIT 1 [ RunTime:0.000359s ]
[2023-12-11T09:51:59+08:00][sql] SELECT * FROM `yp_mod` WHERE  `id` = 2 LIMIT 1 [ RunTime:0.000348s ]
[2023-12-11T09:51:59+08:00][sql] SHOW FULL COLUMNS FROM `yp_article` [ RunTime:0.001972s ]
[2023-12-11T09:51:59+08:00][sql] SELECT * FROM `yp_article` WHERE `yp_article`.`delete_time` = '0' [ RunTime:0.000896s ]
[2023-12-11T09:52:01+08:00][sql] CONNECT:[ UseTime:0.001425s ] mysql:host=127.0.0.1;port=3306;dbname=qiye;charset=utf8
[2023-12-11T09:52:01+08:00][sql] SHOW FULL COLUMNS FROM `yp_category` [ RunTime:0.003917s ]
[2023-12-11T09:52:01+08:00][sql] SELECT * FROM `yp_category` [ RunTime:0.000896s ]
[2023-12-11T09:52:01+08:00][sql] SHOW FULL COLUMNS FROM `yp_mod` [ RunTime:0.002969s ]
[2023-12-11T09:52:01+08:00][sql] SELECT * FROM `yp_mod` WHERE  `id` = 2 [ RunTime:0.000851s ]
[2023-12-11T09:52:01+08:00][sql] SHOW FULL COLUMNS FROM `yp_article` [ RunTime:0.002538s ]
[2023-12-11T09:52:01+08:00][sql] SELECT * FROM `yp_article` WHERE (  `id` = 1 ) AND `yp_article`.`delete_time` = '0' LIMIT 1 [ RunTime:0.000969s ]
[2023-12-11T09:53:07+08:00][sql] CONNECT:[ UseTime:0.013361s ] mysql:host=127.0.0.1;port=3306;dbname=qiye;charset=utf8
[2023-12-11T09:53:07+08:00][sql] SHOW FULL COLUMNS FROM `yp_category` [ RunTime:0.001620s ]
[2023-12-11T09:53:07+08:00][sql] SELECT * FROM `yp_category` [ RunTime:0.000433s ]
[2023-12-11T09:53:07+08:00][sql] SHOW FULL COLUMNS FROM `yp_mod` [ RunTime:0.001516s ]
[2023-12-11T09:53:07+08:00][sql] SELECT * FROM `yp_mod` WHERE  `id` = 2 [ RunTime:0.000491s ]
[2023-12-11T10:18:17+08:00][sql] CONNECT:[ UseTime:0.031450s ] mysql:host=127.0.0.1;port=3306;dbname=qiye;charset=utf8
[2023-12-11T10:18:17+08:00][sql] SHOW FULL COLUMNS FROM `yp_category` [ RunTime:0.033178s ]
[2023-12-11T10:18:17+08:00][sql] SELECT * FROM `yp_category` [ RunTime:0.003222s ]
[2023-12-11T10:18:17+08:00][sql] SHOW FULL COLUMNS FROM `yp_mod` [ RunTime:0.004040s ]
[2023-12-11T10:18:17+08:00][sql] SELECT * FROM `yp_mod` WHERE  `id` = 2 [ RunTime:0.001041s ]
[2023-12-11T10:18:17+08:00][sql] SHOW FULL COLUMNS FROM `yp_article` [ RunTime:0.003646s ]
[2023-12-11T10:18:17+08:00][sql] SELECT * FROM `yp_article` WHERE (  `id` = 1 ) AND `yp_article`.`delete_time` = '0' LIMIT 1 [ RunTime:0.001180s ]
[2023-12-11T10:52:20+08:00][sql] CONNECT:[ UseTime:0.002702s ] mysql:host=127.0.0.1;port=3306;dbname=qiye;charset=utf8
[2023-12-11T10:52:20+08:00][sql] SHOW FULL COLUMNS FROM `yp_category` [ RunTime:0.003759s ]
[2023-12-11T10:52:20+08:00][sql] SELECT * FROM `yp_category` [ RunTime:0.000464s ]
[2023-12-11T10:52:20+08:00][sql] SHOW FULL COLUMNS FROM `yp_mod` [ RunTime:0.001833s ]
[2023-12-11T10:52:20+08:00][sql] SELECT * FROM `yp_mod` WHERE  `id` = 2 [ RunTime:0.000614s ]
[2023-12-11T10:52:22+08:00][sql] CONNECT:[ UseTime:0.001286s ] mysql:host=127.0.0.1;port=3306;dbname=qiye;charset=utf8
[2023-12-11T10:52:22+08:00][sql] SHOW FULL COLUMNS FROM `yp_category` [ RunTime:0.003200s ]
[2023-12-11T10:52:22+08:00][sql] SELECT * FROM `yp_category` [ RunTime:0.000740s ]
[2023-12-11T10:52:22+08:00][sql] SHOW FULL COLUMNS FROM `yp_mod` [ RunTime:0.002142s ]
[2023-12-11T10:52:22+08:00][sql] SELECT * FROM `yp_mod` WHERE  `id` = 2 [ RunTime:0.000701s ]
[2023-12-11T10:52:23+08:00][sql] CONNECT:[ UseTime:0.001699s ] mysql:host=127.0.0.1;port=3306;dbname=qiye;charset=utf8
[2023-12-11T10:52:23+08:00][sql] SHOW FULL COLUMNS FROM `yp_category` [ RunTime:0.003649s ]
[2023-12-11T10:52:23+08:00][sql] SELECT * FROM `yp_category` [ RunTime:0.000557s ]
[2023-12-11T10:52:23+08:00][sql] SHOW FULL COLUMNS FROM `yp_mod` [ RunTime:0.001736s ]
[2023-12-11T10:52:23+08:00][sql] SELECT * FROM `yp_mod` WHERE  `id` = 2 [ RunTime:0.000515s ]
[2023-12-11T10:52:23+08:00][sql] SELECT * FROM `yp_category` WHERE  `id` = 1 LIMIT 1 [ RunTime:0.000460s ]
[2023-12-11T10:52:23+08:00][sql] SELECT * FROM `yp_mod` WHERE  `id` = 2 LIMIT 1 [ RunTime:0.000325s ]
[2023-12-11T10:52:23+08:00][sql] SHOW FULL COLUMNS FROM `yp_article` [ RunTime:0.001569s ]
[2023-12-11T10:52:23+08:00][sql] SELECT * FROM `yp_article` WHERE `yp_article`.`delete_time` = '0' [ RunTime:0.000800s ]
[2023-12-11T10:52:24+08:00][sql] CONNECT:[ UseTime:0.001598s ] mysql:host=127.0.0.1;port=3306;dbname=qiye;charset=utf8
[2023-12-11T10:52:24+08:00][sql] SHOW FULL COLUMNS FROM `yp_category` [ RunTime:0.002671s ]
[2023-12-11T10:52:24+08:00][sql] SELECT * FROM `yp_category` [ RunTime:0.000652s ]
[2023-12-11T10:52:24+08:00][sql] SHOW FULL COLUMNS FROM `yp_mod` [ RunTime:0.001811s ]
[2023-12-11T10:52:24+08:00][sql] SELECT * FROM `yp_mod` WHERE  `id` = 2 [ RunTime:0.000778s ]
[2023-12-11T10:52:25+08:00][sql] CONNECT:[ UseTime:0.001461s ] mysql:host=127.0.0.1;port=3306;dbname=qiye;charset=utf8
[2023-12-11T10:52:25+08:00][sql] SHOW FULL COLUMNS FROM `yp_category` [ RunTime:0.003923s ]
[2023-12-11T10:52:25+08:00][sql] SELECT * FROM `yp_category` [ RunTime:0.000842s ]
[2023-12-11T10:52:25+08:00][sql] SHOW FULL COLUMNS FROM `yp_mod` [ RunTime:0.002611s ]
[2023-12-11T10:52:25+08:00][sql] SELECT * FROM `yp_mod` WHERE  `id` = 2 [ RunTime:0.001060s ]
[2023-12-11T10:52:25+08:00][sql] SELECT * FROM `yp_category` WHERE  `id` = 1 LIMIT 1 [ RunTime:0.000247s ]
[2023-12-11T10:52:25+08:00][sql] SELECT * FROM `yp_mod` WHERE  `id` = 2 LIMIT 1 [ RunTime:0.000267s ]
[2023-12-11T10:52:25+08:00][sql] SHOW FULL COLUMNS FROM `yp_article` [ RunTime:0.002718s ]
[2023-12-11T10:52:25+08:00][sql] SELECT * FROM `yp_article` WHERE `yp_article`.`delete_time` = '0' [ RunTime:0.000657s ]
[2023-12-11T10:52:26+08:00][sql] CONNECT:[ UseTime:0.001509s ] mysql:host=127.0.0.1;port=3306;dbname=qiye;charset=utf8
[2023-12-11T10:52:26+08:00][sql] SHOW FULL COLUMNS FROM `yp_category` [ RunTime:0.004208s ]
[2023-12-11T10:52:26+08:00][sql] SELECT * FROM `yp_category` [ RunTime:0.000952s ]
[2023-12-11T10:52:26+08:00][sql] SHOW FULL COLUMNS FROM `yp_mod` [ RunTime:0.002601s ]
[2023-12-11T10:52:26+08:00][sql] SELECT * FROM `yp_mod` WHERE  `id` = 2 [ RunTime:0.000717s ]
[2023-12-11T10:52:27+08:00][sql] CONNECT:[ UseTime:0.001586s ] mysql:host=127.0.0.1;port=3306;dbname=qiye;charset=utf8
[2023-12-11T10:52:27+08:00][sql] SHOW FULL COLUMNS FROM `yp_category` [ RunTime:0.003995s ]
[2023-12-11T10:52:27+08:00][sql] SELECT * FROM `yp_category` [ RunTime:0.000973s ]
[2023-12-11T10:52:27+08:00][sql] SHOW FULL COLUMNS FROM `yp_mod` [ RunTime:0.002564s ]
[2023-12-11T10:52:27+08:00][sql] SELECT * FROM `yp_mod` WHERE  `id` = 2 [ RunTime:0.000830s ]
[2023-12-11T10:52:27+08:00][sql] SELECT * FROM `yp_category` WHERE  `id` = 1 LIMIT 1 [ RunTime:0.000436s ]
[2023-12-11T10:52:27+08:00][sql] SELECT * FROM `yp_mod` WHERE  `id` = 2 LIMIT 1 [ RunTime:0.000259s ]
[2023-12-11T10:52:27+08:00][sql] SHOW FULL COLUMNS FROM `yp_article` [ RunTime:0.002596s ]
[2023-12-11T10:52:27+08:00][sql] SELECT * FROM `yp_article` WHERE `yp_article`.`delete_time` = '0' [ RunTime:0.000710s ]
[2023-12-11T10:52:28+08:00][sql] CONNECT:[ UseTime:0.001709s ] mysql:host=127.0.0.1;port=3306;dbname=qiye;charset=utf8
[2023-12-11T10:52:28+08:00][sql] SHOW FULL COLUMNS FROM `yp_category` [ RunTime:0.002846s ]
[2023-12-11T10:52:28+08:00][sql] SELECT * FROM `yp_category` [ RunTime:0.000846s ]
[2023-12-11T10:52:28+08:00][sql] SHOW FULL COLUMNS FROM `yp_mod` [ RunTime:0.002395s ]
[2023-12-11T10:52:28+08:00][sql] SELECT * FROM `yp_mod` WHERE  `id` = 2 [ RunTime:0.000673s ]
[2023-12-11T10:52:51+08:00][sql] CONNECT:[ UseTime:0.001496s ] mysql:host=127.0.0.1;port=3306;dbname=qiye;charset=utf8
[2023-12-11T10:52:51+08:00][sql] SHOW FULL COLUMNS FROM `yp_category` [ RunTime:0.005543s ]
[2023-12-11T10:52:51+08:00][sql] SELECT * FROM `yp_category` [ RunTime:0.000841s ]
[2023-12-11T10:52:51+08:00][sql] SHOW FULL COLUMNS FROM `yp_mod` [ RunTime:0.002667s ]
[2023-12-11T10:52:51+08:00][sql] SELECT * FROM `yp_mod` WHERE  `id` = 2 [ RunTime:0.000818s ]
[2023-12-11T10:54:37+08:00][sql] CONNECT:[ UseTime:0.001279s ] mysql:host=127.0.0.1;port=3306;dbname=qiye;charset=utf8
[2023-12-11T10:54:37+08:00][sql] SHOW FULL COLUMNS FROM `yp_category` [ RunTime:0.002802s ]
[2023-12-11T10:54:37+08:00][sql] SELECT * FROM `yp_category` [ RunTime:0.000469s ]
[2023-12-11T10:54:37+08:00][sql] SHOW FULL COLUMNS FROM `yp_mod` [ RunTime:0.001905s ]
[2023-12-11T10:54:37+08:00][sql] SELECT * FROM `yp_mod` WHERE  `id` = 2 [ RunTime:0.000742s ]
[2023-12-11T10:54:37+08:00][sql] SELECT * FROM `yp_category` WHERE  `id` = 1 LIMIT 1 [ RunTime:0.000382s ]
[2023-12-11T10:54:37+08:00][sql] SELECT * FROM `yp_mod` WHERE  `id` = 2 LIMIT 1 [ RunTime:0.000363s ]
[2023-12-11T10:54:37+08:00][sql] SHOW FULL COLUMNS FROM `yp_article` [ RunTime:0.001856s ]
[2023-12-11T10:54:37+08:00][sql] SELECT * FROM `yp_article` WHERE `yp_article`.`delete_time` = '0' [ RunTime:0.000960s ]
[2023-12-11T10:54:38+08:00][sql] CONNECT:[ UseTime:0.001534s ] mysql:host=127.0.0.1;port=3306;dbname=qiye;charset=utf8
[2023-12-11T10:54:38+08:00][sql] SHOW FULL COLUMNS FROM `yp_category` [ RunTime:0.002995s ]
[2023-12-11T10:54:38+08:00][sql] SELECT * FROM `yp_category` [ RunTime:0.001027s ]
[2023-12-11T10:54:38+08:00][sql] SHOW FULL COLUMNS FROM `yp_mod` [ RunTime:0.002459s ]
[2023-12-11T10:54:38+08:00][sql] SELECT * FROM `yp_mod` WHERE  `id` = 2 [ RunTime:0.000687s ]
[2023-12-11T10:54:38+08:00][sql] SHOW FULL COLUMNS FROM `yp_article` [ RunTime:0.002322s ]
[2023-12-11T10:54:38+08:00][sql] SELECT * FROM `yp_article` WHERE (  `id` = 1 ) AND `yp_article`.`delete_time` = '0' LIMIT 1 [ RunTime:0.000563s ]
[2023-12-11T10:54:40+08:00][sql] CONNECT:[ UseTime:0.001536s ] mysql:host=127.0.0.1;port=3306;dbname=qiye;charset=utf8
[2023-12-11T10:54:40+08:00][sql] SHOW FULL COLUMNS FROM `yp_category` [ RunTime:0.003659s ]
[2023-12-11T10:54:40+08:00][sql] SELECT * FROM `yp_category` [ RunTime:0.001114s ]
[2023-12-11T10:54:40+08:00][sql] SHOW FULL COLUMNS FROM `yp_mod` [ RunTime:0.002550s ]
[2023-12-11T10:54:40+08:00][sql] SELECT * FROM `yp_mod` WHERE  `id` = 2 [ RunTime:0.000843s ]
[2023-12-11T10:54:40+08:00][sql] SHOW FULL COLUMNS FROM `yp_article` [ RunTime:0.002333s ]
[2023-12-11T10:54:40+08:00][sql] SELECT * FROM `yp_article` WHERE (  `id` = 1 ) AND `yp_article`.`delete_time` = '0' LIMIT 1 [ RunTime:0.000917s ]
[2023-12-11T11:00:34+08:00][sql] CONNECT:[ UseTime:0.002492s ] mysql:host=127.0.0.1;port=3306;dbname=qiye;charset=utf8
[2023-12-11T11:00:34+08:00][sql] SHOW FULL COLUMNS FROM `yp_category` [ RunTime:0.004662s ]
[2023-12-11T11:00:34+08:00][sql] SELECT * FROM `yp_category` [ RunTime:0.000492s ]
[2023-12-11T11:00:34+08:00][sql] SHOW FULL COLUMNS FROM `yp_mod` [ RunTime:0.002372s ]
[2023-12-11T11:00:34+08:00][sql] SELECT * FROM `yp_mod` WHERE  `id` = 2 [ RunTime:0.000827s ]
[2023-12-11T11:00:34+08:00][sql] SHOW FULL COLUMNS FROM `yp_article` [ RunTime:0.002168s ]
[2023-12-11T11:00:34+08:00][sql] SELECT * FROM `yp_article` WHERE (  `id` = 1 ) AND `yp_article`.`delete_time` = '0' LIMIT 1 [ RunTime:0.001018s ]
[2023-12-11T11:16:57+08:00][sql] CONNECT:[ UseTime:0.002034s ] mysql:host=127.0.0.1;port=3306;dbname=qiye;charset=utf8
[2023-12-11T11:16:57+08:00][sql] SHOW FULL COLUMNS FROM `yp_category` [ RunTime:0.004697s ]
[2023-12-11T11:16:57+08:00][sql] SELECT * FROM `yp_category` [ RunTime:0.000724s ]
[2023-12-11T11:16:57+08:00][sql] SHOW FULL COLUMNS FROM `yp_mod` [ RunTime:0.001430s ]
[2023-12-11T11:16:57+08:00][sql] SELECT * FROM `yp_mod` WHERE  `id` = 2 [ RunTime:0.000791s ]
