[2023-08-24T07:52:19+08:00][sql] CONNECT:[ UseTime:0.024629s ] mysql:host=127.0.0.1;port=3306;dbname=qiye;charset=utf8
[2023-08-24T07:52:19+08:00][sql] SHOW FULL COLUMNS FROM `yp_admin` [ RunTime:0.020139s ]
[2023-08-24T07:52:19+08:00][sql] SELECT * FROM `yp_admin` WHERE  `username` = 'admin'  AND `status` = 1 LIMIT 1 [ RunTime:0.004390s ]
[2023-08-24T07:52:19+08:00][sql] CONNECT:[ UseTime:0.019954s ] mysql:host=127.0.0.1;port=3306;dbname=qiye;charset=utf8
[2023-08-24T07:52:19+08:00][sql] SHOW FULL COLUMNS FROM `yp_admin` [ RunTime:0.001482s ]
[2023-08-24T07:52:19+08:00][sql] SELECT `id`,`username`,`status`,`create_time`,`update_time`,`truename`,`mobile`,`last_ip`,`myrules` FROM `yp_admin` WHERE  `id` = 1 LIMIT 1 [ RunTime:0.000857s ]
[2023-08-24T07:52:19+08:00][sql] SHOW FULL COLUMNS FROM `yp_roles` [ RunTime:0.009399s ]
[2023-08-24T07:52:19+08:00][sql] SHOW FULL COLUMNS FROM `yp_access` [ RunTime:0.009121s ]
[2023-08-24T07:52:19+08:00][sql] SELECT `yp_roles`.*,`pivot`.`id` AS `pivot__id`,`pivot`.`admin_id` AS `pivot__admin_id`,`pivot`.`roles_id` AS `pivot__roles_id` FROM `yp_roles` INNER JOIN `yp_access` `pivot` ON `pivot`.`roles_id`=`yp_roles`.`id` WHERE  `pivot`.`admin_id` = '1' [ RunTime:0.001963s ]
[2023-08-24T07:52:19+08:00][sql] SHOW FULL COLUMNS FROM `yp_rule` [ RunTime:0.009301s ]
[2023-08-24T07:52:19+08:00][sql] SELECT `id`,`path`,`type`,`status`,`pid`,`sort`,`mod_id`,`title`,`icon` FROM `yp_rule` ORDER BY `sort` ASC [ RunTime:0.000880s ]
[2023-08-24T07:52:19+08:00][sql] SHOW FULL COLUMNS FROM `yp_mod` [ RunTime:0.009534s ]
[2023-08-24T07:52:19+08:00][sql] SELECT * FROM `yp_mod` WHERE  `id` IN (1,10,0,3,2) [ RunTime:0.001444s ]
[2023-08-24T07:52:19+08:00][sql] SHOW FULL COLUMNS FROM `yp_sitepro` [ RunTime:0.009658s ]
[2023-08-24T07:52:19+08:00][sql] SELECT * FROM `yp_sitepro` WHERE  `id` = 1 LIMIT 1 [ RunTime:0.000404s ]
[2023-08-24T07:52:19+08:00][sql] CONNECT:[ UseTime:0.011744s ] mysql:host=127.0.0.1;port=3306;dbname=qiye;charset=utf8
[2023-08-24T07:52:19+08:00][sql] SHOW FULL COLUMNS FROM `yp_admin` [ RunTime:0.001510s ]
[2023-08-24T07:52:19+08:00][sql] SELECT `id`,`username`,`status`,`create_time`,`update_time`,`truename`,`mobile`,`last_ip`,`myrules` FROM `yp_admin` WHERE  `id` = 1 LIMIT 1 [ RunTime:0.000387s ]
[2023-08-24T07:52:19+08:00][sql] SHOW FULL COLUMNS FROM `yp_roles` [ RunTime:0.001388s ]
[2023-08-24T07:52:19+08:00][sql] SHOW FULL COLUMNS FROM `yp_access` [ RunTime:0.001376s ]
[2023-08-24T07:52:19+08:00][sql] SELECT `yp_roles`.*,`pivot`.`id` AS `pivot__id`,`pivot`.`admin_id` AS `pivot__admin_id`,`pivot`.`roles_id` AS `pivot__roles_id` FROM `yp_roles` INNER JOIN `yp_access` `pivot` ON `pivot`.`roles_id`=`yp_roles`.`id` WHERE  `pivot`.`admin_id` = '1' [ RunTime:0.000392s ]
[2023-08-24T07:52:19+08:00][sql] SHOW FULL COLUMNS FROM `yp_rule` [ RunTime:0.001410s ]
[2023-08-24T07:52:19+08:00][sql] SELECT `id`,`path`,`type`,`status`,`pid`,`sort`,`mod_id`,`title`,`icon` FROM `yp_rule` ORDER BY `sort` ASC [ RunTime:0.000394s ]
[2023-08-24T07:52:19+08:00][sql] SHOW FULL COLUMNS FROM `yp_mod` [ RunTime:0.001680s ]
[2023-08-24T07:52:19+08:00][sql] SELECT * FROM `yp_mod` WHERE  `id` IN (1,10,0,3,2) [ RunTime:0.000441s ]
[2023-08-24T07:52:20+08:00][sql] CONNECT:[ UseTime:0.012958s ] mysql:host=127.0.0.1;port=3306;dbname=qiye;charset=utf8
[2023-08-24T07:52:20+08:00][sql] SHOW FULL COLUMNS FROM `yp_admin` [ RunTime:0.001441s ]
[2023-08-24T07:52:20+08:00][sql] SELECT `id`,`username`,`status`,`create_time`,`update_time`,`truename`,`mobile`,`last_ip`,`myrules` FROM `yp_admin` WHERE  `id` = 1 LIMIT 1 [ RunTime:0.000279s ]
[2023-08-24T07:52:20+08:00][sql] SHOW FULL COLUMNS FROM `yp_roles` [ RunTime:0.001291s ]
[2023-08-24T07:52:20+08:00][sql] SHOW FULL COLUMNS FROM `yp_access` [ RunTime:0.001207s ]
[2023-08-24T07:52:20+08:00][sql] SELECT `yp_roles`.*,`pivot`.`id` AS `pivot__id`,`pivot`.`admin_id` AS `pivot__admin_id`,`pivot`.`roles_id` AS `pivot__roles_id` FROM `yp_roles` INNER JOIN `yp_access` `pivot` ON `pivot`.`roles_id`=`yp_roles`.`id` WHERE  `pivot`.`admin_id` = '1' [ RunTime:0.000301s ]
[2023-08-24T07:52:20+08:00][sql] SHOW FULL COLUMNS FROM `yp_rule` [ RunTime:0.001713s ]
[2023-08-24T07:52:20+08:00][sql] SELECT `id`,`path`,`type`,`status`,`pid`,`sort`,`mod_id`,`title`,`icon` FROM `yp_rule` ORDER BY `sort` ASC [ RunTime:0.000321s ]
[2023-08-24T07:52:20+08:00][sql] SHOW FULL COLUMNS FROM `yp_mod` [ RunTime:0.001346s ]
[2023-08-24T07:52:20+08:00][sql] SELECT * FROM `yp_mod` WHERE  `id` IN (1,10,0,3,2) [ RunTime:0.000330s ]
[2023-08-24T07:52:20+08:00][sql] SELECT `id`,`path`,`type`,`status`,`pid`,`sort`,`mod_id`,`title`,`icon` FROM `yp_rule` ORDER BY `sort` ASC [ RunTime:0.000314s ]
[2023-08-24T07:52:20+08:00][sql] SELECT * FROM `yp_mod` WHERE  `id` IN (1,10,0,3,2) [ RunTime:0.000299s ]
[2023-08-24T07:52:20+08:00][sql] CONNECT:[ UseTime:0.000692s ] mysql:host=127.0.0.1;port=3306;dbname=qiye;charset=utf8
[2023-08-24T07:52:20+08:00][sql] SHOW FULL COLUMNS FROM `yp_admin` [ RunTime:0.001502s ]
[2023-08-24T07:52:20+08:00][sql] SELECT `id`,`username`,`status`,`create_time`,`update_time`,`truename`,`mobile`,`last_ip`,`myrules` FROM `yp_admin` WHERE  `id` = 1 LIMIT 1 [ RunTime:0.000341s ]
[2023-08-24T07:52:20+08:00][sql] SHOW FULL COLUMNS FROM `yp_roles` [ RunTime:0.002368s ]
[2023-08-24T07:52:20+08:00][sql] SHOW FULL COLUMNS FROM `yp_access` [ RunTime:0.001467s ]
[2023-08-24T07:52:20+08:00][sql] SELECT `yp_roles`.*,`pivot`.`id` AS `pivot__id`,`pivot`.`admin_id` AS `pivot__admin_id`,`pivot`.`roles_id` AS `pivot__roles_id` FROM `yp_roles` INNER JOIN `yp_access` `pivot` ON `pivot`.`roles_id`=`yp_roles`.`id` WHERE  `pivot`.`admin_id` = '1' [ RunTime:0.000367s ]
[2023-08-24T07:52:20+08:00][sql] SHOW FULL COLUMNS FROM `yp_rule` [ RunTime:0.003347s ]
[2023-08-24T07:52:20+08:00][sql] SELECT `id`,`path`,`type`,`status`,`pid`,`sort`,`mod_id`,`title`,`icon` FROM `yp_rule` ORDER BY `sort` ASC [ RunTime:0.000397s ]
[2023-08-24T07:52:20+08:00][sql] SHOW FULL COLUMNS FROM `yp_mod` [ RunTime:0.001789s ]
[2023-08-24T07:52:20+08:00][sql] SELECT * FROM `yp_mod` WHERE  `id` IN (1,10,0,3,2) [ RunTime:0.000441s ]
[2023-08-24T07:52:20+08:00][sql] SHOW FULL COLUMNS FROM `yp_category` [ RunTime:0.010311s ]
[2023-08-24T07:52:20+08:00][sql] SELECT * FROM `yp_category` ORDER BY `sort` ASC,`id` ASC [ RunTime:0.000398s ]
[2023-08-24T07:52:20+08:00][sql] CONNECT:[ UseTime:0.001523s ] mysql:host=127.0.0.1;port=3306;dbname=qiye;charset=utf8
[2023-08-24T07:52:20+08:00][sql] SHOW FULL COLUMNS FROM `yp_admin` [ RunTime:0.001528s ]
[2023-08-24T07:52:20+08:00][sql] SELECT `id`,`username`,`status`,`create_time`,`update_time`,`truename`,`mobile`,`last_ip`,`myrules` FROM `yp_admin` WHERE  `id` = 1 LIMIT 1 [ RunTime:0.000305s ]
[2023-08-24T07:52:20+08:00][sql] SHOW FULL COLUMNS FROM `yp_roles` [ RunTime:0.001778s ]
[2023-08-24T07:52:20+08:00][sql] SHOW FULL COLUMNS FROM `yp_access` [ RunTime:0.001366s ]
[2023-08-24T07:52:20+08:00][sql] SELECT `yp_roles`.*,`pivot`.`id` AS `pivot__id`,`pivot`.`admin_id` AS `pivot__admin_id`,`pivot`.`roles_id` AS `pivot__roles_id` FROM `yp_roles` INNER JOIN `yp_access` `pivot` ON `pivot`.`roles_id`=`yp_roles`.`id` WHERE  `pivot`.`admin_id` = '1' [ RunTime:0.000334s ]
[2023-08-24T07:52:20+08:00][sql] SHOW FULL COLUMNS FROM `yp_rule` [ RunTime:0.001317s ]
[2023-08-24T07:52:20+08:00][sql] SELECT `id`,`path`,`type`,`status`,`pid`,`sort`,`mod_id`,`title`,`icon` FROM `yp_rule` ORDER BY `sort` ASC [ RunTime:0.000276s ]
[2023-08-24T07:52:20+08:00][sql] SHOW FULL COLUMNS FROM `yp_mod` [ RunTime:0.001308s ]
[2023-08-24T07:52:20+08:00][sql] SELECT * FROM `yp_mod` WHERE  `id` IN (1,10,0,3,2) [ RunTime:0.000325s ]
[2023-08-24T07:52:20+08:00][sql] CONNECT:[ UseTime:0.021358s ] mysql:host=127.0.0.1;port=3306;dbname=qiye;charset=utf8
[2023-08-24T07:52:20+08:00][sql] SHOW FULL COLUMNS FROM `yp_admin` [ RunTime:0.001416s ]
[2023-08-24T07:52:20+08:00][sql] SELECT `id`,`username`,`status`,`create_time`,`update_time`,`truename`,`mobile`,`last_ip`,`myrules` FROM `yp_admin` WHERE  `id` = 1 LIMIT 1 [ RunTime:0.000383s ]
[2023-08-24T07:52:20+08:00][sql] SHOW FULL COLUMNS FROM `yp_roles` [ RunTime:0.001315s ]
[2023-08-24T07:52:20+08:00][sql] SHOW FULL COLUMNS FROM `yp_access` [ RunTime:0.001281s ]
[2023-08-24T07:52:20+08:00][sql] SELECT `yp_roles`.*,`pivot`.`id` AS `pivot__id`,`pivot`.`admin_id` AS `pivot__admin_id`,`pivot`.`roles_id` AS `pivot__roles_id` FROM `yp_roles` INNER JOIN `yp_access` `pivot` ON `pivot`.`roles_id`=`yp_roles`.`id` WHERE  `pivot`.`admin_id` = '1' [ RunTime:0.000408s ]
[2023-08-24T07:52:20+08:00][sql] SHOW FULL COLUMNS FROM `yp_rule` [ RunTime:0.001348s ]
[2023-08-24T07:52:20+08:00][sql] SELECT `id`,`path`,`type`,`status`,`pid`,`sort`,`mod_id`,`title`,`icon` FROM `yp_rule` ORDER BY `sort` ASC [ RunTime:0.000279s ]
[2023-08-24T07:52:20+08:00][sql] SHOW FULL COLUMNS FROM `yp_mod` [ RunTime:0.001231s ]
[2023-08-24T07:52:20+08:00][sql] SELECT * FROM `yp_mod` WHERE  `id` IN (1,10,0,3,2) [ RunTime:0.000285s ]
[2023-08-24T07:58:56+08:00][sql] CONNECT:[ UseTime:0.021159s ] mysql:host=127.0.0.1;port=3306;dbname=qiye;charset=utf8
[2023-08-24T07:58:56+08:00][sql] SHOW FULL COLUMNS FROM `yp_admin` [ RunTime:0.001791s ]
[2023-08-24T07:58:56+08:00][sql] SELECT `id`,`username`,`status`,`create_time`,`update_time`,`truename`,`mobile`,`last_ip`,`myrules` FROM `yp_admin` WHERE  `id` = 1 LIMIT 1 [ RunTime:0.000440s ]
[2023-08-24T07:58:56+08:00][sql] SHOW FULL COLUMNS FROM `yp_roles` [ RunTime:0.001500s ]
[2023-08-24T07:58:56+08:00][sql] SHOW FULL COLUMNS FROM `yp_access` [ RunTime:0.001383s ]
[2023-08-24T07:58:56+08:00][sql] SELECT `yp_roles`.*,`pivot`.`id` AS `pivot__id`,`pivot`.`admin_id` AS `pivot__admin_id`,`pivot`.`roles_id` AS `pivot__roles_id` FROM `yp_roles` INNER JOIN `yp_access` `pivot` ON `pivot`.`roles_id`=`yp_roles`.`id` WHERE  `pivot`.`admin_id` = '1' [ RunTime:0.000435s ]
[2023-08-24T07:58:56+08:00][sql] SHOW FULL COLUMNS FROM `yp_rule` [ RunTime:0.001804s ]
[2023-08-24T07:58:56+08:00][sql] SELECT `id`,`path`,`type`,`status`,`pid`,`sort`,`mod_id`,`title`,`icon` FROM `yp_rule` ORDER BY `sort` ASC [ RunTime:0.000454s ]
[2023-08-24T07:58:56+08:00][sql] SHOW FULL COLUMNS FROM `yp_mod` [ RunTime:0.001450s ]
[2023-08-24T07:58:56+08:00][sql] SELECT * FROM `yp_mod` WHERE  `id` IN (1,10,0,3,2) [ RunTime:0.000466s ]
[2023-08-24T07:58:57+08:00][sql] CONNECT:[ UseTime:0.000628s ] mysql:host=127.0.0.1;port=3306;dbname=qiye;charset=utf8
[2023-08-24T07:58:57+08:00][sql] SHOW FULL COLUMNS FROM `yp_admin` [ RunTime:0.002153s ]
[2023-08-24T07:58:57+08:00][sql] SELECT `id`,`username`,`status`,`create_time`,`update_time`,`truename`,`mobile`,`last_ip`,`myrules` FROM `yp_admin` WHERE  `id` = 1 LIMIT 1 [ RunTime:0.000442s ]
[2023-08-24T07:58:57+08:00][sql] SHOW FULL COLUMNS FROM `yp_roles` [ RunTime:0.001640s ]
[2023-08-24T07:58:57+08:00][sql] SHOW FULL COLUMNS FROM `yp_access` [ RunTime:0.001562s ]
[2023-08-24T07:58:57+08:00][sql] SELECT `yp_roles`.*,`pivot`.`id` AS `pivot__id`,`pivot`.`admin_id` AS `pivot__admin_id`,`pivot`.`roles_id` AS `pivot__roles_id` FROM `yp_roles` INNER JOIN `yp_access` `pivot` ON `pivot`.`roles_id`=`yp_roles`.`id` WHERE  `pivot`.`admin_id` = '1' [ RunTime:0.000459s ]
[2023-08-24T07:58:57+08:00][sql] SHOW FULL COLUMNS FROM `yp_rule` [ RunTime:0.002034s ]
[2023-08-24T07:58:57+08:00][sql] SELECT `id`,`path`,`type`,`status`,`pid`,`sort`,`mod_id`,`title`,`icon` FROM `yp_rule` ORDER BY `sort` ASC [ RunTime:0.000391s ]
[2023-08-24T07:58:57+08:00][sql] SHOW FULL COLUMNS FROM `yp_mod` [ RunTime:0.001395s ]
[2023-08-24T07:58:57+08:00][sql] SELECT * FROM `yp_mod` WHERE  `id` IN (1,10,0,3,2) [ RunTime:0.000431s ]
[2023-08-24T07:58:57+08:00][sql] SHOW FULL COLUMNS FROM `yp_article` [ RunTime:0.010973s ]
[2023-08-24T07:58:57+08:00][sql] SELECT COUNT(*) AS think_count FROM `yp_article` WHERE `yp_article`.`delete_time` = '0' LIMIT 1 [ RunTime:0.001427s ]
[2023-08-24T07:58:57+08:00][sql] SELECT * FROM `yp_article` WHERE `yp_article`.`delete_time` = '0' LIMIT 0,20 [ RunTime:0.000232s ]
[2023-08-24T07:58:57+08:00][sql] SELECT COUNT(*) AS think_count FROM `yp_article` WHERE `yp_article`.`delete_time` <> '0' LIMIT 1 [ RunTime:0.000378s ]
[2023-08-24T07:58:57+08:00][sql] SHOW FULL COLUMNS FROM `yp_category` [ RunTime:0.001621s ]
[2023-08-24T07:58:57+08:00][sql] SELECT * FROM `yp_category` WHERE  `id` = 11 LIMIT 1 [ RunTime:0.000306s ]
[2023-08-24T07:58:57+08:00][sql] SELECT * FROM `yp_category` WHERE  `id` = 11 LIMIT 1 [ RunTime:0.000264s ]
[2023-08-24T07:58:57+08:00][sql] SELECT * FROM `yp_category` WHERE  `id` = 6 LIMIT 1 [ RunTime:0.000256s ]
[2023-08-24T07:58:57+08:00][sql] SELECT * FROM `yp_category` WHERE  `id` = 6 LIMIT 1 [ RunTime:0.000251s ]
[2023-08-24T07:59:24+08:00][sql] CONNECT:[ UseTime:0.000929s ] mysql:host=127.0.0.1;port=3306;dbname=qiye;charset=utf8
[2023-08-24T07:59:24+08:00][sql] SHOW FULL COLUMNS FROM `yp_admin` [ RunTime:0.001948s ]
[2023-08-24T07:59:24+08:00][sql] SELECT `id`,`username`,`status`,`create_time`,`update_time`,`truename`,`mobile`,`last_ip`,`myrules` FROM `yp_admin` WHERE  `id` = 1 LIMIT 1 [ RunTime:0.000855s ]
[2023-08-24T07:59:24+08:00][sql] SHOW FULL COLUMNS FROM `yp_roles` [ RunTime:0.001504s ]
[2023-08-24T07:59:24+08:00][sql] SHOW FULL COLUMNS FROM `yp_access` [ RunTime:0.001397s ]
[2023-08-24T07:59:24+08:00][sql] SELECT `yp_roles`.*,`pivot`.`id` AS `pivot__id`,`pivot`.`admin_id` AS `pivot__admin_id`,`pivot`.`roles_id` AS `pivot__roles_id` FROM `yp_roles` INNER JOIN `yp_access` `pivot` ON `pivot`.`roles_id`=`yp_roles`.`id` WHERE  `pivot`.`admin_id` = '1' [ RunTime:0.000342s ]
[2023-08-24T07:59:24+08:00][sql] SHOW FULL COLUMNS FROM `yp_rule` [ RunTime:0.001559s ]
[2023-08-24T07:59:24+08:00][sql] SELECT `id`,`path`,`type`,`status`,`pid`,`sort`,`mod_id`,`title`,`icon` FROM `yp_rule` ORDER BY `sort` ASC [ RunTime:0.000345s ]
[2023-08-24T07:59:24+08:00][sql] SHOW FULL COLUMNS FROM `yp_mod` [ RunTime:0.001462s ]
[2023-08-24T07:59:24+08:00][sql] SELECT * FROM `yp_mod` WHERE  `id` IN (1,10,0,3,2) [ RunTime:0.000420s ]
[2023-08-24T07:59:24+08:00][sql] SHOW FULL COLUMNS FROM `yp_category` [ RunTime:0.001867s ]
[2023-08-24T07:59:24+08:00][sql] SELECT * FROM `yp_category` WHERE  ( FIND_IN_SET(0,path) ) [ RunTime:0.001463s ]
[2023-08-24T07:59:24+08:00][sql] SELECT * FROM `yp_category` WHERE  ( FIND_IN_SET(0,path) ) [ RunTime:0.000566s ]
[2023-08-24T07:59:26+08:00][sql] CONNECT:[ UseTime:0.011784s ] mysql:host=127.0.0.1;port=3306;dbname=qiye;charset=utf8
[2023-08-24T07:59:26+08:00][sql] SHOW FULL COLUMNS FROM `yp_admin` [ RunTime:0.001875s ]
[2023-08-24T07:59:26+08:00][sql] SELECT `id`,`username`,`status`,`create_time`,`update_time`,`truename`,`mobile`,`last_ip`,`myrules` FROM `yp_admin` WHERE  `id` = 1 LIMIT 1 [ RunTime:0.000448s ]
[2023-08-24T07:59:26+08:00][sql] SHOW FULL COLUMNS FROM `yp_roles` [ RunTime:0.001631s ]
[2023-08-24T07:59:26+08:00][sql] SHOW FULL COLUMNS FROM `yp_access` [ RunTime:0.001413s ]
[2023-08-24T07:59:26+08:00][sql] SELECT `yp_roles`.*,`pivot`.`id` AS `pivot__id`,`pivot`.`admin_id` AS `pivot__admin_id`,`pivot`.`roles_id` AS `pivot__roles_id` FROM `yp_roles` INNER JOIN `yp_access` `pivot` ON `pivot`.`roles_id`=`yp_roles`.`id` WHERE  `pivot`.`admin_id` = '1' [ RunTime:0.000410s ]
[2023-08-24T07:59:26+08:00][sql] SHOW FULL COLUMNS FROM `yp_rule` [ RunTime:0.001522s ]
[2023-08-24T07:59:26+08:00][sql] SELECT `id`,`path`,`type`,`status`,`pid`,`sort`,`mod_id`,`title`,`icon` FROM `yp_rule` ORDER BY `sort` ASC [ RunTime:0.000440s ]
[2023-08-24T07:59:26+08:00][sql] SHOW FULL COLUMNS FROM `yp_mod` [ RunTime:0.001549s ]
[2023-08-24T07:59:26+08:00][sql] SELECT * FROM `yp_mod` WHERE  `id` IN (1,10,0,3,2) [ RunTime:0.000460s ]
[2023-08-24T07:59:26+08:00][sql] SHOW FULL COLUMNS FROM `yp_category` [ RunTime:0.001519s ]
[2023-08-24T07:59:26+08:00][sql] SELECT * FROM `yp_category` WHERE  ( FIND_IN_SET(1,path) ) [ RunTime:0.000490s ]
[2023-08-24T07:59:26+08:00][sql] SELECT * FROM `yp_category` WHERE  ( FIND_IN_SET(1,path) ) [ RunTime:0.000426s ]
[2023-08-24T07:59:27+08:00][sql] CONNECT:[ UseTime:0.000717s ] mysql:host=127.0.0.1;port=3306;dbname=qiye;charset=utf8
[2023-08-24T07:59:27+08:00][sql] SHOW FULL COLUMNS FROM `yp_admin` [ RunTime:0.001620s ]
[2023-08-24T07:59:27+08:00][sql] SELECT `id`,`username`,`status`,`create_time`,`update_time`,`truename`,`mobile`,`last_ip`,`myrules` FROM `yp_admin` WHERE  `id` = 1 LIMIT 1 [ RunTime:0.000407s ]
[2023-08-24T07:59:27+08:00][sql] SHOW FULL COLUMNS FROM `yp_roles` [ RunTime:0.001945s ]
[2023-08-24T07:59:27+08:00][sql] SHOW FULL COLUMNS FROM `yp_access` [ RunTime:0.001418s ]
[2023-08-24T07:59:27+08:00][sql] SELECT `yp_roles`.*,`pivot`.`id` AS `pivot__id`,`pivot`.`admin_id` AS `pivot__admin_id`,`pivot`.`roles_id` AS `pivot__roles_id` FROM `yp_roles` INNER JOIN `yp_access` `pivot` ON `pivot`.`roles_id`=`yp_roles`.`id` WHERE  `pivot`.`admin_id` = '1' [ RunTime:0.000427s ]
[2023-08-24T07:59:27+08:00][sql] SHOW FULL COLUMNS FROM `yp_rule` [ RunTime:0.001486s ]
[2023-08-24T07:59:27+08:00][sql] SELECT `id`,`path`,`type`,`status`,`pid`,`sort`,`mod_id`,`title`,`icon` FROM `yp_rule` ORDER BY `sort` ASC [ RunTime:0.000401s ]
[2023-08-24T07:59:27+08:00][sql] SHOW FULL COLUMNS FROM `yp_mod` [ RunTime:0.001625s ]
[2023-08-24T07:59:27+08:00][sql] SELECT * FROM `yp_mod` WHERE  `id` IN (1,10,0,3,2) [ RunTime:0.000476s ]
[2023-08-24T07:59:27+08:00][sql] SHOW FULL COLUMNS FROM `yp_category` [ RunTime:0.001511s ]
[2023-08-24T07:59:27+08:00][sql] SELECT * FROM `yp_category` WHERE  ( FIND_IN_SET(6,path) ) [ RunTime:0.000372s ]
[2023-08-24T07:59:56+08:00][sql] CONNECT:[ UseTime:0.014885s ] mysql:host=127.0.0.1;port=3306;dbname=qiye;charset=utf8
[2023-08-24T07:59:56+08:00][sql] SHOW FULL COLUMNS FROM `yp_admin` [ RunTime:0.001570s ]
[2023-08-24T07:59:56+08:00][sql] SELECT `id`,`username`,`status`,`create_time`,`update_time`,`truename`,`mobile`,`last_ip`,`myrules` FROM `yp_admin` WHERE  `id` = 1 LIMIT 1 [ RunTime:0.000387s ]
[2023-08-24T07:59:56+08:00][sql] SHOW FULL COLUMNS FROM `yp_roles` [ RunTime:0.001405s ]
[2023-08-24T07:59:56+08:00][sql] SHOW FULL COLUMNS FROM `yp_access` [ RunTime:0.001354s ]
[2023-08-24T07:59:56+08:00][sql] SELECT `yp_roles`.*,`pivot`.`id` AS `pivot__id`,`pivot`.`admin_id` AS `pivot__admin_id`,`pivot`.`roles_id` AS `pivot__roles_id` FROM `yp_roles` INNER JOIN `yp_access` `pivot` ON `pivot`.`roles_id`=`yp_roles`.`id` WHERE  `pivot`.`admin_id` = '1' [ RunTime:0.000409s ]
[2023-08-24T07:59:56+08:00][sql] SHOW FULL COLUMNS FROM `yp_rule` [ RunTime:0.001420s ]
[2023-08-24T07:59:56+08:00][sql] SELECT `id`,`path`,`type`,`status`,`pid`,`sort`,`mod_id`,`title`,`icon` FROM `yp_rule` ORDER BY `sort` ASC [ RunTime:0.000401s ]
[2023-08-24T07:59:56+08:00][sql] SHOW FULL COLUMNS FROM `yp_mod` [ RunTime:0.001421s ]
[2023-08-24T07:59:56+08:00][sql] SELECT * FROM `yp_mod` WHERE  `id` IN (1,10,0,3,2) [ RunTime:0.000516s ]
[2023-08-24T07:59:56+08:00][sql] SHOW FULL COLUMNS FROM `yp_article` [ RunTime:0.001605s ]
[2023-08-24T07:59:56+08:00][sql] INSERT INTO `yp_article` SET `category_id` = '6' , `title` = '俄航空署：确认普里戈任在坠机事故中身亡' , `author` = '无' , `source` = '网络' , `intro` = '当天稍早前，据塔斯社援引俄罗斯紧急情况部消息称，一架私人飞机在俄罗斯特维尔州坠毁，致10人死亡。该失事飞机航线为莫斯科至圣彼得堡。' , `content` = '<p style=\"margin-left:0px;text-align:justify;\">当地时间8月23日，据美国有线电视新闻网（CNN）援引俄罗斯联邦航空运输署消息，瓦格纳集团创始人普里戈任和瓦格纳联合创始人、指挥官乌特金确认在坠机事故中身亡。根据俄航空署发布的失事飞机人员名单，普里戈任和乌特金确认在失事飞机上。</p><p style=\"margin-left:0px;text-align:justify;\">俄紧急情况部门称，特维尔州坠机事故10具遗体已全部找到，搜寻行动结束。</p><p style=\"margin-left:0px;text-align:justify;\">当天稍早前，据塔斯社援引俄罗斯紧急情况部消息称，一架私人飞机在俄罗斯特维尔州坠毁，致10人死亡。该失事飞机航线为莫斯科至圣彼得堡。</p>' , `admin_id` = 0 , `member_id` = 0 , `create_time` = 1692835196 , `update_time` = 1692835196 [ RunTime:0.000679s ]
[2023-08-24T07:59:56+08:00][sql] SHOW FULL COLUMNS FROM `yp_category` [ RunTime:0.001471s ]
[2023-08-24T07:59:56+08:00][sql] SELECT * FROM `yp_category` WHERE  `id` = 6 LIMIT 1 [ RunTime:0.000361s ]
[2023-08-24T07:59:57+08:00][sql] CONNECT:[ UseTime:0.013362s ] mysql:host=127.0.0.1;port=3306;dbname=qiye;charset=utf8
[2023-08-24T07:59:57+08:00][sql] SHOW FULL COLUMNS FROM `yp_admin` [ RunTime:0.001516s ]
[2023-08-24T07:59:57+08:00][sql] SELECT `id`,`username`,`status`,`create_time`,`update_time`,`truename`,`mobile`,`last_ip`,`myrules` FROM `yp_admin` WHERE  `id` = 1 LIMIT 1 [ RunTime:0.000376s ]
[2023-08-24T07:59:57+08:00][sql] SHOW FULL COLUMNS FROM `yp_roles` [ RunTime:0.001564s ]
[2023-08-24T07:59:57+08:00][sql] SHOW FULL COLUMNS FROM `yp_access` [ RunTime:0.001365s ]
[2023-08-24T07:59:57+08:00][sql] SELECT `yp_roles`.*,`pivot`.`id` AS `pivot__id`,`pivot`.`admin_id` AS `pivot__admin_id`,`pivot`.`roles_id` AS `pivot__roles_id` FROM `yp_roles` INNER JOIN `yp_access` `pivot` ON `pivot`.`roles_id`=`yp_roles`.`id` WHERE  `pivot`.`admin_id` = '1' [ RunTime:0.000423s ]
[2023-08-24T07:59:57+08:00][sql] SHOW FULL COLUMNS FROM `yp_rule` [ RunTime:0.001398s ]
[2023-08-24T07:59:57+08:00][sql] SELECT `id`,`path`,`type`,`status`,`pid`,`sort`,`mod_id`,`title`,`icon` FROM `yp_rule` ORDER BY `sort` ASC [ RunTime:0.000403s ]
[2023-08-24T07:59:57+08:00][sql] SHOW FULL COLUMNS FROM `yp_mod` [ RunTime:0.001397s ]
[2023-08-24T07:59:57+08:00][sql] SELECT * FROM `yp_mod` WHERE  `id` IN (1,10,0,3,2) [ RunTime:0.000408s ]
[2023-08-24T07:59:57+08:00][sql] SHOW FULL COLUMNS FROM `yp_article` [ RunTime:0.001470s ]
[2023-08-24T07:59:57+08:00][sql] SELECT COUNT(*) AS think_count FROM `yp_article` WHERE `yp_article`.`delete_time` = '0' LIMIT 1 [ RunTime:0.000364s ]
[2023-08-24T07:59:57+08:00][sql] SELECT * FROM `yp_article` WHERE `yp_article`.`delete_time` = '0' LIMIT 0,20 [ RunTime:0.000378s ]
[2023-08-24T07:59:57+08:00][sql] SELECT COUNT(*) AS think_count FROM `yp_article` WHERE `yp_article`.`delete_time` <> '0' LIMIT 1 [ RunTime:0.000346s ]
[2023-08-24T07:59:57+08:00][sql] SHOW FULL COLUMNS FROM `yp_category` [ RunTime:0.001695s ]
[2023-08-24T07:59:57+08:00][sql] SELECT * FROM `yp_category` WHERE  `id` = 11 LIMIT 1 [ RunTime:0.000422s ]
[2023-08-24T07:59:57+08:00][sql] SELECT * FROM `yp_category` WHERE  `id` = 11 LIMIT 1 [ RunTime:0.000376s ]
[2023-08-24T07:59:57+08:00][sql] SELECT * FROM `yp_category` WHERE  `id` = 6 LIMIT 1 [ RunTime:0.000393s ]
[2023-08-24T07:59:57+08:00][sql] SELECT * FROM `yp_category` WHERE  `id` = 6 LIMIT 1 [ RunTime:0.000322s ]
[2023-08-24T07:59:57+08:00][sql] SELECT * FROM `yp_category` WHERE  `id` = 6 LIMIT 1 [ RunTime:0.000321s ]
[2023-08-24T08:00:02+08:00][sql] CONNECT:[ UseTime:0.014983s ] mysql:host=127.0.0.1;port=3306;dbname=qiye;charset=utf8
[2023-08-24T08:00:02+08:00][sql] SHOW FULL COLUMNS FROM `yp_admin` [ RunTime:0.001499s ]
[2023-08-24T08:00:02+08:00][sql] SELECT `id`,`username`,`status`,`create_time`,`update_time`,`truename`,`mobile`,`last_ip`,`myrules` FROM `yp_admin` WHERE  `id` = 1 LIMIT 1 [ RunTime:0.000372s ]
[2023-08-24T08:00:02+08:00][sql] SHOW FULL COLUMNS FROM `yp_roles` [ RunTime:0.001653s ]
[2023-08-24T08:00:02+08:00][sql] SHOW FULL COLUMNS FROM `yp_access` [ RunTime:0.001541s ]
[2023-08-24T08:00:02+08:00][sql] SELECT `yp_roles`.*,`pivot`.`id` AS `pivot__id`,`pivot`.`admin_id` AS `pivot__admin_id`,`pivot`.`roles_id` AS `pivot__roles_id` FROM `yp_roles` INNER JOIN `yp_access` `pivot` ON `pivot`.`roles_id`=`yp_roles`.`id` WHERE  `pivot`.`admin_id` = '1' [ RunTime:0.000389s ]
[2023-08-24T08:00:02+08:00][sql] SHOW FULL COLUMNS FROM `yp_rule` [ RunTime:0.001401s ]
[2023-08-24T08:00:02+08:00][sql] SELECT `id`,`path`,`type`,`status`,`pid`,`sort`,`mod_id`,`title`,`icon` FROM `yp_rule` ORDER BY `sort` ASC [ RunTime:0.000414s ]
[2023-08-24T08:00:02+08:00][sql] SHOW FULL COLUMNS FROM `yp_mod` [ RunTime:0.001410s ]
[2023-08-24T08:00:02+08:00][sql] SELECT * FROM `yp_mod` WHERE  `id` IN (1,10,0,3,2) [ RunTime:0.000406s ]
[2023-08-24T08:00:02+08:00][sql] SHOW FULL COLUMNS FROM `yp_article` [ RunTime:0.001457s ]
[2023-08-24T08:00:02+08:00][sql] SELECT * FROM `yp_article` WHERE (  `id` = 58 ) AND `yp_article`.`delete_time` = '0' LIMIT 1 [ RunTime:0.000376s ]
[2023-08-24T08:00:02+08:00][sql] SHOW FULL COLUMNS FROM `yp_category` [ RunTime:0.001416s ]
[2023-08-24T08:00:02+08:00][sql] SELECT * FROM `yp_category` WHERE  `id` = 6 LIMIT 1 [ RunTime:0.000348s ]
[2023-08-24T08:00:03+08:00][sql] CONNECT:[ UseTime:0.014748s ] mysql:host=127.0.0.1;port=3306;dbname=qiye;charset=utf8
[2023-08-24T08:00:03+08:00][sql] SHOW FULL COLUMNS FROM `yp_admin` [ RunTime:0.001487s ]
[2023-08-24T08:00:03+08:00][sql] SELECT `id`,`username`,`status`,`create_time`,`update_time`,`truename`,`mobile`,`last_ip`,`myrules` FROM `yp_admin` WHERE  `id` = 1 LIMIT 1 [ RunTime:0.000351s ]
[2023-08-24T08:00:03+08:00][sql] SHOW FULL COLUMNS FROM `yp_roles` [ RunTime:0.001384s ]
[2023-08-24T08:00:03+08:00][sql] SHOW FULL COLUMNS FROM `yp_access` [ RunTime:0.001409s ]
[2023-08-24T08:00:03+08:00][sql] SELECT `yp_roles`.*,`pivot`.`id` AS `pivot__id`,`pivot`.`admin_id` AS `pivot__admin_id`,`pivot`.`roles_id` AS `pivot__roles_id` FROM `yp_roles` INNER JOIN `yp_access` `pivot` ON `pivot`.`roles_id`=`yp_roles`.`id` WHERE  `pivot`.`admin_id` = '1' [ RunTime:0.000366s ]
[2023-08-24T08:00:03+08:00][sql] SHOW FULL COLUMNS FROM `yp_rule` [ RunTime:0.001438s ]
[2023-08-24T08:00:03+08:00][sql] SELECT `id`,`path`,`type`,`status`,`pid`,`sort`,`mod_id`,`title`,`icon` FROM `yp_rule` ORDER BY `sort` ASC [ RunTime:0.000406s ]
[2023-08-24T08:00:03+08:00][sql] SHOW FULL COLUMNS FROM `yp_mod` [ RunTime:0.001432s ]
[2023-08-24T08:00:03+08:00][sql] SELECT * FROM `yp_mod` WHERE  `id` IN (1,10,0,3,2) [ RunTime:0.000562s ]
[2023-08-24T08:00:03+08:00][sql] SHOW FULL COLUMNS FROM `yp_category` [ RunTime:0.001583s ]
[2023-08-24T08:00:03+08:00][sql] SELECT * FROM `yp_category` WHERE  ( FIND_IN_SET(0,path) ) [ RunTime:0.000408s ]
[2023-08-24T08:00:03+08:00][sql] SELECT * FROM `yp_category` WHERE  ( FIND_IN_SET(0,path) ) [ RunTime:0.000361s ]
[2023-08-24T08:00:45+08:00][sql] CONNECT:[ UseTime:0.000630s ] mysql:host=127.0.0.1;port=3306;dbname=qiye;charset=utf8
[2023-08-24T08:00:45+08:00][sql] SHOW FULL COLUMNS FROM `yp_admin` [ RunTime:0.000640s ]
[2023-08-24T08:00:45+08:00][sql] SELECT `id`,`username`,`status`,`create_time`,`update_time`,`truename`,`mobile`,`last_ip`,`myrules` FROM `yp_admin` WHERE  `id` = 1 LIMIT 1 [ RunTime:0.000281s ]
[2023-08-24T08:00:45+08:00][sql] SHOW FULL COLUMNS FROM `yp_roles` [ RunTime:0.001428s ]
[2023-08-24T08:00:45+08:00][sql] SHOW FULL COLUMNS FROM `yp_access` [ RunTime:0.001226s ]
[2023-08-24T08:00:45+08:00][sql] SELECT `yp_roles`.*,`pivot`.`id` AS `pivot__id`,`pivot`.`admin_id` AS `pivot__admin_id`,`pivot`.`roles_id` AS `pivot__roles_id` FROM `yp_roles` INNER JOIN `yp_access` `pivot` ON `pivot`.`roles_id`=`yp_roles`.`id` WHERE  `pivot`.`admin_id` = '1' [ RunTime:0.000293s ]
[2023-08-24T08:00:45+08:00][sql] SHOW FULL COLUMNS FROM `yp_rule` [ RunTime:0.001284s ]
[2023-08-24T08:00:45+08:00][sql] SELECT `id`,`path`,`type`,`status`,`pid`,`sort`,`mod_id`,`title`,`icon` FROM `yp_rule` ORDER BY `sort` ASC [ RunTime:0.000260s ]
[2023-08-24T08:00:45+08:00][sql] SHOW FULL COLUMNS FROM `yp_mod` [ RunTime:0.001305s ]
[2023-08-24T08:00:45+08:00][sql] SELECT * FROM `yp_mod` WHERE  `id` IN (1,10,0,3,2) [ RunTime:0.000525s ]
[2023-08-24T08:00:45+08:00][sql] CONNECT:[ UseTime:0.000574s ] mysql:host=127.0.0.1;port=3306;dbname=qiye;charset=utf8
[2023-08-24T08:00:45+08:00][sql] SHOW FULL COLUMNS FROM `yp_admin` [ RunTime:0.000543s ]
[2023-08-24T08:00:45+08:00][sql] SELECT `id`,`username`,`status`,`create_time`,`update_time`,`truename`,`mobile`,`last_ip`,`myrules` FROM `yp_admin` WHERE  `id` = 1 LIMIT 1 [ RunTime:0.000279s ]
[2023-08-24T08:00:45+08:00][sql] SHOW FULL COLUMNS FROM `yp_roles` [ RunTime:0.000478s ]
[2023-08-24T08:00:45+08:00][sql] SHOW FULL COLUMNS FROM `yp_access` [ RunTime:0.000431s ]
[2023-08-24T08:00:45+08:00][sql] SELECT `yp_roles`.*,`pivot`.`id` AS `pivot__id`,`pivot`.`admin_id` AS `pivot__admin_id`,`pivot`.`roles_id` AS `pivot__roles_id` FROM `yp_roles` INNER JOIN `yp_access` `pivot` ON `pivot`.`roles_id`=`yp_roles`.`id` WHERE  `pivot`.`admin_id` = '1' [ RunTime:0.000271s ]
[2023-08-24T08:00:45+08:00][sql] SHOW FULL COLUMNS FROM `yp_rule` [ RunTime:0.000438s ]
[2023-08-24T08:00:45+08:00][sql] SELECT `id`,`path`,`type`,`status`,`pid`,`sort`,`mod_id`,`title`,`icon` FROM `yp_rule` ORDER BY `sort` ASC [ RunTime:0.000238s ]
[2023-08-24T08:00:45+08:00][sql] SHOW FULL COLUMNS FROM `yp_mod` [ RunTime:0.000472s ]
[2023-08-24T08:00:45+08:00][sql] SELECT * FROM `yp_mod` WHERE  `id` IN (1,10,0,3,2) [ RunTime:0.000533s ]
[2023-08-24T08:00:45+08:00][sql] SHOW FULL COLUMNS FROM `yp_article` [ RunTime:0.001467s ]
[2023-08-24T08:00:45+08:00][sql] SELECT COUNT(*) AS think_count FROM `yp_article` WHERE `yp_article`.`delete_time` = '0' LIMIT 1 [ RunTime:0.000262s ]
[2023-08-24T08:00:45+08:00][sql] SELECT * FROM `yp_article` WHERE `yp_article`.`delete_time` = '0' ORDER BY `id` DESC LIMIT 0,20 [ RunTime:0.000239s ]
[2023-08-24T08:00:45+08:00][sql] SELECT COUNT(*) AS think_count FROM `yp_article` WHERE `yp_article`.`delete_time` <> '0' LIMIT 1 [ RunTime:0.000216s ]
[2023-08-24T08:00:45+08:00][sql] SHOW FULL COLUMNS FROM `yp_category` [ RunTime:0.001316s ]
[2023-08-24T08:00:45+08:00][sql] SELECT * FROM `yp_category` WHERE  `id` = 6 LIMIT 1 [ RunTime:0.000235s ]
[2023-08-24T08:00:45+08:00][sql] SELECT * FROM `yp_category` WHERE  `id` = 6 LIMIT 1 [ RunTime:0.000205s ]
[2023-08-24T08:00:45+08:00][sql] SELECT * FROM `yp_category` WHERE  `id` = 6 LIMIT 1 [ RunTime:0.000202s ]
[2023-08-24T08:00:45+08:00][sql] SELECT * FROM `yp_category` WHERE  `id` = 11 LIMIT 1 [ RunTime:0.000199s ]
[2023-08-24T08:00:45+08:00][sql] SELECT * FROM `yp_category` WHERE  `id` = 11 LIMIT 1 [ RunTime:0.000199s ]
[2023-08-24T08:00:50+08:00][sql] CONNECT:[ UseTime:0.010430s ] mysql:host=127.0.0.1;port=3306;dbname=qiye;charset=utf8
[2023-08-24T08:00:50+08:00][sql] SHOW FULL COLUMNS FROM `yp_admin` [ RunTime:0.000724s ]
[2023-08-24T08:00:50+08:00][sql] SELECT `id`,`username`,`status`,`create_time`,`update_time`,`truename`,`mobile`,`last_ip`,`myrules` FROM `yp_admin` WHERE  `id` = 1 LIMIT 1 [ RunTime:0.000378s ]
[2023-08-24T08:00:50+08:00][sql] SHOW FULL COLUMNS FROM `yp_roles` [ RunTime:0.000631s ]
[2023-08-24T08:00:50+08:00][sql] SHOW FULL COLUMNS FROM `yp_access` [ RunTime:0.000562s ]
[2023-08-24T08:00:50+08:00][sql] SELECT `yp_roles`.*,`pivot`.`id` AS `pivot__id`,`pivot`.`admin_id` AS `pivot__admin_id`,`pivot`.`roles_id` AS `pivot__roles_id` FROM `yp_roles` INNER JOIN `yp_access` `pivot` ON `pivot`.`roles_id`=`yp_roles`.`id` WHERE  `pivot`.`admin_id` = '1' [ RunTime:0.000390s ]
[2023-08-24T08:00:50+08:00][sql] SHOW FULL COLUMNS FROM `yp_rule` [ RunTime:0.000593s ]
[2023-08-24T08:00:50+08:00][sql] SELECT `id`,`path`,`type`,`status`,`pid`,`sort`,`mod_id`,`title`,`icon` FROM `yp_rule` ORDER BY `sort` ASC [ RunTime:0.000387s ]
[2023-08-24T08:00:50+08:00][sql] SHOW FULL COLUMNS FROM `yp_mod` [ RunTime:0.000593s ]
[2023-08-24T08:00:50+08:00][sql] SELECT * FROM `yp_mod` WHERE  `id` IN (1,10,0,3,2) [ RunTime:0.000360s ]
[2023-08-24T08:00:50+08:00][sql] SHOW FULL COLUMNS FROM `yp_article` [ RunTime:0.001522s ]
[2023-08-24T08:00:50+08:00][sql] SELECT * FROM `yp_article` WHERE (  `id` = 58 ) AND `yp_article`.`delete_time` = '0' LIMIT 1 [ RunTime:0.000367s ]
[2023-08-24T08:00:50+08:00][sql] SHOW FULL COLUMNS FROM `yp_category` [ RunTime:0.001587s ]
[2023-08-24T08:00:50+08:00][sql] SELECT * FROM `yp_category` WHERE  `id` = 6 LIMIT 1 [ RunTime:0.000411s ]
[2023-08-24T08:00:50+08:00][sql] CONNECT:[ UseTime:0.019669s ] mysql:host=127.0.0.1;port=3306;dbname=qiye;charset=utf8
[2023-08-24T08:00:50+08:00][sql] SHOW FULL COLUMNS FROM `yp_admin` [ RunTime:0.000565s ]
[2023-08-24T08:00:50+08:00][sql] SELECT `id`,`username`,`status`,`create_time`,`update_time`,`truename`,`mobile`,`last_ip`,`myrules` FROM `yp_admin` WHERE  `id` = 1 LIMIT 1 [ RunTime:0.000256s ]
[2023-08-24T08:00:50+08:00][sql] SHOW FULL COLUMNS FROM `yp_roles` [ RunTime:0.000437s ]
[2023-08-24T08:00:50+08:00][sql] SHOW FULL COLUMNS FROM `yp_access` [ RunTime:0.000613s ]
[2023-08-24T08:00:50+08:00][sql] SELECT `yp_roles`.*,`pivot`.`id` AS `pivot__id`,`pivot`.`admin_id` AS `pivot__admin_id`,`pivot`.`roles_id` AS `pivot__roles_id` FROM `yp_roles` INNER JOIN `yp_access` `pivot` ON `pivot`.`roles_id`=`yp_roles`.`id` WHERE  `pivot`.`admin_id` = '1' [ RunTime:0.000370s ]
[2023-08-24T08:00:50+08:00][sql] SHOW FULL COLUMNS FROM `yp_rule` [ RunTime:0.000526s ]
[2023-08-24T08:00:50+08:00][sql] SELECT `id`,`path`,`type`,`status`,`pid`,`sort`,`mod_id`,`title`,`icon` FROM `yp_rule` ORDER BY `sort` ASC [ RunTime:0.000310s ]
[2023-08-24T08:00:50+08:00][sql] SHOW FULL COLUMNS FROM `yp_mod` [ RunTime:0.000493s ]
[2023-08-24T08:00:50+08:00][sql] SELECT * FROM `yp_mod` WHERE  `id` IN (1,10,0,3,2) [ RunTime:0.000339s ]
[2023-08-24T08:00:50+08:00][sql] SHOW FULL COLUMNS FROM `yp_category` [ RunTime:0.001367s ]
[2023-08-24T08:00:50+08:00][sql] SELECT * FROM `yp_category` WHERE  ( FIND_IN_SET(0,path) ) [ RunTime:0.000255s ]
[2023-08-24T08:00:50+08:00][sql] SELECT * FROM `yp_category` WHERE  ( FIND_IN_SET(0,path) ) [ RunTime:0.000229s ]
[2023-08-24T08:01:03+08:00][sql] CONNECT:[ UseTime:0.024115s ] mysql:host=127.0.0.1;port=3306;dbname=qiye;charset=utf8
[2023-08-24T08:01:03+08:00][sql] SHOW FULL COLUMNS FROM `yp_admin` [ RunTime:0.000763s ]
[2023-08-24T08:01:03+08:00][sql] SELECT `id`,`username`,`status`,`create_time`,`update_time`,`truename`,`mobile`,`last_ip`,`myrules` FROM `yp_admin` WHERE  `id` = 1 LIMIT 1 [ RunTime:0.000417s ]
[2023-08-24T08:01:03+08:00][sql] SHOW FULL COLUMNS FROM `yp_roles` [ RunTime:0.000613s ]
[2023-08-24T08:01:03+08:00][sql] SHOW FULL COLUMNS FROM `yp_access` [ RunTime:0.000569s ]
[2023-08-24T08:01:03+08:00][sql] SELECT `yp_roles`.*,`pivot`.`id` AS `pivot__id`,`pivot`.`admin_id` AS `pivot__admin_id`,`pivot`.`roles_id` AS `pivot__roles_id` FROM `yp_roles` INNER JOIN `yp_access` `pivot` ON `pivot`.`roles_id`=`yp_roles`.`id` WHERE  `pivot`.`admin_id` = '1' [ RunTime:0.000397s ]
[2023-08-24T08:01:03+08:00][sql] SHOW FULL COLUMNS FROM `yp_rule` [ RunTime:0.000605s ]
[2023-08-24T08:01:03+08:00][sql] SELECT `id`,`path`,`type`,`status`,`pid`,`sort`,`mod_id`,`title`,`icon` FROM `yp_rule` ORDER BY `sort` ASC [ RunTime:0.000362s ]
[2023-08-24T08:01:03+08:00][sql] SHOW FULL COLUMNS FROM `yp_mod` [ RunTime:0.000607s ]
[2023-08-24T08:01:03+08:00][sql] SELECT * FROM `yp_mod` WHERE  `id` IN (1,10,0,3,2) [ RunTime:0.000389s ]
[2023-08-24T08:01:03+08:00][sql] SHOW FULL COLUMNS FROM `yp_article` [ RunTime:0.001605s ]
[2023-08-24T08:01:03+08:00][sql] UPDATE `yp_article`  SET `title` = '俄航空署：确认普里戈任在坠机事故中身亡' , `author` = '天下事' , `source` = '网络' , `intro` = '当天稍早前，据塔斯社援引俄罗斯紧急情况部消息称，一架私人飞机在俄罗斯特维尔州坠毁，致10人死亡。该失事飞机航线为莫斯科至圣彼得堡。' , `content` = '<p style=\"margin-left:0px;text-align:justify;\">当地时间8月23日，据美国有线电视新闻网（CNN）援引俄罗斯联邦航空运输署消息，瓦格纳集团创始人普里戈任和瓦格纳联合创始人、指挥官乌特金确认在坠机事故中身亡。根据俄航空署发布的失事飞机人员名单，普里戈任和乌特金确认在失事飞机上。</p><p style=\"margin-left:0px;text-align:justify;\">俄紧急情况部门称，特维尔州坠机事故10具遗体已全部找到，搜寻行动结束。</p><p style=\"margin-left:0px;text-align:justify;\">当天稍早前，据塔斯社援引俄罗斯紧急情况部消息称，一架私人飞机在俄罗斯特维尔州坠毁，致10人死亡。该失事飞机航线为莫斯科至圣彼得堡。</p>' , `admin_id` = 0 , `member_id` = 0 , `update_time` = 1692835263  WHERE (  `id` = 58 ) AND `yp_article`.`delete_time` = '0' [ RunTime:0.000882s ]
[2023-08-24T08:01:03+08:00][sql] SHOW FULL COLUMNS FROM `yp_category` [ RunTime:0.000716s ]
[2023-08-24T08:01:03+08:00][sql] SELECT * FROM `yp_category` WHERE  `id` IN (1,6) LIMIT 1 [ RunTime:0.000382s ]
[2023-08-24T08:01:04+08:00][sql] CONNECT:[ UseTime:0.015886s ] mysql:host=127.0.0.1;port=3306;dbname=qiye;charset=utf8
[2023-08-24T08:01:04+08:00][sql] SHOW FULL COLUMNS FROM `yp_admin` [ RunTime:0.000703s ]
[2023-08-24T08:01:04+08:00][sql] SELECT `id`,`username`,`status`,`create_time`,`update_time`,`truename`,`mobile`,`last_ip`,`myrules` FROM `yp_admin` WHERE  `id` = 1 LIMIT 1 [ RunTime:0.000387s ]
[2023-08-24T08:01:04+08:00][sql] SHOW FULL COLUMNS FROM `yp_roles` [ RunTime:0.000606s ]
[2023-08-24T08:01:04+08:00][sql] SHOW FULL COLUMNS FROM `yp_access` [ RunTime:0.000577s ]
[2023-08-24T08:01:04+08:00][sql] SELECT `yp_roles`.*,`pivot`.`id` AS `pivot__id`,`pivot`.`admin_id` AS `pivot__admin_id`,`pivot`.`roles_id` AS `pivot__roles_id` FROM `yp_roles` INNER JOIN `yp_access` `pivot` ON `pivot`.`roles_id`=`yp_roles`.`id` WHERE  `pivot`.`admin_id` = '1' [ RunTime:0.000392s ]
[2023-08-24T08:01:04+08:00][sql] SHOW FULL COLUMNS FROM `yp_rule` [ RunTime:0.000599s ]
[2023-08-24T08:01:04+08:00][sql] SELECT `id`,`path`,`type`,`status`,`pid`,`sort`,`mod_id`,`title`,`icon` FROM `yp_rule` ORDER BY `sort` ASC [ RunTime:0.000377s ]
[2023-08-24T08:01:04+08:00][sql] SHOW FULL COLUMNS FROM `yp_mod` [ RunTime:0.000601s ]
[2023-08-24T08:01:04+08:00][sql] SELECT * FROM `yp_mod` WHERE  `id` IN (1,10,0,3,2) [ RunTime:0.000382s ]
[2023-08-24T08:01:04+08:00][sql] SHOW FULL COLUMNS FROM `yp_article` [ RunTime:0.001434s ]
[2023-08-24T08:01:04+08:00][sql] SELECT COUNT(*) AS think_count FROM `yp_article` WHERE `yp_article`.`delete_time` = '0' LIMIT 1 [ RunTime:0.000341s ]
[2023-08-24T08:01:04+08:00][sql] SELECT * FROM `yp_article` WHERE `yp_article`.`delete_time` = '0' ORDER BY `id` DESC LIMIT 0,20 [ RunTime:0.000506s ]
[2023-08-24T08:01:04+08:00][sql] SELECT COUNT(*) AS think_count FROM `yp_article` WHERE `yp_article`.`delete_time` <> '0' LIMIT 1 [ RunTime:0.000424s ]
[2023-08-24T08:01:04+08:00][sql] SHOW FULL COLUMNS FROM `yp_category` [ RunTime:0.001619s ]
[2023-08-24T08:01:04+08:00][sql] SELECT * FROM `yp_category` WHERE  `id` = 6 LIMIT 1 [ RunTime:0.000392s ]
[2023-08-24T08:01:04+08:00][sql] SELECT * FROM `yp_category` WHERE  `id` = 6 LIMIT 1 [ RunTime:0.000341s ]
[2023-08-24T08:01:04+08:00][sql] SELECT * FROM `yp_category` WHERE  `id` = 6 LIMIT 1 [ RunTime:0.000342s ]
[2023-08-24T08:01:04+08:00][sql] SELECT * FROM `yp_category` WHERE  `id` = 11 LIMIT 1 [ RunTime:0.000341s ]
[2023-08-24T08:01:04+08:00][sql] SELECT * FROM `yp_category` WHERE  `id` = 11 LIMIT 1 [ RunTime:0.000347s ]
[2023-08-24T08:01:15+08:00][sql] CONNECT:[ UseTime:0.023424s ] mysql:host=127.0.0.1;port=3306;dbname=qiye;charset=utf8
[2023-08-24T08:01:15+08:00][sql] SHOW FULL COLUMNS FROM `yp_admin` [ RunTime:0.000715s ]
[2023-08-24T08:01:15+08:00][sql] SELECT `id`,`username`,`status`,`create_time`,`update_time`,`truename`,`mobile`,`last_ip`,`myrules` FROM `yp_admin` WHERE  `id` = 1 LIMIT 1 [ RunTime:0.000374s ]
[2023-08-24T08:01:15+08:00][sql] SHOW FULL COLUMNS FROM `yp_roles` [ RunTime:0.000624s ]
[2023-08-24T08:01:15+08:00][sql] SHOW FULL COLUMNS FROM `yp_access` [ RunTime:0.000564s ]
[2023-08-24T08:01:15+08:00][sql] SELECT `yp_roles`.*,`pivot`.`id` AS `pivot__id`,`pivot`.`admin_id` AS `pivot__admin_id`,`pivot`.`roles_id` AS `pivot__roles_id` FROM `yp_roles` INNER JOIN `yp_access` `pivot` ON `pivot`.`roles_id`=`yp_roles`.`id` WHERE  `pivot`.`admin_id` = '1' [ RunTime:0.000475s ]
[2023-08-24T08:01:15+08:00][sql] SHOW FULL COLUMNS FROM `yp_rule` [ RunTime:0.000786s ]
[2023-08-24T08:01:15+08:00][sql] SELECT `id`,`path`,`type`,`status`,`pid`,`sort`,`mod_id`,`title`,`icon` FROM `yp_rule` ORDER BY `sort` ASC [ RunTime:0.000432s ]
[2023-08-24T08:01:15+08:00][sql] SHOW FULL COLUMNS FROM `yp_mod` [ RunTime:0.000617s ]
[2023-08-24T08:01:15+08:00][sql] SELECT * FROM `yp_mod` WHERE  `id` IN (1,10,0,3,2) [ RunTime:0.000421s ]
[2023-08-24T08:01:15+08:00][sql] SHOW FULL COLUMNS FROM `yp_article` [ RunTime:0.001482s ]
[2023-08-24T08:01:15+08:00][sql] SELECT * FROM `yp_article` WHERE  `id` = 54 [ RunTime:0.000361s ]
[2023-08-24T08:01:15+08:00][sql] UPDATE `yp_article`  SET `delete_time` = '1692835275' , `update_time` = 1692835275  WHERE (  `id` = 54 ) AND `yp_article`.`delete_time` = '0' [ RunTime:0.001106s ]
[2023-08-24T08:01:15+08:00][sql] CONNECT:[ UseTime:0.003632s ] mysql:host=127.0.0.1;port=3306;dbname=qiye;charset=utf8
[2023-08-24T08:01:15+08:00][sql] SHOW FULL COLUMNS FROM `yp_admin` [ RunTime:0.001467s ]
[2023-08-24T08:01:15+08:00][sql] SELECT `id`,`username`,`status`,`create_time`,`update_time`,`truename`,`mobile`,`last_ip`,`myrules` FROM `yp_admin` WHERE  `id` = 1 LIMIT 1 [ RunTime:0.000376s ]
[2023-08-24T08:01:15+08:00][sql] SHOW FULL COLUMNS FROM `yp_roles` [ RunTime:0.001424s ]
[2023-08-24T08:01:15+08:00][sql] SHOW FULL COLUMNS FROM `yp_access` [ RunTime:0.000607s ]
[2023-08-24T08:01:15+08:00][sql] SELECT `yp_roles`.*,`pivot`.`id` AS `pivot__id`,`pivot`.`admin_id` AS `pivot__admin_id`,`pivot`.`roles_id` AS `pivot__roles_id` FROM `yp_roles` INNER JOIN `yp_access` `pivot` ON `pivot`.`roles_id`=`yp_roles`.`id` WHERE  `pivot`.`admin_id` = '1' [ RunTime:0.000482s ]
[2023-08-24T08:01:15+08:00][sql] SHOW FULL COLUMNS FROM `yp_rule` [ RunTime:0.000726s ]
[2023-08-24T08:01:15+08:00][sql] SELECT `id`,`path`,`type`,`status`,`pid`,`sort`,`mod_id`,`title`,`icon` FROM `yp_rule` ORDER BY `sort` ASC [ RunTime:0.000412s ]
[2023-08-24T08:01:15+08:00][sql] SHOW FULL COLUMNS FROM `yp_mod` [ RunTime:0.000748s ]
[2023-08-24T08:01:15+08:00][sql] SELECT * FROM `yp_mod` WHERE  `id` IN (1,10,0,3,2) [ RunTime:0.000439s ]
[2023-08-24T08:01:15+08:00][sql] SHOW FULL COLUMNS FROM `yp_article` [ RunTime:0.001611s ]
[2023-08-24T08:01:15+08:00][sql] SELECT COUNT(*) AS think_count FROM `yp_article` WHERE `yp_article`.`delete_time` = '0' LIMIT 1 [ RunTime:0.000390s ]
[2023-08-24T08:01:15+08:00][sql] SELECT * FROM `yp_article` WHERE `yp_article`.`delete_time` = '0' ORDER BY `id` DESC LIMIT 0,20 [ RunTime:0.000366s ]
[2023-08-24T08:01:15+08:00][sql] SELECT COUNT(*) AS think_count FROM `yp_article` WHERE `yp_article`.`delete_time` <> '0' LIMIT 1 [ RunTime:0.000337s ]
[2023-08-24T08:01:15+08:00][sql] SHOW FULL COLUMNS FROM `yp_category` [ RunTime:0.001442s ]
[2023-08-24T08:01:15+08:00][sql] SELECT * FROM `yp_category` WHERE  `id` = 6 LIMIT 1 [ RunTime:0.000349s ]
[2023-08-24T08:01:15+08:00][sql] SELECT * FROM `yp_category` WHERE  `id` = 6 LIMIT 1 [ RunTime:0.000351s ]
[2023-08-24T08:01:15+08:00][sql] SELECT * FROM `yp_category` WHERE  `id` = 6 LIMIT 1 [ RunTime:0.000347s ]
[2023-08-24T08:01:15+08:00][sql] SELECT * FROM `yp_category` WHERE  `id` = 11 LIMIT 1 [ RunTime:0.000351s ]
[2023-08-24T08:01:17+08:00][sql] CONNECT:[ UseTime:0.022191s ] mysql:host=127.0.0.1;port=3306;dbname=qiye;charset=utf8
[2023-08-24T08:01:17+08:00][sql] SHOW FULL COLUMNS FROM `yp_admin` [ RunTime:0.000718s ]
[2023-08-24T08:01:17+08:00][sql] SELECT `id`,`username`,`status`,`create_time`,`update_time`,`truename`,`mobile`,`last_ip`,`myrules` FROM `yp_admin` WHERE  `id` = 1 LIMIT 1 [ RunTime:0.000371s ]
[2023-08-24T08:01:17+08:00][sql] SHOW FULL COLUMNS FROM `yp_roles` [ RunTime:0.000630s ]
[2023-08-24T08:01:17+08:00][sql] SHOW FULL COLUMNS FROM `yp_access` [ RunTime:0.000570s ]
[2023-08-24T08:01:17+08:00][sql] SELECT `yp_roles`.*,`pivot`.`id` AS `pivot__id`,`pivot`.`admin_id` AS `pivot__admin_id`,`pivot`.`roles_id` AS `pivot__roles_id` FROM `yp_roles` INNER JOIN `yp_access` `pivot` ON `pivot`.`roles_id`=`yp_roles`.`id` WHERE  `pivot`.`admin_id` = '1' [ RunTime:0.000393s ]
[2023-08-24T08:01:17+08:00][sql] SHOW FULL COLUMNS FROM `yp_rule` [ RunTime:0.000602s ]
[2023-08-24T08:01:17+08:00][sql] SELECT `id`,`path`,`type`,`status`,`pid`,`sort`,`mod_id`,`title`,`icon` FROM `yp_rule` ORDER BY `sort` ASC [ RunTime:0.000384s ]
[2023-08-24T08:01:17+08:00][sql] SHOW FULL COLUMNS FROM `yp_mod` [ RunTime:0.000607s ]
[2023-08-24T08:01:17+08:00][sql] SELECT * FROM `yp_mod` WHERE  `id` IN (1,10,0,3,2) [ RunTime:0.000391s ]
[2023-08-24T08:01:17+08:00][sql] SHOW FULL COLUMNS FROM `yp_article` [ RunTime:0.000624s ]
[2023-08-24T08:01:17+08:00][sql] SELECT COUNT(*) AS think_count FROM `yp_article` WHERE `yp_article`.`delete_time` <> '0' LIMIT 1 [ RunTime:0.000349s ]
[2023-08-24T08:01:17+08:00][sql] SELECT * FROM `yp_article` WHERE `yp_article`.`delete_time` <> '0' ORDER BY `id` DESC LIMIT 0,20 [ RunTime:0.000361s ]
[2023-08-24T08:01:17+08:00][sql] SHOW FULL COLUMNS FROM `yp_category` [ RunTime:0.000702s ]
[2023-08-24T08:01:17+08:00][sql] SELECT * FROM `yp_category` WHERE  `id` = 11 LIMIT 1 [ RunTime:0.000398s ]
[2023-08-24T08:01:18+08:00][sql] CONNECT:[ UseTime:0.015431s ] mysql:host=127.0.0.1;port=3306;dbname=qiye;charset=utf8
[2023-08-24T08:01:18+08:00][sql] SHOW FULL COLUMNS FROM `yp_admin` [ RunTime:0.000779s ]
[2023-08-24T08:01:18+08:00][sql] SELECT `id`,`username`,`status`,`create_time`,`update_time`,`truename`,`mobile`,`last_ip`,`myrules` FROM `yp_admin` WHERE  `id` = 1 LIMIT 1 [ RunTime:0.000381s ]
[2023-08-24T08:01:18+08:00][sql] SHOW FULL COLUMNS FROM `yp_roles` [ RunTime:0.000613s ]
[2023-08-24T08:01:18+08:00][sql] SHOW FULL COLUMNS FROM `yp_access` [ RunTime:0.000559s ]
[2023-08-24T08:01:18+08:00][sql] SELECT `yp_roles`.*,`pivot`.`id` AS `pivot__id`,`pivot`.`admin_id` AS `pivot__admin_id`,`pivot`.`roles_id` AS `pivot__roles_id` FROM `yp_roles` INNER JOIN `yp_access` `pivot` ON `pivot`.`roles_id`=`yp_roles`.`id` WHERE  `pivot`.`admin_id` = '1' [ RunTime:0.000400s ]
[2023-08-24T08:01:18+08:00][sql] SHOW FULL COLUMNS FROM `yp_rule` [ RunTime:0.000609s ]
[2023-08-24T08:01:18+08:00][sql] SELECT `id`,`path`,`type`,`status`,`pid`,`sort`,`mod_id`,`title`,`icon` FROM `yp_rule` ORDER BY `sort` ASC [ RunTime:0.000374s ]
[2023-08-24T08:01:18+08:00][sql] SHOW FULL COLUMNS FROM `yp_mod` [ RunTime:0.000612s ]
[2023-08-24T08:01:18+08:00][sql] SELECT * FROM `yp_mod` WHERE  `id` IN (1,10,0,3,2) [ RunTime:0.000409s ]
[2023-08-24T08:01:18+08:00][sql] SHOW FULL COLUMNS FROM `yp_article` [ RunTime:0.001492s ]
[2023-08-24T08:01:18+08:00][sql] SELECT COUNT(*) AS think_count FROM `yp_article` WHERE `yp_article`.`delete_time` = '0' LIMIT 1 [ RunTime:0.000360s ]
[2023-08-24T08:01:18+08:00][sql] SELECT * FROM `yp_article` WHERE `yp_article`.`delete_time` = '0' ORDER BY `id` DESC LIMIT 0,20 [ RunTime:0.000361s ]
[2023-08-24T08:01:18+08:00][sql] SELECT COUNT(*) AS think_count FROM `yp_article` WHERE `yp_article`.`delete_time` <> '0' LIMIT 1 [ RunTime:0.000337s ]
[2023-08-24T08:01:18+08:00][sql] SHOW FULL COLUMNS FROM `yp_category` [ RunTime:0.000613s ]
[2023-08-24T08:01:18+08:00][sql] SELECT * FROM `yp_category` WHERE  `id` = 6 LIMIT 1 [ RunTime:0.000370s ]
[2023-08-24T08:01:18+08:00][sql] SELECT * FROM `yp_category` WHERE  `id` = 6 LIMIT 1 [ RunTime:0.000395s ]
[2023-08-24T08:01:18+08:00][sql] SELECT * FROM `yp_category` WHERE  `id` = 6 LIMIT 1 [ RunTime:0.000373s ]
[2023-08-24T08:01:18+08:00][sql] SELECT * FROM `yp_category` WHERE  `id` = 11 LIMIT 1 [ RunTime:0.000429s ]
[2023-08-24T09:20:07+08:00][sql] CONNECT:[ UseTime:0.013228s ] mysql:host=127.0.0.1;port=3306;dbname=qiye;charset=utf8
[2023-08-24T09:20:07+08:00][sql] SHOW FULL COLUMNS FROM `yp_admin` [ RunTime:0.000812s ]
[2023-08-24T09:20:07+08:00][sql] SELECT `id`,`username`,`status`,`create_time`,`update_time`,`truename`,`mobile`,`last_ip`,`myrules` FROM `yp_admin` WHERE  `id` = 1 LIMIT 1 [ RunTime:0.000400s ]
[2023-08-24T09:20:07+08:00][sql] SHOW FULL COLUMNS FROM `yp_roles` [ RunTime:0.000576s ]
[2023-08-24T09:20:07+08:00][sql] SHOW FULL COLUMNS FROM `yp_access` [ RunTime:0.000503s ]
[2023-08-24T09:20:07+08:00][sql] SELECT `yp_roles`.*,`pivot`.`id` AS `pivot__id`,`pivot`.`admin_id` AS `pivot__admin_id`,`pivot`.`roles_id` AS `pivot__roles_id` FROM `yp_roles` INNER JOIN `yp_access` `pivot` ON `pivot`.`roles_id`=`yp_roles`.`id` WHERE  `pivot`.`admin_id` = '1' [ RunTime:0.000401s ]
[2023-08-24T09:20:07+08:00][sql] SHOW FULL COLUMNS FROM `yp_rule` [ RunTime:0.000551s ]
[2023-08-24T09:20:07+08:00][sql] SELECT `id`,`path`,`type`,`status`,`pid`,`sort`,`mod_id`,`title`,`icon` FROM `yp_rule` ORDER BY `sort` ASC [ RunTime:0.000332s ]
[2023-08-24T09:20:07+08:00][sql] SHOW FULL COLUMNS FROM `yp_mod` [ RunTime:0.000604s ]
[2023-08-24T09:20:07+08:00][sql] SELECT * FROM `yp_mod` WHERE  `id` IN (1,10,0,3,2) [ RunTime:0.000386s ]
[2023-08-24T09:20:07+08:00][sql] CONNECT:[ UseTime:0.022321s ] mysql:host=127.0.0.1;port=3306;dbname=qiye;charset=utf8
[2023-08-24T09:20:07+08:00][sql] SHOW FULL COLUMNS FROM `yp_admin` [ RunTime:0.000744s ]
[2023-08-24T09:20:07+08:00][sql] SELECT `id`,`username`,`status`,`create_time`,`update_time`,`truename`,`mobile`,`last_ip`,`myrules` FROM `yp_admin` WHERE  `id` = 1 LIMIT 1 [ RunTime:0.000396s ]
[2023-08-24T09:20:07+08:00][sql] SHOW FULL COLUMNS FROM `yp_roles` [ RunTime:0.000769s ]
[2023-08-24T09:20:07+08:00][sql] SHOW FULL COLUMNS FROM `yp_access` [ RunTime:0.000610s ]
[2023-08-24T09:20:07+08:00][sql] SELECT `yp_roles`.*,`pivot`.`id` AS `pivot__id`,`pivot`.`admin_id` AS `pivot__admin_id`,`pivot`.`roles_id` AS `pivot__roles_id` FROM `yp_roles` INNER JOIN `yp_access` `pivot` ON `pivot`.`roles_id`=`yp_roles`.`id` WHERE  `pivot`.`admin_id` = '1' [ RunTime:0.000421s ]
[2023-08-24T09:20:07+08:00][sql] SHOW FULL COLUMNS FROM `yp_rule` [ RunTime:0.000614s ]
[2023-08-24T09:20:07+08:00][sql] SELECT `id`,`path`,`type`,`status`,`pid`,`sort`,`mod_id`,`title`,`icon` FROM `yp_rule` ORDER BY `sort` ASC [ RunTime:0.000398s ]
[2023-08-24T09:20:07+08:00][sql] SHOW FULL COLUMNS FROM `yp_mod` [ RunTime:0.000623s ]
[2023-08-24T09:20:07+08:00][sql] SELECT * FROM `yp_mod` WHERE  `id` IN (1,10,0,3,2) [ RunTime:0.000408s ]
[2023-08-24T09:20:07+08:00][sql] SELECT * FROM `yp_mod` WHERE  `name` = 'sitepro' LIMIT 1 [ RunTime:0.000387s ]
[2023-08-24T09:20:08+08:00][sql] CONNECT:[ UseTime:0.016194s ] mysql:host=127.0.0.1;port=3306;dbname=qiye;charset=utf8
[2023-08-24T09:20:08+08:00][sql] SHOW FULL COLUMNS FROM `yp_admin` [ RunTime:0.000705s ]
[2023-08-24T09:20:08+08:00][sql] SELECT `id`,`username`,`status`,`create_time`,`update_time`,`truename`,`mobile`,`last_ip`,`myrules` FROM `yp_admin` WHERE  `id` = 1 LIMIT 1 [ RunTime:0.000388s ]
[2023-08-24T09:20:08+08:00][sql] SHOW FULL COLUMNS FROM `yp_roles` [ RunTime:0.000643s ]
[2023-08-24T09:20:08+08:00][sql] SHOW FULL COLUMNS FROM `yp_access` [ RunTime:0.000595s ]
[2023-08-24T09:20:08+08:00][sql] SELECT `yp_roles`.*,`pivot`.`id` AS `pivot__id`,`pivot`.`admin_id` AS `pivot__admin_id`,`pivot`.`roles_id` AS `pivot__roles_id` FROM `yp_roles` INNER JOIN `yp_access` `pivot` ON `pivot`.`roles_id`=`yp_roles`.`id` WHERE  `pivot`.`admin_id` = '1' [ RunTime:0.000424s ]
[2023-08-24T09:20:08+08:00][sql] SHOW FULL COLUMNS FROM `yp_rule` [ RunTime:0.000646s ]
[2023-08-24T09:20:08+08:00][sql] SELECT `id`,`path`,`type`,`status`,`pid`,`sort`,`mod_id`,`title`,`icon` FROM `yp_rule` ORDER BY `sort` ASC [ RunTime:0.000393s ]
[2023-08-24T09:20:08+08:00][sql] SHOW FULL COLUMNS FROM `yp_mod` [ RunTime:0.000654s ]
[2023-08-24T09:20:08+08:00][sql] SELECT * FROM `yp_mod` WHERE  `id` IN (1,10,0,3,2) [ RunTime:0.000425s ]
[2023-08-24T09:20:08+08:00][sql] SELECT * FROM `yp_mod` WHERE  `id` = 1 LIMIT 1 [ RunTime:0.000390s ]
[2023-08-24T09:20:08+08:00][sql] SHOW FULL COLUMNS FROM `yp_sitepro` [ RunTime:0.001628s ]
[2023-08-24T09:20:08+08:00][sql] SELECT * FROM `yp_sitepro` WHERE  `id` = 1 LIMIT 1 [ RunTime:0.000504s ]
[2023-08-24T09:20:08+08:00][sql] CONNECT:[ UseTime:0.026232s ] mysql:host=127.0.0.1;port=3306;dbname=qiye;charset=utf8
[2023-08-24T09:20:08+08:00][sql] SHOW FULL COLUMNS FROM `yp_admin` [ RunTime:0.000804s ]
[2023-08-24T09:20:08+08:00][sql] SELECT `id`,`username`,`status`,`create_time`,`update_time`,`truename`,`mobile`,`last_ip`,`myrules` FROM `yp_admin` WHERE  `id` = 1 LIMIT 1 [ RunTime:0.000366s ]
[2023-08-24T09:20:08+08:00][sql] SHOW FULL COLUMNS FROM `yp_roles` [ RunTime:0.000596s ]
[2023-08-24T09:20:08+08:00][sql] SHOW FULL COLUMNS FROM `yp_access` [ RunTime:0.000489s ]
[2023-08-24T09:20:08+08:00][sql] SELECT `yp_roles`.*,`pivot`.`id` AS `pivot__id`,`pivot`.`admin_id` AS `pivot__admin_id`,`pivot`.`roles_id` AS `pivot__roles_id` FROM `yp_roles` INNER JOIN `yp_access` `pivot` ON `pivot`.`roles_id`=`yp_roles`.`id` WHERE  `pivot`.`admin_id` = '1' [ RunTime:0.000294s ]
[2023-08-24T09:20:08+08:00][sql] SHOW FULL COLUMNS FROM `yp_rule` [ RunTime:0.000490s ]
[2023-08-24T09:20:08+08:00][sql] SELECT `id`,`path`,`type`,`status`,`pid`,`sort`,`mod_id`,`title`,`icon` FROM `yp_rule` ORDER BY `sort` ASC [ RunTime:0.000322s ]
[2023-08-24T09:20:08+08:00][sql] SHOW FULL COLUMNS FROM `yp_mod` [ RunTime:0.000627s ]
[2023-08-24T09:20:08+08:00][sql] SELECT * FROM `yp_mod` WHERE  `id` IN (1,10,0,3,2) [ RunTime:0.000390s ]
[2023-08-24T09:20:08+08:00][sql] SHOW FULL COLUMNS FROM `yp_files` [ RunTime:0.010555s ]
[2023-08-24T09:20:08+08:00][sql] SELECT * FROM `yp_files` WHERE  `id` = 61 LIMIT 1 [ RunTime:0.000404s ]
[2023-08-24T09:20:11+08:00][sql] CONNECT:[ UseTime:0.024867s ] mysql:host=127.0.0.1;port=3306;dbname=qiye;charset=utf8
[2023-08-24T09:20:11+08:00][sql] SHOW FULL COLUMNS FROM `yp_admin` [ RunTime:0.000606s ]
[2023-08-24T09:20:11+08:00][sql] SELECT `id`,`username`,`status`,`create_time`,`update_time`,`truename`,`mobile`,`last_ip`,`myrules` FROM `yp_admin` WHERE  `id` = 1 LIMIT 1 [ RunTime:0.000345s ]
[2023-08-24T09:20:11+08:00][sql] SHOW FULL COLUMNS FROM `yp_roles` [ RunTime:0.000562s ]
[2023-08-24T09:20:11+08:00][sql] SHOW FULL COLUMNS FROM `yp_access` [ RunTime:0.000466s ]
[2023-08-24T09:20:11+08:00][sql] SELECT `yp_roles`.*,`pivot`.`id` AS `pivot__id`,`pivot`.`admin_id` AS `pivot__admin_id`,`pivot`.`roles_id` AS `pivot__roles_id` FROM `yp_roles` INNER JOIN `yp_access` `pivot` ON `pivot`.`roles_id`=`yp_roles`.`id` WHERE  `pivot`.`admin_id` = '1' [ RunTime:0.000352s ]
[2023-08-24T09:20:11+08:00][sql] SHOW FULL COLUMNS FROM `yp_rule` [ RunTime:0.000561s ]
[2023-08-24T09:20:11+08:00][sql] SELECT `id`,`path`,`type`,`status`,`pid`,`sort`,`mod_id`,`title`,`icon` FROM `yp_rule` ORDER BY `sort` ASC [ RunTime:0.000321s ]
[2023-08-24T09:20:11+08:00][sql] SHOW FULL COLUMNS FROM `yp_mod` [ RunTime:0.000490s ]
[2023-08-24T09:20:11+08:00][sql] SELECT * FROM `yp_mod` WHERE  `id` IN (1,10,0,3,2) [ RunTime:0.000368s ]
[2023-08-24T09:20:11+08:00][sql] SHOW FULL COLUMNS FROM `yp_files` [ RunTime:0.001442s ]
[2023-08-24T09:20:11+08:00][sql] SELECT COUNT(*) AS think_count FROM `yp_files` LIMIT 1 [ RunTime:0.000370s ]
[2023-08-24T09:20:11+08:00][sql] SELECT * FROM `yp_files` ORDER BY `id` DESC LIMIT 0,30 [ RunTime:0.000375s ]
[2023-08-24T09:20:19+08:00][sql] CONNECT:[ UseTime:0.000736s ] mysql:host=127.0.0.1;port=3306;dbname=qiye;charset=utf8
[2023-08-24T09:20:19+08:00][sql] SHOW FULL COLUMNS FROM `yp_admin` [ RunTime:0.000711s ]
[2023-08-24T09:20:19+08:00][sql] SELECT `id`,`username`,`status`,`create_time`,`update_time`,`truename`,`mobile`,`last_ip`,`myrules` FROM `yp_admin` WHERE  `id` = 1 LIMIT 1 [ RunTime:0.000432s ]
[2023-08-24T09:20:19+08:00][sql] SHOW FULL COLUMNS FROM `yp_roles` [ RunTime:0.000625s ]
[2023-08-24T09:20:19+08:00][sql] SHOW FULL COLUMNS FROM `yp_access` [ RunTime:0.000561s ]
[2023-08-24T09:20:19+08:00][sql] SELECT `yp_roles`.*,`pivot`.`id` AS `pivot__id`,`pivot`.`admin_id` AS `pivot__admin_id`,`pivot`.`roles_id` AS `pivot__roles_id` FROM `yp_roles` INNER JOIN `yp_access` `pivot` ON `pivot`.`roles_id`=`yp_roles`.`id` WHERE  `pivot`.`admin_id` = '1' [ RunTime:0.000402s ]
[2023-08-24T09:20:19+08:00][sql] SHOW FULL COLUMNS FROM `yp_rule` [ RunTime:0.000626s ]
[2023-08-24T09:20:19+08:00][sql] SELECT `id`,`path`,`type`,`status`,`pid`,`sort`,`mod_id`,`title`,`icon` FROM `yp_rule` ORDER BY `sort` ASC [ RunTime:0.000396s ]
[2023-08-24T09:20:19+08:00][sql] SHOW FULL COLUMNS FROM `yp_mod` [ RunTime:0.000634s ]
[2023-08-24T09:20:19+08:00][sql] SELECT * FROM `yp_mod` WHERE  `id` IN (1,10,0,3,2) [ RunTime:0.000403s ]
[2023-08-24T09:20:19+08:00][sql] SHOW FULL COLUMNS FROM `yp_sitepro` [ RunTime:0.001486s ]
[2023-08-24T09:20:19+08:00][sql] UPDATE `yp_sitepro`  SET `sitetitle` = '笨鸟先飞' , `sitekey` = '23452345' , `siteintro` = '5345243' , `logo` = 71 , `siteurl` = 'www.qiye.com' , `icpnumber` = '苏ICP备1999996号' , `filetype` = 'jpg,png' , `uploadsize` = 2048 , `filesdir` = 'images'  WHERE  `id` = 1 [ RunTime:0.000954s ]
[2023-08-24T09:20:27+08:00][sql] CONNECT:[ UseTime:0.021789s ] mysql:host=127.0.0.1;port=3306;dbname=qiye;charset=utf8
[2023-08-24T09:20:27+08:00][sql] SHOW FULL COLUMNS FROM `yp_admin` [ RunTime:0.000752s ]
[2023-08-24T09:20:27+08:00][sql] SELECT `id`,`username`,`status`,`create_time`,`update_time`,`truename`,`mobile`,`last_ip`,`myrules` FROM `yp_admin` WHERE  `id` = 1 LIMIT 1 [ RunTime:0.000391s ]
[2023-08-24T09:20:27+08:00][sql] SHOW FULL COLUMNS FROM `yp_roles` [ RunTime:0.000629s ]
[2023-08-24T09:20:27+08:00][sql] SHOW FULL COLUMNS FROM `yp_access` [ RunTime:0.000515s ]
[2023-08-24T09:20:27+08:00][sql] SELECT `yp_roles`.*,`pivot`.`id` AS `pivot__id`,`pivot`.`admin_id` AS `pivot__admin_id`,`pivot`.`roles_id` AS `pivot__roles_id` FROM `yp_roles` INNER JOIN `yp_access` `pivot` ON `pivot`.`roles_id`=`yp_roles`.`id` WHERE  `pivot`.`admin_id` = '1' [ RunTime:0.000365s ]
[2023-08-24T09:20:27+08:00][sql] SHOW FULL COLUMNS FROM `yp_rule` [ RunTime:0.000549s ]
[2023-08-24T09:20:27+08:00][sql] SELECT `id`,`path`,`type`,`status`,`pid`,`sort`,`mod_id`,`title`,`icon` FROM `yp_rule` ORDER BY `sort` ASC [ RunTime:0.000360s ]
[2023-08-24T09:20:27+08:00][sql] SHOW FULL COLUMNS FROM `yp_mod` [ RunTime:0.000553s ]
[2023-08-24T09:20:27+08:00][sql] SELECT * FROM `yp_mod` WHERE  `id` IN (1,10,0,3,2) [ RunTime:0.000371s ]
[2023-08-24T09:20:27+08:00][sql] CONNECT:[ UseTime:0.011129s ] mysql:host=127.0.0.1;port=3306;dbname=qiye;charset=utf8
[2023-08-24T09:20:27+08:00][sql] SHOW FULL COLUMNS FROM `yp_admin` [ RunTime:0.000720s ]
[2023-08-24T09:20:27+08:00][sql] SELECT `id`,`username`,`status`,`create_time`,`update_time`,`truename`,`mobile`,`last_ip`,`myrules` FROM `yp_admin` WHERE  `id` = 1 LIMIT 1 [ RunTime:0.000372s ]
[2023-08-24T09:20:27+08:00][sql] SHOW FULL COLUMNS FROM `yp_roles` [ RunTime:0.000602s ]
[2023-08-24T09:20:27+08:00][sql] SHOW FULL COLUMNS FROM `yp_access` [ RunTime:0.000574s ]
[2023-08-24T09:20:27+08:00][sql] SELECT `yp_roles`.*,`pivot`.`id` AS `pivot__id`,`pivot`.`admin_id` AS `pivot__admin_id`,`pivot`.`roles_id` AS `pivot__roles_id` FROM `yp_roles` INNER JOIN `yp_access` `pivot` ON `pivot`.`roles_id`=`yp_roles`.`id` WHERE  `pivot`.`admin_id` = '1' [ RunTime:0.000387s ]
[2023-08-24T09:20:27+08:00][sql] SHOW FULL COLUMNS FROM `yp_rule` [ RunTime:0.000594s ]
[2023-08-24T09:20:27+08:00][sql] SELECT `id`,`path`,`type`,`status`,`pid`,`sort`,`mod_id`,`title`,`icon` FROM `yp_rule` ORDER BY `sort` ASC [ RunTime:0.000401s ]
[2023-08-24T09:20:27+08:00][sql] SHOW FULL COLUMNS FROM `yp_mod` [ RunTime:0.000602s ]
[2023-08-24T09:20:27+08:00][sql] SELECT * FROM `yp_mod` WHERE  `id` IN (1,10,0,3,2) [ RunTime:0.000388s ]
[2023-08-24T09:20:27+08:00][sql] SHOW FULL COLUMNS FROM `yp_classify` [ RunTime:0.009983s ]
[2023-08-24T09:20:27+08:00][sql] SELECT * FROM `yp_classify` [ RunTime:0.004537s ]
[2023-08-24T09:20:27+08:00][sql] SELECT * FROM `yp_classify` WHERE  `pid` = 0 [ RunTime:0.003023s ]
[2023-08-24T09:20:37+08:00][sql] CONNECT:[ UseTime:0.013927s ] mysql:host=127.0.0.1;port=3306;dbname=qiye;charset=utf8
[2023-08-24T09:20:37+08:00][sql] SHOW FULL COLUMNS FROM `yp_admin` [ RunTime:0.000685s ]
[2023-08-24T09:20:37+08:00][sql] SELECT `id`,`username`,`status`,`create_time`,`update_time`,`truename`,`mobile`,`last_ip`,`myrules` FROM `yp_admin` WHERE  `id` = 1 LIMIT 1 [ RunTime:0.000354s ]
[2023-08-24T09:20:37+08:00][sql] SHOW FULL COLUMNS FROM `yp_roles` [ RunTime:0.000632s ]
[2023-08-24T09:20:37+08:00][sql] SHOW FULL COLUMNS FROM `yp_access` [ RunTime:0.000581s ]
[2023-08-24T09:20:37+08:00][sql] SELECT `yp_roles`.*,`pivot`.`id` AS `pivot__id`,`pivot`.`admin_id` AS `pivot__admin_id`,`pivot`.`roles_id` AS `pivot__roles_id` FROM `yp_roles` INNER JOIN `yp_access` `pivot` ON `pivot`.`roles_id`=`yp_roles`.`id` WHERE  `pivot`.`admin_id` = '1' [ RunTime:0.000389s ]
[2023-08-24T09:20:37+08:00][sql] SHOW FULL COLUMNS FROM `yp_rule` [ RunTime:0.000612s ]
[2023-08-24T09:20:37+08:00][sql] SELECT `id`,`path`,`type`,`status`,`pid`,`sort`,`mod_id`,`title`,`icon` FROM `yp_rule` ORDER BY `sort` ASC [ RunTime:0.000394s ]
[2023-08-24T09:20:37+08:00][sql] SHOW FULL COLUMNS FROM `yp_mod` [ RunTime:0.000631s ]
[2023-08-24T09:20:37+08:00][sql] SELECT * FROM `yp_mod` WHERE  `id` IN (1,10,0,3,2) [ RunTime:0.000390s ]
[2023-08-24T09:20:37+08:00][sql] SHOW FULL COLUMNS FROM `yp_classify` [ RunTime:0.001444s ]
[2023-08-24T09:20:37+08:00][sql] SELECT * FROM `yp_classify` [ RunTime:0.004949s ]
[2023-08-24T09:20:37+08:00][sql] INSERT INTO `yp_classify` SET `title` = '2323' , `sort` = 0 , `pid` = 3398 [ RunTime:0.000849s ]
[2023-08-24T09:20:37+08:00][sql] SELECT * FROM `yp_classify` WHERE  `id` = 3398 LIMIT 1 [ RunTime:0.000419s ]
[2023-08-24T09:20:37+08:00][sql] UPDATE `yp_classify`  SET `havesid` = 1  WHERE  `id` = 3398 [ RunTime:0.000569s ]
[2023-08-24T09:20:37+08:00][sql] UPDATE `yp_classify`  SET `path` = '0,3398,'  WHERE  `id` = 3402 [ RunTime:0.000376s ]
[2023-08-24T09:20:37+08:00][sql] INSERT INTO `yp_classify` SET `title` = '2423' , `sort` = 0 , `pid` = 3398 [ RunTime:0.000319s ]
[2023-08-24T09:20:37+08:00][sql] SELECT * FROM `yp_classify` WHERE  `id` = 3398 LIMIT 1 [ RunTime:0.000391s ]
[2023-08-24T09:20:37+08:00][sql] UPDATE `yp_classify`  SET `path` = '0,3398,'  WHERE  `id` = 3403 [ RunTime:0.000393s ]
[2023-08-24T09:20:37+08:00][sql] INSERT INTO `yp_classify` SET `title` = '23423' , `sort` = 0 , `pid` = 3398 [ RunTime:0.000353s ]
[2023-08-24T09:20:37+08:00][sql] SELECT * FROM `yp_classify` WHERE  `id` = 3398 LIMIT 1 [ RunTime:0.000340s ]
[2023-08-24T09:20:37+08:00][sql] UPDATE `yp_classify`  SET `path` = '0,3398,'  WHERE  `id` = 3404 [ RunTime:0.000318s ]
[2023-08-24T09:20:37+08:00][sql] INSERT INTO `yp_classify` SET `title` = '234' , `sort` = 0 , `pid` = 3398 [ RunTime:0.000326s ]
[2023-08-24T09:20:37+08:00][sql] SELECT * FROM `yp_classify` WHERE  `id` = 3398 LIMIT 1 [ RunTime:0.000317s ]
[2023-08-24T09:20:37+08:00][sql] UPDATE `yp_classify`  SET `path` = '0,3398,'  WHERE  `id` = 3405 [ RunTime:0.000256s ]
[2023-08-24T09:20:38+08:00][sql] CONNECT:[ UseTime:0.014391s ] mysql:host=127.0.0.1;port=3306;dbname=qiye;charset=utf8
[2023-08-24T09:20:38+08:00][sql] SHOW FULL COLUMNS FROM `yp_admin` [ RunTime:0.000712s ]
[2023-08-24T09:20:38+08:00][sql] SELECT `id`,`username`,`status`,`create_time`,`update_time`,`truename`,`mobile`,`last_ip`,`myrules` FROM `yp_admin` WHERE  `id` = 1 LIMIT 1 [ RunTime:0.000377s ]
[2023-08-24T09:20:38+08:00][sql] SHOW FULL COLUMNS FROM `yp_roles` [ RunTime:0.000615s ]
[2023-08-24T09:20:38+08:00][sql] SHOW FULL COLUMNS FROM `yp_access` [ RunTime:0.000580s ]
[2023-08-24T09:20:38+08:00][sql] SELECT `yp_roles`.*,`pivot`.`id` AS `pivot__id`,`pivot`.`admin_id` AS `pivot__admin_id`,`pivot`.`roles_id` AS `pivot__roles_id` FROM `yp_roles` INNER JOIN `yp_access` `pivot` ON `pivot`.`roles_id`=`yp_roles`.`id` WHERE  `pivot`.`admin_id` = '1' [ RunTime:0.000571s ]
[2023-08-24T09:20:38+08:00][sql] SHOW FULL COLUMNS FROM `yp_rule` [ RunTime:0.000751s ]
[2023-08-24T09:20:38+08:00][sql] SELECT `id`,`path`,`type`,`status`,`pid`,`sort`,`mod_id`,`title`,`icon` FROM `yp_rule` ORDER BY `sort` ASC [ RunTime:0.000382s ]
[2023-08-24T09:20:38+08:00][sql] SHOW FULL COLUMNS FROM `yp_mod` [ RunTime:0.000606s ]
[2023-08-24T09:20:38+08:00][sql] SELECT * FROM `yp_mod` WHERE  `id` IN (1,10,0,3,2) [ RunTime:0.000415s ]
[2023-08-24T09:20:38+08:00][sql] SHOW FULL COLUMNS FROM `yp_classify` [ RunTime:0.001462s ]
[2023-08-24T09:20:38+08:00][sql] SELECT * FROM `yp_classify` [ RunTime:0.004544s ]
[2023-08-24T09:20:38+08:00][sql] SELECT * FROM `yp_classify` WHERE  `pid` = 0 [ RunTime:0.003167s ]
[2023-08-24T09:20:40+08:00][sql] CONNECT:[ UseTime:0.014613s ] mysql:host=127.0.0.1;port=3306;dbname=qiye;charset=utf8
[2023-08-24T09:20:40+08:00][sql] SHOW FULL COLUMNS FROM `yp_admin` [ RunTime:0.000761s ]
[2023-08-24T09:20:40+08:00][sql] SELECT `id`,`username`,`status`,`create_time`,`update_time`,`truename`,`mobile`,`last_ip`,`myrules` FROM `yp_admin` WHERE  `id` = 1 LIMIT 1 [ RunTime:0.000380s ]
[2023-08-24T09:20:40+08:00][sql] SHOW FULL COLUMNS FROM `yp_roles` [ RunTime:0.000654s ]
[2023-08-24T09:20:40+08:00][sql] SHOW FULL COLUMNS FROM `yp_access` [ RunTime:0.000590s ]
[2023-08-24T09:20:40+08:00][sql] SELECT `yp_roles`.*,`pivot`.`id` AS `pivot__id`,`pivot`.`admin_id` AS `pivot__admin_id`,`pivot`.`roles_id` AS `pivot__roles_id` FROM `yp_roles` INNER JOIN `yp_access` `pivot` ON `pivot`.`roles_id`=`yp_roles`.`id` WHERE  `pivot`.`admin_id` = '1' [ RunTime:0.000402s ]
[2023-08-24T09:20:40+08:00][sql] SHOW FULL COLUMNS FROM `yp_rule` [ RunTime:0.000616s ]
[2023-08-24T09:20:40+08:00][sql] SELECT `id`,`path`,`type`,`status`,`pid`,`sort`,`mod_id`,`title`,`icon` FROM `yp_rule` ORDER BY `sort` ASC [ RunTime:0.000394s ]
[2023-08-24T09:20:40+08:00][sql] SHOW FULL COLUMNS FROM `yp_mod` [ RunTime:0.000612s ]
[2023-08-24T09:20:40+08:00][sql] SELECT * FROM `yp_mod` WHERE  `id` IN (1,10,0,3,2) [ RunTime:0.000398s ]
[2023-08-24T09:20:40+08:00][sql] SHOW FULL COLUMNS FROM `yp_classify` [ RunTime:0.001459s ]
[2023-08-24T09:20:40+08:00][sql] SELECT * FROM `yp_classify` [ RunTime:0.004870s ]
[2023-08-24T09:20:40+08:00][sql] SELECT * FROM `yp_classify` WHERE  `pid` = 3398 [ RunTime:0.002944s ]
[2023-08-24T09:20:42+08:00][sql] CONNECT:[ UseTime:0.014355s ] mysql:host=127.0.0.1;port=3306;dbname=qiye;charset=utf8
[2023-08-24T09:20:42+08:00][sql] SHOW FULL COLUMNS FROM `yp_admin` [ RunTime:0.000716s ]
[2023-08-24T09:20:42+08:00][sql] SELECT `id`,`username`,`status`,`create_time`,`update_time`,`truename`,`mobile`,`last_ip`,`myrules` FROM `yp_admin` WHERE  `id` = 1 LIMIT 1 [ RunTime:0.000380s ]
[2023-08-24T09:20:42+08:00][sql] SHOW FULL COLUMNS FROM `yp_roles` [ RunTime:0.000561s ]
[2023-08-24T09:20:42+08:00][sql] SHOW FULL COLUMNS FROM `yp_access` [ RunTime:0.000573s ]
[2023-08-24T09:20:42+08:00][sql] SELECT `yp_roles`.*,`pivot`.`id` AS `pivot__id`,`pivot`.`admin_id` AS `pivot__admin_id`,`pivot`.`roles_id` AS `pivot__roles_id` FROM `yp_roles` INNER JOIN `yp_access` `pivot` ON `pivot`.`roles_id`=`yp_roles`.`id` WHERE  `pivot`.`admin_id` = '1' [ RunTime:0.000397s ]
[2023-08-24T09:20:42+08:00][sql] SHOW FULL COLUMNS FROM `yp_rule` [ RunTime:0.000598s ]
[2023-08-24T09:20:42+08:00][sql] SELECT `id`,`path`,`type`,`status`,`pid`,`sort`,`mod_id`,`title`,`icon` FROM `yp_rule` ORDER BY `sort` ASC [ RunTime:0.000377s ]
[2023-08-24T09:20:42+08:00][sql] SHOW FULL COLUMNS FROM `yp_mod` [ RunTime:0.000601s ]
[2023-08-24T09:20:42+08:00][sql] SELECT * FROM `yp_mod` WHERE  `id` IN (1,10,0,3,2) [ RunTime:0.000404s ]
[2023-08-24T09:20:42+08:00][sql] SHOW FULL COLUMNS FROM `yp_classify` [ RunTime:0.001609s ]
[2023-08-24T09:20:42+08:00][sql] SELECT * FROM `yp_classify` [ RunTime:0.004379s ]
[2023-08-24T09:20:42+08:00][sql] SELECT * FROM `yp_classify` WHERE  `pid` = 0 [ RunTime:0.003041s ]
[2023-08-24T09:31:03+08:00][sql] CONNECT:[ UseTime:0.019618s ] mysql:host=127.0.0.1;port=3306;dbname=qiye;charset=utf8
[2023-08-24T09:31:03+08:00][sql] SHOW FULL COLUMNS FROM `yp_admin` [ RunTime:0.001077s ]
[2023-08-24T09:31:03+08:00][sql] SELECT `id`,`username`,`status`,`create_time`,`update_time`,`truename`,`mobile`,`last_ip`,`myrules` FROM `yp_admin` WHERE  `id` = 1 LIMIT 1 [ RunTime:0.000400s ]
[2023-08-24T09:31:03+08:00][sql] SHOW FULL COLUMNS FROM `yp_roles` [ RunTime:0.000584s ]
[2023-08-24T09:31:03+08:00][sql] SHOW FULL COLUMNS FROM `yp_access` [ RunTime:0.000473s ]
[2023-08-24T09:31:03+08:00][sql] SELECT `yp_roles`.*,`pivot`.`id` AS `pivot__id`,`pivot`.`admin_id` AS `pivot__admin_id`,`pivot`.`roles_id` AS `pivot__roles_id` FROM `yp_roles` INNER JOIN `yp_access` `pivot` ON `pivot`.`roles_id`=`yp_roles`.`id` WHERE  `pivot`.`admin_id` = '1' [ RunTime:0.000369s ]
[2023-08-24T09:31:03+08:00][sql] SHOW FULL COLUMNS FROM `yp_rule` [ RunTime:0.000576s ]
[2023-08-24T09:31:03+08:00][sql] SELECT `id`,`path`,`type`,`status`,`pid`,`sort`,`mod_id`,`title`,`icon` FROM `yp_rule` ORDER BY `sort` ASC [ RunTime:0.000304s ]
[2023-08-24T09:31:03+08:00][sql] SHOW FULL COLUMNS FROM `yp_mod` [ RunTime:0.000518s ]
[2023-08-24T09:31:03+08:00][sql] SELECT * FROM `yp_mod` WHERE  `id` IN (1,10,0,3,2) [ RunTime:0.000403s ]
[2023-08-24T09:31:03+08:00][sql] CONNECT:[ UseTime:0.021819s ] mysql:host=127.0.0.1;port=3306;dbname=qiye;charset=utf8
[2023-08-24T09:31:03+08:00][sql] SHOW FULL COLUMNS FROM `yp_admin` [ RunTime:0.000700s ]
[2023-08-24T09:31:03+08:00][sql] SELECT `id`,`username`,`status`,`create_time`,`update_time`,`truename`,`mobile`,`last_ip`,`myrules` FROM `yp_admin` WHERE  `id` = 1 LIMIT 1 [ RunTime:0.000390s ]
[2023-08-24T09:31:03+08:00][sql] SHOW FULL COLUMNS FROM `yp_roles` [ RunTime:0.000617s ]
[2023-08-24T09:31:03+08:00][sql] SHOW FULL COLUMNS FROM `yp_access` [ RunTime:0.000569s ]
[2023-08-24T09:31:03+08:00][sql] SELECT `yp_roles`.*,`pivot`.`id` AS `pivot__id`,`pivot`.`admin_id` AS `pivot__admin_id`,`pivot`.`roles_id` AS `pivot__roles_id` FROM `yp_roles` INNER JOIN `yp_access` `pivot` ON `pivot`.`roles_id`=`yp_roles`.`id` WHERE  `pivot`.`admin_id` = '1' [ RunTime:0.000401s ]
[2023-08-24T09:31:03+08:00][sql] SHOW FULL COLUMNS FROM `yp_rule` [ RunTime:0.000600s ]
[2023-08-24T09:31:03+08:00][sql] SELECT `id`,`path`,`type`,`status`,`pid`,`sort`,`mod_id`,`title`,`icon` FROM `yp_rule` ORDER BY `sort` ASC [ RunTime:0.000387s ]
[2023-08-24T09:31:03+08:00][sql] SHOW FULL COLUMNS FROM `yp_mod` [ RunTime:0.000620s ]
[2023-08-24T09:31:03+08:00][sql] SELECT * FROM `yp_mod` WHERE  `id` IN (1,10,0,3,2) [ RunTime:0.000396s ]
[2023-08-24T09:31:03+08:00][sql] SELECT `id`,`path`,`type`,`status`,`pid`,`sort`,`mod_id`,`title`,`icon` FROM `yp_rule` ORDER BY `sort` ASC [ RunTime:0.000494s ]
[2023-08-24T09:31:03+08:00][sql] SELECT * FROM `yp_mod` WHERE  `id` IN (1,10,0,3,2) [ RunTime:0.000476s ]
[2023-08-24T09:31:08+08:00][sql] CONNECT:[ UseTime:0.023568s ] mysql:host=127.0.0.1;port=3306;dbname=qiye;charset=utf8
[2023-08-24T09:31:08+08:00][sql] SHOW FULL COLUMNS FROM `yp_admin` [ RunTime:0.000802s ]
[2023-08-24T09:31:08+08:00][sql] SELECT `id`,`username`,`status`,`create_time`,`update_time`,`truename`,`mobile`,`last_ip`,`myrules` FROM `yp_admin` WHERE  `id` = 1 LIMIT 1 [ RunTime:0.000381s ]
[2023-08-24T09:31:08+08:00][sql] SHOW FULL COLUMNS FROM `yp_roles` [ RunTime:0.000649s ]
[2023-08-24T09:31:08+08:00][sql] SHOW FULL COLUMNS FROM `yp_access` [ RunTime:0.000578s ]
[2023-08-24T09:31:08+08:00][sql] SELECT `yp_roles`.*,`pivot`.`id` AS `pivot__id`,`pivot`.`admin_id` AS `pivot__admin_id`,`pivot`.`roles_id` AS `pivot__roles_id` FROM `yp_roles` INNER JOIN `yp_access` `pivot` ON `pivot`.`roles_id`=`yp_roles`.`id` WHERE  `pivot`.`admin_id` = '1' [ RunTime:0.000436s ]
[2023-08-24T09:31:08+08:00][sql] SHOW FULL COLUMNS FROM `yp_rule` [ RunTime:0.000704s ]
[2023-08-24T09:31:08+08:00][sql] SELECT `id`,`path`,`type`,`status`,`pid`,`sort`,`mod_id`,`title`,`icon` FROM `yp_rule` ORDER BY `sort` ASC [ RunTime:0.000375s ]
[2023-08-24T09:31:08+08:00][sql] SHOW FULL COLUMNS FROM `yp_mod` [ RunTime:0.000583s ]
[2023-08-24T09:31:08+08:00][sql] SELECT * FROM `yp_mod` WHERE  `id` IN (1,10,0,3,2) [ RunTime:0.000411s ]
[2023-08-24T09:31:08+08:00][sql] CONNECT:[ UseTime:0.000592s ] mysql:host=127.0.0.1;port=3306;dbname=qiye;charset=utf8
[2023-08-24T09:31:08+08:00][sql] SHOW FULL COLUMNS FROM `yp_admin` [ RunTime:0.000585s ]
[2023-08-24T09:31:08+08:00][sql] SELECT `id`,`username`,`status`,`create_time`,`update_time`,`truename`,`mobile`,`last_ip`,`myrules` FROM `yp_admin` WHERE  `id` = 1 LIMIT 1 [ RunTime:0.000278s ]
[2023-08-24T09:31:08+08:00][sql] SHOW FULL COLUMNS FROM `yp_roles` [ RunTime:0.000469s ]
[2023-08-24T09:31:08+08:00][sql] SHOW FULL COLUMNS FROM `yp_access` [ RunTime:0.000427s ]
[2023-08-24T09:31:08+08:00][sql] SELECT `yp_roles`.*,`pivot`.`id` AS `pivot__id`,`pivot`.`admin_id` AS `pivot__admin_id`,`pivot`.`roles_id` AS `pivot__roles_id` FROM `yp_roles` INNER JOIN `yp_access` `pivot` ON `pivot`.`roles_id`=`yp_roles`.`id` WHERE  `pivot`.`admin_id` = '1' [ RunTime:0.000346s ]
[2023-08-24T09:31:08+08:00][sql] SHOW FULL COLUMNS FROM `yp_rule` [ RunTime:0.000527s ]
[2023-08-24T09:31:08+08:00][sql] SELECT `id`,`path`,`type`,`status`,`pid`,`sort`,`mod_id`,`title`,`icon` FROM `yp_rule` ORDER BY `sort` ASC [ RunTime:0.000242s ]
[2023-08-24T09:31:08+08:00][sql] SHOW FULL COLUMNS FROM `yp_mod` [ RunTime:0.000465s ]
[2023-08-24T09:31:08+08:00][sql] SELECT * FROM `yp_mod` WHERE  `id` IN (1,10,0,3,2) [ RunTime:0.000281s ]
[2023-08-24T09:31:08+08:00][sql] SHOW FULL COLUMNS FROM `yp_icon` [ RunTime:0.010171s ]
[2023-08-24T09:31:08+08:00][sql] SELECT * FROM `yp_icon` ORDER BY `id` DESC [ RunTime:0.000418s ]
[2023-08-24T09:31:10+08:00][sql] CONNECT:[ UseTime:0.010393s ] mysql:host=127.0.0.1;port=3306;dbname=qiye;charset=utf8
[2023-08-24T09:31:10+08:00][sql] SHOW FULL COLUMNS FROM `yp_admin` [ RunTime:0.000735s ]
[2023-08-24T09:31:10+08:00][sql] SELECT `id`,`username`,`status`,`create_time`,`update_time`,`truename`,`mobile`,`last_ip`,`myrules` FROM `yp_admin` WHERE  `id` = 1 LIMIT 1 [ RunTime:0.000395s ]
[2023-08-24T09:31:10+08:00][sql] SHOW FULL COLUMNS FROM `yp_roles` [ RunTime:0.000620s ]
[2023-08-24T09:31:10+08:00][sql] SHOW FULL COLUMNS FROM `yp_access` [ RunTime:0.000574s ]
[2023-08-24T09:31:10+08:00][sql] SELECT `yp_roles`.*,`pivot`.`id` AS `pivot__id`,`pivot`.`admin_id` AS `pivot__admin_id`,`pivot`.`roles_id` AS `pivot__roles_id` FROM `yp_roles` INNER JOIN `yp_access` `pivot` ON `pivot`.`roles_id`=`yp_roles`.`id` WHERE  `pivot`.`admin_id` = '1' [ RunTime:0.000431s ]
[2023-08-24T09:31:10+08:00][sql] SHOW FULL COLUMNS FROM `yp_rule` [ RunTime:0.000646s ]
[2023-08-24T09:31:10+08:00][sql] SELECT `id`,`path`,`type`,`status`,`pid`,`sort`,`mod_id`,`title`,`icon` FROM `yp_rule` ORDER BY `sort` ASC [ RunTime:0.000395s ]
[2023-08-24T09:31:10+08:00][sql] SHOW FULL COLUMNS FROM `yp_mod` [ RunTime:0.000613s ]
[2023-08-24T09:31:10+08:00][sql] SELECT * FROM `yp_mod` WHERE  `id` IN (1,10,0,3,2) [ RunTime:0.000414s ]
[2023-08-24T09:31:10+08:00][sql] CONNECT:[ UseTime:0.013654s ] mysql:host=127.0.0.1;port=3306;dbname=qiye;charset=utf8
[2023-08-24T09:31:10+08:00][sql] SHOW FULL COLUMNS FROM `yp_admin` [ RunTime:0.000584s ]
[2023-08-24T09:31:10+08:00][sql] SELECT `id`,`username`,`status`,`create_time`,`update_time`,`truename`,`mobile`,`last_ip`,`myrules` FROM `yp_admin` WHERE  `id` = 1 LIMIT 1 [ RunTime:0.000293s ]
[2023-08-24T09:31:10+08:00][sql] SHOW FULL COLUMNS FROM `yp_roles` [ RunTime:0.000458s ]
[2023-08-24T09:31:10+08:00][sql] SHOW FULL COLUMNS FROM `yp_access` [ RunTime:0.000453s ]
[2023-08-24T09:31:10+08:00][sql] SELECT `yp_roles`.*,`pivot`.`id` AS `pivot__id`,`pivot`.`admin_id` AS `pivot__admin_id`,`pivot`.`roles_id` AS `pivot__roles_id` FROM `yp_roles` INNER JOIN `yp_access` `pivot` ON `pivot`.`roles_id`=`yp_roles`.`id` WHERE  `pivot`.`admin_id` = '1' [ RunTime:0.000306s ]
[2023-08-24T09:31:10+08:00][sql] SHOW FULL COLUMNS FROM `yp_rule` [ RunTime:0.000504s ]
[2023-08-24T09:31:10+08:00][sql] SELECT `id`,`path`,`type`,`status`,`pid`,`sort`,`mod_id`,`title`,`icon` FROM `yp_rule` ORDER BY `sort` ASC [ RunTime:0.000288s ]
[2023-08-24T09:31:10+08:00][sql] SHOW FULL COLUMNS FROM `yp_mod` [ RunTime:0.000619s ]
[2023-08-24T09:31:10+08:00][sql] SELECT * FROM `yp_mod` WHERE  `id` IN (1,10,0,3,2) [ RunTime:0.000634s ]
[2023-08-24T09:31:10+08:00][sql] SHOW FULL COLUMNS FROM `yp_cols` [ RunTime:0.009235s ]
[2023-08-24T09:31:10+08:00][sql] SELECT COUNT(*) AS think_count FROM `yp_cols` LIMIT 1 [ RunTime:0.000338s ]
[2023-08-24T09:31:10+08:00][sql] SELECT * FROM `yp_cols` ORDER BY `sort` ASC,`id` DESC LIMIT 0,30 [ RunTime:0.000412s ]
[2023-08-24T09:31:12+08:00][sql] CONNECT:[ UseTime:0.012770s ] mysql:host=127.0.0.1;port=3306;dbname=qiye;charset=utf8
[2023-08-24T09:31:12+08:00][sql] SHOW FULL COLUMNS FROM `yp_admin` [ RunTime:0.000699s ]
[2023-08-24T09:31:12+08:00][sql] SELECT `id`,`username`,`status`,`create_time`,`update_time`,`truename`,`mobile`,`last_ip`,`myrules` FROM `yp_admin` WHERE  `id` = 1 LIMIT 1 [ RunTime:0.000361s ]
[2023-08-24T09:31:12+08:00][sql] SHOW FULL COLUMNS FROM `yp_roles` [ RunTime:0.000603s ]
[2023-08-24T09:31:12+08:00][sql] SHOW FULL COLUMNS FROM `yp_access` [ RunTime:0.000531s ]
[2023-08-24T09:31:12+08:00][sql] SELECT `yp_roles`.*,`pivot`.`id` AS `pivot__id`,`pivot`.`admin_id` AS `pivot__admin_id`,`pivot`.`roles_id` AS `pivot__roles_id` FROM `yp_roles` INNER JOIN `yp_access` `pivot` ON `pivot`.`roles_id`=`yp_roles`.`id` WHERE  `pivot`.`admin_id` = '1' [ RunTime:0.000379s ]
[2023-08-24T09:31:12+08:00][sql] SHOW FULL COLUMNS FROM `yp_rule` [ RunTime:0.000576s ]
[2023-08-24T09:31:12+08:00][sql] SELECT `id`,`path`,`type`,`status`,`pid`,`sort`,`mod_id`,`title`,`icon` FROM `yp_rule` ORDER BY `sort` ASC [ RunTime:0.000351s ]
[2023-08-24T09:31:12+08:00][sql] SHOW FULL COLUMNS FROM `yp_mod` [ RunTime:0.000551s ]
[2023-08-24T09:31:12+08:00][sql] SELECT * FROM `yp_mod` WHERE  `id` IN (1,10,0,3,2) [ RunTime:0.000500s ]
[2023-08-24T09:31:12+08:00][sql] SHOW FULL COLUMNS FROM `yp_cols` [ RunTime:0.001568s ]
[2023-08-24T09:31:12+08:00][sql] SELECT * FROM `yp_cols` WHERE  `id` = 39 LIMIT 1 [ RunTime:0.000370s ]
[2023-08-24T09:31:16+08:00][sql] CONNECT:[ UseTime:0.018423s ] mysql:host=127.0.0.1;port=3306;dbname=qiye;charset=utf8
[2023-08-24T09:31:16+08:00][sql] SHOW FULL COLUMNS FROM `yp_admin` [ RunTime:0.000646s ]
[2023-08-24T09:31:16+08:00][sql] SELECT `id`,`username`,`status`,`create_time`,`update_time`,`truename`,`mobile`,`last_ip`,`myrules` FROM `yp_admin` WHERE  `id` = 1 LIMIT 1 [ RunTime:0.000342s ]
[2023-08-24T09:31:16+08:00][sql] SHOW FULL COLUMNS FROM `yp_roles` [ RunTime:0.000546s ]
[2023-08-24T09:31:16+08:00][sql] SHOW FULL COLUMNS FROM `yp_access` [ RunTime:0.000506s ]
[2023-08-24T09:31:16+08:00][sql] SELECT `yp_roles`.*,`pivot`.`id` AS `pivot__id`,`pivot`.`admin_id` AS `pivot__admin_id`,`pivot`.`roles_id` AS `pivot__roles_id` FROM `yp_roles` INNER JOIN `yp_access` `pivot` ON `pivot`.`roles_id`=`yp_roles`.`id` WHERE  `pivot`.`admin_id` = '1' [ RunTime:0.000371s ]
[2023-08-24T09:31:16+08:00][sql] SHOW FULL COLUMNS FROM `yp_rule` [ RunTime:0.000529s ]
[2023-08-24T09:31:16+08:00][sql] SELECT `id`,`path`,`type`,`status`,`pid`,`sort`,`mod_id`,`title`,`icon` FROM `yp_rule` ORDER BY `sort` ASC [ RunTime:0.000328s ]
[2023-08-24T09:31:16+08:00][sql] SHOW FULL COLUMNS FROM `yp_mod` [ RunTime:0.000537s ]
[2023-08-24T09:31:16+08:00][sql] SELECT * FROM `yp_mod` WHERE  `id` IN (1,10,0,3,2) [ RunTime:0.000479s ]
[2023-08-24T09:31:17+08:00][sql] CONNECT:[ UseTime:0.012128s ] mysql:host=127.0.0.1;port=3306;dbname=qiye;charset=utf8
[2023-08-24T09:31:17+08:00][sql] SHOW FULL COLUMNS FROM `yp_admin` [ RunTime:0.000574s ]
[2023-08-24T09:31:17+08:00][sql] SELECT `id`,`username`,`status`,`create_time`,`update_time`,`truename`,`mobile`,`last_ip`,`myrules` FROM `yp_admin` WHERE  `id` = 1 LIMIT 1 [ RunTime:0.000267s ]
[2023-08-24T09:31:17+08:00][sql] SHOW FULL COLUMNS FROM `yp_roles` [ RunTime:0.000530s ]
[2023-08-24T09:31:17+08:00][sql] SHOW FULL COLUMNS FROM `yp_access` [ RunTime:0.000479s ]
[2023-08-24T09:31:17+08:00][sql] SELECT `yp_roles`.*,`pivot`.`id` AS `pivot__id`,`pivot`.`admin_id` AS `pivot__admin_id`,`pivot`.`roles_id` AS `pivot__roles_id` FROM `yp_roles` INNER JOIN `yp_access` `pivot` ON `pivot`.`roles_id`=`yp_roles`.`id` WHERE  `pivot`.`admin_id` = '1' [ RunTime:0.000318s ]
[2023-08-24T09:31:17+08:00][sql] SHOW FULL COLUMNS FROM `yp_rule` [ RunTime:0.000516s ]
[2023-08-24T09:31:17+08:00][sql] SELECT `id`,`path`,`type`,`status`,`pid`,`sort`,`mod_id`,`title`,`icon` FROM `yp_rule` ORDER BY `sort` ASC [ RunTime:0.000332s ]
[2023-08-24T09:31:17+08:00][sql] SHOW FULL COLUMNS FROM `yp_mod` [ RunTime:0.000509s ]
[2023-08-24T09:31:17+08:00][sql] SELECT * FROM `yp_mod` WHERE  `id` IN (1,10,0,3,2) [ RunTime:0.000297s ]
[2023-08-24T09:31:17+08:00][sql] SHOW FULL COLUMNS FROM `yp_cols` [ RunTime:0.001515s ]
[2023-08-24T09:31:17+08:00][sql] SELECT COUNT(*) AS think_count FROM `yp_cols` LIMIT 1 [ RunTime:0.000255s ]
[2023-08-24T09:31:17+08:00][sql] SELECT * FROM `yp_cols` ORDER BY `sort` ASC,`id` DESC LIMIT 0,30 [ RunTime:0.000346s ]
[2023-08-24T09:31:17+08:00][sql] CONNECT:[ UseTime:0.014359s ] mysql:host=127.0.0.1;port=3306;dbname=qiye;charset=utf8
[2023-08-24T09:31:17+08:00][sql] SHOW FULL COLUMNS FROM `yp_admin` [ RunTime:0.000730s ]
[2023-08-24T09:31:17+08:00][sql] SELECT `id`,`username`,`status`,`create_time`,`update_time`,`truename`,`mobile`,`last_ip`,`myrules` FROM `yp_admin` WHERE  `id` = 1 LIMIT 1 [ RunTime:0.000403s ]
[2023-08-24T09:31:17+08:00][sql] SHOW FULL COLUMNS FROM `yp_roles` [ RunTime:0.000753s ]
[2023-08-24T09:31:17+08:00][sql] SHOW FULL COLUMNS FROM `yp_access` [ RunTime:0.000668s ]
[2023-08-24T09:31:17+08:00][sql] SELECT `yp_roles`.*,`pivot`.`id` AS `pivot__id`,`pivot`.`admin_id` AS `pivot__admin_id`,`pivot`.`roles_id` AS `pivot__roles_id` FROM `yp_roles` INNER JOIN `yp_access` `pivot` ON `pivot`.`roles_id`=`yp_roles`.`id` WHERE  `pivot`.`admin_id` = '1' [ RunTime:0.000431s ]
[2023-08-24T09:31:17+08:00][sql] SHOW FULL COLUMNS FROM `yp_rule` [ RunTime:0.000670s ]
[2023-08-24T09:31:17+08:00][sql] SELECT `id`,`path`,`type`,`status`,`pid`,`sort`,`mod_id`,`title`,`icon` FROM `yp_rule` ORDER BY `sort` ASC [ RunTime:0.000411s ]
[2023-08-24T09:31:17+08:00][sql] SHOW FULL COLUMNS FROM `yp_mod` [ RunTime:0.000631s ]
[2023-08-24T09:31:17+08:00][sql] SELECT * FROM `yp_mod` WHERE  `id` IN (1,10,0,3,2) [ RunTime:0.000428s ]
[2023-08-24T09:31:17+08:00][sql] SELECT * FROM `yp_mod` ORDER BY `sort` ASC [ RunTime:0.000406s ]
[2023-08-24T09:31:19+08:00][sql] CONNECT:[ UseTime:0.000817s ] mysql:host=127.0.0.1;port=3306;dbname=qiye;charset=utf8
[2023-08-24T09:31:19+08:00][sql] SHOW FULL COLUMNS FROM `yp_admin` [ RunTime:0.000781s ]
[2023-08-24T09:31:19+08:00][sql] SELECT `id`,`username`,`status`,`create_time`,`update_time`,`truename`,`mobile`,`last_ip`,`myrules` FROM `yp_admin` WHERE  `id` = 1 LIMIT 1 [ RunTime:0.000423s ]
[2023-08-24T09:31:19+08:00][sql] SHOW FULL COLUMNS FROM `yp_roles` [ RunTime:0.000656s ]
[2023-08-24T09:31:19+08:00][sql] SHOW FULL COLUMNS FROM `yp_access` [ RunTime:0.000503s ]
[2023-08-24T09:31:19+08:00][sql] SELECT `yp_roles`.*,`pivot`.`id` AS `pivot__id`,`pivot`.`admin_id` AS `pivot__admin_id`,`pivot`.`roles_id` AS `pivot__roles_id` FROM `yp_roles` INNER JOIN `yp_access` `pivot` ON `pivot`.`roles_id`=`yp_roles`.`id` WHERE  `pivot`.`admin_id` = '1' [ RunTime:0.000402s ]
[2023-08-24T09:31:19+08:00][sql] SHOW FULL COLUMNS FROM `yp_rule` [ RunTime:0.000634s ]
[2023-08-24T09:31:19+08:00][sql] SELECT `id`,`path`,`type`,`status`,`pid`,`sort`,`mod_id`,`title`,`icon` FROM `yp_rule` ORDER BY `sort` ASC [ RunTime:0.000384s ]
[2023-08-24T09:31:19+08:00][sql] SHOW FULL COLUMNS FROM `yp_mod` [ RunTime:0.000627s ]
[2023-08-24T09:31:19+08:00][sql] SELECT * FROM `yp_mod` WHERE  `id` IN (1,10,0,3,2) [ RunTime:0.000404s ]
[2023-08-24T09:31:20+08:00][sql] CONNECT:[ UseTime:0.020275s ] mysql:host=127.0.0.1;port=3306;dbname=qiye;charset=utf8
[2023-08-24T09:31:20+08:00][sql] SHOW FULL COLUMNS FROM `yp_admin` [ RunTime:0.000654s ]
[2023-08-24T09:31:20+08:00][sql] SELECT `id`,`username`,`status`,`create_time`,`update_time`,`truename`,`mobile`,`last_ip`,`myrules` FROM `yp_admin` [ RunTime:0.000330s ]
[2023-08-24T09:31:20+08:00][sql] SHOW FULL COLUMNS FROM `yp_roles` [ RunTime:0.000630s ]
[2023-08-24T09:31:20+08:00][sql] SHOW FULL COLUMNS FROM `yp_access` [ RunTime:0.000600s ]
[2023-08-24T09:31:20+08:00][sql] SELECT `yp_roles`.*,`pivot`.`id` AS `pivot__id`,`pivot`.`admin_id` AS `pivot__admin_id`,`pivot`.`roles_id` AS `pivot__roles_id` FROM `yp_roles` INNER JOIN `yp_access` `pivot` ON `pivot`.`roles_id`=`yp_roles`.`id` WHERE  `pivot`.`admin_id` IN ('1','2') [ RunTime:0.000360s ]
[2023-08-24T09:31:21+08:00][sql] CONNECT:[ UseTime:0.023487s ] mysql:host=127.0.0.1;port=3306;dbname=qiye;charset=utf8
[2023-08-24T09:31:21+08:00][sql] SHOW FULL COLUMNS FROM `yp_admin` [ RunTime:0.000697s ]
[2023-08-24T09:31:21+08:00][sql] SELECT `id`,`username`,`status`,`create_time`,`update_time`,`truename`,`mobile`,`last_ip`,`myrules` FROM `yp_admin` WHERE  `id` = 1 LIMIT 1 [ RunTime:0.000374s ]
[2023-08-24T09:31:21+08:00][sql] SHOW FULL COLUMNS FROM `yp_roles` [ RunTime:0.000615s ]
[2023-08-24T09:31:21+08:00][sql] SHOW FULL COLUMNS FROM `yp_access` [ RunTime:0.000651s ]
[2023-08-24T09:31:21+08:00][sql] SELECT `yp_roles`.*,`pivot`.`id` AS `pivot__id`,`pivot`.`admin_id` AS `pivot__admin_id`,`pivot`.`roles_id` AS `pivot__roles_id` FROM `yp_roles` INNER JOIN `yp_access` `pivot` ON `pivot`.`roles_id`=`yp_roles`.`id` WHERE  `pivot`.`admin_id` = '1' [ RunTime:0.000514s ]
[2023-08-24T09:31:21+08:00][sql] SHOW FULL COLUMNS FROM `yp_rule` [ RunTime:0.000741s ]
[2023-08-24T09:31:21+08:00][sql] SELECT `id`,`path`,`type`,`status`,`pid`,`sort`,`mod_id`,`title`,`icon` FROM `yp_rule` ORDER BY `sort` ASC [ RunTime:0.000398s ]
[2023-08-24T09:31:21+08:00][sql] SHOW FULL COLUMNS FROM `yp_mod` [ RunTime:0.000602s ]
[2023-08-24T09:31:21+08:00][sql] SELECT * FROM `yp_mod` WHERE  `id` IN (1,10,0,3,2) [ RunTime:0.000406s ]
[2023-08-24T09:31:21+08:00][sql] CONNECT:[ UseTime:0.000717s ] mysql:host=127.0.0.1;port=3306;dbname=qiye;charset=utf8
[2023-08-24T09:31:21+08:00][sql] SHOW FULL COLUMNS FROM `yp_admin` [ RunTime:0.000866s ]
[2023-08-24T09:31:21+08:00][sql] SELECT `id`,`username`,`status`,`create_time`,`update_time`,`truename`,`mobile`,`last_ip`,`myrules` FROM `yp_admin` WHERE  `id` = 1 LIMIT 1 [ RunTime:0.000393s ]
[2023-08-24T09:31:21+08:00][sql] SHOW FULL COLUMNS FROM `yp_roles` [ RunTime:0.000744s ]
[2023-08-24T09:31:21+08:00][sql] SHOW FULL COLUMNS FROM `yp_access` [ RunTime:0.000679s ]
[2023-08-24T09:31:21+08:00][sql] SELECT `yp_roles`.*,`pivot`.`id` AS `pivot__id`,`pivot`.`admin_id` AS `pivot__admin_id`,`pivot`.`roles_id` AS `pivot__roles_id` FROM `yp_roles` INNER JOIN `yp_access` `pivot` ON `pivot`.`roles_id`=`yp_roles`.`id` WHERE  `pivot`.`admin_id` = '1' [ RunTime:0.000409s ]
[2023-08-24T09:31:21+08:00][sql] SHOW FULL COLUMNS FROM `yp_rule` [ RunTime:0.000592s ]
[2023-08-24T09:31:21+08:00][sql] SELECT `id`,`path`,`type`,`status`,`pid`,`sort`,`mod_id`,`title`,`icon` FROM `yp_rule` ORDER BY `sort` ASC [ RunTime:0.000351s ]
[2023-08-24T09:31:21+08:00][sql] SHOW FULL COLUMNS FROM `yp_mod` [ RunTime:0.000570s ]
[2023-08-24T09:31:21+08:00][sql] SELECT * FROM `yp_mod` WHERE  `id` IN (1,10,0,3,2) [ RunTime:0.000373s ]
[2023-08-24T09:31:21+08:00][sql] SELECT * FROM `yp_mod` ORDER BY `sort` ASC [ RunTime:0.000336s ]
[2023-08-24T09:31:54+08:00][sql] CONNECT:[ UseTime:0.012369s ] mysql:host=127.0.0.1;port=3306;dbname=qiye;charset=utf8
[2023-08-24T09:31:54+08:00][sql] SHOW FULL COLUMNS FROM `yp_admin` [ RunTime:0.000715s ]
[2023-08-24T09:31:54+08:00][sql] SELECT `id`,`username`,`status`,`create_time`,`update_time`,`truename`,`mobile`,`last_ip`,`myrules` FROM `yp_admin` WHERE  `id` = 1 LIMIT 1 [ RunTime:0.000374s ]
[2023-08-24T09:31:54+08:00][sql] SHOW FULL COLUMNS FROM `yp_roles` [ RunTime:0.000615s ]
[2023-08-24T09:31:54+08:00][sql] SHOW FULL COLUMNS FROM `yp_access` [ RunTime:0.000586s ]
[2023-08-24T09:31:54+08:00][sql] SELECT `yp_roles`.*,`pivot`.`id` AS `pivot__id`,`pivot`.`admin_id` AS `pivot__admin_id`,`pivot`.`roles_id` AS `pivot__roles_id` FROM `yp_roles` INNER JOIN `yp_access` `pivot` ON `pivot`.`roles_id`=`yp_roles`.`id` WHERE  `pivot`.`admin_id` = '1' [ RunTime:0.000398s ]
[2023-08-24T09:31:54+08:00][sql] SHOW FULL COLUMNS FROM `yp_rule` [ RunTime:0.000633s ]
[2023-08-24T09:31:54+08:00][sql] SELECT `id`,`path`,`type`,`status`,`pid`,`sort`,`mod_id`,`title`,`icon` FROM `yp_rule` ORDER BY `sort` ASC [ RunTime:0.000408s ]
[2023-08-24T09:31:54+08:00][sql] SHOW FULL COLUMNS FROM `yp_mod` [ RunTime:0.000632s ]
[2023-08-24T09:31:54+08:00][sql] SELECT * FROM `yp_mod` WHERE  `id` IN (1,10,0,3,2) [ RunTime:0.000408s ]
[2023-08-24T09:31:54+08:00][sql] SELECT `id` FROM `yp_mod` WHERE  `name` = 'order' LIMIT 1 [ RunTime:0.000459s ]
[2023-08-24T09:31:54+08:00][sql] DROP TABLE IF EXISTS `yp_order`; [ RunTime:0.000573s ]
[2023-08-24T09:31:54+08:00][sql] CREATE TABLE `yp_order` (`id` int(10) UNSIGNED NOT NULL AUTO_INCREMENT COMMENT '自增ID',PRIMARY KEY (`id`)) ENGINE=InnoDB DEFAULT CHARSET=utf8 COMMENT='订单'; [ RunTime:0.036583s ]
[2023-08-24T09:31:54+08:00][sql] INSERT INTO `yp_mod` SET `alias` = '订单' , `name` = 'order' , `icon` = '' , `type` = 'backstage' , `rule_id` = 0 , `sort` = 5 , `colgroup` = '[\"\\u57fa\\u672c\\u8d44\\u6599\"]' , `actions` = '[\"view\",\"add\",\"delete\",\"edit\",\"exportxlsx\",\"enabled\",\"search\"]' [ RunTime:0.000598s ]
[2023-08-24T09:31:54+08:00][sql] CONNECT:[ UseTime:0.014929s ] mysql:host=127.0.0.1;port=3306;dbname=qiye;charset=utf8
[2023-08-24T09:31:54+08:00][sql] SHOW FULL COLUMNS FROM `yp_admin` [ RunTime:0.000723s ]
[2023-08-24T09:31:54+08:00][sql] SELECT `id`,`username`,`status`,`create_time`,`update_time`,`truename`,`mobile`,`last_ip`,`myrules` FROM `yp_admin` WHERE  `id` = 1 LIMIT 1 [ RunTime:0.000383s ]
[2023-08-24T09:31:54+08:00][sql] SHOW FULL COLUMNS FROM `yp_roles` [ RunTime:0.000633s ]
[2023-08-24T09:31:54+08:00][sql] SHOW FULL COLUMNS FROM `yp_access` [ RunTime:0.000586s ]
[2023-08-24T09:31:54+08:00][sql] SELECT `yp_roles`.*,`pivot`.`id` AS `pivot__id`,`pivot`.`admin_id` AS `pivot__admin_id`,`pivot`.`roles_id` AS `pivot__roles_id` FROM `yp_roles` INNER JOIN `yp_access` `pivot` ON `pivot`.`roles_id`=`yp_roles`.`id` WHERE  `pivot`.`admin_id` = '1' [ RunTime:0.000399s ]
[2023-08-24T09:31:54+08:00][sql] SHOW FULL COLUMNS FROM `yp_rule` [ RunTime:0.000630s ]
[2023-08-24T09:31:54+08:00][sql] SELECT `id`,`path`,`type`,`status`,`pid`,`sort`,`mod_id`,`title`,`icon` FROM `yp_rule` ORDER BY `sort` ASC [ RunTime:0.000387s ]
[2023-08-24T09:31:54+08:00][sql] SHOW FULL COLUMNS FROM `yp_mod` [ RunTime:0.000638s ]
[2023-08-24T09:31:54+08:00][sql] SELECT * FROM `yp_mod` WHERE  `id` IN (1,10,0,3,2) [ RunTime:0.000412s ]
[2023-08-24T09:31:54+08:00][sql] SELECT * FROM `yp_mod` ORDER BY `sort` ASC [ RunTime:0.000484s ]
[2023-08-24T09:32:20+08:00][sql] CONNECT:[ UseTime:0.018355s ] mysql:host=127.0.0.1;port=3306;dbname=qiye;charset=utf8
[2023-08-24T09:32:20+08:00][sql] SHOW FULL COLUMNS FROM `yp_admin` [ RunTime:0.000712s ]
[2023-08-24T09:32:20+08:00][sql] SELECT `id`,`username`,`status`,`create_time`,`update_time`,`truename`,`mobile`,`last_ip`,`myrules` FROM `yp_admin` WHERE  `id` = 1 LIMIT 1 [ RunTime:0.000527s ]
[2023-08-24T09:32:20+08:00][sql] SHOW FULL COLUMNS FROM `yp_roles` [ RunTime:0.000814s ]
[2023-08-24T09:32:20+08:00][sql] SHOW FULL COLUMNS FROM `yp_access` [ RunTime:0.000618s ]
[2023-08-24T09:32:20+08:00][sql] SELECT `yp_roles`.*,`pivot`.`id` AS `pivot__id`,`pivot`.`admin_id` AS `pivot__admin_id`,`pivot`.`roles_id` AS `pivot__roles_id` FROM `yp_roles` INNER JOIN `yp_access` `pivot` ON `pivot`.`roles_id`=`yp_roles`.`id` WHERE  `pivot`.`admin_id` = '1' [ RunTime:0.000414s ]
[2023-08-24T09:32:20+08:00][sql] SHOW FULL COLUMNS FROM `yp_rule` [ RunTime:0.000626s ]
[2023-08-24T09:32:20+08:00][sql] SELECT `id`,`path`,`type`,`status`,`pid`,`sort`,`mod_id`,`title`,`icon` FROM `yp_rule` ORDER BY `sort` ASC [ RunTime:0.000396s ]
[2023-08-24T09:32:20+08:00][sql] SHOW FULL COLUMNS FROM `yp_mod` [ RunTime:0.000646s ]
[2023-08-24T09:32:20+08:00][sql] SELECT * FROM `yp_mod` WHERE  `id` IN (1,10,0,3,2) [ RunTime:0.000410s ]
[2023-08-24T09:32:20+08:00][sql] SELECT * FROM `yp_mod` WHERE  `name` = 'order' LIMIT 1 [ RunTime:0.000374s ]
[2023-08-24T09:32:41+08:00][sql] CONNECT:[ UseTime:0.013348s ] mysql:host=127.0.0.1;port=3306;dbname=qiye;charset=utf8
[2023-08-24T09:32:41+08:00][sql] SHOW FULL COLUMNS FROM `yp_admin` [ RunTime:0.000743s ]
[2023-08-24T09:32:41+08:00][sql] SELECT `id`,`username`,`status`,`create_time`,`update_time`,`truename`,`mobile`,`last_ip`,`myrules` FROM `yp_admin` WHERE  `id` = 1 LIMIT 1 [ RunTime:0.000400s ]
[2023-08-24T09:32:41+08:00][sql] SHOW FULL COLUMNS FROM `yp_roles` [ RunTime:0.000590s ]
[2023-08-24T09:32:41+08:00][sql] SHOW FULL COLUMNS FROM `yp_access` [ RunTime:0.000590s ]
[2023-08-24T09:32:41+08:00][sql] SELECT `yp_roles`.*,`pivot`.`id` AS `pivot__id`,`pivot`.`admin_id` AS `pivot__admin_id`,`pivot`.`roles_id` AS `pivot__roles_id` FROM `yp_roles` INNER JOIN `yp_access` `pivot` ON `pivot`.`roles_id`=`yp_roles`.`id` WHERE  `pivot`.`admin_id` = '1' [ RunTime:0.000423s ]
[2023-08-24T09:32:41+08:00][sql] SHOW FULL COLUMNS FROM `yp_rule` [ RunTime:0.000899s ]
[2023-08-24T09:32:41+08:00][sql] SELECT `id`,`path`,`type`,`status`,`pid`,`sort`,`mod_id`,`title`,`icon` FROM `yp_rule` ORDER BY `sort` ASC [ RunTime:0.000395s ]
[2023-08-24T09:32:41+08:00][sql] SHOW FULL COLUMNS FROM `yp_mod` [ RunTime:0.000638s ]
[2023-08-24T09:32:41+08:00][sql] SELECT * FROM `yp_mod` WHERE  `id` IN (1,10,0,3,2) [ RunTime:0.000424s ]
[2023-08-24T09:32:41+08:00][sql] SELECT * FROM `yp_mod` WHERE  `id` = 11 LIMIT 1 [ RunTime:0.000371s ]
[2023-08-24T09:32:41+08:00][sql] SELECT * FROM `yp_mod` WHERE  `id` = 11 LIMIT 1 [ RunTime:0.000359s ]
[2023-08-24T09:32:41+08:00][sql] SELECT * FROM information_schema.columns WHERE TABLE_SCHEMA='qiye' AND TABLE_NAME = 'yp_order' AND COLUMN_NAME = 'sn' [ RunTime:0.001565s ]
[2023-08-24T09:32:41+08:00][sql] ALTER TABLE yp_order ADD `sn` VARCHAR(32) DEFAULT '0' COMMENT '订单号' [ RunTime:0.061602s ]
[2023-08-24T09:32:41+08:00][sql] UPDATE `yp_mod`  SET `modcolumn` = '[{\"id\":\"1692840743528\",\"alias\":\"\\u8ba2\\u5355\\u53f7\",\"name\":\"sn\",\"type\":\"VARCHAR\",\"length\":\"32\",\"defvalue\":\"0\",\"formitem\":\"input\",\"extends\":\"\",\"colwidth\":\"0\",\"prefix\":\"\",\"suffix\":\"\",\"sort\":\"0\",\"tips\":\"\",\"groupindex\":\"0\"}]'  WHERE  `id` = 11 [ RunTime:0.000712s ]
