[2023-08-29T07:13:50+08:00][sql] CONNECT:[ UseTime:0.024972s ] mysql:host=127.0.0.1;port=3306;dbname=qiye;charset=utf8
[2023-08-29T07:13:50+08:00][sql] SHOW FULL COLUMNS FROM `yp_admin` [ RunTime:0.025369s ]
[2023-08-29T07:13:50+08:00][sql] SELECT * FROM `yp_admin` WHERE  `username` = 'admin'  AND `status` = 1 LIMIT 1 [ RunTime:0.009596s ]
[2023-08-29T07:13:51+08:00][sql] CONNECT:[ UseTime:0.024241s ] mysql:host=127.0.0.1;port=3306;dbname=qiye;charset=utf8
[2023-08-29T07:13:51+08:00][sql] SHOW FULL COLUMNS FROM `yp_admin` [ RunTime:0.001598s ]
[2023-08-29T07:13:51+08:00][sql] SELECT `id`,`username`,`status`,`create_time`,`update_time`,`truename`,`mobile`,`last_ip`,`myrules` FROM `yp_admin` WHERE  `id` = 1 LIMIT 1 [ RunTime:0.000752s ]
[2023-08-29T07:13:51+08:00][sql] SHOW FULL COLUMNS FROM `yp_roles` [ RunTime:0.011492s ]
[2023-08-29T07:13:51+08:00][sql] SHOW FULL COLUMNS FROM `yp_access` [ RunTime:0.011340s ]
[2023-08-29T07:13:51+08:00][sql] SELECT `yp_roles`.*,`pivot`.`id` AS `pivot__id`,`pivot`.`admin_id` AS `pivot__admin_id`,`pivot`.`roles_id` AS `pivot__roles_id` FROM `yp_roles` INNER JOIN `yp_access` `pivot` ON `pivot`.`roles_id`=`yp_roles`.`id` WHERE  `pivot`.`admin_id` = '1' [ RunTime:0.002127s ]
[2023-08-29T07:13:51+08:00][sql] SHOW FULL COLUMNS FROM `yp_rule` [ RunTime:0.011739s ]
[2023-08-29T07:13:51+08:00][sql] SELECT `id`,`path`,`type`,`status`,`pid`,`sort`,`mod_id`,`title`,`icon` FROM `yp_rule` ORDER BY `sort` ASC [ RunTime:0.000835s ]
[2023-08-29T07:13:51+08:00][sql] SHOW FULL COLUMNS FROM `yp_mod` [ RunTime:0.011558s ]
[2023-08-29T07:13:51+08:00][sql] SELECT * FROM `yp_mod` WHERE  `id` IN (1,10,0,12,3,2) [ RunTime:0.001464s ]
[2023-08-29T07:13:51+08:00][sql] SHOW FULL COLUMNS FROM `yp_sitepro` [ RunTime:0.011066s ]
[2023-08-29T07:13:51+08:00][sql] SELECT * FROM `yp_sitepro` WHERE  `id` = 1 LIMIT 1 [ RunTime:0.000407s ]
[2023-08-29T07:13:51+08:00][sql] CONNECT:[ UseTime:0.021254s ] mysql:host=127.0.0.1;port=3306;dbname=qiye;charset=utf8
[2023-08-29T07:13:51+08:00][sql] SHOW FULL COLUMNS FROM `yp_admin` [ RunTime:0.001493s ]
[2023-08-29T07:13:51+08:00][sql] SELECT `id`,`username`,`status`,`create_time`,`update_time`,`truename`,`mobile`,`last_ip`,`myrules` FROM `yp_admin` WHERE  `id` = 1 LIMIT 1 [ RunTime:0.000371s ]
[2023-08-29T07:13:51+08:00][sql] SHOW FULL COLUMNS FROM `yp_roles` [ RunTime:0.001422s ]
[2023-08-29T07:13:51+08:00][sql] SHOW FULL COLUMNS FROM `yp_access` [ RunTime:0.001304s ]
[2023-08-29T07:13:51+08:00][sql] SELECT `yp_roles`.*,`pivot`.`id` AS `pivot__id`,`pivot`.`admin_id` AS `pivot__admin_id`,`pivot`.`roles_id` AS `pivot__roles_id` FROM `yp_roles` INNER JOIN `yp_access` `pivot` ON `pivot`.`roles_id`=`yp_roles`.`id` WHERE  `pivot`.`admin_id` = '1' [ RunTime:0.000384s ]
[2023-08-29T07:13:51+08:00][sql] SHOW FULL COLUMNS FROM `yp_rule` [ RunTime:0.001344s ]
[2023-08-29T07:13:51+08:00][sql] SELECT `id`,`path`,`type`,`status`,`pid`,`sort`,`mod_id`,`title`,`icon` FROM `yp_rule` ORDER BY `sort` ASC [ RunTime:0.000664s ]
[2023-08-29T07:13:51+08:00][sql] SHOW FULL COLUMNS FROM `yp_mod` [ RunTime:0.001633s ]
[2023-08-29T07:13:51+08:00][sql] SELECT * FROM `yp_mod` WHERE  `id` IN (1,10,0,12,3,2) [ RunTime:0.000543s ]
[2023-08-29T07:13:51+08:00][sql] CONNECT:[ UseTime:0.019951s ] mysql:host=127.0.0.1;port=3306;dbname=qiye;charset=utf8
[2023-08-29T07:13:51+08:00][sql] SHOW FULL COLUMNS FROM `yp_admin` [ RunTime:0.001590s ]
[2023-08-29T07:13:51+08:00][sql] SELECT `id`,`username`,`status`,`create_time`,`update_time`,`truename`,`mobile`,`last_ip`,`myrules` FROM `yp_admin` WHERE  `id` = 1 LIMIT 1 [ RunTime:0.000329s ]
[2023-08-29T07:13:51+08:00][sql] SHOW FULL COLUMNS FROM `yp_roles` [ RunTime:0.001551s ]
[2023-08-29T07:13:51+08:00][sql] SHOW FULL COLUMNS FROM `yp_access` [ RunTime:0.001524s ]
[2023-08-29T07:13:51+08:00][sql] SELECT `yp_roles`.*,`pivot`.`id` AS `pivot__id`,`pivot`.`admin_id` AS `pivot__admin_id`,`pivot`.`roles_id` AS `pivot__roles_id` FROM `yp_roles` INNER JOIN `yp_access` `pivot` ON `pivot`.`roles_id`=`yp_roles`.`id` WHERE  `pivot`.`admin_id` = '1' [ RunTime:0.000401s ]
[2023-08-29T07:13:51+08:00][sql] SHOW FULL COLUMNS FROM `yp_rule` [ RunTime:0.001506s ]
[2023-08-29T07:13:51+08:00][sql] SELECT `id`,`path`,`type`,`status`,`pid`,`sort`,`mod_id`,`title`,`icon` FROM `yp_rule` ORDER BY `sort` ASC [ RunTime:0.000333s ]
[2023-08-29T07:13:51+08:00][sql] SHOW FULL COLUMNS FROM `yp_mod` [ RunTime:0.001507s ]
[2023-08-29T07:13:51+08:00][sql] SELECT * FROM `yp_mod` WHERE  `id` IN (1,10,0,12,3,2) [ RunTime:0.000406s ]
[2023-08-29T07:13:51+08:00][sql] SELECT `id`,`path`,`type`,`status`,`pid`,`sort`,`mod_id`,`title`,`icon` FROM `yp_rule` ORDER BY `sort` ASC [ RunTime:0.000379s ]
[2023-08-29T07:13:51+08:00][sql] SELECT * FROM `yp_mod` WHERE  `id` IN (1,10,0,12,3,2) [ RunTime:0.000316s ]
[2023-08-29T07:13:52+08:00][sql] CONNECT:[ UseTime:0.027013s ] mysql:host=127.0.0.1;port=3306;dbname=qiye;charset=utf8
[2023-08-29T07:13:52+08:00][sql] SHOW FULL COLUMNS FROM `yp_admin` [ RunTime:0.001683s ]
[2023-08-29T07:13:52+08:00][sql] SELECT `id`,`username`,`status`,`create_time`,`update_time`,`truename`,`mobile`,`last_ip`,`myrules` FROM `yp_admin` WHERE  `id` = 1 LIMIT 1 [ RunTime:0.000451s ]
[2023-08-29T07:13:52+08:00][sql] SHOW FULL COLUMNS FROM `yp_roles` [ RunTime:0.001794s ]
[2023-08-29T07:13:52+08:00][sql] SHOW FULL COLUMNS FROM `yp_access` [ RunTime:0.001665s ]
[2023-08-29T07:13:52+08:00][sql] SELECT `yp_roles`.*,`pivot`.`id` AS `pivot__id`,`pivot`.`admin_id` AS `pivot__admin_id`,`pivot`.`roles_id` AS `pivot__roles_id` FROM `yp_roles` INNER JOIN `yp_access` `pivot` ON `pivot`.`roles_id`=`yp_roles`.`id` WHERE  `pivot`.`admin_id` = '1' [ RunTime:0.000429s ]
[2023-08-29T07:13:52+08:00][sql] SHOW FULL COLUMNS FROM `yp_rule` [ RunTime:0.002347s ]
[2023-08-29T07:13:52+08:00][sql] SELECT `id`,`path`,`type`,`status`,`pid`,`sort`,`mod_id`,`title`,`icon` FROM `yp_rule` ORDER BY `sort` ASC [ RunTime:0.000510s ]
[2023-08-29T07:13:52+08:00][sql] SHOW FULL COLUMNS FROM `yp_mod` [ RunTime:0.002395s ]
[2023-08-29T07:13:52+08:00][sql] SELECT * FROM `yp_mod` WHERE  `id` IN (1,10,0,12,3,2) [ RunTime:0.000539s ]
[2023-08-29T07:13:52+08:00][sql] SHOW FULL COLUMNS FROM `yp_category` [ RunTime:0.014889s ]
[2023-08-29T07:13:52+08:00][sql] SELECT * FROM `yp_category` ORDER BY `sort` ASC,`id` ASC [ RunTime:0.000487s ]
[2023-08-29T07:13:52+08:00][sql] CONNECT:[ UseTime:0.003794s ] mysql:host=127.0.0.1;port=3306;dbname=qiye;charset=utf8
[2023-08-29T07:13:52+08:00][sql] SHOW FULL COLUMNS FROM `yp_admin` [ RunTime:0.001747s ]
[2023-08-29T07:13:52+08:00][sql] SELECT `id`,`username`,`status`,`create_time`,`update_time`,`truename`,`mobile`,`last_ip`,`myrules` FROM `yp_admin` WHERE  `id` = 1 LIMIT 1 [ RunTime:0.000947s ]
[2023-08-29T07:13:52+08:00][sql] SHOW FULL COLUMNS FROM `yp_roles` [ RunTime:0.002006s ]
[2023-08-29T07:13:52+08:00][sql] SHOW FULL COLUMNS FROM `yp_access` [ RunTime:0.001498s ]
[2023-08-29T07:13:52+08:00][sql] SELECT `yp_roles`.*,`pivot`.`id` AS `pivot__id`,`pivot`.`admin_id` AS `pivot__admin_id`,`pivot`.`roles_id` AS `pivot__roles_id` FROM `yp_roles` INNER JOIN `yp_access` `pivot` ON `pivot`.`roles_id`=`yp_roles`.`id` WHERE  `pivot`.`admin_id` = '1' [ RunTime:0.000404s ]
[2023-08-29T07:13:52+08:00][sql] SHOW FULL COLUMNS FROM `yp_rule` [ RunTime:0.001586s ]
[2023-08-29T07:13:52+08:00][sql] SELECT `id`,`path`,`type`,`status`,`pid`,`sort`,`mod_id`,`title`,`icon` FROM `yp_rule` ORDER BY `sort` ASC [ RunTime:0.000379s ]
[2023-08-29T07:13:52+08:00][sql] SHOW FULL COLUMNS FROM `yp_mod` [ RunTime:0.001500s ]
[2023-08-29T07:13:52+08:00][sql] SELECT * FROM `yp_mod` WHERE  `id` IN (1,10,0,12,3,2) [ RunTime:0.000459s ]
[2023-08-29T07:13:52+08:00][sql] CONNECT:[ UseTime:0.001176s ] mysql:host=127.0.0.1;port=3306;dbname=qiye;charset=utf8
[2023-08-29T07:13:52+08:00][sql] SHOW FULL COLUMNS FROM `yp_admin` [ RunTime:0.003517s ]
[2023-08-29T07:13:52+08:00][sql] SELECT `id`,`username`,`status`,`create_time`,`update_time`,`truename`,`mobile`,`last_ip`,`myrules` FROM `yp_admin` WHERE  `id` = 1 LIMIT 1 [ RunTime:0.000586s ]
[2023-08-29T07:13:52+08:00][sql] SHOW FULL COLUMNS FROM `yp_roles` [ RunTime:0.002188s ]
[2023-08-29T07:13:52+08:00][sql] SHOW FULL COLUMNS FROM `yp_access` [ RunTime:0.001840s ]
[2023-08-29T07:13:52+08:00][sql] SELECT `yp_roles`.*,`pivot`.`id` AS `pivot__id`,`pivot`.`admin_id` AS `pivot__admin_id`,`pivot`.`roles_id` AS `pivot__roles_id` FROM `yp_roles` INNER JOIN `yp_access` `pivot` ON `pivot`.`roles_id`=`yp_roles`.`id` WHERE  `pivot`.`admin_id` = '1' [ RunTime:0.001668s ]
[2023-08-29T07:13:52+08:00][sql] SHOW FULL COLUMNS FROM `yp_rule` [ RunTime:0.002732s ]
[2023-08-29T07:13:52+08:00][sql] SELECT `id`,`path`,`type`,`status`,`pid`,`sort`,`mod_id`,`title`,`icon` FROM `yp_rule` ORDER BY `sort` ASC [ RunTime:0.001472s ]
[2023-08-29T07:13:52+08:00][sql] SHOW FULL COLUMNS FROM `yp_mod` [ RunTime:0.002002s ]
[2023-08-29T07:13:52+08:00][sql] SELECT * FROM `yp_mod` WHERE  `id` IN (1,10,0,12,3,2) [ RunTime:0.000512s ]
[2023-08-29T07:14:40+08:00][sql] CONNECT:[ UseTime:0.012538s ] mysql:host=127.0.0.1;port=3306;dbname=qiye;charset=utf8
[2023-08-29T07:14:40+08:00][sql] SHOW FULL COLUMNS FROM `yp_admin` [ RunTime:0.001699s ]
[2023-08-29T07:14:40+08:00][sql] SELECT `id`,`username`,`status`,`create_time`,`update_time`,`truename`,`mobile`,`last_ip`,`myrules` FROM `yp_admin` WHERE  `id` = 1 LIMIT 1 [ RunTime:0.000453s ]
[2023-08-29T07:14:40+08:00][sql] SHOW FULL COLUMNS FROM `yp_roles` [ RunTime:0.001693s ]
[2023-08-29T07:14:40+08:00][sql] SHOW FULL COLUMNS FROM `yp_access` [ RunTime:0.001576s ]
[2023-08-29T07:14:40+08:00][sql] SELECT `yp_roles`.*,`pivot`.`id` AS `pivot__id`,`pivot`.`admin_id` AS `pivot__admin_id`,`pivot`.`roles_id` AS `pivot__roles_id` FROM `yp_roles` INNER JOIN `yp_access` `pivot` ON `pivot`.`roles_id`=`yp_roles`.`id` WHERE  `pivot`.`admin_id` = '1' [ RunTime:0.000466s ]
[2023-08-29T07:14:40+08:00][sql] SHOW FULL COLUMNS FROM `yp_rule` [ RunTime:0.001494s ]
[2023-08-29T07:14:40+08:00][sql] SELECT `id`,`path`,`type`,`status`,`pid`,`sort`,`mod_id`,`title`,`icon` FROM `yp_rule` ORDER BY `sort` ASC [ RunTime:0.000448s ]
[2023-08-29T07:14:40+08:00][sql] SHOW FULL COLUMNS FROM `yp_mod` [ RunTime:0.001606s ]
[2023-08-29T07:14:40+08:00][sql] SELECT * FROM `yp_mod` WHERE  `id` IN (1,10,0,12,3,2) [ RunTime:0.000502s ]
[2023-08-29T07:14:41+08:00][sql] CONNECT:[ UseTime:0.000591s ] mysql:host=127.0.0.1;port=3306;dbname=qiye;charset=utf8
[2023-08-29T07:14:41+08:00][sql] SHOW FULL COLUMNS FROM `yp_admin` [ RunTime:0.001512s ]
[2023-08-29T07:14:41+08:00][sql] SELECT `id`,`username`,`status`,`create_time`,`update_time`,`truename`,`mobile`,`last_ip`,`myrules` FROM `yp_admin` WHERE  `id` = 1 LIMIT 1 [ RunTime:0.000343s ]
[2023-08-29T07:14:41+08:00][sql] SHOW FULL COLUMNS FROM `yp_roles` [ RunTime:0.001492s ]
[2023-08-29T07:14:41+08:00][sql] SHOW FULL COLUMNS FROM `yp_access` [ RunTime:0.001549s ]
[2023-08-29T07:14:41+08:00][sql] SELECT `yp_roles`.*,`pivot`.`id` AS `pivot__id`,`pivot`.`admin_id` AS `pivot__admin_id`,`pivot`.`roles_id` AS `pivot__roles_id` FROM `yp_roles` INNER JOIN `yp_access` `pivot` ON `pivot`.`roles_id`=`yp_roles`.`id` WHERE  `pivot`.`admin_id` = '1' [ RunTime:0.000328s ]
[2023-08-29T07:14:41+08:00][sql] SHOW FULL COLUMNS FROM `yp_rule` [ RunTime:0.001509s ]
[2023-08-29T07:14:41+08:00][sql] SELECT `id`,`path`,`type`,`status`,`pid`,`sort`,`mod_id`,`title`,`icon` FROM `yp_rule` ORDER BY `sort` ASC [ RunTime:0.000280s ]
[2023-08-29T07:14:41+08:00][sql] SHOW FULL COLUMNS FROM `yp_mod` [ RunTime:0.001244s ]
[2023-08-29T07:14:41+08:00][sql] SELECT * FROM `yp_mod` WHERE  `id` IN (1,10,0,12,3,2) [ RunTime:0.000308s ]
[2023-08-29T07:14:41+08:00][sql] SHOW FULL COLUMNS FROM `yp_category` [ RunTime:0.001335s ]
[2023-08-29T07:14:41+08:00][sql] SELECT * FROM `yp_category` ORDER BY `sort` ASC,`id` ASC [ RunTime:0.000255s ]
[2023-08-29T07:14:44+08:00][sql] CONNECT:[ UseTime:0.000592s ] mysql:host=127.0.0.1;port=3306;dbname=qiye;charset=utf8
[2023-08-29T07:14:44+08:00][sql] SHOW FULL COLUMNS FROM `yp_admin` [ RunTime:0.001599s ]
[2023-08-29T07:14:44+08:00][sql] SELECT `id`,`username`,`status`,`create_time`,`update_time`,`truename`,`mobile`,`last_ip`,`myrules` FROM `yp_admin` WHERE  `id` = 1 LIMIT 1 [ RunTime:0.000298s ]
[2023-08-29T07:14:44+08:00][sql] SHOW FULL COLUMNS FROM `yp_roles` [ RunTime:0.001422s ]
[2023-08-29T07:14:44+08:00][sql] SHOW FULL COLUMNS FROM `yp_access` [ RunTime:0.001459s ]
[2023-08-29T07:14:44+08:00][sql] SELECT `yp_roles`.*,`pivot`.`id` AS `pivot__id`,`pivot`.`admin_id` AS `pivot__admin_id`,`pivot`.`roles_id` AS `pivot__roles_id` FROM `yp_roles` INNER JOIN `yp_access` `pivot` ON `pivot`.`roles_id`=`yp_roles`.`id` WHERE  `pivot`.`admin_id` = '1' [ RunTime:0.000366s ]
[2023-08-29T07:14:44+08:00][sql] SHOW FULL COLUMNS FROM `yp_rule` [ RunTime:0.001617s ]
[2023-08-29T07:14:44+08:00][sql] SELECT `id`,`path`,`type`,`status`,`pid`,`sort`,`mod_id`,`title`,`icon` FROM `yp_rule` ORDER BY `sort` ASC [ RunTime:0.000586s ]
[2023-08-29T07:14:44+08:00][sql] SHOW FULL COLUMNS FROM `yp_mod` [ RunTime:0.001602s ]
[2023-08-29T07:14:44+08:00][sql] SELECT * FROM `yp_mod` WHERE  `id` IN (1,10,0,12,3,2) [ RunTime:0.000476s ]
[2023-08-29T07:14:44+08:00][sql] CONNECT:[ UseTime:0.000706s ] mysql:host=127.0.0.1;port=3306;dbname=qiye;charset=utf8
[2023-08-29T07:14:44+08:00][sql] SHOW FULL COLUMNS FROM `yp_admin` [ RunTime:0.001587s ]
[2023-08-29T07:14:44+08:00][sql] SELECT `id`,`username`,`status`,`create_time`,`update_time`,`truename`,`mobile`,`last_ip`,`myrules` FROM `yp_admin` WHERE  `id` = 1 LIMIT 1 [ RunTime:0.000419s ]
[2023-08-29T07:14:44+08:00][sql] SHOW FULL COLUMNS FROM `yp_roles` [ RunTime:0.001556s ]
[2023-08-29T07:14:44+08:00][sql] SHOW FULL COLUMNS FROM `yp_access` [ RunTime:0.001362s ]
[2023-08-29T07:14:44+08:00][sql] SELECT `yp_roles`.*,`pivot`.`id` AS `pivot__id`,`pivot`.`admin_id` AS `pivot__admin_id`,`pivot`.`roles_id` AS `pivot__roles_id` FROM `yp_roles` INNER JOIN `yp_access` `pivot` ON `pivot`.`roles_id`=`yp_roles`.`id` WHERE  `pivot`.`admin_id` = '1' [ RunTime:0.000319s ]
[2023-08-29T07:14:44+08:00][sql] SHOW FULL COLUMNS FROM `yp_rule` [ RunTime:0.001408s ]
[2023-08-29T07:14:44+08:00][sql] SELECT `id`,`path`,`type`,`status`,`pid`,`sort`,`mod_id`,`title`,`icon` FROM `yp_rule` ORDER BY `sort` ASC [ RunTime:0.000296s ]
[2023-08-29T07:14:44+08:00][sql] SHOW FULL COLUMNS FROM `yp_mod` [ RunTime:0.001333s ]
[2023-08-29T07:14:44+08:00][sql] SELECT * FROM `yp_mod` WHERE  `id` IN (1,10,0,12,3,2) [ RunTime:0.000361s ]
[2023-08-29T07:14:44+08:00][sql] SHOW FULL COLUMNS FROM `yp_category` [ RunTime:0.001364s ]
[2023-08-29T07:14:44+08:00][sql] SELECT * FROM `yp_category` ORDER BY `sort` ASC,`id` ASC [ RunTime:0.000285s ]
[2023-08-29T07:15:21+08:00][sql] CONNECT:[ UseTime:0.013688s ] mysql:host=127.0.0.1;port=3306;dbname=qiye;charset=utf8
[2023-08-29T07:15:21+08:00][sql] SHOW FULL COLUMNS FROM `yp_admin` [ RunTime:0.001634s ]
[2023-08-29T07:15:21+08:00][sql] SELECT `id`,`username`,`status`,`create_time`,`update_time`,`truename`,`mobile`,`last_ip`,`myrules` FROM `yp_admin` WHERE  `id` = 1 LIMIT 1 [ RunTime:0.000328s ]
[2023-08-29T07:15:21+08:00][sql] SHOW FULL COLUMNS FROM `yp_roles` [ RunTime:0.001448s ]
[2023-08-29T07:15:21+08:00][sql] SHOW FULL COLUMNS FROM `yp_access` [ RunTime:0.001427s ]
[2023-08-29T07:15:21+08:00][sql] SELECT `yp_roles`.*,`pivot`.`id` AS `pivot__id`,`pivot`.`admin_id` AS `pivot__admin_id`,`pivot`.`roles_id` AS `pivot__roles_id` FROM `yp_roles` INNER JOIN `yp_access` `pivot` ON `pivot`.`roles_id`=`yp_roles`.`id` WHERE  `pivot`.`admin_id` = '1' [ RunTime:0.000325s ]
[2023-08-29T07:15:21+08:00][sql] SHOW FULL COLUMNS FROM `yp_rule` [ RunTime:0.001417s ]
[2023-08-29T07:15:21+08:00][sql] SELECT `id`,`path`,`type`,`status`,`pid`,`sort`,`mod_id`,`title`,`icon` FROM `yp_rule` ORDER BY `sort` ASC [ RunTime:0.000334s ]
[2023-08-29T07:15:21+08:00][sql] SHOW FULL COLUMNS FROM `yp_mod` [ RunTime:0.001361s ]
[2023-08-29T07:15:21+08:00][sql] SELECT * FROM `yp_mod` WHERE  `id` IN (1,10,0,12,3,2) [ RunTime:0.000844s ]
[2023-08-29T07:15:22+08:00][sql] CONNECT:[ UseTime:0.000591s ] mysql:host=127.0.0.1;port=3306;dbname=qiye;charset=utf8
[2023-08-29T07:15:22+08:00][sql] SHOW FULL COLUMNS FROM `yp_admin` [ RunTime:0.001654s ]
[2023-08-29T07:15:22+08:00][sql] SELECT `id`,`username`,`status`,`create_time`,`update_time`,`truename`,`mobile`,`last_ip`,`myrules` FROM `yp_admin` WHERE  `id` = 1 LIMIT 1 [ RunTime:0.000503s ]
[2023-08-29T07:15:22+08:00][sql] SHOW FULL COLUMNS FROM `yp_roles` [ RunTime:0.001500s ]
[2023-08-29T07:15:22+08:00][sql] SHOW FULL COLUMNS FROM `yp_access` [ RunTime:0.001317s ]
[2023-08-29T07:15:22+08:00][sql] SELECT `yp_roles`.*,`pivot`.`id` AS `pivot__id`,`pivot`.`admin_id` AS `pivot__admin_id`,`pivot`.`roles_id` AS `pivot__roles_id` FROM `yp_roles` INNER JOIN `yp_access` `pivot` ON `pivot`.`roles_id`=`yp_roles`.`id` WHERE  `pivot`.`admin_id` = '1' [ RunTime:0.000320s ]
[2023-08-29T07:15:22+08:00][sql] SHOW FULL COLUMNS FROM `yp_rule` [ RunTime:0.001357s ]
[2023-08-29T07:15:22+08:00][sql] SELECT `id`,`path`,`type`,`status`,`pid`,`sort`,`mod_id`,`title`,`icon` FROM `yp_rule` ORDER BY `sort` ASC [ RunTime:0.000300s ]
[2023-08-29T07:15:22+08:00][sql] SHOW FULL COLUMNS FROM `yp_mod` [ RunTime:0.001318s ]
[2023-08-29T07:15:22+08:00][sql] SELECT * FROM `yp_mod` WHERE  `id` IN (1,10,0,12,3,2) [ RunTime:0.000347s ]
[2023-08-29T07:15:22+08:00][sql] CONNECT:[ UseTime:0.000611s ] mysql:host=127.0.0.1;port=3306;dbname=qiye;charset=utf8
[2023-08-29T07:15:22+08:00][sql] SHOW FULL COLUMNS FROM `yp_admin` [ RunTime:0.001895s ]
[2023-08-29T07:15:22+08:00][sql] SELECT `id`,`username`,`status`,`create_time`,`update_time`,`truename`,`mobile`,`last_ip`,`myrules` FROM `yp_admin` WHERE  `id` = 1 LIMIT 1 [ RunTime:0.000361s ]
[2023-08-29T07:15:22+08:00][sql] SHOW FULL COLUMNS FROM `yp_roles` [ RunTime:0.001501s ]
[2023-08-29T07:15:22+08:00][sql] SHOW FULL COLUMNS FROM `yp_access` [ RunTime:0.001427s ]
[2023-08-29T07:15:22+08:00][sql] SELECT `yp_roles`.*,`pivot`.`id` AS `pivot__id`,`pivot`.`admin_id` AS `pivot__admin_id`,`pivot`.`roles_id` AS `pivot__roles_id` FROM `yp_roles` INNER JOIN `yp_access` `pivot` ON `pivot`.`roles_id`=`yp_roles`.`id` WHERE  `pivot`.`admin_id` = '1' [ RunTime:0.000370s ]
[2023-08-29T07:15:22+08:00][sql] SHOW FULL COLUMNS FROM `yp_rule` [ RunTime:0.001484s ]
[2023-08-29T07:15:22+08:00][sql] SELECT `id`,`path`,`type`,`status`,`pid`,`sort`,`mod_id`,`title`,`icon` FROM `yp_rule` ORDER BY `sort` ASC [ RunTime:0.000321s ]
[2023-08-29T07:15:22+08:00][sql] SHOW FULL COLUMNS FROM `yp_mod` [ RunTime:0.001389s ]
[2023-08-29T07:15:22+08:00][sql] SELECT * FROM `yp_mod` WHERE  `id` IN (1,10,0,12,3,2) [ RunTime:0.000371s ]
[2023-08-29T07:15:22+08:00][sql] SHOW FULL COLUMNS FROM `yp_category` [ RunTime:0.001633s ]
[2023-08-29T07:15:22+08:00][sql] SELECT * FROM `yp_category` ORDER BY `sort` ASC,`id` ASC [ RunTime:0.000391s ]
[2023-08-29T07:15:49+08:00][sql] CONNECT:[ UseTime:0.014410s ] mysql:host=127.0.0.1;port=3306;dbname=qiye;charset=utf8
[2023-08-29T07:15:49+08:00][sql] SHOW FULL COLUMNS FROM `yp_admin` [ RunTime:0.001744s ]
[2023-08-29T07:15:49+08:00][sql] SELECT `id`,`username`,`status`,`create_time`,`update_time`,`truename`,`mobile`,`last_ip`,`myrules` FROM `yp_admin` WHERE  `id` = 1 LIMIT 1 [ RunTime:0.000409s ]
[2023-08-29T07:15:49+08:00][sql] SHOW FULL COLUMNS FROM `yp_roles` [ RunTime:0.001493s ]
[2023-08-29T07:15:49+08:00][sql] SHOW FULL COLUMNS FROM `yp_access` [ RunTime:0.001361s ]
[2023-08-29T07:15:49+08:00][sql] SELECT `yp_roles`.*,`pivot`.`id` AS `pivot__id`,`pivot`.`admin_id` AS `pivot__admin_id`,`pivot`.`roles_id` AS `pivot__roles_id` FROM `yp_roles` INNER JOIN `yp_access` `pivot` ON `pivot`.`roles_id`=`yp_roles`.`id` WHERE  `pivot`.`admin_id` = '1' [ RunTime:0.000403s ]
[2023-08-29T07:15:49+08:00][sql] SHOW FULL COLUMNS FROM `yp_rule` [ RunTime:0.001469s ]
[2023-08-29T07:15:49+08:00][sql] SELECT `id`,`path`,`type`,`status`,`pid`,`sort`,`mod_id`,`title`,`icon` FROM `yp_rule` ORDER BY `sort` ASC [ RunTime:0.000423s ]
[2023-08-29T07:15:49+08:00][sql] SHOW FULL COLUMNS FROM `yp_mod` [ RunTime:0.001455s ]
[2023-08-29T07:15:49+08:00][sql] SELECT * FROM `yp_mod` WHERE  `id` IN (1,10,0,12,3,2) [ RunTime:0.000420s ]
[2023-08-29T07:15:49+08:00][sql] CONNECT:[ UseTime:0.021991s ] mysql:host=127.0.0.1;port=3306;dbname=qiye;charset=utf8
[2023-08-29T07:15:49+08:00][sql] SHOW FULL COLUMNS FROM `yp_admin` [ RunTime:0.001649s ]
[2023-08-29T07:15:49+08:00][sql] SELECT `id`,`username`,`status`,`create_time`,`update_time`,`truename`,`mobile`,`last_ip`,`myrules` FROM `yp_admin` WHERE  `id` = 1 LIMIT 1 [ RunTime:0.000386s ]
[2023-08-29T07:15:49+08:00][sql] SHOW FULL COLUMNS FROM `yp_roles` [ RunTime:0.001544s ]
[2023-08-29T07:15:49+08:00][sql] SHOW FULL COLUMNS FROM `yp_access` [ RunTime:0.001694s ]
[2023-08-29T07:15:49+08:00][sql] SELECT `yp_roles`.*,`pivot`.`id` AS `pivot__id`,`pivot`.`admin_id` AS `pivot__admin_id`,`pivot`.`roles_id` AS `pivot__roles_id` FROM `yp_roles` INNER JOIN `yp_access` `pivot` ON `pivot`.`roles_id`=`yp_roles`.`id` WHERE  `pivot`.`admin_id` = '1' [ RunTime:0.000519s ]
[2023-08-29T07:15:49+08:00][sql] SHOW FULL COLUMNS FROM `yp_rule` [ RunTime:0.001678s ]
[2023-08-29T07:15:49+08:00][sql] SELECT `id`,`path`,`type`,`status`,`pid`,`sort`,`mod_id`,`title`,`icon` FROM `yp_rule` ORDER BY `sort` ASC [ RunTime:0.000425s ]
[2023-08-29T07:15:49+08:00][sql] SHOW FULL COLUMNS FROM `yp_mod` [ RunTime:0.001548s ]
[2023-08-29T07:15:49+08:00][sql] SELECT * FROM `yp_mod` WHERE  `id` IN (1,10,0,12,3,2) [ RunTime:0.000475s ]
[2023-08-29T07:15:49+08:00][sql] SHOW FULL COLUMNS FROM `yp_member` [ RunTime:0.011926s ]
[2023-08-29T07:15:49+08:00][sql] SELECT COUNT(*) AS think_count FROM `yp_member` LIMIT 1 [ RunTime:0.001760s ]
[2023-08-29T07:15:49+08:00][sql] SELECT * FROM `yp_member` LIMIT 0,10 [ RunTime:0.000290s ]
[2023-08-29T07:15:52+08:00][sql] CONNECT:[ UseTime:0.013429s ] mysql:host=127.0.0.1;port=3306;dbname=qiye;charset=utf8
[2023-08-29T07:15:52+08:00][sql] SHOW FULL COLUMNS FROM `yp_admin` [ RunTime:0.000734s ]
[2023-08-29T07:15:52+08:00][sql] SELECT `id`,`username`,`status`,`create_time`,`update_time`,`truename`,`mobile`,`last_ip`,`myrules` FROM `yp_admin` WHERE  `id` = 1 LIMIT 1 [ RunTime:0.000383s ]
[2023-08-29T07:15:52+08:00][sql] SHOW FULL COLUMNS FROM `yp_roles` [ RunTime:0.001440s ]
[2023-08-29T07:15:52+08:00][sql] SHOW FULL COLUMNS FROM `yp_access` [ RunTime:0.001477s ]
[2023-08-29T07:15:52+08:00][sql] SELECT `yp_roles`.*,`pivot`.`id` AS `pivot__id`,`pivot`.`admin_id` AS `pivot__admin_id`,`pivot`.`roles_id` AS `pivot__roles_id` FROM `yp_roles` INNER JOIN `yp_access` `pivot` ON `pivot`.`roles_id`=`yp_roles`.`id` WHERE  `pivot`.`admin_id` = '1' [ RunTime:0.000454s ]
[2023-08-29T07:15:52+08:00][sql] SHOW FULL COLUMNS FROM `yp_rule` [ RunTime:0.001622s ]
[2023-08-29T07:15:52+08:00][sql] SELECT `id`,`path`,`type`,`status`,`pid`,`sort`,`mod_id`,`title`,`icon` FROM `yp_rule` ORDER BY `sort` ASC [ RunTime:0.000427s ]
[2023-08-29T07:15:52+08:00][sql] SHOW FULL COLUMNS FROM `yp_mod` [ RunTime:0.001413s ]
[2023-08-29T07:15:52+08:00][sql] SELECT * FROM `yp_mod` WHERE  `id` IN (1,10,0,12,3,2) [ RunTime:0.000410s ]
[2023-08-29T07:15:53+08:00][sql] CONNECT:[ UseTime:0.010044s ] mysql:host=127.0.0.1;port=3306;dbname=qiye;charset=utf8
[2023-08-29T07:15:53+08:00][sql] SHOW FULL COLUMNS FROM `yp_admin` [ RunTime:0.000807s ]
[2023-08-29T07:15:53+08:00][sql] SELECT `id`,`username`,`status`,`create_time`,`update_time`,`truename`,`mobile`,`last_ip`,`myrules` FROM `yp_admin` WHERE  `id` = 1 LIMIT 1 [ RunTime:0.000443s ]
[2023-08-29T07:15:53+08:00][sql] SHOW FULL COLUMNS FROM `yp_roles` [ RunTime:0.000714s ]
[2023-08-29T07:15:53+08:00][sql] SHOW FULL COLUMNS FROM `yp_access` [ RunTime:0.000584s ]
[2023-08-29T07:15:53+08:00][sql] SELECT `yp_roles`.*,`pivot`.`id` AS `pivot__id`,`pivot`.`admin_id` AS `pivot__admin_id`,`pivot`.`roles_id` AS `pivot__roles_id` FROM `yp_roles` INNER JOIN `yp_access` `pivot` ON `pivot`.`roles_id`=`yp_roles`.`id` WHERE  `pivot`.`admin_id` = '1' [ RunTime:0.000420s ]
[2023-08-29T07:15:53+08:00][sql] SHOW FULL COLUMNS FROM `yp_rule` [ RunTime:0.000667s ]
[2023-08-29T07:15:53+08:00][sql] SELECT `id`,`path`,`type`,`status`,`pid`,`sort`,`mod_id`,`title`,`icon` FROM `yp_rule` ORDER BY `sort` ASC [ RunTime:0.000387s ]
[2023-08-29T07:15:53+08:00][sql] SHOW FULL COLUMNS FROM `yp_mod` [ RunTime:0.000617s ]
[2023-08-29T07:15:53+08:00][sql] SELECT * FROM `yp_mod` WHERE  `id` IN (1,10,0,12,3,2) [ RunTime:0.000414s ]
[2023-08-29T07:15:53+08:00][sql] SHOW FULL COLUMNS FROM `yp_cols` [ RunTime:0.011303s ]
[2023-08-29T07:15:53+08:00][sql] SELECT COUNT(*) AS think_count FROM `yp_cols` LIMIT 1 [ RunTime:0.000696s ]
[2023-08-29T07:15:53+08:00][sql] SELECT * FROM `yp_cols` ORDER BY `sort` ASC,`id` DESC LIMIT 0,30 [ RunTime:0.000495s ]
[2023-08-29T07:15:53+08:00][sql] CONNECT:[ UseTime:0.013575s ] mysql:host=127.0.0.1;port=3306;dbname=qiye;charset=utf8
[2023-08-29T07:15:53+08:00][sql] SHOW FULL COLUMNS FROM `yp_admin` [ RunTime:0.000731s ]
[2023-08-29T07:15:53+08:00][sql] SELECT `id`,`username`,`status`,`create_time`,`update_time`,`truename`,`mobile`,`last_ip`,`myrules` FROM `yp_admin` WHERE  `id` = 1 LIMIT 1 [ RunTime:0.000398s ]
[2023-08-29T07:15:53+08:00][sql] SHOW FULL COLUMNS FROM `yp_roles` [ RunTime:0.000577s ]
[2023-08-29T07:15:53+08:00][sql] SHOW FULL COLUMNS FROM `yp_access` [ RunTime:0.000591s ]
[2023-08-29T07:15:53+08:00][sql] SELECT `yp_roles`.*,`pivot`.`id` AS `pivot__id`,`pivot`.`admin_id` AS `pivot__admin_id`,`pivot`.`roles_id` AS `pivot__roles_id` FROM `yp_roles` INNER JOIN `yp_access` `pivot` ON `pivot`.`roles_id`=`yp_roles`.`id` WHERE  `pivot`.`admin_id` = '1' [ RunTime:0.000409s ]
[2023-08-29T07:15:53+08:00][sql] SHOW FULL COLUMNS FROM `yp_rule` [ RunTime:0.000616s ]
[2023-08-29T07:15:53+08:00][sql] SELECT `id`,`path`,`type`,`status`,`pid`,`sort`,`mod_id`,`title`,`icon` FROM `yp_rule` ORDER BY `sort` ASC [ RunTime:0.000500s ]
[2023-08-29T07:15:53+08:00][sql] SHOW FULL COLUMNS FROM `yp_mod` [ RunTime:0.000751s ]
[2023-08-29T07:15:53+08:00][sql] SELECT * FROM `yp_mod` WHERE  `id` IN (1,10,0,12,3,2) [ RunTime:0.000474s ]
[2023-08-29T07:15:54+08:00][sql] CONNECT:[ UseTime:0.023159s ] mysql:host=127.0.0.1;port=3306;dbname=qiye;charset=utf8
[2023-08-29T07:15:54+08:00][sql] SHOW FULL COLUMNS FROM `yp_admin` [ RunTime:0.000688s ]
[2023-08-29T07:15:54+08:00][sql] SELECT `id`,`username`,`status`,`create_time`,`update_time`,`truename`,`mobile`,`last_ip`,`myrules` FROM `yp_admin` WHERE  `id` = 1 LIMIT 1 [ RunTime:0.000367s ]
[2023-08-29T07:15:54+08:00][sql] SHOW FULL COLUMNS FROM `yp_roles` [ RunTime:0.000600s ]
[2023-08-29T07:15:54+08:00][sql] SHOW FULL COLUMNS FROM `yp_access` [ RunTime:0.000571s ]
[2023-08-29T07:15:54+08:00][sql] SELECT `yp_roles`.*,`pivot`.`id` AS `pivot__id`,`pivot`.`admin_id` AS `pivot__admin_id`,`pivot`.`roles_id` AS `pivot__roles_id` FROM `yp_roles` INNER JOIN `yp_access` `pivot` ON `pivot`.`roles_id`=`yp_roles`.`id` WHERE  `pivot`.`admin_id` = '1' [ RunTime:0.000395s ]
[2023-08-29T07:15:54+08:00][sql] SHOW FULL COLUMNS FROM `yp_rule` [ RunTime:0.000597s ]
[2023-08-29T07:15:54+08:00][sql] SELECT `id`,`path`,`type`,`status`,`pid`,`sort`,`mod_id`,`title`,`icon` FROM `yp_rule` ORDER BY `sort` ASC [ RunTime:0.000384s ]
[2023-08-29T07:15:54+08:00][sql] SHOW FULL COLUMNS FROM `yp_mod` [ RunTime:0.000613s ]
[2023-08-29T07:15:54+08:00][sql] SELECT * FROM `yp_mod` WHERE  `id` IN (1,10,0,12,3,2) [ RunTime:0.000404s ]
[2023-08-29T07:15:54+08:00][sql] SHOW FULL COLUMNS FROM `yp_cols` [ RunTime:0.001472s ]
[2023-08-29T07:15:54+08:00][sql] SELECT COUNT(*) AS think_count FROM `yp_cols` LIMIT 1 [ RunTime:0.000331s ]
[2023-08-29T07:15:54+08:00][sql] SELECT * FROM `yp_cols` ORDER BY `sort` ASC,`id` DESC LIMIT 0,30 [ RunTime:0.000533s ]
[2023-08-29T07:15:54+08:00][sql] CONNECT:[ UseTime:0.023866s ] mysql:host=127.0.0.1;port=3306;dbname=qiye;charset=utf8
[2023-08-29T07:15:54+08:00][sql] SHOW FULL COLUMNS FROM `yp_admin` [ RunTime:0.000725s ]
[2023-08-29T07:15:54+08:00][sql] SELECT `id`,`username`,`status`,`create_time`,`update_time`,`truename`,`mobile`,`last_ip`,`myrules` FROM `yp_admin` WHERE  `id` = 1 LIMIT 1 [ RunTime:0.000388s ]
[2023-08-29T07:15:54+08:00][sql] SHOW FULL COLUMNS FROM `yp_roles` [ RunTime:0.000601s ]
[2023-08-29T07:15:54+08:00][sql] SHOW FULL COLUMNS FROM `yp_access` [ RunTime:0.000569s ]
[2023-08-29T07:15:54+08:00][sql] SELECT `yp_roles`.*,`pivot`.`id` AS `pivot__id`,`pivot`.`admin_id` AS `pivot__admin_id`,`pivot`.`roles_id` AS `pivot__roles_id` FROM `yp_roles` INNER JOIN `yp_access` `pivot` ON `pivot`.`roles_id`=`yp_roles`.`id` WHERE  `pivot`.`admin_id` = '1' [ RunTime:0.000390s ]
[2023-08-29T07:15:54+08:00][sql] SHOW FULL COLUMNS FROM `yp_rule` [ RunTime:0.000606s ]
[2023-08-29T07:15:54+08:00][sql] SELECT `id`,`path`,`type`,`status`,`pid`,`sort`,`mod_id`,`title`,`icon` FROM `yp_rule` ORDER BY `sort` ASC [ RunTime:0.000392s ]
[2023-08-29T07:15:54+08:00][sql] SHOW FULL COLUMNS FROM `yp_mod` [ RunTime:0.000894s ]
[2023-08-29T07:15:54+08:00][sql] SELECT * FROM `yp_mod` WHERE  `id` IN (1,10,0,12,3,2) [ RunTime:0.000535s ]
[2023-08-29T07:15:54+08:00][sql] SELECT * FROM `yp_mod` ORDER BY `sort` ASC [ RunTime:0.000453s ]
[2023-08-29T07:15:57+08:00][sql] CONNECT:[ UseTime:0.011723s ] mysql:host=127.0.0.1;port=3306;dbname=qiye;charset=utf8
[2023-08-29T07:15:57+08:00][sql] SHOW FULL COLUMNS FROM `yp_admin` [ RunTime:0.000724s ]
[2023-08-29T07:15:57+08:00][sql] SELECT `id`,`username`,`status`,`create_time`,`update_time`,`truename`,`mobile`,`last_ip`,`myrules` FROM `yp_admin` WHERE  `id` = 1 LIMIT 1 [ RunTime:0.000389s ]
[2023-08-29T07:15:57+08:00][sql] SHOW FULL COLUMNS FROM `yp_roles` [ RunTime:0.000638s ]
[2023-08-29T07:15:57+08:00][sql] SHOW FULL COLUMNS FROM `yp_access` [ RunTime:0.000602s ]
[2023-08-29T07:15:57+08:00][sql] SELECT `yp_roles`.*,`pivot`.`id` AS `pivot__id`,`pivot`.`admin_id` AS `pivot__admin_id`,`pivot`.`roles_id` AS `pivot__roles_id` FROM `yp_roles` INNER JOIN `yp_access` `pivot` ON `pivot`.`roles_id`=`yp_roles`.`id` WHERE  `pivot`.`admin_id` = '1' [ RunTime:0.000423s ]
[2023-08-29T07:15:57+08:00][sql] SHOW FULL COLUMNS FROM `yp_rule` [ RunTime:0.000645s ]
[2023-08-29T07:15:57+08:00][sql] SELECT `id`,`path`,`type`,`status`,`pid`,`sort`,`mod_id`,`title`,`icon` FROM `yp_rule` ORDER BY `sort` ASC [ RunTime:0.000392s ]
[2023-08-29T07:15:57+08:00][sql] SHOW FULL COLUMNS FROM `yp_mod` [ RunTime:0.000590s ]
[2023-08-29T07:15:57+08:00][sql] SELECT * FROM `yp_mod` WHERE  `id` IN (1,10,0,12,3,2) [ RunTime:0.000424s ]
[2023-08-29T07:15:57+08:00][sql] SELECT * FROM `yp_mod` WHERE  `name` = 'gtype' LIMIT 1 [ RunTime:0.000384s ]
[2023-08-29T07:16:03+08:00][sql] CONNECT:[ UseTime:0.015087s ] mysql:host=127.0.0.1;port=3306;dbname=qiye;charset=utf8
[2023-08-29T07:16:03+08:00][sql] SHOW FULL COLUMNS FROM `yp_admin` [ RunTime:0.000791s ]
[2023-08-29T07:16:03+08:00][sql] SELECT `id`,`username`,`status`,`create_time`,`update_time`,`truename`,`mobile`,`last_ip`,`myrules` FROM `yp_admin` WHERE  `id` = 1 LIMIT 1 [ RunTime:0.000411s ]
[2023-08-29T07:16:03+08:00][sql] SHOW FULL COLUMNS FROM `yp_roles` [ RunTime:0.000616s ]
[2023-08-29T07:16:03+08:00][sql] SHOW FULL COLUMNS FROM `yp_access` [ RunTime:0.000571s ]
[2023-08-29T07:16:03+08:00][sql] SELECT `yp_roles`.*,`pivot`.`id` AS `pivot__id`,`pivot`.`admin_id` AS `pivot__admin_id`,`pivot`.`roles_id` AS `pivot__roles_id` FROM `yp_roles` INNER JOIN `yp_access` `pivot` ON `pivot`.`roles_id`=`yp_roles`.`id` WHERE  `pivot`.`admin_id` = '1' [ RunTime:0.000417s ]
[2023-08-29T07:16:03+08:00][sql] SHOW FULL COLUMNS FROM `yp_rule` [ RunTime:0.000616s ]
[2023-08-29T07:16:03+08:00][sql] SELECT `id`,`path`,`type`,`status`,`pid`,`sort`,`mod_id`,`title`,`icon` FROM `yp_rule` ORDER BY `sort` ASC [ RunTime:0.000405s ]
[2023-08-29T07:16:03+08:00][sql] SHOW FULL COLUMNS FROM `yp_mod` [ RunTime:0.000635s ]
[2023-08-29T07:16:03+08:00][sql] SELECT * FROM `yp_mod` WHERE  `id` IN (1,10,0,12,3,2) [ RunTime:0.000395s ]
[2023-08-29T07:16:03+08:00][sql] SELECT * FROM `yp_mod` WHERE  `id` = 14 LIMIT 1 [ RunTime:0.000470s ]
[2023-08-29T07:16:03+08:00][sql] SELECT * FROM `yp_mod` WHERE  `id` = 14 LIMIT 1 [ RunTime:0.000483s ]
[2023-08-29T07:16:03+08:00][sql] SELECT * FROM information_schema.columns WHERE TABLE_SCHEMA='qiye' AND TABLE_NAME = 'yp_gtype' AND COLUMN_NAME = 'title' [ RunTime:0.011623s ]
[2023-08-29T07:16:03+08:00][sql] ALTER TABLE yp_gtype ADD `title` VARCHAR(255) DEFAULT '''' COMMENT '标题' [ RunTime:0.068359s ]
[2023-08-29T07:16:03+08:00][sql] UPDATE `yp_mod`  SET `modcolumn` = '[{\"id\":\"1693264561099\",\"alias\":\"\\u6807\\u9898\",\"name\":\"title\",\"type\":\"VARCHAR\",\"length\":\"255\",\"defvalue\":\"\'\'\",\"formitem\":\"input\",\"extends\":\"\",\"colwidth\":\"1\",\"prefix\":\"\",\"suffix\":\"\",\"sort\":\"0\",\"tips\":\"\",\"groupindex\":\"0\"}]'  WHERE  `id` = 14 [ RunTime:0.001400s ]
[2023-08-29T07:16:18+08:00][sql] CONNECT:[ UseTime:0.012768s ] mysql:host=127.0.0.1;port=3306;dbname=qiye;charset=utf8
[2023-08-29T07:16:18+08:00][sql] SHOW FULL COLUMNS FROM `yp_admin` [ RunTime:0.000731s ]
[2023-08-29T07:16:18+08:00][sql] SELECT `id`,`username`,`status`,`create_time`,`update_time`,`truename`,`mobile`,`last_ip`,`myrules` FROM `yp_admin` WHERE  `id` = 1 LIMIT 1 [ RunTime:0.000409s ]
[2023-08-29T07:16:18+08:00][sql] SHOW FULL COLUMNS FROM `yp_roles` [ RunTime:0.000632s ]
[2023-08-29T07:16:18+08:00][sql] SHOW FULL COLUMNS FROM `yp_access` [ RunTime:0.000600s ]
[2023-08-29T07:16:18+08:00][sql] SELECT `yp_roles`.*,`pivot`.`id` AS `pivot__id`,`pivot`.`admin_id` AS `pivot__admin_id`,`pivot`.`roles_id` AS `pivot__roles_id` FROM `yp_roles` INNER JOIN `yp_access` `pivot` ON `pivot`.`roles_id`=`yp_roles`.`id` WHERE  `pivot`.`admin_id` = '1' [ RunTime:0.000402s ]
[2023-08-29T07:16:18+08:00][sql] SHOW FULL COLUMNS FROM `yp_rule` [ RunTime:0.000636s ]
[2023-08-29T07:16:18+08:00][sql] SELECT `id`,`path`,`type`,`status`,`pid`,`sort`,`mod_id`,`title`,`icon` FROM `yp_rule` ORDER BY `sort` ASC [ RunTime:0.000422s ]
[2023-08-29T07:16:18+08:00][sql] SHOW FULL COLUMNS FROM `yp_mod` [ RunTime:0.000626s ]
[2023-08-29T07:16:18+08:00][sql] SELECT * FROM `yp_mod` WHERE  `id` IN (1,10,0,12,3,2) [ RunTime:0.000417s ]
[2023-08-29T07:16:18+08:00][sql] SHOW FULL COLUMNS FROM `yp_sitepro` [ RunTime:0.001747s ]
[2023-08-29T07:16:18+08:00][sql] SELECT * FROM `yp_sitepro` WHERE  `id` = 1 LIMIT 1 [ RunTime:0.000439s ]
[2023-08-29T07:16:18+08:00][sql] CONNECT:[ UseTime:0.023063s ] mysql:host=127.0.0.1;port=3306;dbname=qiye;charset=utf8
[2023-08-29T07:16:18+08:00][sql] SHOW FULL COLUMNS FROM `yp_admin` [ RunTime:0.000711s ]
[2023-08-29T07:16:18+08:00][sql] SELECT `id`,`username`,`status`,`create_time`,`update_time`,`truename`,`mobile`,`last_ip`,`myrules` FROM `yp_admin` WHERE  `id` = 1 LIMIT 1 [ RunTime:0.000428s ]
[2023-08-29T07:16:18+08:00][sql] SHOW FULL COLUMNS FROM `yp_roles` [ RunTime:0.000683s ]
[2023-08-29T07:16:18+08:00][sql] SHOW FULL COLUMNS FROM `yp_access` [ RunTime:0.000596s ]
[2023-08-29T07:16:18+08:00][sql] SELECT `yp_roles`.*,`pivot`.`id` AS `pivot__id`,`pivot`.`admin_id` AS `pivot__admin_id`,`pivot`.`roles_id` AS `pivot__roles_id` FROM `yp_roles` INNER JOIN `yp_access` `pivot` ON `pivot`.`roles_id`=`yp_roles`.`id` WHERE  `pivot`.`admin_id` = '1' [ RunTime:0.000420s ]
[2023-08-29T07:16:18+08:00][sql] SHOW FULL COLUMNS FROM `yp_rule` [ RunTime:0.000626s ]
[2023-08-29T07:16:18+08:00][sql] SELECT `id`,`path`,`type`,`status`,`pid`,`sort`,`mod_id`,`title`,`icon` FROM `yp_rule` ORDER BY `sort` ASC [ RunTime:0.000395s ]
[2023-08-29T07:16:18+08:00][sql] SHOW FULL COLUMNS FROM `yp_mod` [ RunTime:0.000621s ]
[2023-08-29T07:16:18+08:00][sql] SELECT * FROM `yp_mod` WHERE  `id` IN (1,10,0,12,3,2) [ RunTime:0.000426s ]
[2023-08-29T07:16:18+08:00][sql] SHOW FULL COLUMNS FROM `yp_category` [ RunTime:0.000656s ]
[2023-08-29T07:16:18+08:00][sql] SELECT * FROM `yp_category` ORDER BY `sort` ASC,`id` ASC [ RunTime:0.000385s ]
[2023-08-29T07:16:28+08:00][sql] CONNECT:[ UseTime:0.000582s ] mysql:host=127.0.0.1;port=3306;dbname=qiye;charset=utf8
[2023-08-29T07:16:28+08:00][sql] SHOW FULL COLUMNS FROM `yp_admin` [ RunTime:0.000599s ]
[2023-08-29T07:16:28+08:00][sql] SELECT `id`,`username`,`status`,`create_time`,`update_time`,`truename`,`mobile`,`last_ip`,`myrules` FROM `yp_admin` WHERE  `id` = 1 LIMIT 1 [ RunTime:0.000292s ]
[2023-08-29T07:16:28+08:00][sql] SHOW FULL COLUMNS FROM `yp_roles` [ RunTime:0.000696s ]
[2023-08-29T07:16:28+08:00][sql] SHOW FULL COLUMNS FROM `yp_access` [ RunTime:0.000481s ]
[2023-08-29T07:16:28+08:00][sql] SELECT `yp_roles`.*,`pivot`.`id` AS `pivot__id`,`pivot`.`admin_id` AS `pivot__admin_id`,`pivot`.`roles_id` AS `pivot__roles_id` FROM `yp_roles` INNER JOIN `yp_access` `pivot` ON `pivot`.`roles_id`=`yp_roles`.`id` WHERE  `pivot`.`admin_id` = '1' [ RunTime:0.000299s ]
[2023-08-29T07:16:28+08:00][sql] SHOW FULL COLUMNS FROM `yp_rule` [ RunTime:0.000646s ]
[2023-08-29T07:16:28+08:00][sql] SELECT `id`,`path`,`type`,`status`,`pid`,`sort`,`mod_id`,`title`,`icon` FROM `yp_rule` ORDER BY `sort` ASC [ RunTime:0.000295s ]
[2023-08-29T07:16:28+08:00][sql] SHOW FULL COLUMNS FROM `yp_mod` [ RunTime:0.000749s ]
[2023-08-29T07:16:28+08:00][sql] SELECT * FROM `yp_mod` WHERE  `id` IN (1,10,0,12,3,2) [ RunTime:0.000386s ]
[2023-08-29T07:16:29+08:00][sql] CONNECT:[ UseTime:0.000599s ] mysql:host=127.0.0.1;port=3306;dbname=qiye;charset=utf8
[2023-08-29T07:16:29+08:00][sql] SHOW FULL COLUMNS FROM `yp_admin` [ RunTime:0.000634s ]
[2023-08-29T07:16:29+08:00][sql] SELECT `id`,`username`,`status`,`create_time`,`update_time`,`truename`,`mobile`,`last_ip`,`myrules` FROM `yp_admin` WHERE  `id` = 1 LIMIT 1 [ RunTime:0.000393s ]
[2023-08-29T07:16:29+08:00][sql] SHOW FULL COLUMNS FROM `yp_roles` [ RunTime:0.000651s ]
[2023-08-29T07:16:29+08:00][sql] SHOW FULL COLUMNS FROM `yp_access` [ RunTime:0.000497s ]
[2023-08-29T07:16:29+08:00][sql] SELECT `yp_roles`.*,`pivot`.`id` AS `pivot__id`,`pivot`.`admin_id` AS `pivot__admin_id`,`pivot`.`roles_id` AS `pivot__roles_id` FROM `yp_roles` INNER JOIN `yp_access` `pivot` ON `pivot`.`roles_id`=`yp_roles`.`id` WHERE  `pivot`.`admin_id` = '1' [ RunTime:0.000335s ]
[2023-08-29T07:16:29+08:00][sql] SHOW FULL COLUMNS FROM `yp_rule` [ RunTime:0.000660s ]
[2023-08-29T07:16:29+08:00][sql] SELECT `id`,`path`,`type`,`status`,`pid`,`sort`,`mod_id`,`title`,`icon` FROM `yp_rule` ORDER BY `sort` ASC [ RunTime:0.000311s ]
[2023-08-29T07:16:29+08:00][sql] SHOW FULL COLUMNS FROM `yp_mod` [ RunTime:0.000581s ]
[2023-08-29T07:16:29+08:00][sql] SELECT * FROM `yp_mod` WHERE  `id` IN (1,10,0,12,3,2) [ RunTime:0.000385s ]
[2023-08-29T07:16:29+08:00][sql] SHOW FULL COLUMNS FROM `yp_category` [ RunTime:0.000576s ]
[2023-08-29T07:16:29+08:00][sql] SELECT * FROM `yp_category` ORDER BY `sort` ASC,`id` ASC [ RunTime:0.000254s ]
[2023-08-29T07:16:48+08:00][sql] CONNECT:[ UseTime:0.000637s ] mysql:host=127.0.0.1;port=3306;dbname=qiye;charset=utf8
[2023-08-29T07:16:48+08:00][sql] SHOW FULL COLUMNS FROM `yp_admin` [ RunTime:0.000698s ]
[2023-08-29T07:16:48+08:00][sql] SELECT `id`,`username`,`status`,`create_time`,`update_time`,`truename`,`mobile`,`last_ip`,`myrules` FROM `yp_admin` WHERE  `id` = 1 LIMIT 1 [ RunTime:0.000321s ]
[2023-08-29T07:16:48+08:00][sql] SHOW FULL COLUMNS FROM `yp_roles` [ RunTime:0.000686s ]
[2023-08-29T07:16:48+08:00][sql] SHOW FULL COLUMNS FROM `yp_access` [ RunTime:0.000574s ]
[2023-08-29T07:16:48+08:00][sql] SELECT `yp_roles`.*,`pivot`.`id` AS `pivot__id`,`pivot`.`admin_id` AS `pivot__admin_id`,`pivot`.`roles_id` AS `pivot__roles_id` FROM `yp_roles` INNER JOIN `yp_access` `pivot` ON `pivot`.`roles_id`=`yp_roles`.`id` WHERE  `pivot`.`admin_id` = '1' [ RunTime:0.000322s ]
[2023-08-29T07:16:48+08:00][sql] SHOW FULL COLUMNS FROM `yp_rule` [ RunTime:0.000643s ]
[2023-08-29T07:16:48+08:00][sql] SELECT `id`,`path`,`type`,`status`,`pid`,`sort`,`mod_id`,`title`,`icon` FROM `yp_rule` ORDER BY `sort` ASC [ RunTime:0.000299s ]
[2023-08-29T07:16:48+08:00][sql] SHOW FULL COLUMNS FROM `yp_mod` [ RunTime:0.000644s ]
[2023-08-29T07:16:48+08:00][sql] SELECT * FROM `yp_mod` WHERE  `id` IN (1,10,0,12,3,2) [ RunTime:0.000364s ]
[2023-08-29T07:16:48+08:00][sql] CONNECT:[ UseTime:0.000555s ] mysql:host=127.0.0.1;port=3306;dbname=qiye;charset=utf8
[2023-08-29T07:16:48+08:00][sql] SHOW FULL COLUMNS FROM `yp_admin` [ RunTime:0.000580s ]
[2023-08-29T07:16:48+08:00][sql] SELECT `id`,`username`,`status`,`create_time`,`update_time`,`truename`,`mobile`,`last_ip`,`myrules` FROM `yp_admin` WHERE  `id` = 1 LIMIT 1 [ RunTime:0.000283s ]
[2023-08-29T07:16:48+08:00][sql] SHOW FULL COLUMNS FROM `yp_roles` [ RunTime:0.000777s ]
[2023-08-29T07:16:48+08:00][sql] SHOW FULL COLUMNS FROM `yp_access` [ RunTime:0.000728s ]
[2023-08-29T07:16:48+08:00][sql] SELECT `yp_roles`.*,`pivot`.`id` AS `pivot__id`,`pivot`.`admin_id` AS `pivot__admin_id`,`pivot`.`roles_id` AS `pivot__roles_id` FROM `yp_roles` INNER JOIN `yp_access` `pivot` ON `pivot`.`roles_id`=`yp_roles`.`id` WHERE  `pivot`.`admin_id` = '1' [ RunTime:0.000421s ]
[2023-08-29T07:16:48+08:00][sql] SHOW FULL COLUMNS FROM `yp_rule` [ RunTime:0.000628s ]
[2023-08-29T07:16:48+08:00][sql] SELECT `id`,`path`,`type`,`status`,`pid`,`sort`,`mod_id`,`title`,`icon` FROM `yp_rule` ORDER BY `sort` ASC [ RunTime:0.000379s ]
[2023-08-29T07:16:48+08:00][sql] SHOW FULL COLUMNS FROM `yp_mod` [ RunTime:0.000685s ]
[2023-08-29T07:16:48+08:00][sql] SELECT * FROM `yp_mod` WHERE  `id` IN (1,10,0,12,3,2) [ RunTime:0.000597s ]
[2023-08-29T07:16:48+08:00][sql] SHOW FULL COLUMNS FROM `yp_category` [ RunTime:0.001644s ]
[2023-08-29T07:16:48+08:00][sql] SELECT * FROM `yp_category` ORDER BY `sort` ASC,`id` ASC [ RunTime:0.000466s ]
