[2023-12-05T19:43:13+08:00][sql] CONNECT:[ UseTime:0.001573s ] mysql:host=127.0.0.1;port=3306;dbname=qiye;charset=utf8
[2023-12-05T19:43:13+08:00][sql] SHOW FULL COLUMNS FROM `yp_admin` [ RunTime:0.003448s ]
[2023-12-05T19:43:13+08:00][sql] SELECT * FROM `yp_admin` WHERE  `username` = 'admin'  AND `status` = 1 LIMIT 1 [ RunTime:0.000707s ]
[2023-12-05T19:43:13+08:00][sql] CONNECT:[ UseTime:0.001585s ] mysql:host=127.0.0.1;port=3306;dbname=qiye;charset=utf8
[2023-12-05T19:43:13+08:00][sql] SHOW FULL COLUMNS FROM `yp_admin` [ RunTime:0.003775s ]
[2023-12-05T19:43:13+08:00][sql] SELECT `id`,`username`,`status`,`create_time`,`update_time`,`truename`,`mobile`,`last_ip`,`cluderules`,`cludebtn`,`excluderules`,`excludebtn` FROM `yp_admin` WHERE  `id` = 1 LIMIT 1 [ RunTime:0.000980s ]
[2023-12-05T19:43:13+08:00][sql] SHOW FULL COLUMNS FROM `yp_roles` [ RunTime:0.003449s ]
[2023-12-05T19:43:13+08:00][sql] SHOW FULL COLUMNS FROM `yp_access` [ RunTime:0.002229s ]
[2023-12-05T19:43:13+08:00][sql] SELECT `yp_roles`.*,`pivot`.`id` AS `pivot__id`,`pivot`.`admin_id` AS `pivot__admin_id`,`pivot`.`roles_id` AS `pivot__roles_id` FROM `yp_roles` INNER JOIN `yp_access` `pivot` ON `pivot`.`roles_id`=`yp_roles`.`id` WHERE  `pivot`.`admin_id` = '1' [ RunTime:0.001214s ]
[2023-12-05T19:43:13+08:00][sql] SHOW FULL COLUMNS FROM `yp_mod` [ RunTime:0.001827s ]
[2023-12-05T19:43:13+08:00][sql] SELECT `actions`,`name` FROM `yp_mod` [ RunTime:0.000567s ]
[2023-12-05T19:43:13+08:00][sql] SHOW FULL COLUMNS FROM `yp_rule` [ RunTime:0.002462s ]
[2023-12-05T19:43:13+08:00][sql] SELECT `id`,`path`,`type`,`status`,`pid`,`sort`,`mod_id`,`title`,`icon` FROM `yp_rule` ORDER BY `sort` ASC [ RunTime:0.000845s ]
[2023-12-05T19:43:13+08:00][sql] SELECT * FROM `yp_mod` WHERE  `id` IN (1,10,0,12,3,2) [ RunTime:0.001919s ]
[2023-12-05T19:43:13+08:00][sql] SHOW FULL COLUMNS FROM `yp_sitepro` [ RunTime:0.002124s ]
[2023-12-05T19:43:13+08:00][sql] SELECT * FROM `yp_sitepro` WHERE  `id` = 1 LIMIT 1 [ RunTime:0.000854s ]
[2023-12-05T19:43:13+08:00][sql] CONNECT:[ UseTime:0.001359s ] mysql:host=127.0.0.1;port=3306;dbname=qiye;charset=utf8
[2023-12-05T19:43:13+08:00][sql] SHOW FULL COLUMNS FROM `yp_admin` [ RunTime:0.004016s ]
[2023-12-05T19:43:13+08:00][sql] SELECT `id`,`username`,`status`,`create_time`,`update_time`,`truename`,`mobile`,`last_ip`,`cluderules`,`cludebtn`,`excluderules`,`excludebtn` FROM `yp_admin` WHERE  `id` = 1 LIMIT 1 [ RunTime:0.001179s ]
[2023-12-05T19:43:13+08:00][sql] SHOW FULL COLUMNS FROM `yp_roles` [ RunTime:0.001842s ]
[2023-12-05T19:43:13+08:00][sql] SHOW FULL COLUMNS FROM `yp_access` [ RunTime:0.002380s ]
[2023-12-05T19:43:13+08:00][sql] SELECT `yp_roles`.*,`pivot`.`id` AS `pivot__id`,`pivot`.`admin_id` AS `pivot__admin_id`,`pivot`.`roles_id` AS `pivot__roles_id` FROM `yp_roles` INNER JOIN `yp_access` `pivot` ON `pivot`.`roles_id`=`yp_roles`.`id` WHERE  `pivot`.`admin_id` = '1' [ RunTime:0.001008s ]
[2023-12-05T19:43:13+08:00][sql] SHOW FULL COLUMNS FROM `yp_mod` [ RunTime:0.001916s ]
[2023-12-05T19:43:13+08:00][sql] SELECT `actions`,`name` FROM `yp_mod` [ RunTime:0.000527s ]
[2023-12-05T19:43:13+08:00][sql] SHOW FULL COLUMNS FROM `yp_rule` [ RunTime:0.001661s ]
[2023-12-05T19:43:13+08:00][sql] SELECT `id`,`path`,`type`,`status`,`pid`,`sort`,`mod_id`,`title`,`icon` FROM `yp_rule` ORDER BY `sort` ASC [ RunTime:0.000470s ]
[2023-12-05T19:43:13+08:00][sql] SELECT * FROM `yp_mod` WHERE  `id` IN (1,10,0,12,3,2) [ RunTime:0.000507s ]
[2023-12-05T19:43:14+08:00][sql] CONNECT:[ UseTime:0.001293s ] mysql:host=127.0.0.1;port=3306;dbname=qiye;charset=utf8
[2023-12-05T19:43:14+08:00][sql] SHOW FULL COLUMNS FROM `yp_admin` [ RunTime:0.002246s ]
[2023-12-05T19:43:14+08:00][sql] SELECT `id`,`username`,`status`,`create_time`,`update_time`,`truename`,`mobile`,`last_ip`,`cluderules`,`cludebtn`,`excluderules`,`excludebtn` FROM `yp_admin` WHERE  `id` = 1 LIMIT 1 [ RunTime:0.000560s ]
[2023-12-05T19:43:14+08:00][sql] SHOW FULL COLUMNS FROM `yp_roles` [ RunTime:0.000956s ]
[2023-12-05T19:43:14+08:00][sql] SHOW FULL COLUMNS FROM `yp_access` [ RunTime:0.000840s ]
[2023-12-05T19:43:14+08:00][sql] SELECT `yp_roles`.*,`pivot`.`id` AS `pivot__id`,`pivot`.`admin_id` AS `pivot__admin_id`,`pivot`.`roles_id` AS `pivot__roles_id` FROM `yp_roles` INNER JOIN `yp_access` `pivot` ON `pivot`.`roles_id`=`yp_roles`.`id` WHERE  `pivot`.`admin_id` = '1' [ RunTime:0.000461s ]
[2023-12-05T19:43:14+08:00][sql] SHOW FULL COLUMNS FROM `yp_mod` [ RunTime:0.001188s ]
[2023-12-05T19:43:14+08:00][sql] SELECT `actions`,`name` FROM `yp_mod` [ RunTime:0.000185s ]
[2023-12-05T19:43:14+08:00][sql] SHOW FULL COLUMNS FROM `yp_rule` [ RunTime:0.000731s ]
[2023-12-05T19:43:14+08:00][sql] SELECT `id`,`path`,`type`,`status`,`pid`,`sort`,`mod_id`,`title`,`icon` FROM `yp_rule` ORDER BY `sort` ASC [ RunTime:0.000235s ]
[2023-12-05T19:43:14+08:00][sql] SELECT * FROM `yp_mod` WHERE  `id` IN (1,10,0,12,3,2) [ RunTime:0.000253s ]
[2023-12-05T19:43:14+08:00][sql] CONNECT:[ UseTime:0.000792s ] mysql:host=127.0.0.1;port=3306;dbname=qiye;charset=utf8
[2023-12-05T19:43:14+08:00][sql] SHOW FULL COLUMNS FROM `yp_admin` [ RunTime:0.002641s ]
[2023-12-05T19:43:14+08:00][sql] SELECT `id`,`username`,`status`,`create_time`,`update_time`,`truename`,`mobile`,`last_ip`,`cluderules`,`cludebtn`,`excluderules`,`excludebtn` FROM `yp_admin` WHERE  `id` = 1 LIMIT 1 [ RunTime:0.000744s ]
[2023-12-05T19:43:14+08:00][sql] SHOW FULL COLUMNS FROM `yp_roles` [ RunTime:0.001925s ]
[2023-12-05T19:43:14+08:00][sql] SHOW FULL COLUMNS FROM `yp_access` [ RunTime:0.001895s ]
[2023-12-05T19:43:14+08:00][sql] SELECT `yp_roles`.*,`pivot`.`id` AS `pivot__id`,`pivot`.`admin_id` AS `pivot__admin_id`,`pivot`.`roles_id` AS `pivot__roles_id` FROM `yp_roles` INNER JOIN `yp_access` `pivot` ON `pivot`.`roles_id`=`yp_roles`.`id` WHERE  `pivot`.`admin_id` = '1' [ RunTime:0.000727s ]
[2023-12-05T19:43:14+08:00][sql] SHOW FULL COLUMNS FROM `yp_mod` [ RunTime:0.001609s ]
[2023-12-05T19:43:14+08:00][sql] SELECT `actions`,`name` FROM `yp_mod` [ RunTime:0.000314s ]
[2023-12-05T19:43:14+08:00][sql] SHOW FULL COLUMNS FROM `yp_rule` [ RunTime:0.000796s ]
[2023-12-05T19:43:14+08:00][sql] SELECT `id`,`path`,`type`,`status`,`pid`,`sort`,`mod_id`,`title`,`icon` FROM `yp_rule` ORDER BY `sort` ASC [ RunTime:0.000601s ]
[2023-12-05T19:43:14+08:00][sql] SELECT * FROM `yp_mod` WHERE  `id` IN (1,10,0,12,3,2) [ RunTime:0.000571s ]
[2023-12-05T19:43:14+08:00][sql] CONNECT:[ UseTime:0.001142s ] mysql:host=127.0.0.1;port=3306;dbname=qiye;charset=utf8
[2023-12-05T19:43:14+08:00][sql] SHOW FULL COLUMNS FROM `yp_admin` [ RunTime:0.002293s ]
[2023-12-05T19:43:14+08:00][sql] SELECT `id`,`username`,`status`,`create_time`,`update_time`,`truename`,`mobile`,`last_ip`,`cluderules`,`cludebtn`,`excluderules`,`excludebtn` FROM `yp_admin` WHERE  `id` = 1 LIMIT 1 [ RunTime:0.000430s ]
[2023-12-05T19:43:14+08:00][sql] SHOW FULL COLUMNS FROM `yp_roles` [ RunTime:0.000972s ]
[2023-12-05T19:43:14+08:00][sql] SHOW FULL COLUMNS FROM `yp_access` [ RunTime:0.001095s ]
[2023-12-05T19:43:14+08:00][sql] SELECT `yp_roles`.*,`pivot`.`id` AS `pivot__id`,`pivot`.`admin_id` AS `pivot__admin_id`,`pivot`.`roles_id` AS `pivot__roles_id` FROM `yp_roles` INNER JOIN `yp_access` `pivot` ON `pivot`.`roles_id`=`yp_roles`.`id` WHERE  `pivot`.`admin_id` = '1' [ RunTime:0.000341s ]
[2023-12-05T19:43:14+08:00][sql] SHOW FULL COLUMNS FROM `yp_mod` [ RunTime:0.012589s ]
[2023-12-05T19:43:14+08:00][sql] SELECT `actions`,`name` FROM `yp_mod` [ RunTime:0.000369s ]
[2023-12-05T19:43:14+08:00][sql] SHOW FULL COLUMNS FROM `yp_rule` [ RunTime:0.000904s ]
[2023-12-05T19:43:14+08:00][sql] SELECT `id`,`path`,`type`,`status`,`pid`,`sort`,`mod_id`,`title`,`icon` FROM `yp_rule` ORDER BY `sort` ASC [ RunTime:0.000293s ]
[2023-12-05T19:43:14+08:00][sql] SELECT * FROM `yp_mod` WHERE  `id` IN (1,10,0,12,3,2) [ RunTime:0.000254s ]
[2023-12-05T19:43:14+08:00][sql] SELECT `id`,`path`,`type`,`status`,`pid`,`sort`,`mod_id`,`title`,`icon` FROM `yp_rule` ORDER BY `sort` ASC [ RunTime:0.000257s ]
[2023-12-05T19:43:14+08:00][sql] SELECT * FROM `yp_mod` WHERE  `id` IN (1,10,0,12,3,2) [ RunTime:0.000263s ]
[2023-12-05T19:43:14+08:00][sql] CONNECT:[ UseTime:0.000692s ] mysql:host=127.0.0.1;port=3306;dbname=qiye;charset=utf8
[2023-12-05T19:43:14+08:00][sql] SHOW FULL COLUMNS FROM `yp_admin` [ RunTime:0.001643s ]
[2023-12-05T19:43:14+08:00][sql] SELECT `id`,`username`,`status`,`create_time`,`update_time`,`truename`,`mobile`,`last_ip`,`cluderules`,`cludebtn`,`excluderules`,`excludebtn` FROM `yp_admin` WHERE  `id` = 1 LIMIT 1 [ RunTime:0.000581s ]
[2023-12-05T19:43:14+08:00][sql] SHOW FULL COLUMNS FROM `yp_roles` [ RunTime:0.001431s ]
[2023-12-05T19:43:14+08:00][sql] SHOW FULL COLUMNS FROM `yp_access` [ RunTime:0.001072s ]
[2023-12-05T19:43:14+08:00][sql] SELECT `yp_roles`.*,`pivot`.`id` AS `pivot__id`,`pivot`.`admin_id` AS `pivot__admin_id`,`pivot`.`roles_id` AS `pivot__roles_id` FROM `yp_roles` INNER JOIN `yp_access` `pivot` ON `pivot`.`roles_id`=`yp_roles`.`id` WHERE  `pivot`.`admin_id` = '1' [ RunTime:0.000410s ]
[2023-12-05T19:43:14+08:00][sql] SHOW FULL COLUMNS FROM `yp_mod` [ RunTime:0.000878s ]
[2023-12-05T19:43:14+08:00][sql] SELECT `actions`,`name` FROM `yp_mod` [ RunTime:0.011469s ]
[2023-12-05T19:43:14+08:00][sql] SHOW FULL COLUMNS FROM `yp_rule` [ RunTime:0.002598s ]
[2023-12-05T19:43:14+08:00][sql] SELECT `id`,`path`,`type`,`status`,`pid`,`sort`,`mod_id`,`title`,`icon` FROM `yp_rule` ORDER BY `sort` ASC [ RunTime:0.000413s ]
[2023-12-05T19:43:14+08:00][sql] SELECT * FROM `yp_mod` WHERE  `id` IN (1,10,0,12,3,2) [ RunTime:0.000457s ]
[2023-12-05T19:43:14+08:00][sql] SHOW FULL COLUMNS FROM `yp_category` [ RunTime:0.001413s ]
[2023-12-05T19:43:14+08:00][sql] SELECT * FROM `yp_category` ORDER BY `sort` ASC,`id` ASC [ RunTime:0.000284s ]
[2023-12-05T19:43:26+08:00][sql] CONNECT:[ UseTime:0.001321s ] mysql:host=127.0.0.1;port=3306;dbname=qiye;charset=utf8
[2023-12-05T19:43:26+08:00][sql] SHOW FULL COLUMNS FROM `yp_admin` [ RunTime:0.003409s ]
[2023-12-05T19:43:26+08:00][sql] SELECT `id`,`username`,`status`,`create_time`,`update_time`,`truename`,`mobile`,`last_ip`,`cluderules`,`cludebtn`,`excluderules`,`excludebtn` FROM `yp_admin` WHERE  `id` = 1 LIMIT 1 [ RunTime:0.000621s ]
[2023-12-05T19:43:26+08:00][sql] SHOW FULL COLUMNS FROM `yp_roles` [ RunTime:0.001107s ]
[2023-12-05T19:43:26+08:00][sql] SHOW FULL COLUMNS FROM `yp_access` [ RunTime:0.001234s ]
[2023-12-05T19:43:26+08:00][sql] SELECT `yp_roles`.*,`pivot`.`id` AS `pivot__id`,`pivot`.`admin_id` AS `pivot__admin_id`,`pivot`.`roles_id` AS `pivot__roles_id` FROM `yp_roles` INNER JOIN `yp_access` `pivot` ON `pivot`.`roles_id`=`yp_roles`.`id` WHERE  `pivot`.`admin_id` = '1' [ RunTime:0.000358s ]
[2023-12-05T19:43:26+08:00][sql] SHOW FULL COLUMNS FROM `yp_mod` [ RunTime:0.001157s ]
[2023-12-05T19:43:26+08:00][sql] SELECT `actions`,`name` FROM `yp_mod` [ RunTime:0.000306s ]
[2023-12-05T19:43:26+08:00][sql] SHOW FULL COLUMNS FROM `yp_rule` [ RunTime:0.001216s ]
[2023-12-05T19:43:26+08:00][sql] SELECT `id`,`path`,`type`,`status`,`pid`,`sort`,`mod_id`,`title`,`icon` FROM `yp_rule` ORDER BY `sort` ASC [ RunTime:0.000446s ]
[2023-12-05T19:43:26+08:00][sql] SELECT * FROM `yp_mod` WHERE  `id` IN (1,10,0,12,3,2) [ RunTime:0.000376s ]
[2023-12-05T19:43:26+08:00][sql] CONNECT:[ UseTime:0.000491s ] mysql:host=127.0.0.1;port=3306;dbname=qiye;charset=utf8
[2023-12-05T19:43:26+08:00][sql] SHOW FULL COLUMNS FROM `yp_admin` [ RunTime:0.001399s ]
[2023-12-05T19:43:26+08:00][sql] SELECT `id`,`username`,`status`,`create_time`,`update_time`,`truename`,`mobile`,`last_ip`,`cluderules`,`cludebtn`,`excluderules`,`excludebtn` FROM `yp_admin` WHERE  `id` = 1 LIMIT 1 [ RunTime:0.000325s ]
[2023-12-05T19:43:26+08:00][sql] SHOW FULL COLUMNS FROM `yp_roles` [ RunTime:0.000933s ]
[2023-12-05T19:43:26+08:00][sql] SHOW FULL COLUMNS FROM `yp_access` [ RunTime:0.000824s ]
[2023-12-05T19:43:26+08:00][sql] SELECT `yp_roles`.*,`pivot`.`id` AS `pivot__id`,`pivot`.`admin_id` AS `pivot__admin_id`,`pivot`.`roles_id` AS `pivot__roles_id` FROM `yp_roles` INNER JOIN `yp_access` `pivot` ON `pivot`.`roles_id`=`yp_roles`.`id` WHERE  `pivot`.`admin_id` = '1' [ RunTime:0.000286s ]
[2023-12-05T19:43:26+08:00][sql] SHOW FULL COLUMNS FROM `yp_mod` [ RunTime:0.000811s ]
[2023-12-05T19:43:26+08:00][sql] SELECT `actions`,`name` FROM `yp_mod` [ RunTime:0.000141s ]
[2023-12-05T19:43:26+08:00][sql] SHOW FULL COLUMNS FROM `yp_rule` [ RunTime:0.000930s ]
[2023-12-05T19:43:26+08:00][sql] SELECT `id`,`path`,`type`,`status`,`pid`,`sort`,`mod_id`,`title`,`icon` FROM `yp_rule` ORDER BY `sort` ASC [ RunTime:0.000305s ]
[2023-12-05T19:43:26+08:00][sql] SELECT * FROM `yp_mod` WHERE  `id` IN (1,10,0,12,3,2) [ RunTime:0.000235s ]
[2023-12-05T19:43:26+08:00][sql] SHOW FULL COLUMNS FROM `yp_member` [ RunTime:0.001208s ]
[2023-12-05T19:43:26+08:00][sql] SELECT COUNT(*) AS think_count FROM `yp_member` [ RunTime:0.006684s ]
[2023-12-05T19:43:26+08:00][sql] SELECT * FROM `yp_member` LIMIT 0,10 [ RunTime:0.000277s ]
[2023-12-05T19:44:28+08:00][sql] CONNECT:[ UseTime:0.001320s ] mysql:host=127.0.0.1;port=3306;dbname=qiye;charset=utf8
[2023-12-05T19:44:28+08:00][sql] SHOW FULL COLUMNS FROM `yp_admin` [ RunTime:0.001891s ]
[2023-12-05T19:44:28+08:00][sql] SELECT * FROM `yp_admin` WHERE  `username` = 'admin'  AND `status` = 1 LIMIT 1 [ RunTime:0.000368s ]
[2023-12-05T19:44:28+08:00][sql] CONNECT:[ UseTime:0.000736s ] mysql:host=127.0.0.1;port=3306;dbname=qiye;charset=utf8
[2023-12-05T19:44:28+08:00][sql] SHOW FULL COLUMNS FROM `yp_admin` [ RunTime:0.002814s ]
[2023-12-05T19:44:28+08:00][sql] SELECT `id`,`username`,`status`,`create_time`,`update_time`,`truename`,`mobile`,`last_ip`,`cluderules`,`cludebtn`,`excluderules`,`excludebtn` FROM `yp_admin` WHERE  `id` = 1 LIMIT 1 [ RunTime:0.000583s ]
[2023-12-05T19:44:28+08:00][sql] SHOW FULL COLUMNS FROM `yp_roles` [ RunTime:0.002137s ]
[2023-12-05T19:44:28+08:00][sql] SHOW FULL COLUMNS FROM `yp_access` [ RunTime:0.001561s ]
[2023-12-05T19:44:28+08:00][sql] SELECT `yp_roles`.*,`pivot`.`id` AS `pivot__id`,`pivot`.`admin_id` AS `pivot__admin_id`,`pivot`.`roles_id` AS `pivot__roles_id` FROM `yp_roles` INNER JOIN `yp_access` `pivot` ON `pivot`.`roles_id`=`yp_roles`.`id` WHERE  `pivot`.`admin_id` = '1' [ RunTime:0.000441s ]
[2023-12-05T19:44:28+08:00][sql] SHOW FULL COLUMNS FROM `yp_mod` [ RunTime:0.001357s ]
[2023-12-05T19:44:28+08:00][sql] SELECT `actions`,`name` FROM `yp_mod` [ RunTime:0.000300s ]
[2023-12-05T19:44:28+08:00][sql] SHOW FULL COLUMNS FROM `yp_rule` [ RunTime:0.001338s ]
[2023-12-05T19:44:28+08:00][sql] SELECT `id`,`path`,`type`,`status`,`pid`,`sort`,`mod_id`,`title`,`icon` FROM `yp_rule` ORDER BY `sort` ASC [ RunTime:0.000341s ]
[2023-12-05T19:44:28+08:00][sql] SELECT * FROM `yp_mod` WHERE  `id` IN (1,10,0,12,3,2) [ RunTime:0.000349s ]
[2023-12-05T19:44:28+08:00][sql] SHOW FULL COLUMNS FROM `yp_sitepro` [ RunTime:0.001408s ]
[2023-12-05T19:44:28+08:00][sql] SELECT * FROM `yp_sitepro` WHERE  `id` = 1 LIMIT 1 [ RunTime:0.000398s ]
[2023-12-05T19:44:28+08:00][sql] CONNECT:[ UseTime:0.000593s ] mysql:host=127.0.0.1;port=3306;dbname=qiye;charset=utf8
[2023-12-05T19:44:28+08:00][sql] SHOW FULL COLUMNS FROM `yp_admin` [ RunTime:0.002037s ]
[2023-12-05T19:44:28+08:00][sql] SELECT `id`,`username`,`status`,`create_time`,`update_time`,`truename`,`mobile`,`last_ip`,`cluderules`,`cludebtn`,`excluderules`,`excludebtn` FROM `yp_admin` WHERE  `id` = 1 LIMIT 1 [ RunTime:0.000525s ]
[2023-12-05T19:44:28+08:00][sql] SHOW FULL COLUMNS FROM `yp_roles` [ RunTime:0.001449s ]
[2023-12-05T19:44:28+08:00][sql] SHOW FULL COLUMNS FROM `yp_access` [ RunTime:0.001285s ]
[2023-12-05T19:44:28+08:00][sql] SELECT `yp_roles`.*,`pivot`.`id` AS `pivot__id`,`pivot`.`admin_id` AS `pivot__admin_id`,`pivot`.`roles_id` AS `pivot__roles_id` FROM `yp_roles` INNER JOIN `yp_access` `pivot` ON `pivot`.`roles_id`=`yp_roles`.`id` WHERE  `pivot`.`admin_id` = '1' [ RunTime:0.000508s ]
[2023-12-05T19:44:28+08:00][sql] SHOW FULL COLUMNS FROM `yp_mod` [ RunTime:0.001437s ]
[2023-12-05T19:44:28+08:00][sql] SELECT `actions`,`name` FROM `yp_mod` [ RunTime:0.000309s ]
[2023-12-05T19:44:28+08:00][sql] SHOW FULL COLUMNS FROM `yp_rule` [ RunTime:0.000909s ]
[2023-12-05T19:44:28+08:00][sql] SELECT `id`,`path`,`type`,`status`,`pid`,`sort`,`mod_id`,`title`,`icon` FROM `yp_rule` ORDER BY `sort` ASC [ RunTime:0.000308s ]
[2023-12-05T19:44:28+08:00][sql] SELECT * FROM `yp_mod` WHERE  `id` IN (1,10,0,12,3,2) [ RunTime:0.000268s ]
[2023-12-05T19:44:29+08:00][sql] CONNECT:[ UseTime:0.000674s ] mysql:host=127.0.0.1;port=3306;dbname=qiye;charset=utf8
[2023-12-05T19:44:29+08:00][sql] SHOW FULL COLUMNS FROM `yp_admin` [ RunTime:0.001666s ]
[2023-12-05T19:44:29+08:00][sql] SELECT `id`,`username`,`status`,`create_time`,`update_time`,`truename`,`mobile`,`last_ip`,`cluderules`,`cludebtn`,`excluderules`,`excludebtn` FROM `yp_admin` WHERE  `id` = 1 LIMIT 1 [ RunTime:0.000373s ]
[2023-12-05T19:44:29+08:00][sql] SHOW FULL COLUMNS FROM `yp_roles` [ RunTime:0.000893s ]
[2023-12-05T19:44:29+08:00][sql] SHOW FULL COLUMNS FROM `yp_access` [ RunTime:0.000791s ]
[2023-12-05T19:44:29+08:00][sql] SELECT `yp_roles`.*,`pivot`.`id` AS `pivot__id`,`pivot`.`admin_id` AS `pivot__admin_id`,`pivot`.`roles_id` AS `pivot__roles_id` FROM `yp_roles` INNER JOIN `yp_access` `pivot` ON `pivot`.`roles_id`=`yp_roles`.`id` WHERE  `pivot`.`admin_id` = '1' [ RunTime:0.000313s ]
[2023-12-05T19:44:29+08:00][sql] SHOW FULL COLUMNS FROM `yp_mod` [ RunTime:0.000807s ]
[2023-12-05T19:44:29+08:00][sql] SELECT `actions`,`name` FROM `yp_mod` [ RunTime:0.000695s ]
[2023-12-05T19:44:29+08:00][sql] SHOW FULL COLUMNS FROM `yp_rule` [ RunTime:0.001012s ]
[2023-12-05T19:44:29+08:00][sql] SELECT `id`,`path`,`type`,`status`,`pid`,`sort`,`mod_id`,`title`,`icon` FROM `yp_rule` ORDER BY `sort` ASC [ RunTime:0.010910s ]
[2023-12-05T19:44:29+08:00][sql] SELECT * FROM `yp_mod` WHERE  `id` IN (1,10,0,12,3,2) [ RunTime:0.000408s ]
[2023-12-05T19:44:29+08:00][sql] SELECT `id`,`path`,`type`,`status`,`pid`,`sort`,`mod_id`,`title`,`icon` FROM `yp_rule` ORDER BY `sort` ASC [ RunTime:0.000254s ]
[2023-12-05T19:44:29+08:00][sql] SELECT * FROM `yp_mod` WHERE  `id` IN (1,10,0,12,3,2) [ RunTime:0.000279s ]
[2023-12-05T19:44:29+08:00][sql] CONNECT:[ UseTime:0.001054s ] mysql:host=127.0.0.1;port=3306;dbname=qiye;charset=utf8
[2023-12-05T19:44:29+08:00][sql] SHOW FULL COLUMNS FROM `yp_admin` [ RunTime:0.001405s ]
[2023-12-05T19:44:29+08:00][sql] SELECT `id`,`username`,`status`,`create_time`,`update_time`,`truename`,`mobile`,`last_ip`,`cluderules`,`cludebtn`,`excluderules`,`excludebtn` FROM `yp_admin` WHERE  `id` = 1 LIMIT 1 [ RunTime:0.000350s ]
[2023-12-05T19:44:29+08:00][sql] SHOW FULL COLUMNS FROM `yp_roles` [ RunTime:0.000789s ]
[2023-12-05T19:44:29+08:00][sql] SHOW FULL COLUMNS FROM `yp_access` [ RunTime:0.000693s ]
[2023-12-05T19:44:29+08:00][sql] SELECT `yp_roles`.*,`pivot`.`id` AS `pivot__id`,`pivot`.`admin_id` AS `pivot__admin_id`,`pivot`.`roles_id` AS `pivot__roles_id` FROM `yp_roles` INNER JOIN `yp_access` `pivot` ON `pivot`.`roles_id`=`yp_roles`.`id` WHERE  `pivot`.`admin_id` = '1' [ RunTime:0.000333s ]
[2023-12-05T19:44:29+08:00][sql] SHOW FULL COLUMNS FROM `yp_mod` [ RunTime:0.000743s ]
[2023-12-05T19:44:29+08:00][sql] SELECT `actions`,`name` FROM `yp_mod` [ RunTime:0.000182s ]
[2023-12-05T19:44:29+08:00][sql] SHOW FULL COLUMNS FROM `yp_rule` [ RunTime:0.000815s ]
[2023-12-05T19:44:29+08:00][sql] SELECT `id`,`path`,`type`,`status`,`pid`,`sort`,`mod_id`,`title`,`icon` FROM `yp_rule` ORDER BY `sort` ASC [ RunTime:0.000334s ]
[2023-12-05T19:44:29+08:00][sql] SELECT * FROM `yp_mod` WHERE  `id` IN (1,10,0,12,3,2) [ RunTime:0.000312s ]
[2023-12-05T19:44:29+08:00][sql] SHOW FULL COLUMNS FROM `yp_category` [ RunTime:0.001231s ]
[2023-12-05T19:44:29+08:00][sql] SELECT * FROM `yp_category` ORDER BY `sort` ASC,`id` ASC [ RunTime:0.000309s ]
[2023-12-05T19:48:00+08:00][sql] CONNECT:[ UseTime:0.000444s ] mysql:host=127.0.0.1;port=3306;dbname=qiye;charset=utf8
[2023-12-05T19:48:00+08:00][sql] SHOW FULL COLUMNS FROM `yp_admin` [ RunTime:0.001544s ]
[2023-12-05T19:48:00+08:00][sql] SELECT `id`,`username`,`status`,`create_time`,`update_time`,`truename`,`mobile`,`last_ip`,`cluderules`,`cludebtn`,`excluderules`,`excludebtn` FROM `yp_admin` WHERE  `id` = 1 LIMIT 1 [ RunTime:0.000262s ]
[2023-12-05T19:48:00+08:00][sql] SHOW FULL COLUMNS FROM `yp_roles` [ RunTime:0.012377s ]
[2023-12-05T19:48:00+08:00][sql] SHOW FULL COLUMNS FROM `yp_access` [ RunTime:0.001001s ]
[2023-12-05T19:48:00+08:00][sql] SELECT `yp_roles`.*,`pivot`.`id` AS `pivot__id`,`pivot`.`admin_id` AS `pivot__admin_id`,`pivot`.`roles_id` AS `pivot__roles_id` FROM `yp_roles` INNER JOIN `yp_access` `pivot` ON `pivot`.`roles_id`=`yp_roles`.`id` WHERE  `pivot`.`admin_id` = '1' [ RunTime:0.000313s ]
[2023-12-05T19:48:00+08:00][sql] SHOW FULL COLUMNS FROM `yp_mod` [ RunTime:0.000786s ]
[2023-12-05T19:48:00+08:00][sql] SELECT `actions`,`name` FROM `yp_mod` [ RunTime:0.000190s ]
[2023-12-05T19:48:00+08:00][sql] SHOW FULL COLUMNS FROM `yp_rule` [ RunTime:0.001164s ]
[2023-12-05T19:48:00+08:00][sql] SELECT `id`,`path`,`type`,`status`,`pid`,`sort`,`mod_id`,`title`,`icon` FROM `yp_rule` ORDER BY `sort` ASC [ RunTime:0.000225s ]
[2023-12-05T19:48:00+08:00][sql] SELECT * FROM `yp_mod` WHERE  `id` IN (1,10,0,12,3,2) [ RunTime:0.000250s ]
[2023-12-05T19:48:00+08:00][error] [1]Maximum execution time of 300 seconds exceeded[/Users/zhoushouzhan/Desktop/www/qiye/web/vendor/nyg/holiday/src/Holiday.php:181]
[2023-12-05T19:48:18+08:00][sql] CONNECT:[ UseTime:0.001079s ] mysql:host=127.0.0.1;port=3306;dbname=qiye;charset=utf8
[2023-12-05T19:48:18+08:00][sql] SHOW FULL COLUMNS FROM `yp_admin` [ RunTime:0.003009s ]
[2023-12-05T19:48:18+08:00][sql] SELECT `id`,`username`,`status`,`create_time`,`update_time`,`truename`,`mobile`,`last_ip`,`cluderules`,`cludebtn`,`excluderules`,`excludebtn` FROM `yp_admin` WHERE  `id` = 1 LIMIT 1 [ RunTime:0.000827s ]
[2023-12-05T19:48:18+08:00][sql] SHOW FULL COLUMNS FROM `yp_roles` [ RunTime:0.002095s ]
[2023-12-05T19:48:18+08:00][sql] SHOW FULL COLUMNS FROM `yp_access` [ RunTime:0.001674s ]
[2023-12-05T19:48:18+08:00][sql] SELECT `yp_roles`.*,`pivot`.`id` AS `pivot__id`,`pivot`.`admin_id` AS `pivot__admin_id`,`pivot`.`roles_id` AS `pivot__roles_id` FROM `yp_roles` INNER JOIN `yp_access` `pivot` ON `pivot`.`roles_id`=`yp_roles`.`id` WHERE  `pivot`.`admin_id` = '1' [ RunTime:0.000521s ]
[2023-12-05T19:48:18+08:00][sql] SHOW FULL COLUMNS FROM `yp_mod` [ RunTime:0.001319s ]
[2023-12-05T19:48:18+08:00][sql] SELECT `actions`,`name` FROM `yp_mod` [ RunTime:0.000309s ]
[2023-12-05T19:48:18+08:00][sql] SHOW FULL COLUMNS FROM `yp_rule` [ RunTime:0.001292s ]
[2023-12-05T19:48:18+08:00][sql] SELECT `id`,`path`,`type`,`status`,`pid`,`sort`,`mod_id`,`title`,`icon` FROM `yp_rule` ORDER BY `sort` ASC [ RunTime:0.000320s ]
[2023-12-05T19:48:18+08:00][sql] SELECT * FROM `yp_mod` WHERE  `id` IN (1,10,0,12,3,2) [ RunTime:0.000303s ]
[2023-12-05T19:48:18+08:00][error] [1]Maximum execution time of 300 seconds exceeded[/Users/zhoushouzhan/Desktop/www/qiye/web/vendor/nyg/holiday/src/Holiday.php:168]
[2023-12-05T19:49:16+08:00][sql] CONNECT:[ UseTime:0.001313s ] mysql:host=127.0.0.1;port=3306;dbname=qiye;charset=utf8
[2023-12-05T19:49:16+08:00][sql] SHOW FULL COLUMNS FROM `yp_admin` [ RunTime:0.001801s ]
[2023-12-05T19:49:16+08:00][sql] SELECT `id`,`username`,`status`,`create_time`,`update_time`,`truename`,`mobile`,`last_ip`,`cluderules`,`cludebtn`,`excluderules`,`excludebtn` FROM `yp_admin` WHERE  `id` = 1 LIMIT 1 [ RunTime:0.000442s ]
[2023-12-05T19:49:16+08:00][sql] SHOW FULL COLUMNS FROM `yp_roles` [ RunTime:0.001553s ]
[2023-12-05T19:49:16+08:00][sql] SHOW FULL COLUMNS FROM `yp_access` [ RunTime:0.000854s ]
[2023-12-05T19:49:16+08:00][sql] SELECT `yp_roles`.*,`pivot`.`id` AS `pivot__id`,`pivot`.`admin_id` AS `pivot__admin_id`,`pivot`.`roles_id` AS `pivot__roles_id` FROM `yp_roles` INNER JOIN `yp_access` `pivot` ON `pivot`.`roles_id`=`yp_roles`.`id` WHERE  `pivot`.`admin_id` = '1' [ RunTime:0.000314s ]
[2023-12-05T19:49:16+08:00][sql] SHOW FULL COLUMNS FROM `yp_mod` [ RunTime:0.000852s ]
[2023-12-05T19:49:16+08:00][sql] SELECT `actions`,`name` FROM `yp_mod` [ RunTime:0.000192s ]
[2023-12-05T19:49:16+08:00][sql] SHOW FULL COLUMNS FROM `yp_rule` [ RunTime:0.000807s ]
[2023-12-05T19:49:16+08:00][sql] SELECT `id`,`path`,`type`,`status`,`pid`,`sort`,`mod_id`,`title`,`icon` FROM `yp_rule` ORDER BY `sort` ASC [ RunTime:0.000311s ]
[2023-12-05T19:49:16+08:00][sql] SELECT * FROM `yp_mod` WHERE  `id` IN (1,10,0,12,3,2) [ RunTime:0.000270s ]
[2023-12-05T19:49:16+08:00][error] [1]Maximum execution time of 300 seconds exceeded[/Users/zhoushouzhan/Desktop/www/qiye/web/vendor/nyg/holiday/src/Holiday.php:168]
[2023-12-05T19:49:36+08:00][sql] CONNECT:[ UseTime:0.001062s ] mysql:host=127.0.0.1;port=3306;dbname=qiye;charset=utf8
[2023-12-05T19:49:36+08:00][sql] SHOW FULL COLUMNS FROM `yp_admin` [ RunTime:0.003860s ]
[2023-12-05T19:49:36+08:00][sql] SELECT `id`,`username`,`status`,`create_time`,`update_time`,`truename`,`mobile`,`last_ip`,`cluderules`,`cludebtn`,`excluderules`,`excludebtn` FROM `yp_admin` WHERE  `id` = 1 LIMIT 1 [ RunTime:0.000522s ]
[2023-12-05T19:49:36+08:00][sql] SHOW FULL COLUMNS FROM `yp_roles` [ RunTime:0.000891s ]
[2023-12-05T19:49:36+08:00][sql] SHOW FULL COLUMNS FROM `yp_access` [ RunTime:0.000752s ]
[2023-12-05T19:49:36+08:00][sql] SELECT `yp_roles`.*,`pivot`.`id` AS `pivot__id`,`pivot`.`admin_id` AS `pivot__admin_id`,`pivot`.`roles_id` AS `pivot__roles_id` FROM `yp_roles` INNER JOIN `yp_access` `pivot` ON `pivot`.`roles_id`=`yp_roles`.`id` WHERE  `pivot`.`admin_id` = '1' [ RunTime:0.000283s ]
[2023-12-05T19:49:36+08:00][sql] SHOW FULL COLUMNS FROM `yp_mod` [ RunTime:0.000788s ]
[2023-12-05T19:49:36+08:00][sql] SELECT `actions`,`name` FROM `yp_mod` [ RunTime:0.000202s ]
[2023-12-05T19:49:36+08:00][sql] SHOW FULL COLUMNS FROM `yp_rule` [ RunTime:0.000682s ]
[2023-12-05T19:49:36+08:00][sql] SELECT `id`,`path`,`type`,`status`,`pid`,`sort`,`mod_id`,`title`,`icon` FROM `yp_rule` ORDER BY `sort` ASC [ RunTime:0.000220s ]
[2023-12-05T19:49:36+08:00][sql] SELECT * FROM `yp_mod` WHERE  `id` IN (1,10,0,12,3,2) [ RunTime:0.000247s ]
[2023-12-05T19:49:36+08:00][error] [1]Maximum execution time of 300 seconds exceeded[/Users/zhoushouzhan/Desktop/www/qiye/web/vendor/nyg/holiday/src/Holiday.php:168]
[2023-12-05T19:55:13+08:00][sql] CONNECT:[ UseTime:0.039418s ] mysql:host=127.0.0.1;port=3306;dbname=qiye;charset=utf8
[2023-12-05T19:55:13+08:00][sql] SHOW FULL COLUMNS FROM `yp_admin` [ RunTime:0.051246s ]
[2023-12-05T19:55:13+08:00][sql] SELECT * FROM `yp_admin` WHERE  `username` = 'admin'  AND `status` = 1 LIMIT 1 [ RunTime:0.001928s ]
[2023-12-05T19:55:13+08:00][sql] CONNECT:[ UseTime:0.001996s ] mysql:host=127.0.0.1;port=3306;dbname=qiye;charset=utf8
[2023-12-05T19:55:13+08:00][sql] SHOW FULL COLUMNS FROM `yp_admin` [ RunTime:0.004426s ]
[2023-12-05T19:55:13+08:00][sql] SELECT `id`,`username`,`status`,`create_time`,`update_time`,`truename`,`mobile`,`last_ip`,`cluderules`,`cludebtn`,`excluderules`,`excludebtn` FROM `yp_admin` WHERE  `id` = 1 LIMIT 1 [ RunTime:0.000957s ]
[2023-12-05T19:55:13+08:00][sql] SHOW FULL COLUMNS FROM `yp_roles` [ RunTime:0.002363s ]
[2023-12-05T19:55:13+08:00][sql] SHOW FULL COLUMNS FROM `yp_access` [ RunTime:0.002374s ]
[2023-12-05T19:55:13+08:00][sql] SELECT `yp_roles`.*,`pivot`.`id` AS `pivot__id`,`pivot`.`admin_id` AS `pivot__admin_id`,`pivot`.`roles_id` AS `pivot__roles_id` FROM `yp_roles` INNER JOIN `yp_access` `pivot` ON `pivot`.`roles_id`=`yp_roles`.`id` WHERE  `pivot`.`admin_id` = '1' [ RunTime:0.000978s ]
[2023-12-05T19:55:13+08:00][sql] SHOW FULL COLUMNS FROM `yp_mod` [ RunTime:0.001775s ]
[2023-12-05T19:55:13+08:00][sql] SELECT `actions`,`name` FROM `yp_mod` [ RunTime:0.000594s ]
[2023-12-05T19:55:13+08:00][sql] SHOW FULL COLUMNS FROM `yp_rule` [ RunTime:0.002029s ]
[2023-12-05T19:55:13+08:00][sql] SELECT `id`,`path`,`type`,`status`,`pid`,`sort`,`mod_id`,`title`,`icon` FROM `yp_rule` ORDER BY `sort` ASC [ RunTime:0.000751s ]
[2023-12-05T19:55:13+08:00][sql] SELECT * FROM `yp_mod` WHERE  `id` IN (1,10,0,12,3,2) [ RunTime:0.003366s ]
[2023-12-05T19:55:13+08:00][sql] SHOW FULL COLUMNS FROM `yp_sitepro` [ RunTime:0.014275s ]
[2023-12-05T19:55:13+08:00][sql] SELECT * FROM `yp_sitepro` WHERE  `id` = 1 LIMIT 1 [ RunTime:0.004776s ]
[2023-12-05T19:55:13+08:00][sql] CONNECT:[ UseTime:0.001355s ] mysql:host=127.0.0.1;port=3306;dbname=qiye;charset=utf8
[2023-12-05T19:55:13+08:00][sql] SHOW FULL COLUMNS FROM `yp_admin` [ RunTime:0.002872s ]
[2023-12-05T19:55:13+08:00][sql] SELECT `id`,`username`,`status`,`create_time`,`update_time`,`truename`,`mobile`,`last_ip`,`cluderules`,`cludebtn`,`excluderules`,`excludebtn` FROM `yp_admin` WHERE  `id` = 1 LIMIT 1 [ RunTime:0.000776s ]
[2023-12-05T19:55:13+08:00][sql] SHOW FULL COLUMNS FROM `yp_roles` [ RunTime:0.001855s ]
[2023-12-05T19:55:13+08:00][sql] SHOW FULL COLUMNS FROM `yp_access` [ RunTime:0.001619s ]
[2023-12-05T19:55:13+08:00][sql] SELECT `yp_roles`.*,`pivot`.`id` AS `pivot__id`,`pivot`.`admin_id` AS `pivot__admin_id`,`pivot`.`roles_id` AS `pivot__roles_id` FROM `yp_roles` INNER JOIN `yp_access` `pivot` ON `pivot`.`roles_id`=`yp_roles`.`id` WHERE  `pivot`.`admin_id` = '1' [ RunTime:0.000633s ]
[2023-12-05T19:55:13+08:00][sql] SHOW FULL COLUMNS FROM `yp_mod` [ RunTime:0.001588s ]
[2023-12-05T19:55:13+08:00][sql] SELECT `actions`,`name` FROM `yp_mod` [ RunTime:0.000398s ]
[2023-12-05T19:55:13+08:00][sql] SHOW FULL COLUMNS FROM `yp_rule` [ RunTime:0.001511s ]
[2023-12-05T19:55:13+08:00][sql] SELECT `id`,`path`,`type`,`status`,`pid`,`sort`,`mod_id`,`title`,`icon` FROM `yp_rule` ORDER BY `sort` ASC [ RunTime:0.000466s ]
[2023-12-05T19:55:13+08:00][sql] SELECT * FROM `yp_mod` WHERE  `id` IN (1,10,0,12,3,2) [ RunTime:0.000538s ]
[2023-12-05T19:55:13+08:00][sql] CONNECT:[ UseTime:0.011897s ] mysql:host=127.0.0.1;port=3306;dbname=qiye;charset=utf8
[2023-12-05T19:55:13+08:00][sql] SHOW FULL COLUMNS FROM `yp_admin` [ RunTime:0.002040s ]
[2023-12-05T19:55:13+08:00][sql] SELECT `id`,`username`,`status`,`create_time`,`update_time`,`truename`,`mobile`,`last_ip`,`cluderules`,`cludebtn`,`excluderules`,`excludebtn` FROM `yp_admin` WHERE  `id` = 1 LIMIT 1 [ RunTime:0.000377s ]
[2023-12-05T19:55:13+08:00][sql] SHOW FULL COLUMNS FROM `yp_roles` [ RunTime:0.007910s ]
[2023-12-05T19:55:13+08:00][sql] SHOW FULL COLUMNS FROM `yp_access` [ RunTime:0.001034s ]
[2023-12-05T19:55:13+08:00][sql] SELECT `yp_roles`.*,`pivot`.`id` AS `pivot__id`,`pivot`.`admin_id` AS `pivot__admin_id`,`pivot`.`roles_id` AS `pivot__roles_id` FROM `yp_roles` INNER JOIN `yp_access` `pivot` ON `pivot`.`roles_id`=`yp_roles`.`id` WHERE  `pivot`.`admin_id` = '1' [ RunTime:0.000411s ]
[2023-12-05T19:55:13+08:00][sql] SHOW FULL COLUMNS FROM `yp_mod` [ RunTime:0.001306s ]
[2023-12-05T19:55:13+08:00][sql] SELECT `actions`,`name` FROM `yp_mod` [ RunTime:0.000887s ]
[2023-12-05T19:55:13+08:00][sql] SHOW FULL COLUMNS FROM `yp_rule` [ RunTime:0.001693s ]
[2023-12-05T19:55:13+08:00][sql] SELECT `id`,`path`,`type`,`status`,`pid`,`sort`,`mod_id`,`title`,`icon` FROM `yp_rule` ORDER BY `sort` ASC [ RunTime:0.000398s ]
[2023-12-05T19:55:13+08:00][sql] SELECT * FROM `yp_mod` WHERE  `id` IN (1,10,0,12,3,2) [ RunTime:0.000334s ]
[2023-12-05T19:55:13+08:00][sql] SELECT `id`,`path`,`type`,`status`,`pid`,`sort`,`mod_id`,`title`,`icon` FROM `yp_rule` ORDER BY `sort` ASC [ RunTime:0.000205s ]
[2023-12-05T19:55:13+08:00][sql] SELECT * FROM `yp_mod` WHERE  `id` IN (1,10,0,12,3,2) [ RunTime:0.000211s ]
[2023-12-05T19:55:14+08:00][sql] CONNECT:[ UseTime:0.000615s ] mysql:host=127.0.0.1;port=3306;dbname=qiye;charset=utf8
[2023-12-05T19:55:14+08:00][sql] SHOW FULL COLUMNS FROM `yp_admin` [ RunTime:0.001378s ]
[2023-12-05T19:55:14+08:00][sql] SELECT `id`,`username`,`status`,`create_time`,`update_time`,`truename`,`mobile`,`last_ip`,`cluderules`,`cludebtn`,`excluderules`,`excludebtn` FROM `yp_admin` WHERE  `id` = 1 LIMIT 1 [ RunTime:0.000406s ]
[2023-12-05T19:55:14+08:00][sql] SHOW FULL COLUMNS FROM `yp_roles` [ RunTime:0.000950s ]
[2023-12-05T19:55:14+08:00][sql] SHOW FULL COLUMNS FROM `yp_access` [ RunTime:0.001976s ]
[2023-12-05T19:55:14+08:00][sql] SELECT `yp_roles`.*,`pivot`.`id` AS `pivot__id`,`pivot`.`admin_id` AS `pivot__admin_id`,`pivot`.`roles_id` AS `pivot__roles_id` FROM `yp_roles` INNER JOIN `yp_access` `pivot` ON `pivot`.`roles_id`=`yp_roles`.`id` WHERE  `pivot`.`admin_id` = '1' [ RunTime:0.000988s ]
[2023-12-05T19:55:14+08:00][sql] SHOW FULL COLUMNS FROM `yp_mod` [ RunTime:0.001225s ]
[2023-12-05T19:55:14+08:00][sql] SELECT `actions`,`name` FROM `yp_mod` [ RunTime:0.011449s ]
[2023-12-05T19:55:14+08:00][sql] SHOW FULL COLUMNS FROM `yp_rule` [ RunTime:0.001371s ]
[2023-12-05T19:55:14+08:00][sql] SELECT `id`,`path`,`type`,`status`,`pid`,`sort`,`mod_id`,`title`,`icon` FROM `yp_rule` ORDER BY `sort` ASC [ RunTime:0.000336s ]
[2023-12-05T19:55:14+08:00][sql] SELECT * FROM `yp_mod` WHERE  `id` IN (1,10,0,12,3,2) [ RunTime:0.000467s ]
[2023-12-05T19:55:14+08:00][sql] SHOW FULL COLUMNS FROM `yp_category` [ RunTime:0.001369s ]
[2023-12-05T19:55:14+08:00][sql] SELECT * FROM `yp_category` ORDER BY `sort` ASC,`id` ASC [ RunTime:0.000276s ]
[2023-12-05T19:55:23+08:00][sql] CONNECT:[ UseTime:0.000981s ] mysql:host=127.0.0.1;port=3306;dbname=qiye;charset=utf8
[2023-12-05T19:55:23+08:00][sql] SHOW FULL COLUMNS FROM `yp_admin` [ RunTime:0.002853s ]
[2023-12-05T19:55:23+08:00][sql] SELECT `id`,`username`,`status`,`create_time`,`update_time`,`truename`,`mobile`,`last_ip`,`cluderules`,`cludebtn`,`excluderules`,`excludebtn` FROM `yp_admin` WHERE  `id` = 1 LIMIT 1 [ RunTime:0.000507s ]
[2023-12-05T19:55:23+08:00][sql] SHOW FULL COLUMNS FROM `yp_roles` [ RunTime:0.001116s ]
[2023-12-05T19:55:23+08:00][sql] SHOW FULL COLUMNS FROM `yp_access` [ RunTime:0.001790s ]
[2023-12-05T19:55:23+08:00][sql] SELECT `yp_roles`.*,`pivot`.`id` AS `pivot__id`,`pivot`.`admin_id` AS `pivot__admin_id`,`pivot`.`roles_id` AS `pivot__roles_id` FROM `yp_roles` INNER JOIN `yp_access` `pivot` ON `pivot`.`roles_id`=`yp_roles`.`id` WHERE  `pivot`.`admin_id` = '1' [ RunTime:0.000552s ]
[2023-12-05T19:55:23+08:00][sql] SHOW FULL COLUMNS FROM `yp_mod` [ RunTime:0.001791s ]
[2023-12-05T19:55:23+08:00][sql] SELECT `actions`,`name` FROM `yp_mod` [ RunTime:0.000301s ]
[2023-12-05T19:55:23+08:00][sql] SHOW FULL COLUMNS FROM `yp_rule` [ RunTime:0.001492s ]
[2023-12-05T19:55:23+08:00][sql] SELECT `id`,`path`,`type`,`status`,`pid`,`sort`,`mod_id`,`title`,`icon` FROM `yp_rule` ORDER BY `sort` ASC [ RunTime:0.000411s ]
[2023-12-05T19:55:23+08:00][sql] SELECT * FROM `yp_mod` WHERE  `id` IN (1,10,0,12,3,2) [ RunTime:0.000355s ]
[2023-12-05T19:55:23+08:00][sql] CONNECT:[ UseTime:0.000667s ] mysql:host=127.0.0.1;port=3306;dbname=qiye;charset=utf8
[2023-12-05T19:55:23+08:00][sql] SHOW FULL COLUMNS FROM `yp_admin` [ RunTime:0.002918s ]
[2023-12-05T19:55:23+08:00][sql] SELECT `id`,`username`,`status`,`create_time`,`update_time`,`truename`,`mobile`,`last_ip`,`cluderules`,`cludebtn`,`excluderules`,`excludebtn` FROM `yp_admin` WHERE  `id` = 1 LIMIT 1 [ RunTime:0.000617s ]
[2023-12-05T19:55:23+08:00][sql] SHOW FULL COLUMNS FROM `yp_roles` [ RunTime:0.001783s ]
[2023-12-05T19:55:23+08:00][sql] SHOW FULL COLUMNS FROM `yp_access` [ RunTime:0.001838s ]
[2023-12-05T19:55:23+08:00][sql] SELECT `yp_roles`.*,`pivot`.`id` AS `pivot__id`,`pivot`.`admin_id` AS `pivot__admin_id`,`pivot`.`roles_id` AS `pivot__roles_id` FROM `yp_roles` INNER JOIN `yp_access` `pivot` ON `pivot`.`roles_id`=`yp_roles`.`id` WHERE  `pivot`.`admin_id` = '1' [ RunTime:0.000640s ]
[2023-12-05T19:55:23+08:00][sql] SHOW FULL COLUMNS FROM `yp_mod` [ RunTime:0.001751s ]
[2023-12-05T19:55:23+08:00][sql] SELECT `actions`,`name` FROM `yp_mod` [ RunTime:0.000231s ]
[2023-12-05T19:55:23+08:00][sql] SHOW FULL COLUMNS FROM `yp_rule` [ RunTime:0.001303s ]
[2023-12-05T19:55:23+08:00][sql] SELECT `id`,`path`,`type`,`status`,`pid`,`sort`,`mod_id`,`title`,`icon` FROM `yp_rule` ORDER BY `sort` ASC [ RunTime:0.000338s ]
[2023-12-05T19:55:23+08:00][sql] SELECT * FROM `yp_mod` WHERE  `id` IN (1,10,0,12,3,2) [ RunTime:0.000347s ]
[2023-12-05T19:55:23+08:00][sql] SELECT * FROM `yp_mod` WHERE  `name` = 'sitepro' LIMIT 1 [ RunTime:0.000258s ]
[2023-12-05T19:55:23+08:00][sql] CONNECT:[ UseTime:0.000474s ] mysql:host=127.0.0.1;port=3306;dbname=qiye;charset=utf8
[2023-12-05T19:55:23+08:00][sql] SHOW FULL COLUMNS FROM `yp_admin` [ RunTime:0.001784s ]
[2023-12-05T19:55:23+08:00][sql] SELECT `id`,`username`,`status`,`create_time`,`update_time`,`truename`,`mobile`,`last_ip`,`cluderules`,`cludebtn`,`excluderules`,`excludebtn` FROM `yp_admin` WHERE  `id` = 1 LIMIT 1 [ RunTime:0.000580s ]
[2023-12-05T19:55:23+08:00][sql] SHOW FULL COLUMNS FROM `yp_roles` [ RunTime:0.001542s ]
[2023-12-05T19:55:23+08:00][sql] SHOW FULL COLUMNS FROM `yp_access` [ RunTime:0.001130s ]
[2023-12-05T19:55:23+08:00][sql] SELECT `yp_roles`.*,`pivot`.`id` AS `pivot__id`,`pivot`.`admin_id` AS `pivot__admin_id`,`pivot`.`roles_id` AS `pivot__roles_id` FROM `yp_roles` INNER JOIN `yp_access` `pivot` ON `pivot`.`roles_id`=`yp_roles`.`id` WHERE  `pivot`.`admin_id` = '1' [ RunTime:0.000382s ]
[2023-12-05T19:55:23+08:00][sql] SHOW FULL COLUMNS FROM `yp_mod` [ RunTime:0.001359s ]
[2023-12-05T19:55:23+08:00][sql] SELECT `actions`,`name` FROM `yp_mod` [ RunTime:0.000280s ]
[2023-12-05T19:55:23+08:00][sql] SHOW FULL COLUMNS FROM `yp_rule` [ RunTime:0.001237s ]
[2023-12-05T19:55:23+08:00][sql] SELECT `id`,`path`,`type`,`status`,`pid`,`sort`,`mod_id`,`title`,`icon` FROM `yp_rule` ORDER BY `sort` ASC [ RunTime:0.000335s ]
[2023-12-05T19:55:23+08:00][sql] SELECT * FROM `yp_mod` WHERE  `id` IN (1,10,0,12,3,2) [ RunTime:0.000232s ]
[2023-12-05T19:55:23+08:00][error] [8192]Creation of dynamic property app\admin\controller\ListInfo::$categoryid is deprecated[/Users/zhoushouzhan/Desktop/www/qiye/web/app/admin/controller/ListInfo.php:24]
[2023-12-05T19:55:29+08:00][sql] CONNECT:[ UseTime:0.000464s ] mysql:host=127.0.0.1;port=3306;dbname=qiye;charset=utf8
[2023-12-05T19:55:29+08:00][sql] SHOW FULL COLUMNS FROM `yp_admin` [ RunTime:0.002063s ]
[2023-12-05T19:55:29+08:00][sql] SELECT `id`,`username`,`status`,`create_time`,`update_time`,`truename`,`mobile`,`last_ip`,`cluderules`,`cludebtn`,`excluderules`,`excludebtn` FROM `yp_admin` WHERE  `id` = 1 LIMIT 1 [ RunTime:0.000343s ]
[2023-12-05T19:55:29+08:00][sql] SHOW FULL COLUMNS FROM `yp_roles` [ RunTime:0.001207s ]
[2023-12-05T19:55:29+08:00][sql] SHOW FULL COLUMNS FROM `yp_access` [ RunTime:0.001361s ]
[2023-12-05T19:55:29+08:00][sql] SELECT `yp_roles`.*,`pivot`.`id` AS `pivot__id`,`pivot`.`admin_id` AS `pivot__admin_id`,`pivot`.`roles_id` AS `pivot__roles_id` FROM `yp_roles` INNER JOIN `yp_access` `pivot` ON `pivot`.`roles_id`=`yp_roles`.`id` WHERE  `pivot`.`admin_id` = '1' [ RunTime:0.000465s ]
[2023-12-05T19:55:29+08:00][sql] SHOW FULL COLUMNS FROM `yp_mod` [ RunTime:0.001051s ]
[2023-12-05T19:55:29+08:00][sql] SELECT `actions`,`name` FROM `yp_mod` [ RunTime:0.000192s ]
[2023-12-05T19:55:29+08:00][sql] SHOW FULL COLUMNS FROM `yp_rule` [ RunTime:0.000743s ]
[2023-12-05T19:55:29+08:00][sql] SELECT `id`,`path`,`type`,`status`,`pid`,`sort`,`mod_id`,`title`,`icon` FROM `yp_rule` ORDER BY `sort` ASC [ RunTime:0.000452s ]
[2023-12-05T19:55:29+08:00][sql] SELECT * FROM `yp_mod` WHERE  `id` IN (1,10,0,12,3,2) [ RunTime:0.000286s ]
[2023-12-05T19:55:29+08:00][sql] CONNECT:[ UseTime:0.000422s ] mysql:host=127.0.0.1;port=3306;dbname=qiye;charset=utf8
[2023-12-05T19:55:29+08:00][sql] SHOW FULL COLUMNS FROM `yp_admin` [ RunTime:0.001590s ]
[2023-12-05T19:55:29+08:00][sql] SELECT `id`,`username`,`status`,`create_time`,`update_time`,`truename`,`mobile`,`last_ip`,`cluderules`,`cludebtn`,`excluderules`,`excludebtn` FROM `yp_admin` WHERE  `id` = 1 LIMIT 1 [ RunTime:0.000433s ]
[2023-12-05T19:55:29+08:00][sql] SHOW FULL COLUMNS FROM `yp_roles` [ RunTime:0.001042s ]
[2023-12-05T19:55:29+08:00][sql] SHOW FULL COLUMNS FROM `yp_access` [ RunTime:0.000708s ]
[2023-12-05T19:55:29+08:00][sql] SELECT `yp_roles`.*,`pivot`.`id` AS `pivot__id`,`pivot`.`admin_id` AS `pivot__admin_id`,`pivot`.`roles_id` AS `pivot__roles_id` FROM `yp_roles` INNER JOIN `yp_access` `pivot` ON `pivot`.`roles_id`=`yp_roles`.`id` WHERE  `pivot`.`admin_id` = '1' [ RunTime:0.000212s ]
[2023-12-05T19:55:29+08:00][sql] SHOW FULL COLUMNS FROM `yp_mod` [ RunTime:0.000733s ]
[2023-12-05T19:55:29+08:00][sql] SELECT `actions`,`name` FROM `yp_mod` [ RunTime:0.000161s ]
[2023-12-05T19:55:29+08:00][sql] SHOW FULL COLUMNS FROM `yp_rule` [ RunTime:0.000685s ]
[2023-12-05T19:55:29+08:00][sql] SELECT `id`,`path`,`type`,`status`,`pid`,`sort`,`mod_id`,`title`,`icon` FROM `yp_rule` ORDER BY `sort` ASC [ RunTime:0.000196s ]
[2023-12-05T19:55:29+08:00][sql] SELECT * FROM `yp_mod` WHERE  `id` IN (1,10,0,12,3,2) [ RunTime:0.000187s ]
[2023-12-05T19:55:29+08:00][sql] SELECT `id`,`path`,`type`,`status`,`pid`,`sort`,`mod_id`,`title`,`icon` FROM `yp_rule` ORDER BY `sort` ASC [ RunTime:0.000210s ]
[2023-12-05T19:55:29+08:00][sql] SELECT * FROM `yp_mod` WHERE  `id` IN (1,10,0,12,3,2) [ RunTime:0.000214s ]
[2023-12-05T19:55:29+08:00][sql] CONNECT:[ UseTime:0.000465s ] mysql:host=127.0.0.1;port=3306;dbname=qiye;charset=utf8
[2023-12-05T19:55:29+08:00][sql] SHOW FULL COLUMNS FROM `yp_admin` [ RunTime:0.001496s ]
[2023-12-05T19:55:29+08:00][sql] SELECT `id`,`username`,`status`,`create_time`,`update_time`,`truename`,`mobile`,`last_ip`,`cluderules`,`cludebtn`,`excluderules`,`excludebtn` FROM `yp_admin` WHERE  `id` = 1 LIMIT 1 [ RunTime:0.000331s ]
[2023-12-05T19:55:29+08:00][sql] SHOW FULL COLUMNS FROM `yp_roles` [ RunTime:0.001110s ]
[2023-12-05T19:55:29+08:00][sql] SHOW FULL COLUMNS FROM `yp_access` [ RunTime:0.000960s ]
[2023-12-05T19:55:29+08:00][sql] SELECT `yp_roles`.*,`pivot`.`id` AS `pivot__id`,`pivot`.`admin_id` AS `pivot__admin_id`,`pivot`.`roles_id` AS `pivot__roles_id` FROM `yp_roles` INNER JOIN `yp_access` `pivot` ON `pivot`.`roles_id`=`yp_roles`.`id` WHERE  `pivot`.`admin_id` = '1' [ RunTime:0.000291s ]
[2023-12-05T19:55:29+08:00][sql] SHOW FULL COLUMNS FROM `yp_mod` [ RunTime:0.000802s ]
[2023-12-05T19:55:29+08:00][sql] SELECT `actions`,`name` FROM `yp_mod` [ RunTime:0.000186s ]
[2023-12-05T19:55:29+08:00][sql] SHOW FULL COLUMNS FROM `yp_rule` [ RunTime:0.000814s ]
[2023-12-05T19:55:29+08:00][sql] SELECT `id`,`path`,`type`,`status`,`pid`,`sort`,`mod_id`,`title`,`icon` FROM `yp_rule` ORDER BY `sort` ASC [ RunTime:0.000285s ]
[2023-12-05T19:55:29+08:00][sql] SELECT * FROM `yp_mod` WHERE  `id` IN (1,10,0,12,3,2) [ RunTime:0.000338s ]
[2023-12-05T19:55:29+08:00][sql] SHOW FULL COLUMNS FROM `yp_category` [ RunTime:0.000901s ]
[2023-12-05T19:55:29+08:00][sql] SELECT * FROM `yp_category` ORDER BY `sort` ASC,`id` ASC [ RunTime:0.000568s ]
[2023-12-05T19:55:30+08:00][sql] CONNECT:[ UseTime:0.001060s ] mysql:host=127.0.0.1;port=3306;dbname=qiye;charset=utf8
[2023-12-05T19:55:30+08:00][sql] SHOW FULL COLUMNS FROM `yp_admin` [ RunTime:0.002406s ]
[2023-12-05T19:55:30+08:00][sql] SELECT `id`,`username`,`status`,`create_time`,`update_time`,`truename`,`mobile`,`last_ip`,`cluderules`,`cludebtn`,`excluderules`,`excludebtn` FROM `yp_admin` WHERE  `id` = 1 LIMIT 1 [ RunTime:0.000898s ]
[2023-12-05T19:55:30+08:00][sql] SHOW FULL COLUMNS FROM `yp_roles` [ RunTime:0.002058s ]
[2023-12-05T19:55:30+08:00][sql] SHOW FULL COLUMNS FROM `yp_access` [ RunTime:0.000890s ]
[2023-12-05T19:55:30+08:00][sql] SELECT `yp_roles`.*,`pivot`.`id` AS `pivot__id`,`pivot`.`admin_id` AS `pivot__admin_id`,`pivot`.`roles_id` AS `pivot__roles_id` FROM `yp_roles` INNER JOIN `yp_access` `pivot` ON `pivot`.`roles_id`=`yp_roles`.`id` WHERE  `pivot`.`admin_id` = '1' [ RunTime:0.000515s ]
[2023-12-05T19:55:30+08:00][sql] SHOW FULL COLUMNS FROM `yp_mod` [ RunTime:0.001908s ]
[2023-12-05T19:55:30+08:00][sql] SELECT `actions`,`name` FROM `yp_mod` [ RunTime:0.000364s ]
[2023-12-05T19:55:30+08:00][sql] SHOW FULL COLUMNS FROM `yp_rule` [ RunTime:0.001462s ]
[2023-12-05T19:55:30+08:00][sql] SELECT `id`,`path`,`type`,`status`,`pid`,`sort`,`mod_id`,`title`,`icon` FROM `yp_rule` ORDER BY `sort` ASC [ RunTime:0.000350s ]
[2023-12-05T19:55:30+08:00][sql] SELECT * FROM `yp_mod` WHERE  `id` IN (1,10,0,12,3,2) [ RunTime:0.000366s ]
[2023-12-05T19:55:30+08:00][sql] CONNECT:[ UseTime:0.000519s ] mysql:host=127.0.0.1;port=3306;dbname=qiye;charset=utf8
[2023-12-05T19:55:30+08:00][sql] SHOW FULL COLUMNS FROM `yp_admin` [ RunTime:0.002071s ]
[2023-12-05T19:55:30+08:00][sql] SELECT `id`,`username`,`status`,`create_time`,`update_time`,`truename`,`mobile`,`last_ip`,`cluderules`,`cludebtn`,`excluderules`,`excludebtn` FROM `yp_admin` WHERE  `id` = 1 LIMIT 1 [ RunTime:0.000315s ]
[2023-12-05T19:55:30+08:00][sql] SHOW FULL COLUMNS FROM `yp_roles` [ RunTime:0.001046s ]
[2023-12-05T19:55:30+08:00][sql] SHOW FULL COLUMNS FROM `yp_access` [ RunTime:0.000957s ]
[2023-12-05T19:55:30+08:00][sql] SELECT `yp_roles`.*,`pivot`.`id` AS `pivot__id`,`pivot`.`admin_id` AS `pivot__admin_id`,`pivot`.`roles_id` AS `pivot__roles_id` FROM `yp_roles` INNER JOIN `yp_access` `pivot` ON `pivot`.`roles_id`=`yp_roles`.`id` WHERE  `pivot`.`admin_id` = '1' [ RunTime:0.000300s ]
[2023-12-05T19:55:30+08:00][sql] SHOW FULL COLUMNS FROM `yp_mod` [ RunTime:0.000902s ]
[2023-12-05T19:55:30+08:00][sql] SELECT `actions`,`name` FROM `yp_mod` [ RunTime:0.000188s ]
[2023-12-05T19:55:30+08:00][sql] SHOW FULL COLUMNS FROM `yp_rule` [ RunTime:0.000782s ]
[2023-12-05T19:55:30+08:00][sql] SELECT `id`,`path`,`type`,`status`,`pid`,`sort`,`mod_id`,`title`,`icon` FROM `yp_rule` ORDER BY `sort` ASC [ RunTime:0.000204s ]
[2023-12-05T19:55:30+08:00][sql] SELECT * FROM `yp_mod` WHERE  `id` IN (1,10,0,12,3,2) [ RunTime:0.000208s ]
[2023-12-05T19:55:30+08:00][sql] SHOW FULL COLUMNS FROM `yp_category` [ RunTime:0.001080s ]
[2023-12-05T19:55:30+08:00][sql] SELECT * FROM `yp_category` ORDER BY `sort` ASC,`id` ASC [ RunTime:0.000228s ]
[2023-12-05T19:55:37+08:00][sql] CONNECT:[ UseTime:0.001019s ] mysql:host=127.0.0.1;port=3306;dbname=qiye;charset=utf8
[2023-12-05T19:55:37+08:00][sql] SHOW FULL COLUMNS FROM `yp_admin` [ RunTime:0.003306s ]
[2023-12-05T19:55:37+08:00][sql] SELECT `id`,`username`,`status`,`create_time`,`update_time`,`truename`,`mobile`,`last_ip`,`cluderules`,`cludebtn`,`excluderules`,`excludebtn` FROM `yp_admin` WHERE  `id` = 1 LIMIT 1 [ RunTime:0.000734s ]
[2023-12-05T19:55:37+08:00][sql] SHOW FULL COLUMNS FROM `yp_roles` [ RunTime:0.002097s ]
[2023-12-05T19:55:37+08:00][sql] SHOW FULL COLUMNS FROM `yp_access` [ RunTime:0.001644s ]
[2023-12-05T19:55:37+08:00][sql] SELECT `yp_roles`.*,`pivot`.`id` AS `pivot__id`,`pivot`.`admin_id` AS `pivot__admin_id`,`pivot`.`roles_id` AS `pivot__roles_id` FROM `yp_roles` INNER JOIN `yp_access` `pivot` ON `pivot`.`roles_id`=`yp_roles`.`id` WHERE  `pivot`.`admin_id` = '1' [ RunTime:0.000560s ]
[2023-12-05T19:55:37+08:00][sql] SHOW FULL COLUMNS FROM `yp_mod` [ RunTime:0.001763s ]
[2023-12-05T19:55:37+08:00][sql] SELECT `actions`,`name` FROM `yp_mod` [ RunTime:0.000310s ]
[2023-12-05T19:55:37+08:00][sql] SHOW FULL COLUMNS FROM `yp_rule` [ RunTime:0.001298s ]
[2023-12-05T19:55:37+08:00][sql] SELECT `id`,`path`,`type`,`status`,`pid`,`sort`,`mod_id`,`title`,`icon` FROM `yp_rule` ORDER BY `sort` ASC [ RunTime:0.000353s ]
[2023-12-05T19:55:37+08:00][sql] SELECT * FROM `yp_mod` WHERE  `id` IN (1,10,0,12,3,2) [ RunTime:0.000373s ]
[2023-12-05T19:55:37+08:00][sql] CONNECT:[ UseTime:0.000689s ] mysql:host=127.0.0.1;port=3306;dbname=qiye;charset=utf8
[2023-12-05T19:55:37+08:00][sql] SHOW FULL COLUMNS FROM `yp_admin` [ RunTime:0.002382s ]
[2023-12-05T19:55:37+08:00][sql] SELECT `id`,`username`,`status`,`create_time`,`update_time`,`truename`,`mobile`,`last_ip`,`cluderules`,`cludebtn`,`excluderules`,`excludebtn` FROM `yp_admin` WHERE  `id` = 1 LIMIT 1 [ RunTime:0.000548s ]
[2023-12-05T19:55:37+08:00][sql] SHOW FULL COLUMNS FROM `yp_roles` [ RunTime:0.001867s ]
[2023-12-05T19:55:37+08:00][sql] SHOW FULL COLUMNS FROM `yp_access` [ RunTime:0.001151s ]
[2023-12-05T19:55:37+08:00][sql] SELECT `yp_roles`.*,`pivot`.`id` AS `pivot__id`,`pivot`.`admin_id` AS `pivot__admin_id`,`pivot`.`roles_id` AS `pivot__roles_id` FROM `yp_roles` INNER JOIN `yp_access` `pivot` ON `pivot`.`roles_id`=`yp_roles`.`id` WHERE  `pivot`.`admin_id` = '1' [ RunTime:0.000319s ]
[2023-12-05T19:55:37+08:00][sql] SHOW FULL COLUMNS FROM `yp_mod` [ RunTime:0.001107s ]
[2023-12-05T19:55:37+08:00][sql] SELECT `actions`,`name` FROM `yp_mod` [ RunTime:0.000234s ]
[2023-12-05T19:55:37+08:00][sql] SHOW FULL COLUMNS FROM `yp_rule` [ RunTime:0.004164s ]
[2023-12-05T19:55:37+08:00][sql] SELECT `id`,`path`,`type`,`status`,`pid`,`sort`,`mod_id`,`title`,`icon` FROM `yp_rule` ORDER BY `sort` ASC [ RunTime:0.002101s ]
[2023-12-05T19:55:37+08:00][sql] SELECT * FROM `yp_mod` WHERE  `id` IN (1,10,0,12,3,2) [ RunTime:0.000962s ]
[2023-12-05T19:55:37+08:00][sql] SHOW FULL COLUMNS FROM `yp_classify` [ RunTime:0.002690s ]
[2023-12-05T19:55:37+08:00][error] [8192]Creation of dynamic property app\admin\controller\Classify::$table is deprecated[/Users/zhoushouzhan/Desktop/www/qiye/web/app/admin/controller/Classify.php:23]
[2023-12-05T19:59:48+08:00][sql] CONNECT:[ UseTime:0.000559s ] mysql:host=127.0.0.1;port=3306;dbname=qiye;charset=utf8
[2023-12-05T19:59:48+08:00][sql] SHOW FULL COLUMNS FROM `yp_admin` [ RunTime:0.007911s ]
[2023-12-05T19:59:48+08:00][sql] SELECT `id`,`username`,`status`,`create_time`,`update_time`,`truename`,`mobile`,`last_ip`,`cluderules`,`cludebtn`,`excluderules`,`excludebtn` FROM `yp_admin` WHERE  `id` = 1 LIMIT 1 [ RunTime:0.000385s ]
[2023-12-05T19:59:48+08:00][sql] SHOW FULL COLUMNS FROM `yp_roles` [ RunTime:0.012318s ]
[2023-12-05T19:59:48+08:00][sql] SHOW FULL COLUMNS FROM `yp_access` [ RunTime:0.000863s ]
[2023-12-05T19:59:48+08:00][sql] SELECT `yp_roles`.*,`pivot`.`id` AS `pivot__id`,`pivot`.`admin_id` AS `pivot__admin_id`,`pivot`.`roles_id` AS `pivot__roles_id` FROM `yp_roles` INNER JOIN `yp_access` `pivot` ON `pivot`.`roles_id`=`yp_roles`.`id` WHERE  `pivot`.`admin_id` = '1' [ RunTime:0.000325s ]
[2023-12-05T19:59:48+08:00][sql] SHOW FULL COLUMNS FROM `yp_mod` [ RunTime:0.000845s ]
[2023-12-05T19:59:48+08:00][sql] SELECT `actions`,`name` FROM `yp_mod` [ RunTime:0.000189s ]
[2023-12-05T19:59:48+08:00][sql] SHOW FULL COLUMNS FROM `yp_rule` [ RunTime:0.001359s ]
[2023-12-05T19:59:48+08:00][sql] SELECT `id`,`path`,`type`,`status`,`pid`,`sort`,`mod_id`,`title`,`icon` FROM `yp_rule` ORDER BY `sort` ASC [ RunTime:0.000287s ]
[2023-12-05T19:59:48+08:00][sql] SELECT * FROM `yp_mod` WHERE  `id` IN (1,10,0,12,3,2) [ RunTime:0.000420s ]
[2023-12-05T19:59:48+08:00][error] [1]Maximum execution time of 300 seconds exceeded[/Users/zhoushouzhan/Desktop/www/qiye/web/vendor/nyg/holiday/src/Holiday.php:181]
[2023-12-05T19:59:57+08:00][sql] CONNECT:[ UseTime:0.000552s ] mysql:host=127.0.0.1;port=3306;dbname=qiye;charset=utf8
[2023-12-05T19:59:57+08:00][sql] SHOW FULL COLUMNS FROM `yp_admin` [ RunTime:0.001695s ]
[2023-12-05T19:59:57+08:00][sql] SELECT `id`,`username`,`status`,`create_time`,`update_time`,`truename`,`mobile`,`last_ip`,`cluderules`,`cludebtn`,`excluderules`,`excludebtn` FROM `yp_admin` WHERE  `id` = 1 LIMIT 1 [ RunTime:0.000382s ]
[2023-12-05T19:59:57+08:00][sql] SHOW FULL COLUMNS FROM `yp_roles` [ RunTime:0.000983s ]
[2023-12-05T19:59:57+08:00][sql] SHOW FULL COLUMNS FROM `yp_access` [ RunTime:0.000788s ]
[2023-12-05T19:59:57+08:00][sql] SELECT `yp_roles`.*,`pivot`.`id` AS `pivot__id`,`pivot`.`admin_id` AS `pivot__admin_id`,`pivot`.`roles_id` AS `pivot__roles_id` FROM `yp_roles` INNER JOIN `yp_access` `pivot` ON `pivot`.`roles_id`=`yp_roles`.`id` WHERE  `pivot`.`admin_id` = '1' [ RunTime:0.000253s ]
[2023-12-05T19:59:57+08:00][sql] SHOW FULL COLUMNS FROM `yp_mod` [ RunTime:0.000715s ]
[2023-12-05T19:59:57+08:00][sql] SELECT `actions`,`name` FROM `yp_mod` [ RunTime:0.000173s ]
[2023-12-05T19:59:57+08:00][sql] SHOW FULL COLUMNS FROM `yp_rule` [ RunTime:0.000695s ]
[2023-12-05T19:59:57+08:00][sql] SELECT `id`,`path`,`type`,`status`,`pid`,`sort`,`mod_id`,`title`,`icon` FROM `yp_rule` ORDER BY `sort` ASC [ RunTime:0.000223s ]
[2023-12-05T19:59:57+08:00][sql] SELECT * FROM `yp_mod` WHERE  `id` IN (1,10,0,12,3,2) [ RunTime:0.000220s ]
[2023-12-05T19:59:57+08:00][error] [1]Maximum execution time of 300 seconds exceeded[/Users/zhoushouzhan/Desktop/www/qiye/web/vendor/nyg/holiday/src/Holiday.php:181]
[2023-12-05T20:00:21+08:00][sql] CONNECT:[ UseTime:0.001032s ] mysql:host=127.0.0.1;port=3306;dbname=qiye;charset=utf8
[2023-12-05T20:00:21+08:00][sql] SHOW FULL COLUMNS FROM `yp_admin` [ RunTime:0.002845s ]
[2023-12-05T20:00:21+08:00][sql] SELECT `id`,`username`,`status`,`create_time`,`update_time`,`truename`,`mobile`,`last_ip`,`cluderules`,`cludebtn`,`excluderules`,`excludebtn` FROM `yp_admin` WHERE  `id` = 1 LIMIT 1 [ RunTime:0.000690s ]
[2023-12-05T20:00:21+08:00][sql] SHOW FULL COLUMNS FROM `yp_roles` [ RunTime:0.001935s ]
[2023-12-05T20:00:21+08:00][sql] SHOW FULL COLUMNS FROM `yp_access` [ RunTime:0.001738s ]
[2023-12-05T20:00:21+08:00][sql] SELECT `yp_roles`.*,`pivot`.`id` AS `pivot__id`,`pivot`.`admin_id` AS `pivot__admin_id`,`pivot`.`roles_id` AS `pivot__roles_id` FROM `yp_roles` INNER JOIN `yp_access` `pivot` ON `pivot`.`roles_id`=`yp_roles`.`id` WHERE  `pivot`.`admin_id` = '1' [ RunTime:0.000379s ]
[2023-12-05T20:00:21+08:00][sql] SHOW FULL COLUMNS FROM `yp_mod` [ RunTime:0.001325s ]
[2023-12-05T20:00:21+08:00][sql] SELECT `actions`,`name` FROM `yp_mod` [ RunTime:0.000341s ]
[2023-12-05T20:00:21+08:00][sql] SHOW FULL COLUMNS FROM `yp_rule` [ RunTime:0.001580s ]
[2023-12-05T20:00:21+08:00][sql] SELECT `id`,`path`,`type`,`status`,`pid`,`sort`,`mod_id`,`title`,`icon` FROM `yp_rule` ORDER BY `sort` ASC [ RunTime:0.000274s ]
[2023-12-05T20:00:21+08:00][sql] SELECT * FROM `yp_mod` WHERE  `id` IN (1,10,0,12,3,2) [ RunTime:0.000291s ]
[2023-12-05T20:00:21+08:00][error] [1]Maximum execution time of 300 seconds exceeded[/Users/zhoushouzhan/Desktop/www/qiye/web/vendor/nyg/holiday/src/Holiday.php:181]
