[2023-12-06T17:45:39+08:00][sql] CONNECT:[ UseTime:0.004788s ] mysql:host=127.0.0.1;port=3306;dbname=qiye;charset=utf8
[2023-12-06T17:45:39+08:00][sql] SHOW FULL COLUMNS FROM `yp_admin` [ RunTime:0.003805s ]
[2023-12-06T17:45:39+08:00][sql] SELECT * FROM `yp_admin` WHERE  `username` = 'admin'  AND `status` = 1 LIMIT 1 [ RunTime:0.000863s ]
[2023-12-06T17:45:39+08:00][sql] CONNECT:[ UseTime:0.001464s ] mysql:host=127.0.0.1;port=3306;dbname=qiye;charset=utf8
[2023-12-06T17:45:39+08:00][sql] SHOW FULL COLUMNS FROM `yp_admin` [ RunTime:0.003842s ]
[2023-12-06T17:45:39+08:00][sql] SELECT `id`,`username`,`status`,`create_time`,`update_time`,`truename`,`mobile`,`last_ip`,`cluderules`,`cludebtn`,`excluderules`,`excludebtn` FROM `yp_admin` WHERE  `id` = 1 LIMIT 1 [ RunTime:0.000908s ]
[2023-12-06T17:45:39+08:00][sql] SHOW FULL COLUMNS FROM `yp_roles` [ RunTime:0.005257s ]
[2023-12-06T17:45:39+08:00][sql] SHOW FULL COLUMNS FROM `yp_access` [ RunTime:0.005668s ]
[2023-12-06T17:45:39+08:00][sql] SELECT `yp_roles`.*,`pivot`.`id` AS `pivot__id`,`pivot`.`admin_id` AS `pivot__admin_id`,`pivot`.`roles_id` AS `pivot__roles_id` FROM `yp_roles` INNER JOIN `yp_access` `pivot` ON `pivot`.`roles_id`=`yp_roles`.`id` WHERE  `pivot`.`admin_id` = '1' [ RunTime:0.003330s ]
[2023-12-06T17:45:39+08:00][sql] SHOW FULL COLUMNS FROM `yp_mod` [ RunTime:0.005525s ]
[2023-12-06T17:45:39+08:00][sql] SELECT `actions`,`name` FROM `yp_mod` [ RunTime:0.001875s ]
[2023-12-06T17:45:39+08:00][sql] SHOW FULL COLUMNS FROM `yp_rule` [ RunTime:0.002356s ]
[2023-12-06T17:45:39+08:00][sql] SELECT `id`,`path`,`type`,`status`,`pid`,`sort`,`mod_id`,`title`,`icon` FROM `yp_rule` ORDER BY `sort` ASC [ RunTime:0.001836s ]
[2023-12-06T17:45:39+08:00][sql] SELECT * FROM `yp_mod` WHERE  `id` IN (1,10,0,12,3,2) [ RunTime:0.002157s ]
[2023-12-06T17:45:39+08:00][sql] SHOW FULL COLUMNS FROM `yp_sitepro` [ RunTime:0.003995s ]
[2023-12-06T17:45:39+08:00][sql] SELECT * FROM `yp_sitepro` WHERE  `id` = 1 LIMIT 1 [ RunTime:0.002144s ]
[2023-12-06T17:45:39+08:00][sql] CONNECT:[ UseTime:0.001190s ] mysql:host=127.0.0.1;port=3306;dbname=qiye;charset=utf8
[2023-12-06T17:45:39+08:00][sql] SHOW FULL COLUMNS FROM `yp_admin` [ RunTime:0.004344s ]
[2023-12-06T17:45:39+08:00][sql] SELECT `id`,`username`,`status`,`create_time`,`update_time`,`truename`,`mobile`,`last_ip`,`cluderules`,`cludebtn`,`excluderules`,`excludebtn` FROM `yp_admin` WHERE  `id` = 1 LIMIT 1 [ RunTime:0.001136s ]
[2023-12-06T17:45:39+08:00][sql] SHOW FULL COLUMNS FROM `yp_roles` [ RunTime:0.002525s ]
[2023-12-06T17:45:39+08:00][sql] SHOW FULL COLUMNS FROM `yp_access` [ RunTime:0.001527s ]
[2023-12-06T17:45:39+08:00][sql] SELECT `yp_roles`.*,`pivot`.`id` AS `pivot__id`,`pivot`.`admin_id` AS `pivot__admin_id`,`pivot`.`roles_id` AS `pivot__roles_id` FROM `yp_roles` INNER JOIN `yp_access` `pivot` ON `pivot`.`roles_id`=`yp_roles`.`id` WHERE  `pivot`.`admin_id` = '1' [ RunTime:0.000971s ]
[2023-12-06T17:45:39+08:00][sql] SHOW FULL COLUMNS FROM `yp_mod` [ RunTime:0.002232s ]
[2023-12-06T17:45:39+08:00][sql] SELECT `actions`,`name` FROM `yp_mod` [ RunTime:0.000602s ]
[2023-12-06T17:45:39+08:00][sql] SHOW FULL COLUMNS FROM `yp_rule` [ RunTime:0.002089s ]
[2023-12-06T17:45:39+08:00][sql] SELECT `id`,`path`,`type`,`status`,`pid`,`sort`,`mod_id`,`title`,`icon` FROM `yp_rule` ORDER BY `sort` ASC [ RunTime:0.000713s ]
[2023-12-06T17:45:39+08:00][sql] SELECT * FROM `yp_mod` WHERE  `id` IN (1,10,0,12,3,2) [ RunTime:0.000732s ]
[2023-12-06T17:45:40+08:00][sql] CONNECT:[ UseTime:0.000494s ] mysql:host=127.0.0.1;port=3306;dbname=qiye;charset=utf8
[2023-12-06T17:45:40+08:00][sql] SHOW FULL COLUMNS FROM `yp_admin` [ RunTime:0.002974s ]
[2023-12-06T17:45:40+08:00][sql] SELECT `id`,`username`,`status`,`create_time`,`update_time`,`truename`,`mobile`,`last_ip`,`cluderules`,`cludebtn`,`excluderules`,`excludebtn` FROM `yp_admin` WHERE  `id` = 1 LIMIT 1 [ RunTime:0.000434s ]
[2023-12-06T17:45:40+08:00][sql] SHOW FULL COLUMNS FROM `yp_roles` [ RunTime:0.000979s ]
[2023-12-06T17:45:40+08:00][sql] SHOW FULL COLUMNS FROM `yp_access` [ RunTime:0.001157s ]
[2023-12-06T17:45:40+08:00][sql] SELECT `yp_roles`.*,`pivot`.`id` AS `pivot__id`,`pivot`.`admin_id` AS `pivot__admin_id`,`pivot`.`roles_id` AS `pivot__roles_id` FROM `yp_roles` INNER JOIN `yp_access` `pivot` ON `pivot`.`roles_id`=`yp_roles`.`id` WHERE  `pivot`.`admin_id` = '1' [ RunTime:0.000433s ]
[2023-12-06T17:45:40+08:00][sql] SHOW FULL COLUMNS FROM `yp_mod` [ RunTime:0.001185s ]
[2023-12-06T17:45:40+08:00][sql] SELECT `actions`,`name` FROM `yp_mod` [ RunTime:0.000289s ]
[2023-12-06T17:45:40+08:00][sql] SHOW FULL COLUMNS FROM `yp_rule` [ RunTime:0.000923s ]
[2023-12-06T17:45:40+08:00][sql] SELECT `id`,`path`,`type`,`status`,`pid`,`sort`,`mod_id`,`title`,`icon` FROM `yp_rule` ORDER BY `sort` ASC [ RunTime:0.000334s ]
[2023-12-06T17:45:40+08:00][sql] SELECT * FROM `yp_mod` WHERE  `id` IN (1,10,0,12,3,2) [ RunTime:0.000324s ]
[2023-12-06T17:45:40+08:00][sql] SELECT `id`,`path`,`type`,`status`,`pid`,`sort`,`mod_id`,`title`,`icon` FROM `yp_rule` ORDER BY `sort` ASC [ RunTime:0.000286s ]
[2023-12-06T17:45:40+08:00][sql] SELECT * FROM `yp_mod` WHERE  `id` IN (1,10,0,12,3,2) [ RunTime:0.000331s ]
[2023-12-06T17:45:40+08:00][sql] CONNECT:[ UseTime:0.000554s ] mysql:host=127.0.0.1;port=3306;dbname=qiye;charset=utf8
[2023-12-06T17:45:40+08:00][sql] SHOW FULL COLUMNS FROM `yp_admin` [ RunTime:0.001662s ]
[2023-12-06T17:45:40+08:00][sql] SELECT `id`,`username`,`status`,`create_time`,`update_time`,`truename`,`mobile`,`last_ip`,`cluderules`,`cludebtn`,`excluderules`,`excludebtn` FROM `yp_admin` WHERE  `id` = 1 LIMIT 1 [ RunTime:0.000400s ]
[2023-12-06T17:45:40+08:00][sql] SHOW FULL COLUMNS FROM `yp_roles` [ RunTime:0.000965s ]
[2023-12-06T17:45:40+08:00][sql] SHOW FULL COLUMNS FROM `yp_access` [ RunTime:0.000908s ]
[2023-12-06T17:45:40+08:00][sql] SELECT `yp_roles`.*,`pivot`.`id` AS `pivot__id`,`pivot`.`admin_id` AS `pivot__admin_id`,`pivot`.`roles_id` AS `pivot__roles_id` FROM `yp_roles` INNER JOIN `yp_access` `pivot` ON `pivot`.`roles_id`=`yp_roles`.`id` WHERE  `pivot`.`admin_id` = '1' [ RunTime:0.000392s ]
[2023-12-06T17:45:40+08:00][sql] SHOW FULL COLUMNS FROM `yp_mod` [ RunTime:0.000954s ]
[2023-12-06T17:45:40+08:00][sql] SELECT `actions`,`name` FROM `yp_mod` [ RunTime:0.000368s ]
[2023-12-06T17:45:40+08:00][sql] SHOW FULL COLUMNS FROM `yp_rule` [ RunTime:0.000995s ]
[2023-12-06T17:45:40+08:00][sql] SELECT `id`,`path`,`type`,`status`,`pid`,`sort`,`mod_id`,`title`,`icon` FROM `yp_rule` ORDER BY `sort` ASC [ RunTime:0.000647s ]
[2023-12-06T17:45:40+08:00][sql] SELECT * FROM `yp_mod` WHERE  `id` IN (1,10,0,12,3,2) [ RunTime:0.000264s ]
[2023-12-06T17:45:40+08:00][sql] SHOW FULL COLUMNS FROM `yp_category` [ RunTime:0.002763s ]
[2023-12-06T17:45:40+08:00][sql] SELECT * FROM `yp_category` ORDER BY `sort` ASC,`id` ASC [ RunTime:0.001301s ]
[2023-12-06T17:45:54+08:00][sql] CONNECT:[ UseTime:0.001244s ] mysql:host=127.0.0.1;port=3306;dbname=qiye;charset=utf8
[2023-12-06T17:45:54+08:00][sql] SHOW FULL COLUMNS FROM `yp_admin` [ RunTime:0.003018s ]
[2023-12-06T17:45:54+08:00][sql] SELECT `id`,`username`,`status`,`create_time`,`update_time`,`truename`,`mobile`,`last_ip`,`cluderules`,`cludebtn`,`excluderules`,`excludebtn` FROM `yp_admin` WHERE  `id` = 1 LIMIT 1 [ RunTime:0.000589s ]
[2023-12-06T17:45:54+08:00][sql] SHOW FULL COLUMNS FROM `yp_roles` [ RunTime:0.001158s ]
[2023-12-06T17:45:54+08:00][sql] SHOW FULL COLUMNS FROM `yp_access` [ RunTime:0.000693s ]
[2023-12-06T17:45:54+08:00][sql] SELECT `yp_roles`.*,`pivot`.`id` AS `pivot__id`,`pivot`.`admin_id` AS `pivot__admin_id`,`pivot`.`roles_id` AS `pivot__roles_id` FROM `yp_roles` INNER JOIN `yp_access` `pivot` ON `pivot`.`roles_id`=`yp_roles`.`id` WHERE  `pivot`.`admin_id` = '1' [ RunTime:0.000435s ]
[2023-12-06T17:45:54+08:00][sql] SHOW FULL COLUMNS FROM `yp_mod` [ RunTime:0.005932s ]
[2023-12-06T17:45:54+08:00][sql] SELECT `actions`,`name` FROM `yp_mod` [ RunTime:0.000339s ]
[2023-12-06T17:45:54+08:00][sql] SHOW FULL COLUMNS FROM `yp_rule` [ RunTime:0.000972s ]
[2023-12-06T17:45:54+08:00][sql] SELECT `id`,`path`,`type`,`status`,`pid`,`sort`,`mod_id`,`title`,`icon` FROM `yp_rule` ORDER BY `sort` ASC [ RunTime:0.000308s ]
[2023-12-06T17:45:54+08:00][sql] SELECT * FROM `yp_mod` WHERE  `id` IN (1,10,0,12,3,2) [ RunTime:0.000337s ]
[2023-12-06T17:45:54+08:00][sql] CONNECT:[ UseTime:0.000687s ] mysql:host=127.0.0.1;port=3306;dbname=qiye;charset=utf8
[2023-12-06T17:45:54+08:00][sql] SHOW FULL COLUMNS FROM `yp_admin` [ RunTime:0.003061s ]
[2023-12-06T17:45:54+08:00][sql] SELECT `id`,`username`,`status`,`create_time`,`update_time`,`truename`,`mobile`,`last_ip`,`cluderules`,`cludebtn`,`excluderules`,`excludebtn` FROM `yp_admin` WHERE  `id` = 1 LIMIT 1 [ RunTime:0.000623s ]
[2023-12-06T17:45:54+08:00][sql] SHOW FULL COLUMNS FROM `yp_roles` [ RunTime:0.002050s ]
[2023-12-06T17:45:54+08:00][sql] SHOW FULL COLUMNS FROM `yp_access` [ RunTime:0.001805s ]
[2023-12-06T17:45:54+08:00][sql] SELECT `yp_roles`.*,`pivot`.`id` AS `pivot__id`,`pivot`.`admin_id` AS `pivot__admin_id`,`pivot`.`roles_id` AS `pivot__roles_id` FROM `yp_roles` INNER JOIN `yp_access` `pivot` ON `pivot`.`roles_id`=`yp_roles`.`id` WHERE  `pivot`.`admin_id` = '1' [ RunTime:0.000721s ]
[2023-12-06T17:45:54+08:00][sql] SHOW FULL COLUMNS FROM `yp_mod` [ RunTime:0.002182s ]
[2023-12-06T17:45:54+08:00][sql] SELECT `actions`,`name` FROM `yp_mod` [ RunTime:0.000393s ]
[2023-12-06T17:45:54+08:00][sql] SHOW FULL COLUMNS FROM `yp_rule` [ RunTime:0.001546s ]
[2023-12-06T17:45:54+08:00][sql] SELECT `id`,`path`,`type`,`status`,`pid`,`sort`,`mod_id`,`title`,`icon` FROM `yp_rule` ORDER BY `sort` ASC [ RunTime:0.000356s ]
[2023-12-06T17:45:54+08:00][sql] SELECT * FROM `yp_mod` WHERE  `id` IN (1,10,0,12,3,2) [ RunTime:0.000332s ]
[2023-12-06T17:45:54+08:00][sql] SELECT * FROM `yp_mod` WHERE  `name` = 'sitepro' LIMIT 1 [ RunTime:0.000214s ]
[2023-12-06T17:45:54+08:00][sql] CONNECT:[ UseTime:0.000670s ] mysql:host=127.0.0.1;port=3306;dbname=qiye;charset=utf8
[2023-12-06T17:45:54+08:00][sql] SHOW FULL COLUMNS FROM `yp_admin` [ RunTime:0.002692s ]
[2023-12-06T17:45:54+08:00][sql] SELECT `id`,`username`,`status`,`create_time`,`update_time`,`truename`,`mobile`,`last_ip`,`cluderules`,`cludebtn`,`excluderules`,`excludebtn` FROM `yp_admin` WHERE  `id` = 1 LIMIT 1 [ RunTime:0.000608s ]
[2023-12-06T17:45:54+08:00][sql] SHOW FULL COLUMNS FROM `yp_roles` [ RunTime:0.001541s ]
[2023-12-06T17:45:54+08:00][sql] SHOW FULL COLUMNS FROM `yp_access` [ RunTime:0.001697s ]
[2023-12-06T17:45:54+08:00][sql] SELECT `yp_roles`.*,`pivot`.`id` AS `pivot__id`,`pivot`.`admin_id` AS `pivot__admin_id`,`pivot`.`roles_id` AS `pivot__roles_id` FROM `yp_roles` INNER JOIN `yp_access` `pivot` ON `pivot`.`roles_id`=`yp_roles`.`id` WHERE  `pivot`.`admin_id` = '1' [ RunTime:0.000415s ]
[2023-12-06T17:45:54+08:00][sql] SHOW FULL COLUMNS FROM `yp_mod` [ RunTime:0.000935s ]
[2023-12-06T17:45:54+08:00][sql] SELECT `actions`,`name` FROM `yp_mod` [ RunTime:0.000341s ]
[2023-12-06T17:45:54+08:00][sql] SHOW FULL COLUMNS FROM `yp_rule` [ RunTime:0.001387s ]
[2023-12-06T17:45:54+08:00][sql] SELECT `id`,`path`,`type`,`status`,`pid`,`sort`,`mod_id`,`title`,`icon` FROM `yp_rule` ORDER BY `sort` ASC [ RunTime:0.000375s ]
[2023-12-06T17:45:54+08:00][sql] SELECT * FROM `yp_mod` WHERE  `id` IN (1,10,0,12,3,2) [ RunTime:0.000389s ]
[2023-12-06T17:45:54+08:00][error] [8192]Creation of dynamic property app\admin\controller\ListInfo::$categoryid is deprecated[/Users/zhoushouzhan/Desktop/www/qiye/web/app/admin/controller/ListInfo.php:24]
[2023-12-06T17:46:03+08:00][sql] CONNECT:[ UseTime:0.001048s ] mysql:host=127.0.0.1;port=3306;dbname=qiye;charset=utf8
[2023-12-06T17:46:03+08:00][sql] SHOW FULL COLUMNS FROM `yp_admin` [ RunTime:0.002481s ]
[2023-12-06T17:46:03+08:00][sql] SELECT `id`,`username`,`status`,`create_time`,`update_time`,`truename`,`mobile`,`last_ip`,`cluderules`,`cludebtn`,`excluderules`,`excludebtn` FROM `yp_admin` WHERE  `id` = 1 LIMIT 1 [ RunTime:0.000527s ]
[2023-12-06T17:46:03+08:00][sql] SHOW FULL COLUMNS FROM `yp_roles` [ RunTime:0.001569s ]
[2023-12-06T17:46:03+08:00][sql] SHOW FULL COLUMNS FROM `yp_access` [ RunTime:0.001283s ]
[2023-12-06T17:46:03+08:00][sql] SELECT `yp_roles`.*,`pivot`.`id` AS `pivot__id`,`pivot`.`admin_id` AS `pivot__admin_id`,`pivot`.`roles_id` AS `pivot__roles_id` FROM `yp_roles` INNER JOIN `yp_access` `pivot` ON `pivot`.`roles_id`=`yp_roles`.`id` WHERE  `pivot`.`admin_id` = '1' [ RunTime:0.000424s ]
[2023-12-06T17:46:03+08:00][sql] SHOW FULL COLUMNS FROM `yp_mod` [ RunTime:0.001300s ]
[2023-12-06T17:46:03+08:00][sql] SELECT `actions`,`name` FROM `yp_mod` [ RunTime:0.000299s ]
[2023-12-06T17:46:03+08:00][sql] SHOW FULL COLUMNS FROM `yp_rule` [ RunTime:0.001032s ]
[2023-12-06T17:46:03+08:00][sql] SELECT `id`,`path`,`type`,`status`,`pid`,`sort`,`mod_id`,`title`,`icon` FROM `yp_rule` ORDER BY `sort` ASC [ RunTime:0.000295s ]
[2023-12-06T17:46:03+08:00][sql] SELECT * FROM `yp_mod` WHERE  `id` IN (1,10,0,12,3,2) [ RunTime:0.000451s ]
[2023-12-06T17:46:03+08:00][sql] CONNECT:[ UseTime:0.000692s ] mysql:host=127.0.0.1;port=3306;dbname=qiye;charset=utf8
[2023-12-06T17:46:03+08:00][sql] SHOW FULL COLUMNS FROM `yp_admin` [ RunTime:0.002453s ]
[2023-12-06T17:46:03+08:00][sql] SELECT `id`,`username`,`status`,`create_time`,`update_time`,`truename`,`mobile`,`last_ip`,`cluderules`,`cludebtn`,`excluderules`,`excludebtn` FROM `yp_admin` WHERE  `id` = 1 LIMIT 1 [ RunTime:0.000411s ]
[2023-12-06T17:46:03+08:00][sql] SHOW FULL COLUMNS FROM `yp_roles` [ RunTime:0.005893s ]
[2023-12-06T17:46:03+08:00][sql] SHOW FULL COLUMNS FROM `yp_access` [ RunTime:0.001261s ]
[2023-12-06T17:46:03+08:00][sql] SELECT `yp_roles`.*,`pivot`.`id` AS `pivot__id`,`pivot`.`admin_id` AS `pivot__admin_id`,`pivot`.`roles_id` AS `pivot__roles_id` FROM `yp_roles` INNER JOIN `yp_access` `pivot` ON `pivot`.`roles_id`=`yp_roles`.`id` WHERE  `pivot`.`admin_id` = '1' [ RunTime:0.000675s ]
[2023-12-06T17:46:03+08:00][sql] SHOW FULL COLUMNS FROM `yp_mod` [ RunTime:0.001240s ]
[2023-12-06T17:46:03+08:00][sql] SELECT `actions`,`name` FROM `yp_mod` [ RunTime:0.000305s ]
[2023-12-06T17:46:03+08:00][sql] SHOW FULL COLUMNS FROM `yp_rule` [ RunTime:0.002353s ]
[2023-12-06T17:46:03+08:00][sql] SELECT `id`,`path`,`type`,`status`,`pid`,`sort`,`mod_id`,`title`,`icon` FROM `yp_rule` ORDER BY `sort` ASC [ RunTime:0.000374s ]
[2023-12-06T17:46:03+08:00][sql] SELECT * FROM `yp_mod` WHERE  `id` IN (1,10,0,12,3,2) [ RunTime:0.000338s ]
[2023-12-06T17:46:03+08:00][sql] SELECT `id`,`path`,`type`,`status`,`pid`,`sort`,`mod_id`,`title`,`icon` FROM `yp_rule` ORDER BY `sort` ASC [ RunTime:0.000235s ]
[2023-12-06T17:46:03+08:00][sql] SELECT * FROM `yp_mod` WHERE  `id` IN (1,10,0,12,3,2) [ RunTime:0.000351s ]
[2023-12-06T17:46:03+08:00][sql] CONNECT:[ UseTime:0.000893s ] mysql:host=127.0.0.1;port=3306;dbname=qiye;charset=utf8
[2023-12-06T17:46:03+08:00][sql] SHOW FULL COLUMNS FROM `yp_admin` [ RunTime:0.003026s ]
[2023-12-06T17:46:03+08:00][sql] SELECT `id`,`username`,`status`,`create_time`,`update_time`,`truename`,`mobile`,`last_ip`,`cluderules`,`cludebtn`,`excluderules`,`excludebtn` FROM `yp_admin` WHERE  `id` = 1 LIMIT 1 [ RunTime:0.000619s ]
[2023-12-06T17:46:03+08:00][sql] SHOW FULL COLUMNS FROM `yp_roles` [ RunTime:0.002008s ]
[2023-12-06T17:46:03+08:00][sql] SHOW FULL COLUMNS FROM `yp_access` [ RunTime:0.001032s ]
[2023-12-06T17:46:03+08:00][sql] SELECT `yp_roles`.*,`pivot`.`id` AS `pivot__id`,`pivot`.`admin_id` AS `pivot__admin_id`,`pivot`.`roles_id` AS `pivot__roles_id` FROM `yp_roles` INNER JOIN `yp_access` `pivot` ON `pivot`.`roles_id`=`yp_roles`.`id` WHERE  `pivot`.`admin_id` = '1' [ RunTime:0.000400s ]
[2023-12-06T17:46:03+08:00][sql] SHOW FULL COLUMNS FROM `yp_mod` [ RunTime:0.001600s ]
[2023-12-06T17:46:03+08:00][sql] SELECT `actions`,`name` FROM `yp_mod` [ RunTime:0.000445s ]
[2023-12-06T17:46:03+08:00][sql] SHOW FULL COLUMNS FROM `yp_rule` [ RunTime:0.001279s ]
[2023-12-06T17:46:03+08:00][sql] SELECT `id`,`path`,`type`,`status`,`pid`,`sort`,`mod_id`,`title`,`icon` FROM `yp_rule` ORDER BY `sort` ASC [ RunTime:0.000391s ]
[2023-12-06T17:46:03+08:00][sql] SELECT * FROM `yp_mod` WHERE  `id` IN (1,10,0,12,3,2) [ RunTime:0.000401s ]
[2023-12-06T17:46:03+08:00][sql] SHOW FULL COLUMNS FROM `yp_category` [ RunTime:0.001461s ]
[2023-12-06T17:46:03+08:00][sql] SELECT * FROM `yp_category` ORDER BY `sort` ASC,`id` ASC [ RunTime:0.000384s ]
[2023-12-06T17:46:13+08:00][sql] CONNECT:[ UseTime:0.001240s ] mysql:host=127.0.0.1;port=3306;dbname=qiye;charset=utf8
[2023-12-06T17:46:13+08:00][sql] SHOW FULL COLUMNS FROM `yp_admin` [ RunTime:0.003434s ]
[2023-12-06T17:46:13+08:00][sql] SELECT `id`,`username`,`status`,`create_time`,`update_time`,`truename`,`mobile`,`last_ip`,`cluderules`,`cludebtn`,`excluderules`,`excludebtn` FROM `yp_admin` WHERE  `id` = 1 LIMIT 1 [ RunTime:0.000576s ]
[2023-12-06T17:46:13+08:00][sql] SHOW FULL COLUMNS FROM `yp_roles` [ RunTime:0.001215s ]
[2023-12-06T17:46:13+08:00][sql] SHOW FULL COLUMNS FROM `yp_access` [ RunTime:0.001837s ]
[2023-12-06T17:46:13+08:00][sql] SELECT `yp_roles`.*,`pivot`.`id` AS `pivot__id`,`pivot`.`admin_id` AS `pivot__admin_id`,`pivot`.`roles_id` AS `pivot__roles_id` FROM `yp_roles` INNER JOIN `yp_access` `pivot` ON `pivot`.`roles_id`=`yp_roles`.`id` WHERE  `pivot`.`admin_id` = '1' [ RunTime:0.000872s ]
[2023-12-06T17:46:13+08:00][sql] SHOW FULL COLUMNS FROM `yp_mod` [ RunTime:0.012262s ]
[2023-12-06T17:46:13+08:00][sql] SELECT `actions`,`name` FROM `yp_mod` [ RunTime:0.000844s ]
[2023-12-06T17:46:13+08:00][sql] SHOW FULL COLUMNS FROM `yp_rule` [ RunTime:0.002463s ]
[2023-12-06T17:46:13+08:00][sql] SELECT `id`,`path`,`type`,`status`,`pid`,`sort`,`mod_id`,`title`,`icon` FROM `yp_rule` ORDER BY `sort` ASC [ RunTime:0.000685s ]
[2023-12-06T17:46:13+08:00][sql] SELECT * FROM `yp_mod` WHERE  `id` IN (1,10,0,12,3,2) [ RunTime:0.000556s ]
[2023-12-06T17:46:13+08:00][sql] CONNECT:[ UseTime:0.000587s ] mysql:host=127.0.0.1;port=3306;dbname=qiye;charset=utf8
[2023-12-06T17:46:13+08:00][sql] SHOW FULL COLUMNS FROM `yp_admin` [ RunTime:0.001976s ]
[2023-12-06T17:46:13+08:00][sql] SELECT `id`,`username`,`status`,`create_time`,`update_time`,`truename`,`mobile`,`last_ip`,`cluderules`,`cludebtn`,`excluderules`,`excludebtn` FROM `yp_admin` WHERE  `id` = 1 LIMIT 1 [ RunTime:0.000509s ]
[2023-12-06T17:46:13+08:00][sql] SHOW FULL COLUMNS FROM `yp_roles` [ RunTime:0.001053s ]
[2023-12-06T17:46:13+08:00][sql] SHOW FULL COLUMNS FROM `yp_access` [ RunTime:0.001122s ]
[2023-12-06T17:46:13+08:00][sql] SELECT `yp_roles`.*,`pivot`.`id` AS `pivot__id`,`pivot`.`admin_id` AS `pivot__admin_id`,`pivot`.`roles_id` AS `pivot__roles_id` FROM `yp_roles` INNER JOIN `yp_access` `pivot` ON `pivot`.`roles_id`=`yp_roles`.`id` WHERE  `pivot`.`admin_id` = '1' [ RunTime:0.000739s ]
[2023-12-06T17:46:13+08:00][sql] SHOW FULL COLUMNS FROM `yp_mod` [ RunTime:0.002583s ]
[2023-12-06T17:46:13+08:00][sql] SELECT `actions`,`name` FROM `yp_mod` [ RunTime:0.000354s ]
[2023-12-06T17:46:13+08:00][sql] SHOW FULL COLUMNS FROM `yp_rule` [ RunTime:0.001358s ]
[2023-12-06T17:46:13+08:00][sql] SELECT `id`,`path`,`type`,`status`,`pid`,`sort`,`mod_id`,`title`,`icon` FROM `yp_rule` ORDER BY `sort` ASC [ RunTime:0.001332s ]
[2023-12-06T17:46:13+08:00][sql] SELECT * FROM `yp_mod` WHERE  `id` IN (1,10,0,12,3,2) [ RunTime:0.000389s ]
[2023-12-06T17:46:13+08:00][sql] SHOW FULL COLUMNS FROM `yp_cols` [ RunTime:0.002788s ]
[2023-12-06T17:46:13+08:00][sql] SELECT COUNT(*) AS think_count FROM `yp_cols` [ RunTime:0.004540s ]
[2023-12-06T17:46:13+08:00][sql] SELECT * FROM `yp_cols` ORDER BY `sort` ASC,`id` DESC LIMIT 0,30 [ RunTime:0.000586s ]
[2023-12-06T17:46:20+08:00][sql] CONNECT:[ UseTime:0.000721s ] mysql:host=127.0.0.1;port=3306;dbname=qiye;charset=utf8
[2023-12-06T17:46:20+08:00][sql] SHOW FULL COLUMNS FROM `yp_admin` [ RunTime:0.001708s ]
[2023-12-06T17:46:20+08:00][sql] SELECT `id`,`username`,`status`,`create_time`,`update_time`,`truename`,`mobile`,`last_ip`,`cluderules`,`cludebtn`,`excluderules`,`excludebtn` FROM `yp_admin` WHERE  `id` = 1 LIMIT 1 [ RunTime:0.000483s ]
[2023-12-06T17:46:20+08:00][sql] SHOW FULL COLUMNS FROM `yp_roles` [ RunTime:0.013382s ]
[2023-12-06T17:46:20+08:00][sql] SHOW FULL COLUMNS FROM `yp_access` [ RunTime:0.001921s ]
[2023-12-06T17:46:20+08:00][sql] SELECT `yp_roles`.*,`pivot`.`id` AS `pivot__id`,`pivot`.`admin_id` AS `pivot__admin_id`,`pivot`.`roles_id` AS `pivot__roles_id` FROM `yp_roles` INNER JOIN `yp_access` `pivot` ON `pivot`.`roles_id`=`yp_roles`.`id` WHERE  `pivot`.`admin_id` = '1' [ RunTime:0.000701s ]
[2023-12-06T17:46:20+08:00][sql] SHOW FULL COLUMNS FROM `yp_mod` [ RunTime:0.002126s ]
[2023-12-06T17:46:20+08:00][sql] SELECT `actions`,`name` FROM `yp_mod` [ RunTime:0.000521s ]
[2023-12-06T17:46:20+08:00][sql] SHOW FULL COLUMNS FROM `yp_rule` [ RunTime:0.002009s ]
[2023-12-06T17:46:20+08:00][sql] SELECT `id`,`path`,`type`,`status`,`pid`,`sort`,`mod_id`,`title`,`icon` FROM `yp_rule` ORDER BY `sort` ASC [ RunTime:0.000531s ]
[2023-12-06T17:46:20+08:00][sql] SELECT * FROM `yp_mod` WHERE  `id` IN (1,10,0,12,3,2) [ RunTime:0.000563s ]
[2023-12-06T17:46:20+08:00][sql] CONNECT:[ UseTime:0.000445s ] mysql:host=127.0.0.1;port=3306;dbname=qiye;charset=utf8
[2023-12-06T17:46:20+08:00][sql] SHOW FULL COLUMNS FROM `yp_admin` [ RunTime:0.002973s ]
[2023-12-06T17:46:20+08:00][sql] SELECT `id`,`username`,`status`,`create_time`,`update_time`,`truename`,`mobile`,`last_ip`,`cluderules`,`cludebtn`,`excluderules`,`excludebtn` FROM `yp_admin` WHERE  `id` = 1 LIMIT 1 [ RunTime:0.000923s ]
[2023-12-06T17:46:20+08:00][sql] SHOW FULL COLUMNS FROM `yp_roles` [ RunTime:0.001453s ]
[2023-12-06T17:46:20+08:00][sql] SHOW FULL COLUMNS FROM `yp_access` [ RunTime:0.012759s ]
[2023-12-06T17:46:20+08:00][sql] SELECT `yp_roles`.*,`pivot`.`id` AS `pivot__id`,`pivot`.`admin_id` AS `pivot__admin_id`,`pivot`.`roles_id` AS `pivot__roles_id` FROM `yp_roles` INNER JOIN `yp_access` `pivot` ON `pivot`.`roles_id`=`yp_roles`.`id` WHERE  `pivot`.`admin_id` = '1' [ RunTime:0.000368s ]
[2023-12-06T17:46:20+08:00][sql] SHOW FULL COLUMNS FROM `yp_mod` [ RunTime:0.001519s ]
[2023-12-06T17:46:20+08:00][sql] SELECT `actions`,`name` FROM `yp_mod` [ RunTime:0.000254s ]
[2023-12-06T17:46:20+08:00][sql] SHOW FULL COLUMNS FROM `yp_rule` [ RunTime:0.001406s ]
[2023-12-06T17:46:20+08:00][sql] SELECT `id`,`path`,`type`,`status`,`pid`,`sort`,`mod_id`,`title`,`icon` FROM `yp_rule` ORDER BY `sort` ASC [ RunTime:0.000352s ]
[2023-12-06T17:46:20+08:00][sql] SELECT * FROM `yp_mod` WHERE  `id` IN (1,10,0,12,3,2) [ RunTime:0.000372s ]
[2023-12-06T17:46:20+08:00][sql] SHOW FULL COLUMNS FROM `yp_classify` [ RunTime:0.002345s ]
[2023-12-06T17:46:20+08:00][error] [8192]Creation of dynamic property app\admin\controller\Classify::$table is deprecated[/Users/zhoushouzhan/Desktop/www/qiye/web/app/admin/controller/Classify.php:23]
[2023-12-06T17:47:41+08:00][sql] CONNECT:[ UseTime:0.001868s ] mysql:host=127.0.0.1;port=3306;dbname=qiye;charset=utf8
[2023-12-06T17:47:41+08:00][sql] SHOW FULL COLUMNS FROM `yp_admin` [ RunTime:0.003033s ]
[2023-12-06T17:47:41+08:00][sql] SELECT `id`,`username`,`status`,`create_time`,`update_time`,`truename`,`mobile`,`last_ip`,`cluderules`,`cludebtn`,`excluderules`,`excludebtn` FROM `yp_admin` WHERE  `id` = 1 LIMIT 1 [ RunTime:0.000416s ]
[2023-12-06T17:47:41+08:00][sql] SHOW FULL COLUMNS FROM `yp_roles` [ RunTime:0.001155s ]
[2023-12-06T17:47:41+08:00][sql] SHOW FULL COLUMNS FROM `yp_access` [ RunTime:0.001332s ]
[2023-12-06T17:47:41+08:00][sql] SELECT `yp_roles`.*,`pivot`.`id` AS `pivot__id`,`pivot`.`admin_id` AS `pivot__admin_id`,`pivot`.`roles_id` AS `pivot__roles_id` FROM `yp_roles` INNER JOIN `yp_access` `pivot` ON `pivot`.`roles_id`=`yp_roles`.`id` WHERE  `pivot`.`admin_id` = '1' [ RunTime:0.000394s ]
[2023-12-06T17:47:41+08:00][sql] SHOW FULL COLUMNS FROM `yp_mod` [ RunTime:0.000903s ]
[2023-12-06T17:47:41+08:00][sql] SELECT `actions`,`name` FROM `yp_mod` [ RunTime:0.000231s ]
[2023-12-06T17:47:41+08:00][sql] SHOW FULL COLUMNS FROM `yp_rule` [ RunTime:0.000860s ]
[2023-12-06T17:47:41+08:00][sql] SELECT `id`,`path`,`type`,`status`,`pid`,`sort`,`mod_id`,`title`,`icon` FROM `yp_rule` ORDER BY `sort` ASC [ RunTime:0.000336s ]
[2023-12-06T17:47:41+08:00][sql] SELECT * FROM `yp_mod` WHERE  `id` IN (1,10,0,12,3,2) [ RunTime:0.000295s ]
[2023-12-06T17:47:41+08:00][sql] SHOW FULL COLUMNS FROM `yp_classify` [ RunTime:0.000820s ]
[2023-12-06T17:47:41+08:00][sql] SELECT * FROM `yp_classify` [ RunTime:0.007898s ]
[2023-12-06T17:47:41+08:00][sql] SELECT * FROM `yp_classify` WHERE  `pid` = 0 [ RunTime:0.002863s ]
[2023-12-06T17:47:43+08:00][sql] CONNECT:[ UseTime:0.000722s ] mysql:host=127.0.0.1;port=3306;dbname=qiye;charset=utf8
[2023-12-06T17:47:43+08:00][sql] SHOW FULL COLUMNS FROM `yp_admin` [ RunTime:0.002337s ]
[2023-12-06T17:47:43+08:00][sql] SELECT `id`,`username`,`status`,`create_time`,`update_time`,`truename`,`mobile`,`last_ip`,`cluderules`,`cludebtn`,`excluderules`,`excludebtn` FROM `yp_admin` WHERE  `id` = 1 LIMIT 1 [ RunTime:0.000426s ]
[2023-12-06T17:47:43+08:00][sql] SHOW FULL COLUMNS FROM `yp_roles` [ RunTime:0.001080s ]
[2023-12-06T17:47:43+08:00][sql] SHOW FULL COLUMNS FROM `yp_access` [ RunTime:0.000837s ]
[2023-12-06T17:47:43+08:00][sql] SELECT `yp_roles`.*,`pivot`.`id` AS `pivot__id`,`pivot`.`admin_id` AS `pivot__admin_id`,`pivot`.`roles_id` AS `pivot__roles_id` FROM `yp_roles` INNER JOIN `yp_access` `pivot` ON `pivot`.`roles_id`=`yp_roles`.`id` WHERE  `pivot`.`admin_id` = '1' [ RunTime:0.000263s ]
[2023-12-06T17:47:43+08:00][sql] SHOW FULL COLUMNS FROM `yp_mod` [ RunTime:0.000931s ]
[2023-12-06T17:47:43+08:00][sql] SELECT `actions`,`name` FROM `yp_mod` [ RunTime:0.000286s ]
[2023-12-06T17:47:43+08:00][sql] SHOW FULL COLUMNS FROM `yp_rule` [ RunTime:0.000782s ]
[2023-12-06T17:47:43+08:00][sql] SELECT `id`,`path`,`type`,`status`,`pid`,`sort`,`mod_id`,`title`,`icon` FROM `yp_rule` ORDER BY `sort` ASC [ RunTime:0.000222s ]
[2023-12-06T17:47:43+08:00][sql] SELECT * FROM `yp_mod` WHERE  `id` IN (1,10,0,12,3,2) [ RunTime:0.000257s ]
[2023-12-06T17:47:43+08:00][sql] CONNECT:[ UseTime:0.001195s ] mysql:host=127.0.0.1;port=3306;dbname=qiye;charset=utf8
[2023-12-06T17:47:43+08:00][sql] SHOW FULL COLUMNS FROM `yp_admin` [ RunTime:0.002213s ]
[2023-12-06T17:47:43+08:00][sql] SELECT `id`,`username`,`status`,`create_time`,`update_time`,`truename`,`mobile`,`last_ip`,`cluderules`,`cludebtn`,`excluderules`,`excludebtn` FROM `yp_admin` WHERE  `id` = 1 LIMIT 1 [ RunTime:0.000455s ]
[2023-12-06T17:47:43+08:00][sql] SHOW FULL COLUMNS FROM `yp_roles` [ RunTime:0.001040s ]
[2023-12-06T17:47:43+08:00][sql] SHOW FULL COLUMNS FROM `yp_access` [ RunTime:0.000790s ]
[2023-12-06T17:47:43+08:00][sql] SELECT `yp_roles`.*,`pivot`.`id` AS `pivot__id`,`pivot`.`admin_id` AS `pivot__admin_id`,`pivot`.`roles_id` AS `pivot__roles_id` FROM `yp_roles` INNER JOIN `yp_access` `pivot` ON `pivot`.`roles_id`=`yp_roles`.`id` WHERE  `pivot`.`admin_id` = '1' [ RunTime:0.000245s ]
[2023-12-06T17:47:43+08:00][sql] SHOW FULL COLUMNS FROM `yp_mod` [ RunTime:0.000819s ]
[2023-12-06T17:47:43+08:00][sql] SELECT `actions`,`name` FROM `yp_mod` [ RunTime:0.000206s ]
[2023-12-06T17:47:43+08:00][sql] SHOW FULL COLUMNS FROM `yp_rule` [ RunTime:0.007117s ]
[2023-12-06T17:47:43+08:00][sql] SELECT `id`,`path`,`type`,`status`,`pid`,`sort`,`mod_id`,`title`,`icon` FROM `yp_rule` ORDER BY `sort` ASC [ RunTime:0.000502s ]
[2023-12-06T17:47:43+08:00][sql] SELECT * FROM `yp_mod` WHERE  `id` IN (1,10,0,12,3,2) [ RunTime:0.000321s ]
[2023-12-06T17:47:43+08:00][sql] SHOW FULL COLUMNS FROM `yp_classify` [ RunTime:0.001448s ]
[2023-12-06T17:47:43+08:00][sql] SELECT * FROM `yp_classify` [ RunTime:0.004806s ]
[2023-12-06T17:47:43+08:00][sql] SELECT * FROM `yp_classify` WHERE  `pid` = 0 [ RunTime:0.004065s ]
[2023-12-06T17:47:45+08:00][sql] CONNECT:[ UseTime:0.000573s ] mysql:host=127.0.0.1;port=3306;dbname=qiye;charset=utf8
[2023-12-06T17:47:45+08:00][sql] SHOW FULL COLUMNS FROM `yp_admin` [ RunTime:0.012829s ]
[2023-12-06T17:47:45+08:00][sql] SELECT `id`,`username`,`status`,`create_time`,`update_time`,`truename`,`mobile`,`last_ip`,`cluderules`,`cludebtn`,`excluderules`,`excludebtn` FROM `yp_admin` WHERE  `id` = 1 LIMIT 1 [ RunTime:0.000482s ]
[2023-12-06T17:47:45+08:00][sql] SHOW FULL COLUMNS FROM `yp_roles` [ RunTime:0.001266s ]
[2023-12-06T17:47:45+08:00][sql] SHOW FULL COLUMNS FROM `yp_access` [ RunTime:0.000909s ]
[2023-12-06T17:47:45+08:00][sql] SELECT `yp_roles`.*,`pivot`.`id` AS `pivot__id`,`pivot`.`admin_id` AS `pivot__admin_id`,`pivot`.`roles_id` AS `pivot__roles_id` FROM `yp_roles` INNER JOIN `yp_access` `pivot` ON `pivot`.`roles_id`=`yp_roles`.`id` WHERE  `pivot`.`admin_id` = '1' [ RunTime:0.000306s ]
[2023-12-06T17:47:45+08:00][sql] SHOW FULL COLUMNS FROM `yp_mod` [ RunTime:0.000834s ]
[2023-12-06T17:47:45+08:00][sql] SELECT `actions`,`name` FROM `yp_mod` [ RunTime:0.000185s ]
[2023-12-06T17:47:45+08:00][sql] SHOW FULL COLUMNS FROM `yp_rule` [ RunTime:0.000727s ]
[2023-12-06T17:47:45+08:00][sql] SELECT `id`,`path`,`type`,`status`,`pid`,`sort`,`mod_id`,`title`,`icon` FROM `yp_rule` ORDER BY `sort` ASC [ RunTime:0.000248s ]
[2023-12-06T17:47:45+08:00][sql] SELECT * FROM `yp_mod` WHERE  `id` IN (1,10,0,12,3,2) [ RunTime:0.000259s ]
[2023-12-06T17:47:45+08:00][sql] CONNECT:[ UseTime:0.000486s ] mysql:host=127.0.0.1;port=3306;dbname=qiye;charset=utf8
[2023-12-06T17:47:45+08:00][sql] SHOW FULL COLUMNS FROM `yp_admin` [ RunTime:0.001828s ]
[2023-12-06T17:47:45+08:00][sql] SELECT `id`,`username`,`status`,`create_time`,`update_time`,`truename`,`mobile`,`last_ip`,`cluderules`,`cludebtn`,`excluderules`,`excludebtn` FROM `yp_admin` WHERE  `id` = 1 LIMIT 1 [ RunTime:0.000340s ]
[2023-12-06T17:47:45+08:00][sql] SHOW FULL COLUMNS FROM `yp_roles` [ RunTime:0.000842s ]
[2023-12-06T17:47:45+08:00][sql] SHOW FULL COLUMNS FROM `yp_access` [ RunTime:0.000755s ]
[2023-12-06T17:47:45+08:00][sql] SELECT `yp_roles`.*,`pivot`.`id` AS `pivot__id`,`pivot`.`admin_id` AS `pivot__admin_id`,`pivot`.`roles_id` AS `pivot__roles_id` FROM `yp_roles` INNER JOIN `yp_access` `pivot` ON `pivot`.`roles_id`=`yp_roles`.`id` WHERE  `pivot`.`admin_id` = '1' [ RunTime:0.000295s ]
[2023-12-06T17:47:45+08:00][sql] SHOW FULL COLUMNS FROM `yp_mod` [ RunTime:0.000772s ]
[2023-12-06T17:47:45+08:00][sql] SELECT `actions`,`name` FROM `yp_mod` [ RunTime:0.000180s ]
[2023-12-06T17:47:45+08:00][sql] SHOW FULL COLUMNS FROM `yp_rule` [ RunTime:0.000751s ]
[2023-12-06T17:47:45+08:00][sql] SELECT `id`,`path`,`type`,`status`,`pid`,`sort`,`mod_id`,`title`,`icon` FROM `yp_rule` ORDER BY `sort` ASC [ RunTime:0.000234s ]
[2023-12-06T17:47:45+08:00][sql] SELECT * FROM `yp_mod` WHERE  `id` IN (1,10,0,12,3,2) [ RunTime:0.000231s ]
[2023-12-06T17:47:45+08:00][sql] SELECT * FROM `yp_mod` WHERE  `name` = 'sitepro' LIMIT 1 [ RunTime:0.000170s ]
[2023-12-06T17:47:45+08:00][sql] CONNECT:[ UseTime:0.000680s ] mysql:host=127.0.0.1;port=3306;dbname=qiye;charset=utf8
[2023-12-06T17:47:45+08:00][sql] SHOW FULL COLUMNS FROM `yp_admin` [ RunTime:0.001768s ]
[2023-12-06T17:47:45+08:00][sql] SELECT `id`,`username`,`status`,`create_time`,`update_time`,`truename`,`mobile`,`last_ip`,`cluderules`,`cludebtn`,`excluderules`,`excludebtn` FROM `yp_admin` WHERE  `id` = 1 LIMIT 1 [ RunTime:0.000328s ]
[2023-12-06T17:47:45+08:00][sql] SHOW FULL COLUMNS FROM `yp_roles` [ RunTime:0.000863s ]
[2023-12-06T17:47:45+08:00][sql] SHOW FULL COLUMNS FROM `yp_access` [ RunTime:0.000781s ]
[2023-12-06T17:47:45+08:00][sql] SELECT `yp_roles`.*,`pivot`.`id` AS `pivot__id`,`pivot`.`admin_id` AS `pivot__admin_id`,`pivot`.`roles_id` AS `pivot__roles_id` FROM `yp_roles` INNER JOIN `yp_access` `pivot` ON `pivot`.`roles_id`=`yp_roles`.`id` WHERE  `pivot`.`admin_id` = '1' [ RunTime:0.000309s ]
[2023-12-06T17:47:45+08:00][sql] SHOW FULL COLUMNS FROM `yp_mod` [ RunTime:0.000815s ]
[2023-12-06T17:47:45+08:00][sql] SELECT `actions`,`name` FROM `yp_mod` [ RunTime:0.000208s ]
[2023-12-06T17:47:45+08:00][sql] SHOW FULL COLUMNS FROM `yp_rule` [ RunTime:0.000745s ]
[2023-12-06T17:47:45+08:00][sql] SELECT `id`,`path`,`type`,`status`,`pid`,`sort`,`mod_id`,`title`,`icon` FROM `yp_rule` ORDER BY `sort` ASC [ RunTime:0.000209s ]
[2023-12-06T17:47:45+08:00][sql] SELECT * FROM `yp_mod` WHERE  `id` IN (1,10,0,12,3,2) [ RunTime:0.000229s ]
[2023-12-06T17:47:45+08:00][error] [8192]Creation of dynamic property app\admin\controller\ListInfo::$categoryid is deprecated[/Users/zhoushouzhan/Desktop/www/qiye/web/app/admin/controller/ListInfo.php:24]
[2023-12-06T17:48:37+08:00][sql] CONNECT:[ UseTime:0.000582s ] mysql:host=127.0.0.1;port=3306;dbname=qiye;charset=utf8
[2023-12-06T17:48:37+08:00][sql] SHOW FULL COLUMNS FROM `yp_admin` [ RunTime:0.001429s ]
[2023-12-06T17:48:37+08:00][sql] SELECT `id`,`username`,`status`,`create_time`,`update_time`,`truename`,`mobile`,`last_ip`,`cluderules`,`cludebtn`,`excluderules`,`excludebtn` FROM `yp_admin` WHERE  `id` = 1 LIMIT 1 [ RunTime:0.000313s ]
[2023-12-06T17:48:37+08:00][sql] SHOW FULL COLUMNS FROM `yp_roles` [ RunTime:0.001266s ]
[2023-12-06T17:48:37+08:00][sql] SHOW FULL COLUMNS FROM `yp_access` [ RunTime:0.002177s ]
[2023-12-06T17:48:37+08:00][sql] SELECT `yp_roles`.*,`pivot`.`id` AS `pivot__id`,`pivot`.`admin_id` AS `pivot__admin_id`,`pivot`.`roles_id` AS `pivot__roles_id` FROM `yp_roles` INNER JOIN `yp_access` `pivot` ON `pivot`.`roles_id`=`yp_roles`.`id` WHERE  `pivot`.`admin_id` = '1' [ RunTime:0.000521s ]
[2023-12-06T17:48:37+08:00][sql] SHOW FULL COLUMNS FROM `yp_mod` [ RunTime:0.001821s ]
[2023-12-06T17:48:37+08:00][sql] SELECT `actions`,`name` FROM `yp_mod` [ RunTime:0.000203s ]
[2023-12-06T17:48:37+08:00][sql] SHOW FULL COLUMNS FROM `yp_rule` [ RunTime:0.000793s ]
[2023-12-06T17:48:37+08:00][sql] SELECT `id`,`path`,`type`,`status`,`pid`,`sort`,`mod_id`,`title`,`icon` FROM `yp_rule` ORDER BY `sort` ASC [ RunTime:0.000221s ]
[2023-12-06T17:48:37+08:00][sql] SELECT * FROM `yp_mod` WHERE  `id` IN (1,10,0,12,3,2) [ RunTime:0.000306s ]
[2023-12-06T17:48:37+08:00][sql] CONNECT:[ UseTime:0.000578s ] mysql:host=127.0.0.1;port=3306;dbname=qiye;charset=utf8
[2023-12-06T17:48:37+08:00][sql] SHOW FULL COLUMNS FROM `yp_admin` [ RunTime:0.001369s ]
[2023-12-06T17:48:37+08:00][sql] SELECT `id`,`username`,`status`,`create_time`,`update_time`,`truename`,`mobile`,`last_ip`,`cluderules`,`cludebtn`,`excluderules`,`excludebtn` FROM `yp_admin` WHERE  `id` = 1 LIMIT 1 [ RunTime:0.000309s ]
[2023-12-06T17:48:37+08:00][sql] SHOW FULL COLUMNS FROM `yp_roles` [ RunTime:0.001020s ]
[2023-12-06T17:48:37+08:00][sql] SHOW FULL COLUMNS FROM `yp_access` [ RunTime:0.001336s ]
[2023-12-06T17:48:37+08:00][sql] SELECT `yp_roles`.*,`pivot`.`id` AS `pivot__id`,`pivot`.`admin_id` AS `pivot__admin_id`,`pivot`.`roles_id` AS `pivot__roles_id` FROM `yp_roles` INNER JOIN `yp_access` `pivot` ON `pivot`.`roles_id`=`yp_roles`.`id` WHERE  `pivot`.`admin_id` = '1' [ RunTime:0.000289s ]
[2023-12-06T17:48:37+08:00][sql] SHOW FULL COLUMNS FROM `yp_mod` [ RunTime:0.001137s ]
[2023-12-06T17:48:37+08:00][sql] SELECT `actions`,`name` FROM `yp_mod` [ RunTime:0.000200s ]
[2023-12-06T17:48:37+08:00][sql] SHOW FULL COLUMNS FROM `yp_rule` [ RunTime:0.000765s ]
[2023-12-06T17:48:37+08:00][sql] SELECT `id`,`path`,`type`,`status`,`pid`,`sort`,`mod_id`,`title`,`icon` FROM `yp_rule` ORDER BY `sort` ASC [ RunTime:0.000230s ]
[2023-12-06T17:48:37+08:00][sql] SELECT * FROM `yp_mod` WHERE  `id` IN (1,10,0,12,3,2) [ RunTime:0.000250s ]
[2023-12-06T17:48:37+08:00][sql] SHOW FULL COLUMNS FROM `yp_classify` [ RunTime:0.000795s ]
[2023-12-06T17:48:37+08:00][sql] SELECT * FROM `yp_classify` [ RunTime:0.005185s ]
[2023-12-06T17:48:37+08:00][sql] SELECT * FROM `yp_classify` WHERE  `pid` = 0 [ RunTime:0.003756s ]
[2023-12-06T17:48:38+08:00][sql] CONNECT:[ UseTime:0.001060s ] mysql:host=127.0.0.1;port=3306;dbname=qiye;charset=utf8
[2023-12-06T17:48:38+08:00][sql] SHOW FULL COLUMNS FROM `yp_admin` [ RunTime:0.002200s ]
[2023-12-06T17:48:38+08:00][sql] SELECT `id`,`username`,`status`,`create_time`,`update_time`,`truename`,`mobile`,`last_ip`,`cluderules`,`cludebtn`,`excluderules`,`excludebtn` FROM `yp_admin` WHERE  `id` = 1 LIMIT 1 [ RunTime:0.000484s ]
[2023-12-06T17:48:38+08:00][sql] SHOW FULL COLUMNS FROM `yp_roles` [ RunTime:0.000953s ]
[2023-12-06T17:48:38+08:00][sql] SHOW FULL COLUMNS FROM `yp_access` [ RunTime:0.000748s ]
[2023-12-06T17:48:38+08:00][sql] SELECT `yp_roles`.*,`pivot`.`id` AS `pivot__id`,`pivot`.`admin_id` AS `pivot__admin_id`,`pivot`.`roles_id` AS `pivot__roles_id` FROM `yp_roles` INNER JOIN `yp_access` `pivot` ON `pivot`.`roles_id`=`yp_roles`.`id` WHERE  `pivot`.`admin_id` = '1' [ RunTime:0.000249s ]
[2023-12-06T17:48:38+08:00][sql] SHOW FULL COLUMNS FROM `yp_mod` [ RunTime:0.000777s ]
[2023-12-06T17:48:38+08:00][sql] SELECT `actions`,`name` FROM `yp_mod` [ RunTime:0.000173s ]
[2023-12-06T17:48:38+08:00][sql] SHOW FULL COLUMNS FROM `yp_rule` [ RunTime:0.000717s ]
[2023-12-06T17:48:38+08:00][sql] SELECT `id`,`path`,`type`,`status`,`pid`,`sort`,`mod_id`,`title`,`icon` FROM `yp_rule` ORDER BY `sort` ASC [ RunTime:0.000221s ]
[2023-12-06T17:48:38+08:00][sql] SELECT * FROM `yp_mod` WHERE  `id` IN (1,10,0,12,3,2) [ RunTime:0.000232s ]
[2023-12-06T17:48:38+08:00][sql] CONNECT:[ UseTime:0.000525s ] mysql:host=127.0.0.1;port=3306;dbname=qiye;charset=utf8
[2023-12-06T17:48:38+08:00][sql] SHOW FULL COLUMNS FROM `yp_admin` [ RunTime:0.001322s ]
[2023-12-06T17:48:38+08:00][sql] SELECT `id`,`username`,`status`,`create_time`,`update_time`,`truename`,`mobile`,`last_ip`,`cluderules`,`cludebtn`,`excluderules`,`excludebtn` FROM `yp_admin` WHERE  `id` = 1 LIMIT 1 [ RunTime:0.000390s ]
[2023-12-06T17:48:38+08:00][sql] SHOW FULL COLUMNS FROM `yp_roles` [ RunTime:0.000859s ]
[2023-12-06T17:48:38+08:00][sql] SHOW FULL COLUMNS FROM `yp_access` [ RunTime:0.000708s ]
[2023-12-06T17:48:38+08:00][sql] SELECT `yp_roles`.*,`pivot`.`id` AS `pivot__id`,`pivot`.`admin_id` AS `pivot__admin_id`,`pivot`.`roles_id` AS `pivot__roles_id` FROM `yp_roles` INNER JOIN `yp_access` `pivot` ON `pivot`.`roles_id`=`yp_roles`.`id` WHERE  `pivot`.`admin_id` = '1' [ RunTime:0.000251s ]
[2023-12-06T17:48:38+08:00][sql] SHOW FULL COLUMNS FROM `yp_mod` [ RunTime:0.000769s ]
[2023-12-06T17:48:38+08:00][sql] SELECT `actions`,`name` FROM `yp_mod` [ RunTime:0.000173s ]
[2023-12-06T17:48:38+08:00][sql] SHOW FULL COLUMNS FROM `yp_rule` [ RunTime:0.000697s ]
[2023-12-06T17:48:38+08:00][sql] SELECT `id`,`path`,`type`,`status`,`pid`,`sort`,`mod_id`,`title`,`icon` FROM `yp_rule` ORDER BY `sort` ASC [ RunTime:0.000214s ]
[2023-12-06T17:48:38+08:00][sql] SELECT * FROM `yp_mod` WHERE  `id` IN (1,10,0,12,3,2) [ RunTime:0.000230s ]
[2023-12-06T17:48:38+08:00][sql] SELECT * FROM `yp_mod` WHERE  `name` = 'sitepro' LIMIT 1 [ RunTime:0.000164s ]
[2023-12-06T17:48:38+08:00][sql] CONNECT:[ UseTime:0.000548s ] mysql:host=127.0.0.1;port=3306;dbname=qiye;charset=utf8
[2023-12-06T17:48:38+08:00][sql] SHOW FULL COLUMNS FROM `yp_admin` [ RunTime:0.001384s ]
[2023-12-06T17:48:38+08:00][sql] SELECT `id`,`username`,`status`,`create_time`,`update_time`,`truename`,`mobile`,`last_ip`,`cluderules`,`cludebtn`,`excluderules`,`excludebtn` FROM `yp_admin` WHERE  `id` = 1 LIMIT 1 [ RunTime:0.000275s ]
[2023-12-06T17:48:38+08:00][sql] SHOW FULL COLUMNS FROM `yp_roles` [ RunTime:0.000814s ]
[2023-12-06T17:48:38+08:00][sql] SHOW FULL COLUMNS FROM `yp_access` [ RunTime:0.000744s ]
[2023-12-06T17:48:38+08:00][sql] SELECT `yp_roles`.*,`pivot`.`id` AS `pivot__id`,`pivot`.`admin_id` AS `pivot__admin_id`,`pivot`.`roles_id` AS `pivot__roles_id` FROM `yp_roles` INNER JOIN `yp_access` `pivot` ON `pivot`.`roles_id`=`yp_roles`.`id` WHERE  `pivot`.`admin_id` = '1' [ RunTime:0.000231s ]
[2023-12-06T17:48:38+08:00][sql] SHOW FULL COLUMNS FROM `yp_mod` [ RunTime:0.000779s ]
[2023-12-06T17:48:38+08:00][sql] SELECT `actions`,`name` FROM `yp_mod` [ RunTime:0.000157s ]
[2023-12-06T17:48:38+08:00][sql] SHOW FULL COLUMNS FROM `yp_rule` [ RunTime:0.000680s ]
[2023-12-06T17:48:38+08:00][sql] SELECT `id`,`path`,`type`,`status`,`pid`,`sort`,`mod_id`,`title`,`icon` FROM `yp_rule` ORDER BY `sort` ASC [ RunTime:0.000195s ]
[2023-12-06T17:48:38+08:00][sql] SELECT * FROM `yp_mod` WHERE  `id` IN (1,10,0,12,3,2) [ RunTime:0.000222s ]
[2023-12-06T17:48:38+08:00][sql] SELECT * FROM `yp_mod` WHERE  `id` = 1 LIMIT 1 [ RunTime:0.000153s ]
[2023-12-06T17:48:38+08:00][sql] SHOW FULL COLUMNS FROM `yp_sitepro` [ RunTime:0.000804s ]
[2023-12-06T17:48:38+08:00][sql] SELECT * FROM `yp_sitepro` WHERE  `id` = 1 LIMIT 1 [ RunTime:0.000303s ]
[2023-12-06T17:48:38+08:00][sql] CONNECT:[ UseTime:0.000389s ] mysql:host=127.0.0.1;port=3306;dbname=qiye;charset=utf8
[2023-12-06T17:48:38+08:00][sql] SHOW FULL COLUMNS FROM `yp_admin` [ RunTime:0.001220s ]
[2023-12-06T17:48:38+08:00][sql] SELECT `id`,`username`,`status`,`create_time`,`update_time`,`truename`,`mobile`,`last_ip`,`cluderules`,`cludebtn`,`excluderules`,`excludebtn` FROM `yp_admin` WHERE  `id` = 1 LIMIT 1 [ RunTime:0.000271s ]
[2023-12-06T17:48:38+08:00][sql] SHOW FULL COLUMNS FROM `yp_roles` [ RunTime:0.000770s ]
[2023-12-06T17:48:38+08:00][sql] SHOW FULL COLUMNS FROM `yp_access` [ RunTime:0.000835s ]
[2023-12-06T17:48:38+08:00][sql] SELECT `yp_roles`.*,`pivot`.`id` AS `pivot__id`,`pivot`.`admin_id` AS `pivot__admin_id`,`pivot`.`roles_id` AS `pivot__roles_id` FROM `yp_roles` INNER JOIN `yp_access` `pivot` ON `pivot`.`roles_id`=`yp_roles`.`id` WHERE  `pivot`.`admin_id` = '1' [ RunTime:0.000281s ]
[2023-12-06T17:48:38+08:00][sql] SHOW FULL COLUMNS FROM `yp_mod` [ RunTime:0.000762s ]
[2023-12-06T17:48:38+08:00][sql] SELECT `actions`,`name` FROM `yp_mod` [ RunTime:0.000169s ]
[2023-12-06T17:48:38+08:00][sql] SHOW FULL COLUMNS FROM `yp_rule` [ RunTime:0.000790s ]
[2023-12-06T17:48:38+08:00][sql] SELECT `id`,`path`,`type`,`status`,`pid`,`sort`,`mod_id`,`title`,`icon` FROM `yp_rule` ORDER BY `sort` ASC [ RunTime:0.000304s ]
[2023-12-06T17:48:38+08:00][sql] SELECT * FROM `yp_mod` WHERE  `id` IN (1,10,0,12,3,2) [ RunTime:0.001916s ]
[2023-12-06T17:48:38+08:00][sql] SHOW FULL COLUMNS FROM `yp_files` [ RunTime:0.002495s ]
[2023-12-06T17:48:38+08:00][error] [8192]Creation of dynamic property app\admin\controller\Files::$table is deprecated[/Users/zhoushouzhan/Desktop/www/qiye/web/app/admin/controller/Files.php:23]
[2023-12-06T17:48:55+08:00][sql] CONNECT:[ UseTime:0.000726s ] mysql:host=127.0.0.1;port=3306;dbname=qiye;charset=utf8
[2023-12-06T17:48:55+08:00][sql] SHOW FULL COLUMNS FROM `yp_admin` [ RunTime:0.001532s ]
[2023-12-06T17:48:55+08:00][sql] SELECT `id`,`username`,`status`,`create_time`,`update_time`,`truename`,`mobile`,`last_ip`,`cluderules`,`cludebtn`,`excluderules`,`excludebtn` FROM `yp_admin` WHERE  `id` = 1 LIMIT 1 [ RunTime:0.000346s ]
[2023-12-06T17:48:55+08:00][sql] SHOW FULL COLUMNS FROM `yp_roles` [ RunTime:0.000941s ]
[2023-12-06T17:48:55+08:00][sql] SHOW FULL COLUMNS FROM `yp_access` [ RunTime:0.000727s ]
[2023-12-06T17:48:55+08:00][sql] SELECT `yp_roles`.*,`pivot`.`id` AS `pivot__id`,`pivot`.`admin_id` AS `pivot__admin_id`,`pivot`.`roles_id` AS `pivot__roles_id` FROM `yp_roles` INNER JOIN `yp_access` `pivot` ON `pivot`.`roles_id`=`yp_roles`.`id` WHERE  `pivot`.`admin_id` = '1' [ RunTime:0.000259s ]
[2023-12-06T17:48:55+08:00][sql] SHOW FULL COLUMNS FROM `yp_mod` [ RunTime:0.000835s ]
[2023-12-06T17:48:55+08:00][sql] SELECT `actions`,`name` FROM `yp_mod` [ RunTime:0.000194s ]
[2023-12-06T17:48:55+08:00][sql] SHOW FULL COLUMNS FROM `yp_rule` [ RunTime:0.000741s ]
[2023-12-06T17:48:55+08:00][sql] SELECT `id`,`path`,`type`,`status`,`pid`,`sort`,`mod_id`,`title`,`icon` FROM `yp_rule` ORDER BY `sort` ASC [ RunTime:0.000238s ]
[2023-12-06T17:48:55+08:00][sql] SELECT * FROM `yp_mod` WHERE  `id` IN (1,10,0,12,3,2) [ RunTime:0.000387s ]
[2023-12-06T17:48:55+08:00][sql] CONNECT:[ UseTime:0.000740s ] mysql:host=127.0.0.1;port=3306;dbname=qiye;charset=utf8
[2023-12-06T17:48:55+08:00][sql] SHOW FULL COLUMNS FROM `yp_admin` [ RunTime:0.001384s ]
[2023-12-06T17:48:55+08:00][sql] SELECT `id`,`username`,`status`,`create_time`,`update_time`,`truename`,`mobile`,`last_ip`,`cluderules`,`cludebtn`,`excluderules`,`excludebtn` FROM `yp_admin` WHERE  `id` = 1 LIMIT 1 [ RunTime:0.000317s ]
[2023-12-06T17:48:55+08:00][sql] SHOW FULL COLUMNS FROM `yp_roles` [ RunTime:0.001028s ]
[2023-12-06T17:48:55+08:00][sql] SHOW FULL COLUMNS FROM `yp_access` [ RunTime:0.000889s ]
[2023-12-06T17:48:55+08:00][sql] SELECT `yp_roles`.*,`pivot`.`id` AS `pivot__id`,`pivot`.`admin_id` AS `pivot__admin_id`,`pivot`.`roles_id` AS `pivot__roles_id` FROM `yp_roles` INNER JOIN `yp_access` `pivot` ON `pivot`.`roles_id`=`yp_roles`.`id` WHERE  `pivot`.`admin_id` = '1' [ RunTime:0.000455s ]
[2023-12-06T17:48:55+08:00][sql] SHOW FULL COLUMNS FROM `yp_mod` [ RunTime:0.000957s ]
[2023-12-06T17:48:55+08:00][sql] SELECT `actions`,`name` FROM `yp_mod` [ RunTime:0.000175s ]
[2023-12-06T17:48:55+08:00][sql] SHOW FULL COLUMNS FROM `yp_rule` [ RunTime:0.000848s ]
[2023-12-06T17:48:55+08:00][sql] SELECT `id`,`path`,`type`,`status`,`pid`,`sort`,`mod_id`,`title`,`icon` FROM `yp_rule` ORDER BY `sort` ASC [ RunTime:0.000432s ]
[2023-12-06T17:48:55+08:00][sql] SELECT * FROM `yp_mod` WHERE  `id` IN (1,10,0,12,3,2) [ RunTime:0.000816s ]
[2023-12-06T17:48:55+08:00][sql] SELECT * FROM `yp_mod` WHERE  `name` = 'sitepro' LIMIT 1 [ RunTime:0.000914s ]
[2023-12-06T17:48:55+08:00][sql] CONNECT:[ UseTime:0.001253s ] mysql:host=127.0.0.1;port=3306;dbname=qiye;charset=utf8
[2023-12-06T17:48:55+08:00][sql] SHOW FULL COLUMNS FROM `yp_admin` [ RunTime:0.001692s ]
[2023-12-06T17:48:55+08:00][sql] SELECT `id`,`username`,`status`,`create_time`,`update_time`,`truename`,`mobile`,`last_ip`,`cluderules`,`cludebtn`,`excluderules`,`excludebtn` FROM `yp_admin` WHERE  `id` = 1 LIMIT 1 [ RunTime:0.000417s ]
[2023-12-06T17:48:55+08:00][sql] SHOW FULL COLUMNS FROM `yp_roles` [ RunTime:0.000909s ]
[2023-12-06T17:48:55+08:00][sql] SHOW FULL COLUMNS FROM `yp_access` [ RunTime:0.000729s ]
[2023-12-06T17:48:55+08:00][sql] SELECT `yp_roles`.*,`pivot`.`id` AS `pivot__id`,`pivot`.`admin_id` AS `pivot__admin_id`,`pivot`.`roles_id` AS `pivot__roles_id` FROM `yp_roles` INNER JOIN `yp_access` `pivot` ON `pivot`.`roles_id`=`yp_roles`.`id` WHERE  `pivot`.`admin_id` = '1' [ RunTime:0.000248s ]
[2023-12-06T17:48:55+08:00][sql] SHOW FULL COLUMNS FROM `yp_mod` [ RunTime:0.000788s ]
[2023-12-06T17:48:55+08:00][sql] SELECT `actions`,`name` FROM `yp_mod` [ RunTime:0.000178s ]
[2023-12-06T17:48:55+08:00][sql] SHOW FULL COLUMNS FROM `yp_rule` [ RunTime:0.000748s ]
[2023-12-06T17:48:55+08:00][sql] SELECT `id`,`path`,`type`,`status`,`pid`,`sort`,`mod_id`,`title`,`icon` FROM `yp_rule` ORDER BY `sort` ASC [ RunTime:0.000189s ]
[2023-12-06T17:48:55+08:00][sql] SELECT * FROM `yp_mod` WHERE  `id` IN (1,10,0,12,3,2) [ RunTime:0.000225s ]
[2023-12-06T17:48:55+08:00][sql] SELECT * FROM `yp_mod` WHERE  `id` = 1 LIMIT 1 [ RunTime:0.000162s ]
[2023-12-06T17:48:55+08:00][sql] SHOW FULL COLUMNS FROM `yp_sitepro` [ RunTime:0.000748s ]
[2023-12-06T17:48:55+08:00][sql] SELECT * FROM `yp_sitepro` WHERE  `id` = 1 LIMIT 1 [ RunTime:0.000198s ]
[2023-12-06T17:48:56+08:00][sql] CONNECT:[ UseTime:0.000542s ] mysql:host=127.0.0.1;port=3306;dbname=qiye;charset=utf8
[2023-12-06T17:48:56+08:00][sql] SHOW FULL COLUMNS FROM `yp_admin` [ RunTime:0.001228s ]
[2023-12-06T17:48:56+08:00][sql] SELECT `id`,`username`,`status`,`create_time`,`update_time`,`truename`,`mobile`,`last_ip`,`cluderules`,`cludebtn`,`excluderules`,`excludebtn` FROM `yp_admin` WHERE  `id` = 1 LIMIT 1 [ RunTime:0.000280s ]
[2023-12-06T17:48:56+08:00][sql] SHOW FULL COLUMNS FROM `yp_roles` [ RunTime:0.000758s ]
[2023-12-06T17:48:56+08:00][sql] SHOW FULL COLUMNS FROM `yp_access` [ RunTime:0.000737s ]
[2023-12-06T17:48:56+08:00][sql] SELECT `yp_roles`.*,`pivot`.`id` AS `pivot__id`,`pivot`.`admin_id` AS `pivot__admin_id`,`pivot`.`roles_id` AS `pivot__roles_id` FROM `yp_roles` INNER JOIN `yp_access` `pivot` ON `pivot`.`roles_id`=`yp_roles`.`id` WHERE  `pivot`.`admin_id` = '1' [ RunTime:0.000261s ]
[2023-12-06T17:48:56+08:00][sql] SHOW FULL COLUMNS FROM `yp_mod` [ RunTime:0.000781s ]
[2023-12-06T17:48:56+08:00][sql] SELECT `actions`,`name` FROM `yp_mod` [ RunTime:0.000168s ]
[2023-12-06T17:48:56+08:00][sql] SHOW FULL COLUMNS FROM `yp_rule` [ RunTime:0.000708s ]
[2023-12-06T17:48:56+08:00][sql] SELECT `id`,`path`,`type`,`status`,`pid`,`sort`,`mod_id`,`title`,`icon` FROM `yp_rule` ORDER BY `sort` ASC [ RunTime:0.000229s ]
[2023-12-06T17:48:56+08:00][sql] SELECT * FROM `yp_mod` WHERE  `id` IN (1,10,0,12,3,2) [ RunTime:0.000250s ]
[2023-12-06T17:48:56+08:00][sql] SHOW FULL COLUMNS FROM `yp_files` [ RunTime:0.000910s ]
[2023-12-06T17:48:56+08:00][sql] SELECT * FROM `yp_files` WHERE  `id` = 71 LIMIT 1 [ RunTime:0.002049s ]
[2023-12-06T17:48:58+08:00][sql] CONNECT:[ UseTime:0.000456s ] mysql:host=127.0.0.1;port=3306;dbname=qiye;charset=utf8
[2023-12-06T17:48:58+08:00][sql] SHOW FULL COLUMNS FROM `yp_admin` [ RunTime:0.001429s ]
[2023-12-06T17:48:58+08:00][sql] SELECT `id`,`username`,`status`,`create_time`,`update_time`,`truename`,`mobile`,`last_ip`,`cluderules`,`cludebtn`,`excluderules`,`excludebtn` FROM `yp_admin` WHERE  `id` = 1 LIMIT 1 [ RunTime:0.000633s ]
[2023-12-06T17:48:58+08:00][sql] SHOW FULL COLUMNS FROM `yp_roles` [ RunTime:0.000950s ]
[2023-12-06T17:48:58+08:00][sql] SHOW FULL COLUMNS FROM `yp_access` [ RunTime:0.000736s ]
[2023-12-06T17:48:58+08:00][sql] SELECT `yp_roles`.*,`pivot`.`id` AS `pivot__id`,`pivot`.`admin_id` AS `pivot__admin_id`,`pivot`.`roles_id` AS `pivot__roles_id` FROM `yp_roles` INNER JOIN `yp_access` `pivot` ON `pivot`.`roles_id`=`yp_roles`.`id` WHERE  `pivot`.`admin_id` = '1' [ RunTime:0.000231s ]
[2023-12-06T17:48:58+08:00][sql] SHOW FULL COLUMNS FROM `yp_mod` [ RunTime:0.000785s ]
[2023-12-06T17:48:58+08:00][sql] SELECT `actions`,`name` FROM `yp_mod` [ RunTime:0.000167s ]
[2023-12-06T17:48:58+08:00][sql] SHOW FULL COLUMNS FROM `yp_rule` [ RunTime:0.000704s ]
[2023-12-06T17:48:58+08:00][sql] SELECT `id`,`path`,`type`,`status`,`pid`,`sort`,`mod_id`,`title`,`icon` FROM `yp_rule` ORDER BY `sort` ASC [ RunTime:0.000211s ]
[2023-12-06T17:48:58+08:00][sql] SELECT * FROM `yp_mod` WHERE  `id` IN (1,10,0,12,3,2) [ RunTime:0.000232s ]
[2023-12-06T17:48:58+08:00][sql] CONNECT:[ UseTime:0.000557s ] mysql:host=127.0.0.1;port=3306;dbname=qiye;charset=utf8
[2023-12-06T17:48:58+08:00][sql] SHOW FULL COLUMNS FROM `yp_admin` [ RunTime:0.001234s ]
[2023-12-06T17:48:58+08:00][sql] SELECT `id`,`username`,`status`,`create_time`,`update_time`,`truename`,`mobile`,`last_ip`,`cluderules`,`cludebtn`,`excluderules`,`excludebtn` FROM `yp_admin` WHERE  `id` = 1 LIMIT 1 [ RunTime:0.000271s ]
[2023-12-06T17:48:58+08:00][sql] SHOW FULL COLUMNS FROM `yp_roles` [ RunTime:0.000825s ]
[2023-12-06T17:48:58+08:00][sql] SHOW FULL COLUMNS FROM `yp_access` [ RunTime:0.000745s ]
[2023-12-06T17:48:58+08:00][sql] SELECT `yp_roles`.*,`pivot`.`id` AS `pivot__id`,`pivot`.`admin_id` AS `pivot__admin_id`,`pivot`.`roles_id` AS `pivot__roles_id` FROM `yp_roles` INNER JOIN `yp_access` `pivot` ON `pivot`.`roles_id`=`yp_roles`.`id` WHERE  `pivot`.`admin_id` = '1' [ RunTime:0.000244s ]
[2023-12-06T17:48:58+08:00][sql] SHOW FULL COLUMNS FROM `yp_mod` [ RunTime:0.002510s ]
[2023-12-06T17:48:58+08:00][sql] SELECT `actions`,`name` FROM `yp_mod` [ RunTime:0.000437s ]
[2023-12-06T17:48:58+08:00][sql] SHOW FULL COLUMNS FROM `yp_rule` [ RunTime:0.001565s ]
[2023-12-06T17:48:58+08:00][sql] SELECT `id`,`path`,`type`,`status`,`pid`,`sort`,`mod_id`,`title`,`icon` FROM `yp_rule` ORDER BY `sort` ASC [ RunTime:0.000283s ]
[2023-12-06T17:48:58+08:00][sql] SELECT * FROM `yp_mod` WHERE  `id` IN (1,10,0,12,3,2) [ RunTime:0.000258s ]
[2023-12-06T17:48:58+08:00][sql] SHOW FULL COLUMNS FROM `yp_classify` [ RunTime:0.000872s ]
[2023-12-06T17:48:58+08:00][sql] SELECT * FROM `yp_classify` [ RunTime:0.003627s ]
[2023-12-06T17:48:58+08:00][sql] SELECT * FROM `yp_classify` WHERE  `pid` = 0 [ RunTime:0.005273s ]
[2023-12-06T17:48:58+08:00][sql] CONNECT:[ UseTime:0.000909s ] mysql:host=127.0.0.1;port=3306;dbname=qiye;charset=utf8
[2023-12-06T17:48:58+08:00][sql] SHOW FULL COLUMNS FROM `yp_admin` [ RunTime:0.001391s ]
[2023-12-06T17:48:58+08:00][sql] SELECT `id`,`username`,`status`,`create_time`,`update_time`,`truename`,`mobile`,`last_ip`,`cluderules`,`cludebtn`,`excluderules`,`excludebtn` FROM `yp_admin` WHERE  `id` = 1 LIMIT 1 [ RunTime:0.000534s ]
[2023-12-06T17:48:58+08:00][sql] SHOW FULL COLUMNS FROM `yp_roles` [ RunTime:0.000904s ]
[2023-12-06T17:48:58+08:00][sql] SHOW FULL COLUMNS FROM `yp_access` [ RunTime:0.000832s ]
[2023-12-06T17:48:58+08:00][sql] SELECT `yp_roles`.*,`pivot`.`id` AS `pivot__id`,`pivot`.`admin_id` AS `pivot__admin_id`,`pivot`.`roles_id` AS `pivot__roles_id` FROM `yp_roles` INNER JOIN `yp_access` `pivot` ON `pivot`.`roles_id`=`yp_roles`.`id` WHERE  `pivot`.`admin_id` = '1' [ RunTime:0.000276s ]
[2023-12-06T17:48:58+08:00][sql] SHOW FULL COLUMNS FROM `yp_mod` [ RunTime:0.000842s ]
[2023-12-06T17:48:58+08:00][sql] SELECT `actions`,`name` FROM `yp_mod` [ RunTime:0.000174s ]
[2023-12-06T17:48:58+08:00][sql] SHOW FULL COLUMNS FROM `yp_rule` [ RunTime:0.000881s ]
[2023-12-06T17:48:58+08:00][sql] SELECT `id`,`path`,`type`,`status`,`pid`,`sort`,`mod_id`,`title`,`icon` FROM `yp_rule` ORDER BY `sort` ASC [ RunTime:0.000260s ]
[2023-12-06T17:48:58+08:00][sql] SELECT * FROM `yp_mod` WHERE  `id` IN (1,10,0,12,3,2) [ RunTime:0.000281s ]
[2023-12-06T17:48:58+08:00][sql] CONNECT:[ UseTime:0.000502s ] mysql:host=127.0.0.1;port=3306;dbname=qiye;charset=utf8
[2023-12-06T17:48:58+08:00][sql] SHOW FULL COLUMNS FROM `yp_admin` [ RunTime:0.001574s ]
[2023-12-06T17:48:58+08:00][sql] SELECT `id`,`username`,`status`,`create_time`,`update_time`,`truename`,`mobile`,`last_ip`,`cluderules`,`cludebtn`,`excluderules`,`excludebtn` FROM `yp_admin` WHERE  `id` = 1 LIMIT 1 [ RunTime:0.000531s ]
[2023-12-06T17:48:58+08:00][sql] SHOW FULL COLUMNS FROM `yp_roles` [ RunTime:0.001006s ]
[2023-12-06T17:48:58+08:00][sql] SHOW FULL COLUMNS FROM `yp_access` [ RunTime:0.000783s ]
[2023-12-06T17:48:58+08:00][sql] SELECT `yp_roles`.*,`pivot`.`id` AS `pivot__id`,`pivot`.`admin_id` AS `pivot__admin_id`,`pivot`.`roles_id` AS `pivot__roles_id` FROM `yp_roles` INNER JOIN `yp_access` `pivot` ON `pivot`.`roles_id`=`yp_roles`.`id` WHERE  `pivot`.`admin_id` = '1' [ RunTime:0.000246s ]
[2023-12-06T17:48:58+08:00][sql] SHOW FULL COLUMNS FROM `yp_mod` [ RunTime:0.000790s ]
[2023-12-06T17:48:58+08:00][sql] SELECT `actions`,`name` FROM `yp_mod` [ RunTime:0.000167s ]
[2023-12-06T17:48:58+08:00][sql] SHOW FULL COLUMNS FROM `yp_rule` [ RunTime:0.000710s ]
[2023-12-06T17:48:58+08:00][sql] SELECT `id`,`path`,`type`,`status`,`pid`,`sort`,`mod_id`,`title`,`icon` FROM `yp_rule` ORDER BY `sort` ASC [ RunTime:0.000199s ]
[2023-12-06T17:48:58+08:00][sql] SELECT * FROM `yp_mod` WHERE  `id` IN (1,10,0,12,3,2) [ RunTime:0.000243s ]
[2023-12-06T17:48:58+08:00][sql] SELECT `id`,`path`,`type`,`status`,`pid`,`sort`,`mod_id`,`title`,`icon` FROM `yp_rule` ORDER BY `sort` ASC [ RunTime:0.000190s ]
[2023-12-06T17:48:58+08:00][sql] SELECT * FROM `yp_mod` WHERE  `id` IN (1,10,0,12,3,2) [ RunTime:0.000210s ]
[2023-12-06T17:48:59+08:00][sql] CONNECT:[ UseTime:0.000625s ] mysql:host=127.0.0.1;port=3306;dbname=qiye;charset=utf8
[2023-12-06T17:48:59+08:00][sql] SHOW FULL COLUMNS FROM `yp_admin` [ RunTime:0.012086s ]
[2023-12-06T17:48:59+08:00][sql] SELECT `id`,`username`,`status`,`create_time`,`update_time`,`truename`,`mobile`,`last_ip`,`cluderules`,`cludebtn`,`excluderules`,`excludebtn` FROM `yp_admin` WHERE  `id` = 1 LIMIT 1 [ RunTime:0.000666s ]
[2023-12-06T17:48:59+08:00][sql] SHOW FULL COLUMNS FROM `yp_roles` [ RunTime:0.002604s ]
[2023-12-06T17:48:59+08:00][sql] SHOW FULL COLUMNS FROM `yp_access` [ RunTime:0.000934s ]
[2023-12-06T17:48:59+08:00][sql] SELECT `yp_roles`.*,`pivot`.`id` AS `pivot__id`,`pivot`.`admin_id` AS `pivot__admin_id`,`pivot`.`roles_id` AS `pivot__roles_id` FROM `yp_roles` INNER JOIN `yp_access` `pivot` ON `pivot`.`roles_id`=`yp_roles`.`id` WHERE  `pivot`.`admin_id` = '1' [ RunTime:0.000288s ]
[2023-12-06T17:48:59+08:00][sql] SHOW FULL COLUMNS FROM `yp_mod` [ RunTime:0.000872s ]
[2023-12-06T17:48:59+08:00][sql] SELECT `actions`,`name` FROM `yp_mod` [ RunTime:0.000175s ]
[2023-12-06T17:48:59+08:00][sql] SHOW FULL COLUMNS FROM `yp_rule` [ RunTime:0.000759s ]
[2023-12-06T17:48:59+08:00][sql] SELECT `id`,`path`,`type`,`status`,`pid`,`sort`,`mod_id`,`title`,`icon` FROM `yp_rule` ORDER BY `sort` ASC [ RunTime:0.000420s ]
[2023-12-06T17:48:59+08:00][sql] SELECT * FROM `yp_mod` WHERE  `id` IN (1,10,0,12,3,2) [ RunTime:0.000299s ]
[2023-12-06T17:49:00+08:00][sql] CONNECT:[ UseTime:0.000461s ] mysql:host=127.0.0.1;port=3306;dbname=qiye;charset=utf8
[2023-12-06T17:49:00+08:00][sql] SHOW FULL COLUMNS FROM `yp_admin` [ RunTime:0.001225s ]
[2023-12-06T17:49:00+08:00][sql] SELECT `id`,`username`,`status`,`create_time`,`update_time`,`truename`,`mobile`,`last_ip`,`cluderules`,`cludebtn`,`excluderules`,`excludebtn` FROM `yp_admin` WHERE  `id` = 1 LIMIT 1 [ RunTime:0.000312s ]
[2023-12-06T17:49:00+08:00][sql] SHOW FULL COLUMNS FROM `yp_roles` [ RunTime:0.000888s ]
[2023-12-06T17:49:00+08:00][sql] SHOW FULL COLUMNS FROM `yp_access` [ RunTime:0.000751s ]
[2023-12-06T17:49:00+08:00][sql] SELECT `yp_roles`.*,`pivot`.`id` AS `pivot__id`,`pivot`.`admin_id` AS `pivot__admin_id`,`pivot`.`roles_id` AS `pivot__roles_id` FROM `yp_roles` INNER JOIN `yp_access` `pivot` ON `pivot`.`roles_id`=`yp_roles`.`id` WHERE  `pivot`.`admin_id` = '1' [ RunTime:0.000271s ]
[2023-12-06T17:49:00+08:00][sql] SHOW FULL COLUMNS FROM `yp_mod` [ RunTime:0.001064s ]
[2023-12-06T17:49:00+08:00][sql] SELECT `actions`,`name` FROM `yp_mod` [ RunTime:0.000252s ]
[2023-12-06T17:49:00+08:00][sql] SHOW FULL COLUMNS FROM `yp_rule` [ RunTime:0.001132s ]
[2023-12-06T17:49:00+08:00][sql] SELECT `id`,`path`,`type`,`status`,`pid`,`sort`,`mod_id`,`title`,`icon` FROM `yp_rule` ORDER BY `sort` ASC [ RunTime:0.000381s ]
[2023-12-06T17:49:00+08:00][sql] SELECT * FROM `yp_mod` WHERE  `id` IN (1,10,0,12,3,2) [ RunTime:0.000267s ]
[2023-12-06T17:49:00+08:00][sql] SHOW FULL COLUMNS FROM `yp_icon` [ RunTime:0.001533s ]
[2023-12-06T17:49:00+08:00][sql] SELECT * FROM `yp_icon` ORDER BY `id` DESC [ RunTime:0.000976s ]
[2023-12-06T17:50:23+08:00][sql] CONNECT:[ UseTime:0.000742s ] mysql:host=127.0.0.1;port=3306;dbname=qiye;charset=utf8
[2023-12-06T17:50:23+08:00][sql] SHOW FULL COLUMNS FROM `yp_admin` [ RunTime:0.003041s ]
[2023-12-06T17:50:23+08:00][sql] SELECT `id`,`username`,`status`,`create_time`,`update_time`,`truename`,`mobile`,`last_ip`,`cluderules`,`cludebtn`,`excluderules`,`excludebtn` FROM `yp_admin` WHERE  `id` = 1 LIMIT 1 [ RunTime:0.000445s ]
[2023-12-06T17:50:23+08:00][sql] SHOW FULL COLUMNS FROM `yp_roles` [ RunTime:0.000986s ]
[2023-12-06T17:50:23+08:00][sql] SHOW FULL COLUMNS FROM `yp_access` [ RunTime:0.001115s ]
[2023-12-06T17:50:23+08:00][sql] SELECT `yp_roles`.*,`pivot`.`id` AS `pivot__id`,`pivot`.`admin_id` AS `pivot__admin_id`,`pivot`.`roles_id` AS `pivot__roles_id` FROM `yp_roles` INNER JOIN `yp_access` `pivot` ON `pivot`.`roles_id`=`yp_roles`.`id` WHERE  `pivot`.`admin_id` = '1' [ RunTime:0.000429s ]
[2023-12-06T17:50:23+08:00][sql] SHOW FULL COLUMNS FROM `yp_mod` [ RunTime:0.001164s ]
[2023-12-06T17:50:23+08:00][sql] SELECT `actions`,`name` FROM `yp_mod` [ RunTime:0.000289s ]
[2023-12-06T17:50:23+08:00][sql] SHOW FULL COLUMNS FROM `yp_rule` [ RunTime:0.000923s ]
[2023-12-06T17:50:23+08:00][sql] SELECT `id`,`path`,`type`,`status`,`pid`,`sort`,`mod_id`,`title`,`icon` FROM `yp_rule` ORDER BY `sort` ASC [ RunTime:0.000333s ]
[2023-12-06T17:50:23+08:00][sql] SELECT * FROM `yp_mod` WHERE  `id` IN (1,10,0,12,3,2) [ RunTime:0.000318s ]
[2023-12-06T17:50:23+08:00][error] [1]Maximum execution time of 300 seconds exceeded[/Users/zhoushouzhan/Desktop/www/qiye/web/vendor/nyg/holiday/src/Holiday.php:181]
[2023-12-06T17:50:37+08:00][sql] CONNECT:[ UseTime:0.000990s ] mysql:host=127.0.0.1;port=3306;dbname=qiye;charset=utf8
[2023-12-06T17:50:37+08:00][sql] SHOW FULL COLUMNS FROM `yp_admin` [ RunTime:0.003024s ]
[2023-12-06T17:50:37+08:00][sql] SELECT `id`,`username`,`status`,`create_time`,`update_time`,`truename`,`mobile`,`last_ip`,`cluderules`,`cludebtn`,`excluderules`,`excludebtn` FROM `yp_admin` WHERE  `id` = 1 LIMIT 1 [ RunTime:0.000792s ]
[2023-12-06T17:50:37+08:00][sql] SHOW FULL COLUMNS FROM `yp_roles` [ RunTime:0.001263s ]
[2023-12-06T17:50:37+08:00][sql] SHOW FULL COLUMNS FROM `yp_access` [ RunTime:0.001073s ]
[2023-12-06T17:50:37+08:00][sql] SELECT `yp_roles`.*,`pivot`.`id` AS `pivot__id`,`pivot`.`admin_id` AS `pivot__admin_id`,`pivot`.`roles_id` AS `pivot__roles_id` FROM `yp_roles` INNER JOIN `yp_access` `pivot` ON `pivot`.`roles_id`=`yp_roles`.`id` WHERE  `pivot`.`admin_id` = '1' [ RunTime:0.000625s ]
[2023-12-06T17:50:37+08:00][sql] SHOW FULL COLUMNS FROM `yp_mod` [ RunTime:0.001542s ]
[2023-12-06T17:50:37+08:00][sql] SELECT `actions`,`name` FROM `yp_mod` [ RunTime:0.000383s ]
[2023-12-06T17:50:37+08:00][sql] SHOW FULL COLUMNS FROM `yp_rule` [ RunTime:0.002053s ]
[2023-12-06T17:50:37+08:00][sql] SELECT `id`,`path`,`type`,`status`,`pid`,`sort`,`mod_id`,`title`,`icon` FROM `yp_rule` ORDER BY `sort` ASC [ RunTime:0.001210s ]
[2023-12-06T17:50:37+08:00][sql] SELECT * FROM `yp_mod` WHERE  `id` IN (1,10,0,12,3,2) [ RunTime:0.000440s ]
[2023-12-06T17:50:37+08:00][error] [1]Maximum execution time of 300 seconds exceeded[/Users/zhoushouzhan/Desktop/www/qiye/web/vendor/nyg/holiday/src/Holiday.php:181]
[2023-12-06T17:50:43+08:00][sql] CONNECT:[ UseTime:0.000614s ] mysql:host=127.0.0.1;port=3306;dbname=qiye;charset=utf8
[2023-12-06T17:50:43+08:00][sql] SHOW FULL COLUMNS FROM `yp_admin` [ RunTime:0.002496s ]
[2023-12-06T17:50:43+08:00][sql] SELECT `id`,`username`,`status`,`create_time`,`update_time`,`truename`,`mobile`,`last_ip`,`cluderules`,`cludebtn`,`excluderules`,`excludebtn` FROM `yp_admin` WHERE  `id` = 1 LIMIT 1 [ RunTime:0.000625s ]
[2023-12-06T17:50:43+08:00][sql] SHOW FULL COLUMNS FROM `yp_roles` [ RunTime:0.001358s ]
[2023-12-06T17:50:43+08:00][sql] SHOW FULL COLUMNS FROM `yp_access` [ RunTime:0.001495s ]
[2023-12-06T17:50:43+08:00][sql] SELECT `yp_roles`.*,`pivot`.`id` AS `pivot__id`,`pivot`.`admin_id` AS `pivot__admin_id`,`pivot`.`roles_id` AS `pivot__roles_id` FROM `yp_roles` INNER JOIN `yp_access` `pivot` ON `pivot`.`roles_id`=`yp_roles`.`id` WHERE  `pivot`.`admin_id` = '1' [ RunTime:0.000655s ]
[2023-12-06T17:50:43+08:00][sql] SHOW FULL COLUMNS FROM `yp_mod` [ RunTime:0.002111s ]
[2023-12-06T17:50:43+08:00][sql] SELECT `actions`,`name` FROM `yp_mod` [ RunTime:0.000468s ]
[2023-12-06T17:50:43+08:00][sql] SHOW FULL COLUMNS FROM `yp_rule` [ RunTime:0.001618s ]
[2023-12-06T17:50:43+08:00][sql] SELECT `id`,`path`,`type`,`status`,`pid`,`sort`,`mod_id`,`title`,`icon` FROM `yp_rule` ORDER BY `sort` ASC [ RunTime:0.000427s ]
[2023-12-06T17:50:43+08:00][sql] SELECT * FROM `yp_mod` WHERE  `id` IN (1,10,0,12,3,2) [ RunTime:0.000398s ]
[2023-12-06T17:50:43+08:00][error] [1]Maximum execution time of 300 seconds exceeded[/Users/zhoushouzhan/Desktop/www/qiye/web/vendor/nyg/holiday/src/Holiday.php:167]
[2023-12-06T17:51:07+08:00][sql] CONNECT:[ UseTime:0.000863s ] mysql:host=127.0.0.1;port=3306;dbname=qiye;charset=utf8
[2023-12-06T17:51:07+08:00][sql] SHOW FULL COLUMNS FROM `yp_admin` [ RunTime:0.002809s ]
[2023-12-06T17:51:07+08:00][sql] SELECT `id`,`username`,`status`,`create_time`,`update_time`,`truename`,`mobile`,`last_ip`,`cluderules`,`cludebtn`,`excluderules`,`excludebtn` FROM `yp_admin` WHERE  `id` = 1 LIMIT 1 [ RunTime:0.000747s ]
[2023-12-06T17:51:07+08:00][sql] SHOW FULL COLUMNS FROM `yp_roles` [ RunTime:0.002205s ]
[2023-12-06T17:51:07+08:00][sql] SHOW FULL COLUMNS FROM `yp_access` [ RunTime:0.002320s ]
[2023-12-06T17:51:07+08:00][sql] SELECT `yp_roles`.*,`pivot`.`id` AS `pivot__id`,`pivot`.`admin_id` AS `pivot__admin_id`,`pivot`.`roles_id` AS `pivot__roles_id` FROM `yp_roles` INNER JOIN `yp_access` `pivot` ON `pivot`.`roles_id`=`yp_roles`.`id` WHERE  `pivot`.`admin_id` = '1' [ RunTime:0.000937s ]
[2023-12-06T17:51:07+08:00][sql] SHOW FULL COLUMNS FROM `yp_mod` [ RunTime:0.001634s ]
[2023-12-06T17:51:07+08:00][sql] SELECT `actions`,`name` FROM `yp_mod` [ RunTime:0.000328s ]
[2023-12-06T17:51:07+08:00][sql] SHOW FULL COLUMNS FROM `yp_rule` [ RunTime:0.003445s ]
[2023-12-06T17:51:07+08:00][sql] SELECT `id`,`path`,`type`,`status`,`pid`,`sort`,`mod_id`,`title`,`icon` FROM `yp_rule` ORDER BY `sort` ASC [ RunTime:0.000456s ]
[2023-12-06T17:51:07+08:00][sql] SELECT * FROM `yp_mod` WHERE  `id` IN (1,10,0,12,3,2) [ RunTime:0.000494s ]
[2023-12-06T17:51:07+08:00][error] [1]Maximum execution time of 300 seconds exceeded[/Users/zhoushouzhan/Desktop/www/qiye/web/vendor/nyg/holiday/src/Holiday.php:181]
[2023-12-06T18:06:21+08:00][sql] CONNECT:[ UseTime:0.040701s ] mysql:host=127.0.0.1;port=3306;dbname=qiye;charset=utf8
[2023-12-06T18:06:21+08:00][sql] SHOW FULL COLUMNS FROM `yp_admin` [ RunTime:0.065614s ]
[2023-12-06T18:06:21+08:00][sql] SELECT `id`,`username`,`status`,`create_time`,`update_time`,`truename`,`mobile`,`last_ip`,`cluderules`,`cludebtn`,`excluderules`,`excludebtn` FROM `yp_admin` WHERE  `id` = 1 LIMIT 1 [ RunTime:0.001769s ]
[2023-12-06T18:06:21+08:00][sql] SHOW FULL COLUMNS FROM `yp_roles` [ RunTime:0.002945s ]
[2023-12-06T18:06:21+08:00][sql] SHOW FULL COLUMNS FROM `yp_access` [ RunTime:0.002584s ]
[2023-12-06T18:06:21+08:00][sql] SELECT `yp_roles`.*,`pivot`.`id` AS `pivot__id`,`pivot`.`admin_id` AS `pivot__admin_id`,`pivot`.`roles_id` AS `pivot__roles_id` FROM `yp_roles` INNER JOIN `yp_access` `pivot` ON `pivot`.`roles_id`=`yp_roles`.`id` WHERE  `pivot`.`admin_id` = '1' [ RunTime:0.001778s ]
[2023-12-06T18:06:21+08:00][sql] SHOW FULL COLUMNS FROM `yp_mod` [ RunTime:0.003110s ]
[2023-12-06T18:06:21+08:00][sql] SELECT `actions`,`name` FROM `yp_mod` [ RunTime:0.000758s ]
[2023-12-06T18:06:21+08:00][sql] SHOW FULL COLUMNS FROM `yp_rule` [ RunTime:0.001794s ]
[2023-12-06T18:06:21+08:00][sql] SELECT `id`,`path`,`type`,`status`,`pid`,`sort`,`mod_id`,`title`,`icon` FROM `yp_rule` ORDER BY `sort` ASC [ RunTime:0.000777s ]
[2023-12-06T18:06:21+08:00][sql] SELECT * FROM `yp_mod` WHERE  `id` IN (1,10,0,12,3,2) [ RunTime:0.002007s ]
[2023-12-06T18:06:21+08:00][sql] CONNECT:[ UseTime:0.000803s ] mysql:host=127.0.0.1;port=3306;dbname=qiye;charset=utf8
[2023-12-06T18:06:21+08:00][sql] SHOW FULL COLUMNS FROM `yp_admin` [ RunTime:0.002422s ]
[2023-12-06T18:06:21+08:00][sql] SELECT `id`,`username`,`status`,`create_time`,`update_time`,`truename`,`mobile`,`last_ip`,`cluderules`,`cludebtn`,`excluderules`,`excludebtn` FROM `yp_admin` WHERE  `id` = 1 LIMIT 1 [ RunTime:0.000579s ]
[2023-12-06T18:06:21+08:00][sql] SHOW FULL COLUMNS FROM `yp_roles` [ RunTime:0.001686s ]
[2023-12-06T18:06:21+08:00][sql] SHOW FULL COLUMNS FROM `yp_access` [ RunTime:0.002783s ]
[2023-12-06T18:06:21+08:00][sql] SELECT `yp_roles`.*,`pivot`.`id` AS `pivot__id`,`pivot`.`admin_id` AS `pivot__admin_id`,`pivot`.`roles_id` AS `pivot__roles_id` FROM `yp_roles` INNER JOIN `yp_access` `pivot` ON `pivot`.`roles_id`=`yp_roles`.`id` WHERE  `pivot`.`admin_id` = '1' [ RunTime:0.001571s ]
[2023-12-06T18:06:21+08:00][sql] SHOW FULL COLUMNS FROM `yp_mod` [ RunTime:0.002216s ]
[2023-12-06T18:06:21+08:00][sql] SELECT `actions`,`name` FROM `yp_mod` [ RunTime:0.000411s ]
[2023-12-06T18:06:21+08:00][sql] SHOW FULL COLUMNS FROM `yp_rule` [ RunTime:0.000970s ]
[2023-12-06T18:06:21+08:00][sql] SELECT `id`,`path`,`type`,`status`,`pid`,`sort`,`mod_id`,`title`,`icon` FROM `yp_rule` ORDER BY `sort` ASC [ RunTime:0.000265s ]
[2023-12-06T18:06:21+08:00][sql] SELECT * FROM `yp_mod` WHERE  `id` IN (1,10,0,12,3,2) [ RunTime:0.000531s ]
[2023-12-06T18:06:21+08:00][sql] SHOW FULL COLUMNS FROM `yp_category` [ RunTime:0.001389s ]
[2023-12-06T18:06:21+08:00][sql] SELECT * FROM `yp_category` ORDER BY `sort` ASC,`id` ASC [ RunTime:0.004113s ]
[2023-12-06T18:06:21+08:00][sql] CONNECT:[ UseTime:0.001248s ] mysql:host=127.0.0.1;port=3306;dbname=qiye;charset=utf8
[2023-12-06T18:06:21+08:00][sql] SHOW FULL COLUMNS FROM `yp_admin` [ RunTime:0.003305s ]
[2023-12-06T18:06:21+08:00][sql] SELECT `id`,`username`,`status`,`create_time`,`update_time`,`truename`,`mobile`,`last_ip`,`cluderules`,`cludebtn`,`excluderules`,`excludebtn` FROM `yp_admin` WHERE  `id` = 1 LIMIT 1 [ RunTime:0.000689s ]
[2023-12-06T18:06:21+08:00][sql] SHOW FULL COLUMNS FROM `yp_roles` [ RunTime:0.002010s ]
[2023-12-06T18:06:21+08:00][sql] SHOW FULL COLUMNS FROM `yp_access` [ RunTime:0.000948s ]
[2023-12-06T18:06:21+08:00][sql] SELECT `yp_roles`.*,`pivot`.`id` AS `pivot__id`,`pivot`.`admin_id` AS `pivot__admin_id`,`pivot`.`roles_id` AS `pivot__roles_id` FROM `yp_roles` INNER JOIN `yp_access` `pivot` ON `pivot`.`roles_id`=`yp_roles`.`id` WHERE  `pivot`.`admin_id` = '1' [ RunTime:0.000259s ]
[2023-12-06T18:06:21+08:00][sql] SHOW FULL COLUMNS FROM `yp_mod` [ RunTime:0.001465s ]
[2023-12-06T18:06:21+08:00][sql] SELECT `actions`,`name` FROM `yp_mod` [ RunTime:0.000327s ]
[2023-12-06T18:06:21+08:00][sql] SHOW FULL COLUMNS FROM `yp_rule` [ RunTime:0.001706s ]
[2023-12-06T18:06:21+08:00][sql] SELECT `id`,`path`,`type`,`status`,`pid`,`sort`,`mod_id`,`title`,`icon` FROM `yp_rule` ORDER BY `sort` ASC [ RunTime:0.000549s ]
[2023-12-06T18:06:21+08:00][sql] SELECT * FROM `yp_mod` WHERE  `id` IN (1,10,0,12,3,2) [ RunTime:0.000624s ]
[2023-12-06T18:06:21+08:00][sql] CONNECT:[ UseTime:0.000874s ] mysql:host=127.0.0.1;port=3306;dbname=qiye;charset=utf8
[2023-12-06T18:06:21+08:00][sql] SHOW FULL COLUMNS FROM `yp_admin` [ RunTime:0.002719s ]
[2023-12-06T18:06:21+08:00][sql] SELECT `id`,`username`,`status`,`create_time`,`update_time`,`truename`,`mobile`,`last_ip`,`cluderules`,`cludebtn`,`excluderules`,`excludebtn` FROM `yp_admin` WHERE  `id` = 1 LIMIT 1 [ RunTime:0.000426s ]
[2023-12-06T18:06:21+08:00][sql] SHOW FULL COLUMNS FROM `yp_roles` [ RunTime:0.001323s ]
[2023-12-06T18:06:21+08:00][sql] SHOW FULL COLUMNS FROM `yp_access` [ RunTime:0.001484s ]
[2023-12-06T18:06:21+08:00][sql] SELECT `yp_roles`.*,`pivot`.`id` AS `pivot__id`,`pivot`.`admin_id` AS `pivot__admin_id`,`pivot`.`roles_id` AS `pivot__roles_id` FROM `yp_roles` INNER JOIN `yp_access` `pivot` ON `pivot`.`roles_id`=`yp_roles`.`id` WHERE  `pivot`.`admin_id` = '1' [ RunTime:0.000651s ]
[2023-12-06T18:06:21+08:00][sql] SHOW FULL COLUMNS FROM `yp_mod` [ RunTime:0.001959s ]
[2023-12-06T18:06:21+08:00][sql] SELECT `actions`,`name` FROM `yp_mod` [ RunTime:0.000438s ]
[2023-12-06T18:06:21+08:00][sql] SHOW FULL COLUMNS FROM `yp_rule` [ RunTime:0.001834s ]
[2023-12-06T18:06:21+08:00][sql] SELECT `id`,`path`,`type`,`status`,`pid`,`sort`,`mod_id`,`title`,`icon` FROM `yp_rule` ORDER BY `sort` ASC [ RunTime:0.000564s ]
[2023-12-06T18:06:21+08:00][sql] SELECT * FROM `yp_mod` WHERE  `id` IN (1,10,0,12,3,2) [ RunTime:0.000565s ]
[2023-12-06T18:06:21+08:00][sql] SELECT * FROM `yp_mod` WHERE  `name` = 'article' LIMIT 1 [ RunTime:0.000438s ]
[2023-12-06T18:06:22+08:00][sql] CONNECT:[ UseTime:0.000862s ] mysql:host=127.0.0.1;port=3306;dbname=qiye;charset=utf8
[2023-12-06T18:06:22+08:00][sql] SHOW FULL COLUMNS FROM `yp_admin` [ RunTime:0.002834s ]
[2023-12-06T18:06:22+08:00][sql] SELECT `id`,`username`,`status`,`create_time`,`update_time`,`truename`,`mobile`,`last_ip`,`cluderules`,`cludebtn`,`excluderules`,`excludebtn` FROM `yp_admin` WHERE  `id` = 1 LIMIT 1 [ RunTime:0.000800s ]
[2023-12-06T18:06:22+08:00][sql] SHOW FULL COLUMNS FROM `yp_roles` [ RunTime:0.002087s ]
[2023-12-06T18:06:22+08:00][sql] SHOW FULL COLUMNS FROM `yp_access` [ RunTime:0.000890s ]
[2023-12-06T18:06:22+08:00][sql] SELECT `yp_roles`.*,`pivot`.`id` AS `pivot__id`,`pivot`.`admin_id` AS `pivot__admin_id`,`pivot`.`roles_id` AS `pivot__roles_id` FROM `yp_roles` INNER JOIN `yp_access` `pivot` ON `pivot`.`roles_id`=`yp_roles`.`id` WHERE  `pivot`.`admin_id` = '1' [ RunTime:0.000368s ]
[2023-12-06T18:06:22+08:00][sql] SHOW FULL COLUMNS FROM `yp_mod` [ RunTime:0.002373s ]
[2023-12-06T18:06:22+08:00][sql] SELECT `actions`,`name` FROM `yp_mod` [ RunTime:0.000451s ]
[2023-12-06T18:06:22+08:00][sql] SHOW FULL COLUMNS FROM `yp_rule` [ RunTime:0.002030s ]
[2023-12-06T18:06:22+08:00][sql] SELECT `id`,`path`,`type`,`status`,`pid`,`sort`,`mod_id`,`title`,`icon` FROM `yp_rule` ORDER BY `sort` ASC [ RunTime:0.000550s ]
[2023-12-06T18:06:22+08:00][sql] SELECT * FROM `yp_mod` WHERE  `id` IN (1,10,0,12,3,2) [ RunTime:0.000586s ]
[2023-12-06T18:06:22+08:00][sql] SELECT * FROM `yp_mod` WHERE  `id` = 2 LIMIT 1 [ RunTime:0.000432s ]
[2023-12-06T18:06:22+08:00][sql] SHOW FULL COLUMNS FROM `yp_article` [ RunTime:0.011430s ]
[2023-12-06T18:06:22+08:00][sql] SELECT COUNT(*) AS think_count FROM `yp_article` WHERE `yp_article`.`delete_time` = '0' [ RunTime:0.009484s ]
[2023-12-06T18:06:22+08:00][sql] SELECT * FROM `yp_article` WHERE `yp_article`.`delete_time` = '0' ORDER BY `id` DESC LIMIT 0,10 [ RunTime:0.000573s ]
[2023-12-06T18:06:22+08:00][sql] SELECT COUNT(*) AS think_count FROM `yp_article` WHERE (  `category_id` IS NULL ) AND `yp_article`.`delete_time` <> '0' [ RunTime:0.000441s ]
[2023-12-06T18:06:22+08:00][sql] SHOW FULL COLUMNS FROM `yp_category` [ RunTime:0.002474s ]
[2023-12-06T18:06:22+08:00][sql] SELECT * FROM `yp_category` WHERE  `id` = 6 LIMIT 1 [ RunTime:0.000290s ]
[2023-12-06T18:06:22+08:00][sql] SELECT * FROM `yp_category` WHERE  `id` = 6 LIMIT 1 [ RunTime:0.000216s ]
[2023-12-06T18:06:22+08:00][sql] CONNECT:[ UseTime:0.000527s ] mysql:host=127.0.0.1;port=3306;dbname=qiye;charset=utf8
[2023-12-06T18:06:22+08:00][sql] SHOW FULL COLUMNS FROM `yp_admin` [ RunTime:0.001305s ]
[2023-12-06T18:06:22+08:00][sql] SELECT `id`,`username`,`status`,`create_time`,`update_time`,`truename`,`mobile`,`last_ip`,`cluderules`,`cludebtn`,`excluderules`,`excludebtn` FROM `yp_admin` WHERE  `id` = 1 LIMIT 1 [ RunTime:0.000338s ]
[2023-12-06T18:06:22+08:00][sql] SHOW FULL COLUMNS FROM `yp_roles` [ RunTime:0.000863s ]
[2023-12-06T18:06:22+08:00][sql] SHOW FULL COLUMNS FROM `yp_access` [ RunTime:0.000825s ]
[2023-12-06T18:06:22+08:00][sql] SELECT `yp_roles`.*,`pivot`.`id` AS `pivot__id`,`pivot`.`admin_id` AS `pivot__admin_id`,`pivot`.`roles_id` AS `pivot__roles_id` FROM `yp_roles` INNER JOIN `yp_access` `pivot` ON `pivot`.`roles_id`=`yp_roles`.`id` WHERE  `pivot`.`admin_id` = '1' [ RunTime:0.000319s ]
[2023-12-06T18:06:22+08:00][sql] SHOW FULL COLUMNS FROM `yp_mod` [ RunTime:0.002041s ]
[2023-12-06T18:06:22+08:00][sql] SELECT `actions`,`name` FROM `yp_mod` [ RunTime:0.000211s ]
[2023-12-06T18:06:22+08:00][sql] SHOW FULL COLUMNS FROM `yp_rule` [ RunTime:0.001133s ]
[2023-12-06T18:06:22+08:00][sql] SELECT `id`,`path`,`type`,`status`,`pid`,`sort`,`mod_id`,`title`,`icon` FROM `yp_rule` ORDER BY `sort` ASC [ RunTime:0.000309s ]
[2023-12-06T18:06:22+08:00][sql] SELECT * FROM `yp_mod` WHERE  `id` IN (1,10,0,12,3,2) [ RunTime:0.000455s ]
[2023-12-06T18:06:22+08:00][sql] SHOW FULL COLUMNS FROM `yp_article` [ RunTime:0.001223s ]
[2023-12-06T18:06:22+08:00][sql] SELECT COUNT(*) AS think_count FROM `yp_article` WHERE `yp_article`.`delete_time` = '0' [ RunTime:0.000541s ]
[2023-12-06T18:06:22+08:00][sql] SELECT * FROM `yp_article` WHERE `yp_article`.`delete_time` = '0' ORDER BY `id` DESC LIMIT 0,20 [ RunTime:0.000549s ]
[2023-12-06T18:06:22+08:00][sql] SELECT COUNT(*) AS think_count FROM `yp_article` WHERE `yp_article`.`delete_time` <> '0' [ RunTime:0.000361s ]
[2023-12-06T18:06:22+08:00][sql] SHOW FULL COLUMNS FROM `yp_category` [ RunTime:0.013055s ]
[2023-12-06T18:06:22+08:00][sql] SELECT * FROM `yp_category` WHERE  `id` = 6 LIMIT 1 [ RunTime:0.000382s ]
[2023-12-06T18:06:22+08:00][sql] SELECT * FROM `yp_category` WHERE  `id` = 6 LIMIT 1 [ RunTime:0.000489s ]
[2023-12-06T18:06:23+08:00][sql] CONNECT:[ UseTime:0.001166s ] mysql:host=127.0.0.1;port=3306;dbname=qiye;charset=utf8
[2023-12-06T18:06:23+08:00][sql] SHOW FULL COLUMNS FROM `yp_admin` [ RunTime:0.016523s ]
[2023-12-06T18:06:23+08:00][sql] SELECT `id`,`username`,`status`,`create_time`,`update_time`,`truename`,`mobile`,`last_ip`,`cluderules`,`cludebtn`,`excluderules`,`excludebtn` FROM `yp_admin` WHERE  `id` = 1 LIMIT 1 [ RunTime:0.000758s ]
[2023-12-06T18:06:23+08:00][sql] SHOW FULL COLUMNS FROM `yp_roles` [ RunTime:0.002134s ]
[2023-12-06T18:06:23+08:00][sql] SHOW FULL COLUMNS FROM `yp_access` [ RunTime:0.001853s ]
[2023-12-06T18:06:23+08:00][sql] SELECT `yp_roles`.*,`pivot`.`id` AS `pivot__id`,`pivot`.`admin_id` AS `pivot__admin_id`,`pivot`.`roles_id` AS `pivot__roles_id` FROM `yp_roles` INNER JOIN `yp_access` `pivot` ON `pivot`.`roles_id`=`yp_roles`.`id` WHERE  `pivot`.`admin_id` = '1' [ RunTime:0.000519s ]
[2023-12-06T18:06:23+08:00][sql] SHOW FULL COLUMNS FROM `yp_mod` [ RunTime:0.001950s ]
[2023-12-06T18:06:23+08:00][sql] SELECT `actions`,`name` FROM `yp_mod` [ RunTime:0.000866s ]
[2023-12-06T18:06:23+08:00][sql] SHOW FULL COLUMNS FROM `yp_rule` [ RunTime:0.002960s ]
[2023-12-06T18:06:23+08:00][sql] SELECT `id`,`path`,`type`,`status`,`pid`,`sort`,`mod_id`,`title`,`icon` FROM `yp_rule` ORDER BY `sort` ASC [ RunTime:0.000426s ]
[2023-12-06T18:06:23+08:00][sql] SELECT * FROM `yp_mod` WHERE  `id` IN (1,10,0,12,3,2) [ RunTime:0.000556s ]
[2023-12-06T18:06:23+08:00][sql] CONNECT:[ UseTime:0.000534s ] mysql:host=127.0.0.1;port=3306;dbname=qiye;charset=utf8
[2023-12-06T18:06:23+08:00][sql] SHOW FULL COLUMNS FROM `yp_admin` [ RunTime:0.001686s ]
[2023-12-06T18:06:23+08:00][sql] SELECT `id`,`username`,`status`,`create_time`,`update_time`,`truename`,`mobile`,`last_ip`,`cluderules`,`cludebtn`,`excluderules`,`excludebtn` FROM `yp_admin` WHERE  `id` = 1 LIMIT 1 [ RunTime:0.000389s ]
[2023-12-06T18:06:23+08:00][sql] SHOW FULL COLUMNS FROM `yp_roles` [ RunTime:0.001963s ]
[2023-12-06T18:06:23+08:00][sql] SHOW FULL COLUMNS FROM `yp_access` [ RunTime:0.001261s ]
[2023-12-06T18:06:23+08:00][sql] SELECT `yp_roles`.*,`pivot`.`id` AS `pivot__id`,`pivot`.`admin_id` AS `pivot__admin_id`,`pivot`.`roles_id` AS `pivot__roles_id` FROM `yp_roles` INNER JOIN `yp_access` `pivot` ON `pivot`.`roles_id`=`yp_roles`.`id` WHERE  `pivot`.`admin_id` = '1' [ RunTime:0.000311s ]
[2023-12-06T18:06:23+08:00][sql] SHOW FULL COLUMNS FROM `yp_mod` [ RunTime:0.001632s ]
[2023-12-06T18:06:23+08:00][sql] SELECT `actions`,`name` FROM `yp_mod` [ RunTime:0.000474s ]
[2023-12-06T18:06:23+08:00][sql] SHOW FULL COLUMNS FROM `yp_rule` [ RunTime:0.001559s ]
[2023-12-06T18:06:23+08:00][sql] SELECT `id`,`path`,`type`,`status`,`pid`,`sort`,`mod_id`,`title`,`icon` FROM `yp_rule` ORDER BY `sort` ASC [ RunTime:0.000345s ]
[2023-12-06T18:06:23+08:00][sql] SELECT * FROM `yp_mod` WHERE  `id` IN (1,10,0,12,3,2) [ RunTime:0.000315s ]
[2023-12-06T18:06:23+08:00][sql] SHOW FULL COLUMNS FROM `yp_member` [ RunTime:0.003343s ]
[2023-12-06T18:06:23+08:00][sql] SELECT COUNT(*) AS think_count FROM `yp_member` [ RunTime:0.003550s ]
[2023-12-06T18:06:23+08:00][sql] SELECT * FROM `yp_member` LIMIT 0,10 [ RunTime:0.000946s ]
[2023-12-06T18:06:29+08:00][sql] CONNECT:[ UseTime:0.000846s ] mysql:host=127.0.0.1;port=3306;dbname=qiye;charset=utf8
[2023-12-06T18:06:29+08:00][sql] SHOW FULL COLUMNS FROM `yp_admin` [ RunTime:0.002428s ]
[2023-12-06T18:06:29+08:00][sql] SELECT `id`,`username`,`status`,`create_time`,`update_time`,`truename`,`mobile`,`last_ip`,`cluderules`,`cludebtn`,`excluderules`,`excludebtn` FROM `yp_admin` WHERE  `id` = 1 LIMIT 1 [ RunTime:0.000426s ]
[2023-12-06T18:06:29+08:00][sql] SHOW FULL COLUMNS FROM `yp_roles` [ RunTime:0.000872s ]
[2023-12-06T18:06:29+08:00][sql] SHOW FULL COLUMNS FROM `yp_access` [ RunTime:0.000908s ]
[2023-12-06T18:06:29+08:00][sql] SELECT `yp_roles`.*,`pivot`.`id` AS `pivot__id`,`pivot`.`admin_id` AS `pivot__admin_id`,`pivot`.`roles_id` AS `pivot__roles_id` FROM `yp_roles` INNER JOIN `yp_access` `pivot` ON `pivot`.`roles_id`=`yp_roles`.`id` WHERE  `pivot`.`admin_id` = '1' [ RunTime:0.000277s ]
[2023-12-06T18:06:29+08:00][sql] SHOW FULL COLUMNS FROM `yp_mod` [ RunTime:0.001196s ]
[2023-12-06T18:06:29+08:00][sql] SELECT `actions`,`name` FROM `yp_mod` [ RunTime:0.000310s ]
[2023-12-06T18:06:29+08:00][sql] SHOW FULL COLUMNS FROM `yp_rule` [ RunTime:0.001379s ]
[2023-12-06T18:06:29+08:00][sql] SELECT `id`,`path`,`type`,`status`,`pid`,`sort`,`mod_id`,`title`,`icon` FROM `yp_rule` ORDER BY `sort` ASC [ RunTime:0.000352s ]
[2023-12-06T18:06:29+08:00][sql] SELECT * FROM `yp_mod` WHERE  `id` IN (1,10,0,12,3,2) [ RunTime:0.000416s ]
[2023-12-06T18:06:29+08:00][sql] CONNECT:[ UseTime:0.000939s ] mysql:host=127.0.0.1;port=3306;dbname=qiye;charset=utf8
[2023-12-06T18:06:29+08:00][sql] SHOW FULL COLUMNS FROM `yp_admin` [ RunTime:0.002781s ]
[2023-12-06T18:06:29+08:00][sql] SELECT `id`,`username`,`status`,`create_time`,`update_time`,`truename`,`mobile`,`last_ip`,`cluderules`,`cludebtn`,`excluderules`,`excludebtn` FROM `yp_admin` WHERE  `id` = 1 LIMIT 1 [ RunTime:0.000361s ]
[2023-12-06T18:06:29+08:00][sql] SHOW FULL COLUMNS FROM `yp_roles` [ RunTime:0.001563s ]
[2023-12-06T18:06:29+08:00][sql] SHOW FULL COLUMNS FROM `yp_access` [ RunTime:0.002717s ]
[2023-12-06T18:06:29+08:00][sql] SELECT `yp_roles`.*,`pivot`.`id` AS `pivot__id`,`pivot`.`admin_id` AS `pivot__admin_id`,`pivot`.`roles_id` AS `pivot__roles_id` FROM `yp_roles` INNER JOIN `yp_access` `pivot` ON `pivot`.`roles_id`=`yp_roles`.`id` WHERE  `pivot`.`admin_id` = '1' [ RunTime:0.000864s ]
[2023-12-06T18:06:29+08:00][sql] SHOW FULL COLUMNS FROM `yp_mod` [ RunTime:0.002298s ]
[2023-12-06T18:06:29+08:00][sql] SELECT `actions`,`name` FROM `yp_mod` [ RunTime:0.000200s ]
[2023-12-06T18:06:29+08:00][sql] SHOW FULL COLUMNS FROM `yp_rule` [ RunTime:0.000854s ]
[2023-12-06T18:06:29+08:00][sql] SELECT `id`,`path`,`type`,`status`,`pid`,`sort`,`mod_id`,`title`,`icon` FROM `yp_rule` ORDER BY `sort` ASC [ RunTime:0.000403s ]
[2023-12-06T18:06:29+08:00][sql] SELECT * FROM `yp_mod` WHERE  `id` IN (1,10,0,12,3,2) [ RunTime:0.000582s ]
[2023-12-06T18:06:29+08:00][sql] SELECT * FROM `yp_mod` WHERE  `name` = 'article' LIMIT 1 [ RunTime:0.000455s ]
[2023-12-06T18:06:29+08:00][sql] CONNECT:[ UseTime:0.000871s ] mysql:host=127.0.0.1;port=3306;dbname=qiye;charset=utf8
[2023-12-06T18:06:29+08:00][sql] SHOW FULL COLUMNS FROM `yp_admin` [ RunTime:0.002678s ]
[2023-12-06T18:06:29+08:00][sql] SELECT `id`,`username`,`status`,`create_time`,`update_time`,`truename`,`mobile`,`last_ip`,`cluderules`,`cludebtn`,`excluderules`,`excludebtn` FROM `yp_admin` WHERE  `id` = 1 LIMIT 1 [ RunTime:0.000757s ]
[2023-12-06T18:06:29+08:00][sql] SHOW FULL COLUMNS FROM `yp_roles` [ RunTime:0.001762s ]
[2023-12-06T18:06:29+08:00][sql] SHOW FULL COLUMNS FROM `yp_access` [ RunTime:0.002194s ]
[2023-12-06T18:06:29+08:00][sql] SELECT `yp_roles`.*,`pivot`.`id` AS `pivot__id`,`pivot`.`admin_id` AS `pivot__admin_id`,`pivot`.`roles_id` AS `pivot__roles_id` FROM `yp_roles` INNER JOIN `yp_access` `pivot` ON `pivot`.`roles_id`=`yp_roles`.`id` WHERE  `pivot`.`admin_id` = '1' [ RunTime:0.000683s ]
[2023-12-06T18:06:29+08:00][sql] SHOW FULL COLUMNS FROM `yp_mod` [ RunTime:0.001977s ]
[2023-12-06T18:06:29+08:00][sql] SELECT `actions`,`name` FROM `yp_mod` [ RunTime:0.000500s ]
[2023-12-06T18:06:29+08:00][sql] SHOW FULL COLUMNS FROM `yp_rule` [ RunTime:0.001705s ]
[2023-12-06T18:06:29+08:00][sql] SELECT `id`,`path`,`type`,`status`,`pid`,`sort`,`mod_id`,`title`,`icon` FROM `yp_rule` ORDER BY `sort` ASC [ RunTime:0.000251s ]
[2023-12-06T18:06:29+08:00][sql] SELECT * FROM `yp_mod` WHERE  `id` IN (1,10,0,12,3,2) [ RunTime:0.000259s ]
[2023-12-06T18:06:29+08:00][sql] SELECT * FROM `yp_mod` WHERE  `id` = 2 LIMIT 1 [ RunTime:0.000418s ]
[2023-12-06T18:06:29+08:00][sql] SHOW FULL COLUMNS FROM `yp_article` [ RunTime:0.002016s ]
[2023-12-06T18:06:29+08:00][sql] SELECT COUNT(*) AS think_count FROM `yp_article` WHERE `yp_article`.`delete_time` = '0' [ RunTime:0.000252s ]
[2023-12-06T18:06:29+08:00][sql] SELECT * FROM `yp_article` WHERE `yp_article`.`delete_time` = '0' ORDER BY `id` DESC LIMIT 0,10 [ RunTime:0.000218s ]
[2023-12-06T18:06:29+08:00][sql] SELECT COUNT(*) AS think_count FROM `yp_article` WHERE (  `category_id` IS NULL ) AND `yp_article`.`delete_time` <> '0' [ RunTime:0.000202s ]
[2023-12-06T18:06:29+08:00][sql] SHOW FULL COLUMNS FROM `yp_category` [ RunTime:0.001086s ]
[2023-12-06T18:06:29+08:00][sql] SELECT * FROM `yp_category` WHERE  `id` = 6 LIMIT 1 [ RunTime:0.000877s ]
[2023-12-06T18:06:29+08:00][sql] SELECT * FROM `yp_category` WHERE  `id` = 6 LIMIT 1 [ RunTime:0.000494s ]
[2023-12-06T18:06:29+08:00][sql] CONNECT:[ UseTime:0.001963s ] mysql:host=127.0.0.1;port=3306;dbname=qiye;charset=utf8
[2023-12-06T18:06:29+08:00][sql] SHOW FULL COLUMNS FROM `yp_admin` [ RunTime:0.002545s ]
[2023-12-06T18:06:29+08:00][sql] SELECT `id`,`username`,`status`,`create_time`,`update_time`,`truename`,`mobile`,`last_ip`,`cluderules`,`cludebtn`,`excluderules`,`excludebtn` FROM `yp_admin` WHERE  `id` = 1 LIMIT 1 [ RunTime:0.000739s ]
[2023-12-06T18:06:29+08:00][sql] SHOW FULL COLUMNS FROM `yp_roles` [ RunTime:0.001066s ]
[2023-12-06T18:06:29+08:00][sql] SHOW FULL COLUMNS FROM `yp_access` [ RunTime:0.002761s ]
[2023-12-06T18:06:29+08:00][sql] SELECT `yp_roles`.*,`pivot`.`id` AS `pivot__id`,`pivot`.`admin_id` AS `pivot__admin_id`,`pivot`.`roles_id` AS `pivot__roles_id` FROM `yp_roles` INNER JOIN `yp_access` `pivot` ON `pivot`.`roles_id`=`yp_roles`.`id` WHERE  `pivot`.`admin_id` = '1' [ RunTime:0.000510s ]
[2023-12-06T18:06:29+08:00][sql] SHOW FULL COLUMNS FROM `yp_mod` [ RunTime:0.001263s ]
[2023-12-06T18:06:29+08:00][sql] SELECT `actions`,`name` FROM `yp_mod` [ RunTime:0.000482s ]
[2023-12-06T18:06:29+08:00][sql] SHOW FULL COLUMNS FROM `yp_rule` [ RunTime:0.000844s ]
[2023-12-06T18:06:29+08:00][sql] SELECT `id`,`path`,`type`,`status`,`pid`,`sort`,`mod_id`,`title`,`icon` FROM `yp_rule` ORDER BY `sort` ASC [ RunTime:0.000454s ]
[2023-12-06T18:06:29+08:00][sql] SELECT * FROM `yp_mod` WHERE  `id` IN (1,10,0,12,3,2) [ RunTime:0.000269s ]
[2023-12-06T18:06:29+08:00][sql] SHOW FULL COLUMNS FROM `yp_article` [ RunTime:0.001408s ]
[2023-12-06T18:06:29+08:00][sql] SELECT COUNT(*) AS think_count FROM `yp_article` WHERE `yp_article`.`delete_time` = '0' [ RunTime:0.000480s ]
[2023-12-06T18:06:29+08:00][sql] SELECT * FROM `yp_article` WHERE `yp_article`.`delete_time` = '0' ORDER BY `id` DESC LIMIT 0,20 [ RunTime:0.000188s ]
[2023-12-06T18:06:29+08:00][sql] SELECT COUNT(*) AS think_count FROM `yp_article` WHERE `yp_article`.`delete_time` <> '0' [ RunTime:0.000160s ]
[2023-12-06T18:06:29+08:00][sql] SHOW FULL COLUMNS FROM `yp_category` [ RunTime:0.001803s ]
[2023-12-06T18:06:29+08:00][sql] SELECT * FROM `yp_category` WHERE  `id` = 6 LIMIT 1 [ RunTime:0.000876s ]
[2023-12-06T18:06:29+08:00][sql] SELECT * FROM `yp_category` WHERE  `id` = 6 LIMIT 1 [ RunTime:0.000355s ]
