[2023-12-08T19:18:31+08:00][sql] CONNECT:[ UseTime:0.001429s ] mysql:host=127.0.0.1;port=3306;dbname=qiye;charset=utf8
[2023-12-08T19:18:31+08:00][sql] SHOW FULL COLUMNS FROM `yp_admin` [ RunTime:0.004099s ]
[2023-12-08T19:18:31+08:00][sql] SELECT * FROM `yp_admin` WHERE  `username` = 'admin'  AND `status` = 1 LIMIT 1 [ RunTime:0.000797s ]
[2023-12-08T19:18:31+08:00][sql] CONNECT:[ UseTime:0.001585s ] mysql:host=127.0.0.1;port=3306;dbname=qiye;charset=utf8
[2023-12-08T19:18:31+08:00][sql] SHOW FULL COLUMNS FROM `yp_admin` [ RunTime:0.006105s ]
[2023-12-08T19:18:31+08:00][sql] SELECT `id`,`username`,`status`,`create_time`,`update_time`,`truename`,`mobile`,`last_ip`,`cluderules`,`cludebtn`,`excluderules`,`excludebtn` FROM `yp_admin` WHERE  `id` = 1 LIMIT 1 [ RunTime:0.000934s ]
[2023-12-08T19:18:31+08:00][sql] SHOW FULL COLUMNS FROM `yp_roles` [ RunTime:0.004810s ]
[2023-12-08T19:18:31+08:00][sql] SHOW FULL COLUMNS FROM `yp_access` [ RunTime:0.005196s ]
[2023-12-08T19:18:31+08:00][sql] SELECT `yp_roles`.*,`pivot`.`id` AS `pivot__id`,`pivot`.`admin_id` AS `pivot__admin_id`,`pivot`.`roles_id` AS `pivot__roles_id` FROM `yp_roles` INNER JOIN `yp_access` `pivot` ON `pivot`.`roles_id`=`yp_roles`.`id` WHERE  `pivot`.`admin_id` = '1' [ RunTime:0.007092s ]
[2023-12-08T19:18:31+08:00][sql] SHOW FULL COLUMNS FROM `yp_mod` [ RunTime:0.004336s ]
[2023-12-08T19:18:31+08:00][sql] SELECT `actions`,`name` FROM `yp_mod` [ RunTime:0.003033s ]
[2023-12-08T19:18:31+08:00][sql] SHOW FULL COLUMNS FROM `yp_rule` [ RunTime:0.004440s ]
[2023-12-08T19:18:31+08:00][sql] SELECT `id`,`path`,`type`,`status`,`pid`,`sort`,`mod_id`,`title`,`icon` FROM `yp_rule` ORDER BY `sort` ASC [ RunTime:0.004315s ]
[2023-12-08T19:18:31+08:00][sql] SELECT * FROM `yp_mod` WHERE  `id` IN (1,10,0,12,3,2) [ RunTime:0.002161s ]
[2023-12-08T19:18:31+08:00][sql] SHOW FULL COLUMNS FROM `yp_sitepro` [ RunTime:0.004034s ]
[2023-12-08T19:18:31+08:00][sql] SELECT * FROM `yp_sitepro` WHERE  `id` = 1 LIMIT 1 [ RunTime:0.004219s ]
[2023-12-08T19:18:31+08:00][sql] CONNECT:[ UseTime:0.001436s ] mysql:host=127.0.0.1;port=3306;dbname=qiye;charset=utf8
[2023-12-08T19:18:31+08:00][sql] SHOW FULL COLUMNS FROM `yp_admin` [ RunTime:0.004421s ]
[2023-12-08T19:18:31+08:00][sql] SELECT `id`,`username`,`status`,`create_time`,`update_time`,`truename`,`mobile`,`last_ip`,`cluderules`,`cludebtn`,`excluderules`,`excludebtn` FROM `yp_admin` WHERE  `id` = 1 LIMIT 1 [ RunTime:0.001424s ]
[2023-12-08T19:18:31+08:00][sql] SHOW FULL COLUMNS FROM `yp_roles` [ RunTime:0.001573s ]
[2023-12-08T19:18:31+08:00][sql] SHOW FULL COLUMNS FROM `yp_access` [ RunTime:0.001876s ]
[2023-12-08T19:18:31+08:00][sql] SELECT `yp_roles`.*,`pivot`.`id` AS `pivot__id`,`pivot`.`admin_id` AS `pivot__admin_id`,`pivot`.`roles_id` AS `pivot__roles_id` FROM `yp_roles` INNER JOIN `yp_access` `pivot` ON `pivot`.`roles_id`=`yp_roles`.`id` WHERE  `pivot`.`admin_id` = '1' [ RunTime:0.000933s ]
[2023-12-08T19:18:31+08:00][sql] SHOW FULL COLUMNS FROM `yp_mod` [ RunTime:0.002183s ]
[2023-12-08T19:18:31+08:00][sql] SELECT `actions`,`name` FROM `yp_mod` [ RunTime:0.000567s ]
[2023-12-08T19:18:31+08:00][sql] SHOW FULL COLUMNS FROM `yp_rule` [ RunTime:0.002283s ]
[2023-12-08T19:18:31+08:00][sql] SELECT `id`,`path`,`type`,`status`,`pid`,`sort`,`mod_id`,`title`,`icon` FROM `yp_rule` ORDER BY `sort` ASC [ RunTime:0.000878s ]
[2023-12-08T19:18:31+08:00][sql] SELECT * FROM `yp_mod` WHERE  `id` IN (1,10,0,12,3,2) [ RunTime:0.000824s ]
[2023-12-08T19:18:31+08:00][sql] CONNECT:[ UseTime:0.000796s ] mysql:host=127.0.0.1;port=3306;dbname=qiye;charset=utf8
[2023-12-08T19:18:31+08:00][sql] SHOW FULL COLUMNS FROM `yp_admin` [ RunTime:0.001813s ]
[2023-12-08T19:18:31+08:00][sql] SELECT `id`,`username`,`status`,`create_time`,`update_time`,`truename`,`mobile`,`last_ip`,`cluderules`,`cludebtn`,`excluderules`,`excludebtn` FROM `yp_admin` WHERE  `id` = 1 LIMIT 1 [ RunTime:0.000414s ]
[2023-12-08T19:18:31+08:00][sql] SHOW FULL COLUMNS FROM `yp_roles` [ RunTime:0.000908s ]
[2023-12-08T19:18:31+08:00][sql] SHOW FULL COLUMNS FROM `yp_access` [ RunTime:0.000921s ]
[2023-12-08T19:18:31+08:00][sql] SELECT `yp_roles`.*,`pivot`.`id` AS `pivot__id`,`pivot`.`admin_id` AS `pivot__admin_id`,`pivot`.`roles_id` AS `pivot__roles_id` FROM `yp_roles` INNER JOIN `yp_access` `pivot` ON `pivot`.`roles_id`=`yp_roles`.`id` WHERE  `pivot`.`admin_id` = '1' [ RunTime:0.000363s ]
[2023-12-08T19:18:31+08:00][sql] SHOW FULL COLUMNS FROM `yp_mod` [ RunTime:0.002508s ]
[2023-12-08T19:18:31+08:00][sql] SELECT `actions`,`name` FROM `yp_mod` [ RunTime:0.000626s ]
[2023-12-08T19:18:31+08:00][sql] SHOW FULL COLUMNS FROM `yp_rule` [ RunTime:0.002094s ]
[2023-12-08T19:18:31+08:00][sql] SELECT `id`,`path`,`type`,`status`,`pid`,`sort`,`mod_id`,`title`,`icon` FROM `yp_rule` ORDER BY `sort` ASC [ RunTime:0.000593s ]
[2023-12-08T19:18:31+08:00][sql] SELECT * FROM `yp_mod` WHERE  `id` IN (1,10,0,12,3,2) [ RunTime:0.000532s ]
[2023-12-08T19:18:31+08:00][sql] SELECT `id`,`path`,`type`,`status`,`pid`,`sort`,`mod_id`,`title`,`icon` FROM `yp_rule` ORDER BY `sort` ASC [ RunTime:0.000499s ]
[2023-12-08T19:18:31+08:00][sql] SELECT * FROM `yp_mod` WHERE  `id` IN (1,10,0,12,3,2) [ RunTime:0.000586s ]
[2023-12-08T19:18:32+08:00][sql] CONNECT:[ UseTime:0.000825s ] mysql:host=127.0.0.1;port=3306;dbname=qiye;charset=utf8
[2023-12-08T19:18:32+08:00][sql] SHOW FULL COLUMNS FROM `yp_admin` [ RunTime:0.001565s ]
[2023-12-08T19:18:32+08:00][sql] SELECT `id`,`username`,`status`,`create_time`,`update_time`,`truename`,`mobile`,`last_ip`,`cluderules`,`cludebtn`,`excluderules`,`excludebtn` FROM `yp_admin` WHERE  `id` = 1 LIMIT 1 [ RunTime:0.000531s ]
[2023-12-08T19:18:32+08:00][sql] SHOW FULL COLUMNS FROM `yp_roles` [ RunTime:0.000989s ]
[2023-12-08T19:18:32+08:00][sql] SHOW FULL COLUMNS FROM `yp_access` [ RunTime:0.000811s ]
[2023-12-08T19:18:32+08:00][sql] SELECT `yp_roles`.*,`pivot`.`id` AS `pivot__id`,`pivot`.`admin_id` AS `pivot__admin_id`,`pivot`.`roles_id` AS `pivot__roles_id` FROM `yp_roles` INNER JOIN `yp_access` `pivot` ON `pivot`.`roles_id`=`yp_roles`.`id` WHERE  `pivot`.`admin_id` = '1' [ RunTime:0.000313s ]
[2023-12-08T19:18:32+08:00][sql] SHOW FULL COLUMNS FROM `yp_mod` [ RunTime:0.000832s ]
[2023-12-08T19:18:32+08:00][sql] SELECT `actions`,`name` FROM `yp_mod` [ RunTime:0.000266s ]
[2023-12-08T19:18:32+08:00][sql] SHOW FULL COLUMNS FROM `yp_rule` [ RunTime:0.001305s ]
[2023-12-08T19:18:32+08:00][sql] SELECT `id`,`path`,`type`,`status`,`pid`,`sort`,`mod_id`,`title`,`icon` FROM `yp_rule` ORDER BY `sort` ASC [ RunTime:0.000538s ]
[2023-12-08T19:18:32+08:00][sql] SELECT * FROM `yp_mod` WHERE  `id` IN (1,10,0,12,3,2) [ RunTime:0.000482s ]
[2023-12-08T19:18:32+08:00][sql] SHOW FULL COLUMNS FROM `yp_category` [ RunTime:0.003013s ]
[2023-12-08T19:18:32+08:00][sql] SELECT * FROM `yp_category` ORDER BY `sort` ASC,`id` ASC [ RunTime:0.002712s ]
[2023-12-08T19:18:34+08:00][sql] CONNECT:[ UseTime:0.000473s ] mysql:host=127.0.0.1;port=3306;dbname=qiye;charset=utf8
[2023-12-08T19:18:34+08:00][sql] SHOW FULL COLUMNS FROM `yp_admin` [ RunTime:0.001523s ]
[2023-12-08T19:18:34+08:00][sql] SELECT `id`,`username`,`status`,`create_time`,`update_time`,`truename`,`mobile`,`last_ip`,`cluderules`,`cludebtn`,`excluderules`,`excludebtn` FROM `yp_admin` WHERE  `id` = 1 LIMIT 1 [ RunTime:0.000356s ]
[2023-12-08T19:18:34+08:00][sql] SHOW FULL COLUMNS FROM `yp_roles` [ RunTime:0.000879s ]
[2023-12-08T19:18:34+08:00][sql] SHOW FULL COLUMNS FROM `yp_access` [ RunTime:0.000833s ]
[2023-12-08T19:18:34+08:00][sql] SELECT `yp_roles`.*,`pivot`.`id` AS `pivot__id`,`pivot`.`admin_id` AS `pivot__admin_id`,`pivot`.`roles_id` AS `pivot__roles_id` FROM `yp_roles` INNER JOIN `yp_access` `pivot` ON `pivot`.`roles_id`=`yp_roles`.`id` WHERE  `pivot`.`admin_id` = '1' [ RunTime:0.000359s ]
[2023-12-08T19:18:34+08:00][sql] SHOW FULL COLUMNS FROM `yp_mod` [ RunTime:0.000853s ]
[2023-12-08T19:18:34+08:00][sql] SELECT `actions`,`name` FROM `yp_mod` [ RunTime:0.000452s ]
[2023-12-08T19:18:34+08:00][sql] SHOW FULL COLUMNS FROM `yp_rule` [ RunTime:0.001570s ]
[2023-12-08T19:18:34+08:00][sql] SELECT `id`,`path`,`type`,`status`,`pid`,`sort`,`mod_id`,`title`,`icon` FROM `yp_rule` ORDER BY `sort` ASC [ RunTime:0.000351s ]
[2023-12-08T19:18:34+08:00][sql] SELECT * FROM `yp_mod` WHERE  `id` IN (1,10,0,12,3,2) [ RunTime:0.000329s ]
[2023-12-08T19:18:34+08:00][sql] CONNECT:[ UseTime:0.000662s ] mysql:host=127.0.0.1;port=3306;dbname=qiye;charset=utf8
[2023-12-08T19:18:34+08:00][sql] SHOW FULL COLUMNS FROM `yp_admin` [ RunTime:0.003505s ]
[2023-12-08T19:18:34+08:00][sql] SELECT `id`,`username`,`status`,`create_time`,`update_time`,`truename`,`mobile`,`last_ip`,`cluderules`,`cludebtn`,`excluderules`,`excludebtn` FROM `yp_admin` WHERE  `id` = 1 LIMIT 1 [ RunTime:0.000580s ]
[2023-12-08T19:18:34+08:00][sql] SHOW FULL COLUMNS FROM `yp_roles` [ RunTime:0.002119s ]
[2023-12-08T19:18:34+08:00][sql] SHOW FULL COLUMNS FROM `yp_access` [ RunTime:0.001755s ]
[2023-12-08T19:18:34+08:00][sql] SELECT `yp_roles`.*,`pivot`.`id` AS `pivot__id`,`pivot`.`admin_id` AS `pivot__admin_id`,`pivot`.`roles_id` AS `pivot__roles_id` FROM `yp_roles` INNER JOIN `yp_access` `pivot` ON `pivot`.`roles_id`=`yp_roles`.`id` WHERE  `pivot`.`admin_id` = '1' [ RunTime:0.000651s ]
[2023-12-08T19:18:34+08:00][sql] SHOW FULL COLUMNS FROM `yp_mod` [ RunTime:0.001509s ]
[2023-12-08T19:18:34+08:00][sql] SELECT `actions`,`name` FROM `yp_mod` [ RunTime:0.000336s ]
[2023-12-08T19:18:34+08:00][sql] SHOW FULL COLUMNS FROM `yp_rule` [ RunTime:0.001259s ]
[2023-12-08T19:18:34+08:00][sql] SELECT `id`,`path`,`type`,`status`,`pid`,`sort`,`mod_id`,`title`,`icon` FROM `yp_rule` ORDER BY `sort` ASC [ RunTime:0.000377s ]
[2023-12-08T19:18:34+08:00][sql] SELECT * FROM `yp_mod` WHERE  `id` IN (1,10,0,12,3,2) [ RunTime:0.000361s ]
[2023-12-08T19:18:34+08:00][sql] SELECT * FROM `yp_mod` WHERE  `name` = 'article' LIMIT 1 [ RunTime:0.000254s ]
[2023-12-08T19:18:34+08:00][sql] CONNECT:[ UseTime:0.000679s ] mysql:host=127.0.0.1;port=3306;dbname=qiye;charset=utf8
[2023-12-08T19:18:34+08:00][sql] SHOW FULL COLUMNS FROM `yp_admin` [ RunTime:0.002141s ]
[2023-12-08T19:18:34+08:00][sql] SELECT `id`,`username`,`status`,`create_time`,`update_time`,`truename`,`mobile`,`last_ip`,`cluderules`,`cludebtn`,`excluderules`,`excludebtn` FROM `yp_admin` WHERE  `id` = 1 LIMIT 1 [ RunTime:0.000618s ]
[2023-12-08T19:18:34+08:00][sql] SHOW FULL COLUMNS FROM `yp_roles` [ RunTime:0.001874s ]
[2023-12-08T19:18:34+08:00][sql] SHOW FULL COLUMNS FROM `yp_access` [ RunTime:0.001446s ]
[2023-12-08T19:18:34+08:00][sql] SELECT `yp_roles`.*,`pivot`.`id` AS `pivot__id`,`pivot`.`admin_id` AS `pivot__admin_id`,`pivot`.`roles_id` AS `pivot__roles_id` FROM `yp_roles` INNER JOIN `yp_access` `pivot` ON `pivot`.`roles_id`=`yp_roles`.`id` WHERE  `pivot`.`admin_id` = '1' [ RunTime:0.000468s ]
[2023-12-08T19:18:34+08:00][sql] SHOW FULL COLUMNS FROM `yp_mod` [ RunTime:0.001291s ]
[2023-12-08T19:18:34+08:00][sql] SELECT `actions`,`name` FROM `yp_mod` [ RunTime:0.000314s ]
[2023-12-08T19:18:34+08:00][sql] SHOW FULL COLUMNS FROM `yp_rule` [ RunTime:0.001115s ]
[2023-12-08T19:18:34+08:00][sql] SELECT `id`,`path`,`type`,`status`,`pid`,`sort`,`mod_id`,`title`,`icon` FROM `yp_rule` ORDER BY `sort` ASC [ RunTime:0.000285s ]
[2023-12-08T19:18:34+08:00][sql] SELECT * FROM `yp_mod` WHERE  `id` IN (1,10,0,12,3,2) [ RunTime:0.000281s ]
[2023-12-08T19:18:34+08:00][sql] SELECT * FROM `yp_mod` WHERE  `id` = 2 LIMIT 1 [ RunTime:0.000197s ]
[2023-12-08T19:18:34+08:00][sql] SHOW FULL COLUMNS FROM `yp_article` [ RunTime:0.001987s ]
[2023-12-08T19:18:34+08:00][sql] SELECT COUNT(*) AS think_count FROM `yp_article` WHERE `yp_article`.`delete_time` = '0' [ RunTime:0.002929s ]
[2023-12-08T19:18:34+08:00][sql] SELECT * FROM `yp_article` WHERE `yp_article`.`delete_time` = '0' ORDER BY `id` DESC LIMIT 0,10 [ RunTime:0.000391s ]
[2023-12-08T19:18:34+08:00][sql] SELECT COUNT(*) AS think_count FROM `yp_article` WHERE (  `category_id` IS NULL ) AND `yp_article`.`delete_time` <> '0' [ RunTime:0.000253s ]
[2023-12-08T19:18:34+08:00][sql] SHOW FULL COLUMNS FROM `yp_category` [ RunTime:0.001207s ]
[2023-12-08T19:18:34+08:00][sql] SELECT * FROM `yp_category` WHERE  `id` = 6 LIMIT 1 [ RunTime:0.000274s ]
[2023-12-08T19:18:34+08:00][sql] SELECT * FROM `yp_category` WHERE  `id` = 6 LIMIT 1 [ RunTime:0.000185s ]
[2023-12-08T19:18:34+08:00][sql] CONNECT:[ UseTime:0.000599s ] mysql:host=127.0.0.1;port=3306;dbname=qiye;charset=utf8
[2023-12-08T19:18:34+08:00][sql] SHOW FULL COLUMNS FROM `yp_admin` [ RunTime:0.001552s ]
[2023-12-08T19:18:34+08:00][sql] SELECT `id`,`username`,`status`,`create_time`,`update_time`,`truename`,`mobile`,`last_ip`,`cluderules`,`cludebtn`,`excluderules`,`excludebtn` FROM `yp_admin` WHERE  `id` = 1 LIMIT 1 [ RunTime:0.000382s ]
[2023-12-08T19:18:34+08:00][sql] SHOW FULL COLUMNS FROM `yp_roles` [ RunTime:0.000972s ]
[2023-12-08T19:18:34+08:00][sql] SHOW FULL COLUMNS FROM `yp_access` [ RunTime:0.000750s ]
[2023-12-08T19:18:34+08:00][sql] SELECT `yp_roles`.*,`pivot`.`id` AS `pivot__id`,`pivot`.`admin_id` AS `pivot__admin_id`,`pivot`.`roles_id` AS `pivot__roles_id` FROM `yp_roles` INNER JOIN `yp_access` `pivot` ON `pivot`.`roles_id`=`yp_roles`.`id` WHERE  `pivot`.`admin_id` = '1' [ RunTime:0.000300s ]
[2023-12-08T19:18:34+08:00][sql] SHOW FULL COLUMNS FROM `yp_mod` [ RunTime:0.001037s ]
[2023-12-08T19:18:34+08:00][sql] SELECT `actions`,`name` FROM `yp_mod` [ RunTime:0.000305s ]
[2023-12-08T19:18:34+08:00][sql] SHOW FULL COLUMNS FROM `yp_rule` [ RunTime:0.001113s ]
[2023-12-08T19:18:34+08:00][sql] SELECT `id`,`path`,`type`,`status`,`pid`,`sort`,`mod_id`,`title`,`icon` FROM `yp_rule` ORDER BY `sort` ASC [ RunTime:0.000246s ]
[2023-12-08T19:18:34+08:00][sql] SELECT * FROM `yp_mod` WHERE  `id` IN (1,10,0,12,3,2) [ RunTime:0.000421s ]
[2023-12-08T19:18:34+08:00][sql] SHOW FULL COLUMNS FROM `yp_article` [ RunTime:0.001016s ]
[2023-12-08T19:18:34+08:00][sql] SELECT COUNT(*) AS think_count FROM `yp_article` WHERE `yp_article`.`delete_time` = '0' [ RunTime:0.000309s ]
[2023-12-08T19:18:34+08:00][sql] SELECT * FROM `yp_article` WHERE `yp_article`.`delete_time` = '0' ORDER BY `id` DESC LIMIT 0,20 [ RunTime:0.000275s ]
[2023-12-08T19:18:34+08:00][sql] SELECT COUNT(*) AS think_count FROM `yp_article` WHERE `yp_article`.`delete_time` <> '0' [ RunTime:0.000232s ]
[2023-12-08T19:18:34+08:00][sql] SHOW FULL COLUMNS FROM `yp_category` [ RunTime:0.001621s ]
[2023-12-08T19:18:34+08:00][sql] SELECT * FROM `yp_category` WHERE  `id` = 6 LIMIT 1 [ RunTime:0.000444s ]
[2023-12-08T19:18:34+08:00][sql] SELECT * FROM `yp_category` WHERE  `id` = 6 LIMIT 1 [ RunTime:0.000301s ]
[2023-12-08T19:18:36+08:00][sql] CONNECT:[ UseTime:0.000440s ] mysql:host=127.0.0.1;port=3306;dbname=qiye;charset=utf8
[2023-12-08T19:18:36+08:00][sql] SHOW FULL COLUMNS FROM `yp_admin` [ RunTime:0.002695s ]
[2023-12-08T19:18:36+08:00][sql] SELECT `id`,`username`,`status`,`create_time`,`update_time`,`truename`,`mobile`,`last_ip`,`cluderules`,`cludebtn`,`excluderules`,`excludebtn` FROM `yp_admin` WHERE  `id` = 1 LIMIT 1 [ RunTime:0.000394s ]
[2023-12-08T19:18:36+08:00][sql] SHOW FULL COLUMNS FROM `yp_roles` [ RunTime:0.001111s ]
[2023-12-08T19:18:36+08:00][sql] SHOW FULL COLUMNS FROM `yp_access` [ RunTime:0.001263s ]
[2023-12-08T19:18:36+08:00][sql] SELECT `yp_roles`.*,`pivot`.`id` AS `pivot__id`,`pivot`.`admin_id` AS `pivot__admin_id`,`pivot`.`roles_id` AS `pivot__roles_id` FROM `yp_roles` INNER JOIN `yp_access` `pivot` ON `pivot`.`roles_id`=`yp_roles`.`id` WHERE  `pivot`.`admin_id` = '1' [ RunTime:0.000282s ]
[2023-12-08T19:18:36+08:00][sql] SHOW FULL COLUMNS FROM `yp_mod` [ RunTime:0.000830s ]
[2023-12-08T19:18:36+08:00][sql] SELECT `actions`,`name` FROM `yp_mod` [ RunTime:0.000212s ]
[2023-12-08T19:18:36+08:00][sql] SHOW FULL COLUMNS FROM `yp_rule` [ RunTime:0.000723s ]
[2023-12-08T19:18:36+08:00][sql] SELECT `id`,`path`,`type`,`status`,`pid`,`sort`,`mod_id`,`title`,`icon` FROM `yp_rule` ORDER BY `sort` ASC [ RunTime:0.000253s ]
[2023-12-08T19:18:36+08:00][sql] SELECT * FROM `yp_mod` WHERE  `id` IN (1,10,0,12,3,2) [ RunTime:0.000266s ]
[2023-12-08T19:18:36+08:00][sql] SHOW FULL COLUMNS FROM `yp_category` [ RunTime:0.001394s ]
[2023-12-08T19:18:36+08:00][sql] SELECT * FROM `yp_category` WHERE  ( FIND_IN_SET(0,path) ) [ RunTime:0.000880s ]
[2023-12-08T19:18:36+08:00][sql] SELECT * FROM `yp_category` WHERE  ( FIND_IN_SET(0,path) ) [ RunTime:0.000212s ]
[2023-12-08T19:18:39+08:00][sql] CONNECT:[ UseTime:0.000685s ] mysql:host=127.0.0.1;port=3306;dbname=qiye;charset=utf8
[2023-12-08T19:18:39+08:00][sql] SHOW FULL COLUMNS FROM `yp_admin` [ RunTime:0.002975s ]
[2023-12-08T19:18:39+08:00][sql] SELECT `id`,`username`,`status`,`create_time`,`update_time`,`truename`,`mobile`,`last_ip`,`cluderules`,`cludebtn`,`excluderules`,`excludebtn` FROM `yp_admin` WHERE  `id` = 1 LIMIT 1 [ RunTime:0.000679s ]
[2023-12-08T19:18:39+08:00][sql] SHOW FULL COLUMNS FROM `yp_roles` [ RunTime:0.001810s ]
[2023-12-08T19:18:39+08:00][sql] SHOW FULL COLUMNS FROM `yp_access` [ RunTime:0.001553s ]
[2023-12-08T19:18:39+08:00][sql] SELECT `yp_roles`.*,`pivot`.`id` AS `pivot__id`,`pivot`.`admin_id` AS `pivot__admin_id`,`pivot`.`roles_id` AS `pivot__roles_id` FROM `yp_roles` INNER JOIN `yp_access` `pivot` ON `pivot`.`roles_id`=`yp_roles`.`id` WHERE  `pivot`.`admin_id` = '1' [ RunTime:0.000450s ]
[2023-12-08T19:18:39+08:00][sql] SHOW FULL COLUMNS FROM `yp_mod` [ RunTime:0.001463s ]
[2023-12-08T19:18:39+08:00][sql] SELECT `actions`,`name` FROM `yp_mod` [ RunTime:0.000359s ]
[2023-12-08T19:18:39+08:00][sql] SHOW FULL COLUMNS FROM `yp_rule` [ RunTime:0.001748s ]
[2023-12-08T19:18:39+08:00][sql] SELECT `id`,`path`,`type`,`status`,`pid`,`sort`,`mod_id`,`title`,`icon` FROM `yp_rule` ORDER BY `sort` ASC [ RunTime:0.000367s ]
[2023-12-08T19:18:39+08:00][sql] SELECT * FROM `yp_mod` WHERE  `id` IN (1,10,0,12,3,2) [ RunTime:0.000313s ]
[2023-12-08T19:18:39+08:00][sql] SHOW FULL COLUMNS FROM `yp_category` [ RunTime:0.001553s ]
[2023-12-08T19:18:39+08:00][sql] SELECT * FROM `yp_category` WHERE  ( FIND_IN_SET(1,path) ) [ RunTime:0.000400s ]
[2023-12-08T19:18:39+08:00][sql] SELECT * FROM `yp_category` WHERE  ( FIND_IN_SET(1,path) ) [ RunTime:0.000254s ]
[2023-12-08T19:18:40+08:00][sql] CONNECT:[ UseTime:0.000577s ] mysql:host=127.0.0.1;port=3306;dbname=qiye;charset=utf8
[2023-12-08T19:18:40+08:00][sql] SHOW FULL COLUMNS FROM `yp_admin` [ RunTime:0.002597s ]
[2023-12-08T19:18:40+08:00][sql] SELECT `id`,`username`,`status`,`create_time`,`update_time`,`truename`,`mobile`,`last_ip`,`cluderules`,`cludebtn`,`excluderules`,`excludebtn` FROM `yp_admin` WHERE  `id` = 1 LIMIT 1 [ RunTime:0.000812s ]
[2023-12-08T19:18:40+08:00][sql] SHOW FULL COLUMNS FROM `yp_roles` [ RunTime:0.001840s ]
[2023-12-08T19:18:40+08:00][sql] SHOW FULL COLUMNS FROM `yp_access` [ RunTime:0.001329s ]
[2023-12-08T19:18:40+08:00][sql] SELECT `yp_roles`.*,`pivot`.`id` AS `pivot__id`,`pivot`.`admin_id` AS `pivot__admin_id`,`pivot`.`roles_id` AS `pivot__roles_id` FROM `yp_roles` INNER JOIN `yp_access` `pivot` ON `pivot`.`roles_id`=`yp_roles`.`id` WHERE  `pivot`.`admin_id` = '1' [ RunTime:0.000471s ]
[2023-12-08T19:18:40+08:00][sql] SHOW FULL COLUMNS FROM `yp_mod` [ RunTime:0.001357s ]
[2023-12-08T19:18:40+08:00][sql] SELECT `actions`,`name` FROM `yp_mod` [ RunTime:0.000376s ]
[2023-12-08T19:18:40+08:00][sql] SHOW FULL COLUMNS FROM `yp_rule` [ RunTime:0.002284s ]
[2023-12-08T19:18:40+08:00][sql] SELECT `id`,`path`,`type`,`status`,`pid`,`sort`,`mod_id`,`title`,`icon` FROM `yp_rule` ORDER BY `sort` ASC [ RunTime:0.000635s ]
[2023-12-08T19:18:40+08:00][sql] SELECT * FROM `yp_mod` WHERE  `id` IN (1,10,0,12,3,2) [ RunTime:0.000422s ]
[2023-12-08T19:18:40+08:00][sql] SHOW FULL COLUMNS FROM `yp_category` [ RunTime:0.001216s ]
[2023-12-08T19:18:40+08:00][sql] SELECT * FROM `yp_category` WHERE  ( FIND_IN_SET(6,path) ) [ RunTime:0.000313s ]
[2023-12-08T19:19:08+08:00][sql] CONNECT:[ UseTime:0.000823s ] mysql:host=127.0.0.1;port=3306;dbname=qiye;charset=utf8
[2023-12-08T19:19:08+08:00][sql] SHOW FULL COLUMNS FROM `yp_admin` [ RunTime:0.002630s ]
[2023-12-08T19:19:08+08:00][sql] SELECT `id`,`username`,`status`,`create_time`,`update_time`,`truename`,`mobile`,`last_ip`,`cluderules`,`cludebtn`,`excluderules`,`excludebtn` FROM `yp_admin` WHERE  `id` = 1 LIMIT 1 [ RunTime:0.000635s ]
[2023-12-08T19:19:08+08:00][sql] SHOW FULL COLUMNS FROM `yp_roles` [ RunTime:0.001850s ]
[2023-12-08T19:19:08+08:00][sql] SHOW FULL COLUMNS FROM `yp_access` [ RunTime:0.001731s ]
[2023-12-08T19:19:08+08:00][sql] SELECT `yp_roles`.*,`pivot`.`id` AS `pivot__id`,`pivot`.`admin_id` AS `pivot__admin_id`,`pivot`.`roles_id` AS `pivot__roles_id` FROM `yp_roles` INNER JOIN `yp_access` `pivot` ON `pivot`.`roles_id`=`yp_roles`.`id` WHERE  `pivot`.`admin_id` = '1' [ RunTime:0.000560s ]
[2023-12-08T19:19:08+08:00][sql] SHOW FULL COLUMNS FROM `yp_mod` [ RunTime:0.001299s ]
[2023-12-08T19:19:08+08:00][sql] SELECT `actions`,`name` FROM `yp_mod` [ RunTime:0.000514s ]
[2023-12-08T19:19:08+08:00][sql] SHOW FULL COLUMNS FROM `yp_rule` [ RunTime:0.001671s ]
[2023-12-08T19:19:08+08:00][sql] SELECT `id`,`path`,`type`,`status`,`pid`,`sort`,`mod_id`,`title`,`icon` FROM `yp_rule` ORDER BY `sort` ASC [ RunTime:0.000580s ]
[2023-12-08T19:19:08+08:00][sql] SELECT * FROM `yp_mod` WHERE  `id` IN (1,10,0,12,3,2) [ RunTime:0.000349s ]
[2023-12-08T19:19:08+08:00][sql] CONNECT:[ UseTime:0.000544s ] mysql:host=127.0.0.1;port=3306;dbname=qiye;charset=utf8
[2023-12-08T19:19:08+08:00][sql] SHOW FULL COLUMNS FROM `yp_admin` [ RunTime:0.001634s ]
[2023-12-08T19:19:08+08:00][sql] SELECT `id`,`username`,`status`,`create_time`,`update_time`,`truename`,`mobile`,`last_ip`,`cluderules`,`cludebtn`,`excluderules`,`excludebtn` FROM `yp_admin` WHERE  `id` = 1 LIMIT 1 [ RunTime:0.000335s ]
[2023-12-08T19:19:08+08:00][sql] SHOW FULL COLUMNS FROM `yp_roles` [ RunTime:0.000964s ]
[2023-12-08T19:19:08+08:00][sql] SHOW FULL COLUMNS FROM `yp_access` [ RunTime:0.000790s ]
[2023-12-08T19:19:08+08:00][sql] SELECT `yp_roles`.*,`pivot`.`id` AS `pivot__id`,`pivot`.`admin_id` AS `pivot__admin_id`,`pivot`.`roles_id` AS `pivot__roles_id` FROM `yp_roles` INNER JOIN `yp_access` `pivot` ON `pivot`.`roles_id`=`yp_roles`.`id` WHERE  `pivot`.`admin_id` = '1' [ RunTime:0.000310s ]
[2023-12-08T19:19:08+08:00][sql] SHOW FULL COLUMNS FROM `yp_mod` [ RunTime:0.000769s ]
[2023-12-08T19:19:08+08:00][sql] SELECT `actions`,`name` FROM `yp_mod` [ RunTime:0.000167s ]
[2023-12-08T19:19:08+08:00][sql] SHOW FULL COLUMNS FROM `yp_rule` [ RunTime:0.000950s ]
[2023-12-08T19:19:08+08:00][sql] SELECT `id`,`path`,`type`,`status`,`pid`,`sort`,`mod_id`,`title`,`icon` FROM `yp_rule` ORDER BY `sort` ASC [ RunTime:0.000525s ]
[2023-12-08T19:19:08+08:00][sql] SELECT * FROM `yp_mod` WHERE  `id` IN (1,10,0,12,3,2) [ RunTime:0.000451s ]
[2023-12-08T19:19:08+08:00][sql] SHOW FULL COLUMNS FROM `yp_member` [ RunTime:0.002514s ]
[2023-12-08T19:19:08+08:00][sql] SELECT COUNT(*) AS think_count FROM `yp_member` [ RunTime:0.003553s ]
[2023-12-08T19:19:08+08:00][sql] SELECT * FROM `yp_member` LIMIT 0,10 [ RunTime:0.000277s ]
[2023-12-08T19:20:40+08:00][sql] CONNECT:[ UseTime:0.001143s ] mysql:host=127.0.0.1;port=3306;dbname=qiye;charset=utf8
[2023-12-08T19:20:40+08:00][sql] SHOW FULL COLUMNS FROM `yp_admin` [ RunTime:0.003665s ]
[2023-12-08T19:20:40+08:00][sql] SELECT `id`,`username`,`status`,`create_time`,`update_time`,`truename`,`mobile`,`last_ip`,`cluderules`,`cludebtn`,`excluderules`,`excludebtn` FROM `yp_admin` WHERE  `id` = 1 LIMIT 1 [ RunTime:0.000822s ]
[2023-12-08T19:20:40+08:00][sql] SHOW FULL COLUMNS FROM `yp_roles` [ RunTime:0.002259s ]
[2023-12-08T19:20:40+08:00][sql] SHOW FULL COLUMNS FROM `yp_access` [ RunTime:0.001715s ]
[2023-12-08T19:20:40+08:00][sql] SELECT `yp_roles`.*,`pivot`.`id` AS `pivot__id`,`pivot`.`admin_id` AS `pivot__admin_id`,`pivot`.`roles_id` AS `pivot__roles_id` FROM `yp_roles` INNER JOIN `yp_access` `pivot` ON `pivot`.`roles_id`=`yp_roles`.`id` WHERE  `pivot`.`admin_id` = '1' [ RunTime:0.000511s ]
[2023-12-08T19:20:40+08:00][sql] SHOW FULL COLUMNS FROM `yp_mod` [ RunTime:0.001610s ]
[2023-12-08T19:20:40+08:00][sql] SELECT `actions`,`name` FROM `yp_mod` [ RunTime:0.000398s ]
[2023-12-08T19:20:40+08:00][sql] SHOW FULL COLUMNS FROM `yp_rule` [ RunTime:0.001238s ]
[2023-12-08T19:20:40+08:00][sql] SELECT `id`,`path`,`type`,`status`,`pid`,`sort`,`mod_id`,`title`,`icon` FROM `yp_rule` ORDER BY `sort` ASC [ RunTime:0.000316s ]
[2023-12-08T19:20:40+08:00][sql] SELECT * FROM `yp_mod` WHERE  `id` IN (1,10,0,12,3,2) [ RunTime:0.000314s ]
[2023-12-08T19:20:40+08:00][sql] SHOW FULL COLUMNS FROM `yp_member` [ RunTime:0.000895s ]
[2023-12-08T19:20:40+08:00][sql] SELECT COUNT(*) AS think_count FROM `yp_member` [ RunTime:0.000555s ]
[2023-12-08T19:20:40+08:00][sql] SELECT * FROM `yp_member` LIMIT 10,10 [ RunTime:0.000219s ]
[2023-12-08T19:20:42+08:00][sql] CONNECT:[ UseTime:0.001068s ] mysql:host=127.0.0.1;port=3306;dbname=qiye;charset=utf8
[2023-12-08T19:20:42+08:00][sql] SHOW FULL COLUMNS FROM `yp_admin` [ RunTime:0.003406s ]
[2023-12-08T19:20:42+08:00][sql] SELECT `id`,`username`,`status`,`create_time`,`update_time`,`truename`,`mobile`,`last_ip`,`cluderules`,`cludebtn`,`excluderules`,`excludebtn` FROM `yp_admin` WHERE  `id` = 1 LIMIT 1 [ RunTime:0.000637s ]
[2023-12-08T19:20:42+08:00][sql] SHOW FULL COLUMNS FROM `yp_roles` [ RunTime:0.002125s ]
[2023-12-08T19:20:42+08:00][sql] SHOW FULL COLUMNS FROM `yp_access` [ RunTime:0.001376s ]
[2023-12-08T19:20:42+08:00][sql] SELECT `yp_roles`.*,`pivot`.`id` AS `pivot__id`,`pivot`.`admin_id` AS `pivot__admin_id`,`pivot`.`roles_id` AS `pivot__roles_id` FROM `yp_roles` INNER JOIN `yp_access` `pivot` ON `pivot`.`roles_id`=`yp_roles`.`id` WHERE  `pivot`.`admin_id` = '1' [ RunTime:0.000430s ]
[2023-12-08T19:20:42+08:00][sql] SHOW FULL COLUMNS FROM `yp_mod` [ RunTime:0.002090s ]
[2023-12-08T19:20:42+08:00][sql] SELECT `actions`,`name` FROM `yp_mod` [ RunTime:0.000414s ]
[2023-12-08T19:20:42+08:00][sql] SHOW FULL COLUMNS FROM `yp_rule` [ RunTime:0.001465s ]
[2023-12-08T19:20:42+08:00][sql] SELECT `id`,`path`,`type`,`status`,`pid`,`sort`,`mod_id`,`title`,`icon` FROM `yp_rule` ORDER BY `sort` ASC [ RunTime:0.000369s ]
[2023-12-08T19:20:42+08:00][sql] SELECT * FROM `yp_mod` WHERE  `id` IN (1,10,0,12,3,2) [ RunTime:0.000406s ]
[2023-12-08T19:20:42+08:00][sql] SHOW FULL COLUMNS FROM `yp_member` [ RunTime:0.001037s ]
[2023-12-08T19:20:42+08:00][sql] SELECT COUNT(*) AS think_count FROM `yp_member` [ RunTime:0.000547s ]
[2023-12-08T19:20:42+08:00][sql] SELECT * FROM `yp_member` LIMIT 0,10 [ RunTime:0.000225s ]
[2023-12-08T19:21:14+08:00][sql] CONNECT:[ UseTime:0.001109s ] mysql:host=127.0.0.1;port=3306;dbname=qiye;charset=utf8
[2023-12-08T19:21:14+08:00][sql] SHOW FULL COLUMNS FROM `yp_admin` [ RunTime:0.003514s ]
[2023-12-08T19:21:14+08:00][sql] SELECT `id`,`username`,`status`,`create_time`,`update_time`,`truename`,`mobile`,`last_ip`,`cluderules`,`cludebtn`,`excluderules`,`excludebtn` FROM `yp_admin` WHERE  `id` = 1 LIMIT 1 [ RunTime:0.000590s ]
[2023-12-08T19:21:14+08:00][sql] SHOW FULL COLUMNS FROM `yp_roles` [ RunTime:0.001248s ]
[2023-12-08T19:21:14+08:00][sql] SHOW FULL COLUMNS FROM `yp_access` [ RunTime:0.001098s ]
[2023-12-08T19:21:14+08:00][sql] SELECT `yp_roles`.*,`pivot`.`id` AS `pivot__id`,`pivot`.`admin_id` AS `pivot__admin_id`,`pivot`.`roles_id` AS `pivot__roles_id` FROM `yp_roles` INNER JOIN `yp_access` `pivot` ON `pivot`.`roles_id`=`yp_roles`.`id` WHERE  `pivot`.`admin_id` = '1' [ RunTime:0.000381s ]
[2023-12-08T19:21:14+08:00][sql] SHOW FULL COLUMNS FROM `yp_mod` [ RunTime:0.001431s ]
[2023-12-08T19:21:14+08:00][sql] SELECT `actions`,`name` FROM `yp_mod` [ RunTime:0.000237s ]
[2023-12-08T19:21:14+08:00][sql] SHOW FULL COLUMNS FROM `yp_rule` [ RunTime:0.001149s ]
[2023-12-08T19:21:14+08:00][sql] SELECT `id`,`path`,`type`,`status`,`pid`,`sort`,`mod_id`,`title`,`icon` FROM `yp_rule` ORDER BY `sort` ASC [ RunTime:0.000331s ]
[2023-12-08T19:21:14+08:00][sql] SELECT * FROM `yp_mod` WHERE  `id` IN (1,10,0,12,3,2) [ RunTime:0.000338s ]
[2023-12-08T19:21:14+08:00][sql] CONNECT:[ UseTime:0.000518s ] mysql:host=127.0.0.1;port=3306;dbname=qiye;charset=utf8
[2023-12-08T19:21:14+08:00][sql] SHOW FULL COLUMNS FROM `yp_admin` [ RunTime:0.002020s ]
[2023-12-08T19:21:14+08:00][sql] SELECT `id`,`username`,`status`,`create_time`,`update_time`,`truename`,`mobile`,`last_ip`,`cluderules`,`cludebtn`,`excluderules`,`excludebtn` FROM `yp_admin` WHERE  `id` = 1 LIMIT 1 [ RunTime:0.000575s ]
[2023-12-08T19:21:14+08:00][sql] SHOW FULL COLUMNS FROM `yp_roles` [ RunTime:0.001836s ]
[2023-12-08T19:21:14+08:00][sql] SHOW FULL COLUMNS FROM `yp_access` [ RunTime:0.001528s ]
[2023-12-08T19:21:14+08:00][sql] SELECT `yp_roles`.*,`pivot`.`id` AS `pivot__id`,`pivot`.`admin_id` AS `pivot__admin_id`,`pivot`.`roles_id` AS `pivot__roles_id` FROM `yp_roles` INNER JOIN `yp_access` `pivot` ON `pivot`.`roles_id`=`yp_roles`.`id` WHERE  `pivot`.`admin_id` = '1' [ RunTime:0.000372s ]
[2023-12-08T19:21:14+08:00][sql] SHOW FULL COLUMNS FROM `yp_mod` [ RunTime:0.001328s ]
[2023-12-08T19:21:14+08:00][sql] SELECT `actions`,`name` FROM `yp_mod` [ RunTime:0.000334s ]
[2023-12-08T19:21:14+08:00][sql] SHOW FULL COLUMNS FROM `yp_rule` [ RunTime:0.000937s ]
[2023-12-08T19:21:14+08:00][sql] SELECT `id`,`path`,`type`,`status`,`pid`,`sort`,`mod_id`,`title`,`icon` FROM `yp_rule` ORDER BY `sort` ASC [ RunTime:0.000273s ]
[2023-12-08T19:21:14+08:00][sql] SELECT * FROM `yp_mod` WHERE  `id` IN (1,10,0,12,3,2) [ RunTime:0.000289s ]
[2023-12-08T19:21:14+08:00][sql] SHOW FULL COLUMNS FROM `yp_cols` [ RunTime:0.002165s ]
[2023-12-08T19:21:14+08:00][sql] SELECT COUNT(*) AS think_count FROM `yp_cols` [ RunTime:0.002449s ]
[2023-12-08T19:21:14+08:00][sql] SELECT * FROM `yp_cols` ORDER BY `sort` ASC,`id` DESC LIMIT 0,30 [ RunTime:0.000325s ]
[2023-12-08T19:21:15+08:00][sql] CONNECT:[ UseTime:0.000933s ] mysql:host=127.0.0.1;port=3306;dbname=qiye;charset=utf8
[2023-12-08T19:21:15+08:00][sql] SHOW FULL COLUMNS FROM `yp_admin` [ RunTime:0.003635s ]
[2023-12-08T19:21:15+08:00][sql] SELECT `id`,`username`,`status`,`create_time`,`update_time`,`truename`,`mobile`,`last_ip`,`cluderules`,`cludebtn`,`excluderules`,`excludebtn` FROM `yp_admin` WHERE  `id` = 1 LIMIT 1 [ RunTime:0.003491s ]
[2023-12-08T19:21:15+08:00][sql] SHOW FULL COLUMNS FROM `yp_roles` [ RunTime:0.002598s ]
[2023-12-08T19:21:15+08:00][sql] SHOW FULL COLUMNS FROM `yp_access` [ RunTime:0.001974s ]
[2023-12-08T19:21:15+08:00][sql] SELECT `yp_roles`.*,`pivot`.`id` AS `pivot__id`,`pivot`.`admin_id` AS `pivot__admin_id`,`pivot`.`roles_id` AS `pivot__roles_id` FROM `yp_roles` INNER JOIN `yp_access` `pivot` ON `pivot`.`roles_id`=`yp_roles`.`id` WHERE  `pivot`.`admin_id` = '1' [ RunTime:0.000586s ]
[2023-12-08T19:21:15+08:00][sql] SHOW FULL COLUMNS FROM `yp_mod` [ RunTime:0.001455s ]
[2023-12-08T19:21:15+08:00][sql] SELECT `actions`,`name` FROM `yp_mod` [ RunTime:0.000294s ]
[2023-12-08T19:21:15+08:00][sql] SHOW FULL COLUMNS FROM `yp_rule` [ RunTime:0.001413s ]
[2023-12-08T19:21:15+08:00][sql] SELECT `id`,`path`,`type`,`status`,`pid`,`sort`,`mod_id`,`title`,`icon` FROM `yp_rule` ORDER BY `sort` ASC [ RunTime:0.000363s ]
[2023-12-08T19:21:15+08:00][sql] SELECT * FROM `yp_mod` WHERE  `id` IN (1,10,0,12,3,2) [ RunTime:0.000419s ]
[2023-12-08T19:21:15+08:00][sql] CONNECT:[ UseTime:0.000536s ] mysql:host=127.0.0.1;port=3306;dbname=qiye;charset=utf8
[2023-12-08T19:21:15+08:00][sql] SHOW FULL COLUMNS FROM `yp_admin` [ RunTime:0.001386s ]
[2023-12-08T19:21:15+08:00][sql] SELECT `id`,`username`,`status`,`create_time`,`update_time`,`truename`,`mobile`,`last_ip`,`cluderules`,`cludebtn`,`excluderules`,`excludebtn` FROM `yp_admin` WHERE  `id` = 1 LIMIT 1 [ RunTime:0.011819s ]
[2023-12-08T19:21:15+08:00][sql] SHOW FULL COLUMNS FROM `yp_roles` [ RunTime:0.002151s ]
[2023-12-08T19:21:15+08:00][sql] SHOW FULL COLUMNS FROM `yp_access` [ RunTime:0.001791s ]
[2023-12-08T19:21:15+08:00][sql] SELECT `yp_roles`.*,`pivot`.`id` AS `pivot__id`,`pivot`.`admin_id` AS `pivot__admin_id`,`pivot`.`roles_id` AS `pivot__roles_id` FROM `yp_roles` INNER JOIN `yp_access` `pivot` ON `pivot`.`roles_id`=`yp_roles`.`id` WHERE  `pivot`.`admin_id` = '1' [ RunTime:0.000544s ]
[2023-12-08T19:21:15+08:00][sql] SHOW FULL COLUMNS FROM `yp_mod` [ RunTime:0.001947s ]
[2023-12-08T19:21:15+08:00][sql] SELECT `actions`,`name` FROM `yp_mod` [ RunTime:0.000257s ]
[2023-12-08T19:21:15+08:00][sql] SHOW FULL COLUMNS FROM `yp_rule` [ RunTime:0.001538s ]
[2023-12-08T19:21:15+08:00][sql] SELECT `id`,`path`,`type`,`status`,`pid`,`sort`,`mod_id`,`title`,`icon` FROM `yp_rule` ORDER BY `sort` ASC [ RunTime:0.001161s ]
[2023-12-08T19:21:15+08:00][sql] SELECT * FROM `yp_mod` WHERE  `id` IN (1,10,0,12,3,2) [ RunTime:0.000594s ]
[2023-12-08T19:21:15+08:00][sql] SHOW FULL COLUMNS FROM `yp_cols` [ RunTime:0.001700s ]
[2023-12-08T19:21:15+08:00][sql] SELECT COUNT(*) AS think_count FROM `yp_cols` [ RunTime:0.000770s ]
[2023-12-08T19:21:15+08:00][sql] SELECT * FROM `yp_cols` ORDER BY `sort` ASC,`id` DESC LIMIT 0,30 [ RunTime:0.000544s ]
[2023-12-08T19:21:15+08:00][sql] CONNECT:[ UseTime:0.000587s ] mysql:host=127.0.0.1;port=3306;dbname=qiye;charset=utf8
[2023-12-08T19:21:15+08:00][sql] SHOW FULL COLUMNS FROM `yp_admin` [ RunTime:0.002164s ]
[2023-12-08T19:21:15+08:00][sql] SELECT `id`,`username`,`status`,`create_time`,`update_time`,`truename`,`mobile`,`last_ip`,`cluderules`,`cludebtn`,`excluderules`,`excludebtn` FROM `yp_admin` WHERE  `id` = 1 LIMIT 1 [ RunTime:0.000490s ]
[2023-12-08T19:21:15+08:00][sql] SHOW FULL COLUMNS FROM `yp_roles` [ RunTime:0.001361s ]
[2023-12-08T19:21:15+08:00][sql] SHOW FULL COLUMNS FROM `yp_access` [ RunTime:0.000891s ]
[2023-12-08T19:21:15+08:00][sql] SELECT `yp_roles`.*,`pivot`.`id` AS `pivot__id`,`pivot`.`admin_id` AS `pivot__admin_id`,`pivot`.`roles_id` AS `pivot__roles_id` FROM `yp_roles` INNER JOIN `yp_access` `pivot` ON `pivot`.`roles_id`=`yp_roles`.`id` WHERE  `pivot`.`admin_id` = '1' [ RunTime:0.000247s ]
[2023-12-08T19:21:15+08:00][sql] SHOW FULL COLUMNS FROM `yp_mod` [ RunTime:0.002328s ]
[2023-12-08T19:21:15+08:00][sql] SELECT `actions`,`name` FROM `yp_mod` [ RunTime:0.000426s ]
[2023-12-08T19:21:15+08:00][sql] SHOW FULL COLUMNS FROM `yp_rule` [ RunTime:0.001503s ]
[2023-12-08T19:21:15+08:00][sql] SELECT `id`,`path`,`type`,`status`,`pid`,`sort`,`mod_id`,`title`,`icon` FROM `yp_rule` ORDER BY `sort` ASC [ RunTime:0.000330s ]
[2023-12-08T19:21:15+08:00][sql] SELECT * FROM `yp_mod` WHERE  `id` IN (1,10,0,12,3,2) [ RunTime:0.000369s ]
[2023-12-08T19:21:15+08:00][sql] SELECT * FROM `yp_mod` ORDER BY `sort` ASC [ RunTime:0.000306s ]
[2023-12-08T19:23:27+08:00][sql] CONNECT:[ UseTime:0.000736s ] mysql:host=127.0.0.1;port=3306;dbname=qiye;charset=utf8
[2023-12-08T19:23:27+08:00][sql] SHOW FULL COLUMNS FROM `yp_admin` [ RunTime:0.001823s ]
[2023-12-08T19:23:27+08:00][sql] SELECT `id`,`username`,`status`,`create_time`,`update_time`,`truename`,`mobile`,`last_ip`,`cluderules`,`cludebtn`,`excluderules`,`excludebtn` FROM `yp_admin` WHERE  `id` = 1 LIMIT 1 [ RunTime:0.000419s ]
[2023-12-08T19:23:27+08:00][sql] SHOW FULL COLUMNS FROM `yp_roles` [ RunTime:0.000906s ]
[2023-12-08T19:23:27+08:00][sql] SHOW FULL COLUMNS FROM `yp_access` [ RunTime:0.000924s ]
[2023-12-08T19:23:27+08:00][sql] SELECT `yp_roles`.*,`pivot`.`id` AS `pivot__id`,`pivot`.`admin_id` AS `pivot__admin_id`,`pivot`.`roles_id` AS `pivot__roles_id` FROM `yp_roles` INNER JOIN `yp_access` `pivot` ON `pivot`.`roles_id`=`yp_roles`.`id` WHERE  `pivot`.`admin_id` = '1' [ RunTime:0.000362s ]
[2023-12-08T19:23:27+08:00][sql] SHOW FULL COLUMNS FROM `yp_mod` [ RunTime:0.002521s ]
[2023-12-08T19:23:27+08:00][sql] SELECT `actions`,`name` FROM `yp_mod` [ RunTime:0.000768s ]
[2023-12-08T19:23:27+08:00][sql] SHOW FULL COLUMNS FROM `yp_rule` [ RunTime:0.001979s ]
[2023-12-08T19:23:27+08:00][sql] SELECT `id`,`path`,`type`,`status`,`pid`,`sort`,`mod_id`,`title`,`icon` FROM `yp_rule` ORDER BY `sort` ASC [ RunTime:0.000666s ]
[2023-12-08T19:23:27+08:00][sql] SELECT * FROM `yp_mod` WHERE  `id` IN (1,10,0,12,3,2) [ RunTime:0.000581s ]
[2023-12-08T19:23:27+08:00][error] [1]Maximum execution time of 300 seconds exceeded[/Users/zhoushouzhan/Desktop/www/qiye/web/vendor/nyg/holiday/src/Holiday.php:138]
[2023-12-08T19:23:50+08:00][sql] CONNECT:[ UseTime:0.001071s ] mysql:host=127.0.0.1;port=3306;dbname=qiye;charset=utf8
[2023-12-08T19:23:50+08:00][sql] SHOW FULL COLUMNS FROM `yp_admin` [ RunTime:0.003336s ]
[2023-12-08T19:23:50+08:00][sql] SELECT `id`,`username`,`status`,`create_time`,`update_time`,`truename`,`mobile`,`last_ip`,`cluderules`,`cludebtn`,`excluderules`,`excludebtn` FROM `yp_admin` WHERE  `id` = 1 LIMIT 1 [ RunTime:0.000690s ]
[2023-12-08T19:23:50+08:00][sql] SHOW FULL COLUMNS FROM `yp_roles` [ RunTime:0.001907s ]
[2023-12-08T19:23:50+08:00][sql] SHOW FULL COLUMNS FROM `yp_access` [ RunTime:0.001716s ]
[2023-12-08T19:23:50+08:00][sql] SELECT `yp_roles`.*,`pivot`.`id` AS `pivot__id`,`pivot`.`admin_id` AS `pivot__admin_id`,`pivot`.`roles_id` AS `pivot__roles_id` FROM `yp_roles` INNER JOIN `yp_access` `pivot` ON `pivot`.`roles_id`=`yp_roles`.`id` WHERE  `pivot`.`admin_id` = '1' [ RunTime:0.000685s ]
[2023-12-08T19:23:50+08:00][sql] SHOW FULL COLUMNS FROM `yp_mod` [ RunTime:0.009182s ]
[2023-12-08T19:23:50+08:00][sql] SELECT `actions`,`name` FROM `yp_mod` [ RunTime:0.000424s ]
[2023-12-08T19:23:50+08:00][sql] SHOW FULL COLUMNS FROM `yp_rule` [ RunTime:0.001151s ]
[2023-12-08T19:23:50+08:00][sql] SELECT `id`,`path`,`type`,`status`,`pid`,`sort`,`mod_id`,`title`,`icon` FROM `yp_rule` ORDER BY `sort` ASC [ RunTime:0.000329s ]
[2023-12-08T19:23:50+08:00][sql] SELECT * FROM `yp_mod` WHERE  `id` IN (1,10,0,12,3,2) [ RunTime:0.000301s ]
[2023-12-08T19:23:50+08:00][error] [1]Maximum execution time of 300 seconds exceeded[/Users/zhoushouzhan/Desktop/www/qiye/web/vendor/nyg/holiday/src/Holiday.php:258]
[2023-12-08T19:25:00+08:00][sql] CONNECT:[ UseTime:0.001283s ] mysql:host=127.0.0.1;port=3306;dbname=qiye;charset=utf8
[2023-12-08T19:25:00+08:00][sql] SHOW FULL COLUMNS FROM `yp_admin` [ RunTime:0.002921s ]
[2023-12-08T19:25:00+08:00][sql] SELECT `id`,`username`,`status`,`create_time`,`update_time`,`truename`,`mobile`,`last_ip`,`cluderules`,`cludebtn`,`excluderules`,`excludebtn` FROM `yp_admin` WHERE  `id` = 1 LIMIT 1 [ RunTime:0.000654s ]
[2023-12-08T19:25:00+08:00][sql] SHOW FULL COLUMNS FROM `yp_roles` [ RunTime:0.001893s ]
[2023-12-08T19:25:00+08:00][sql] SHOW FULL COLUMNS FROM `yp_access` [ RunTime:0.001538s ]
[2023-12-08T19:25:00+08:00][sql] SELECT `yp_roles`.*,`pivot`.`id` AS `pivot__id`,`pivot`.`admin_id` AS `pivot__admin_id`,`pivot`.`roles_id` AS `pivot__roles_id` FROM `yp_roles` INNER JOIN `yp_access` `pivot` ON `pivot`.`roles_id`=`yp_roles`.`id` WHERE  `pivot`.`admin_id` = '1' [ RunTime:0.000417s ]
[2023-12-08T19:25:00+08:00][sql] SHOW FULL COLUMNS FROM `yp_mod` [ RunTime:0.001592s ]
[2023-12-08T19:25:00+08:00][sql] SELECT `actions`,`name` FROM `yp_mod` [ RunTime:0.000293s ]
[2023-12-08T19:25:00+08:00][sql] SHOW FULL COLUMNS FROM `yp_rule` [ RunTime:0.001129s ]
[2023-12-08T19:25:00+08:00][sql] SELECT `id`,`path`,`type`,`status`,`pid`,`sort`,`mod_id`,`title`,`icon` FROM `yp_rule` ORDER BY `sort` ASC [ RunTime:0.000796s ]
[2023-12-08T19:25:00+08:00][sql] SELECT * FROM `yp_mod` WHERE  `id` IN (1,10,0,12,3,2) [ RunTime:0.000640s ]
[2023-12-08T19:25:00+08:00][sql] CONNECT:[ UseTime:0.000540s ] mysql:host=127.0.0.1;port=3306;dbname=qiye;charset=utf8
[2023-12-08T19:25:00+08:00][sql] SHOW FULL COLUMNS FROM `yp_admin` [ RunTime:0.001306s ]
[2023-12-08T19:25:00+08:00][sql] SELECT `id`,`username`,`status`,`create_time`,`update_time`,`truename`,`mobile`,`last_ip`,`cluderules`,`cludebtn`,`excluderules`,`excludebtn` FROM `yp_admin` WHERE  `id` = 1 LIMIT 1 [ RunTime:0.000813s ]
[2023-12-08T19:25:00+08:00][sql] SHOW FULL COLUMNS FROM `yp_roles` [ RunTime:0.002127s ]
[2023-12-08T19:25:00+08:00][sql] SHOW FULL COLUMNS FROM `yp_access` [ RunTime:0.001760s ]
[2023-12-08T19:25:00+08:00][sql] SELECT `yp_roles`.*,`pivot`.`id` AS `pivot__id`,`pivot`.`admin_id` AS `pivot__admin_id`,`pivot`.`roles_id` AS `pivot__roles_id` FROM `yp_roles` INNER JOIN `yp_access` `pivot` ON `pivot`.`roles_id`=`yp_roles`.`id` WHERE  `pivot`.`admin_id` = '1' [ RunTime:0.000596s ]
[2023-12-08T19:25:00+08:00][sql] SHOW FULL COLUMNS FROM `yp_mod` [ RunTime:0.001120s ]
[2023-12-08T19:25:00+08:00][sql] SELECT `actions`,`name` FROM `yp_mod` [ RunTime:0.000205s ]
[2023-12-08T19:25:00+08:00][sql] SHOW FULL COLUMNS FROM `yp_rule` [ RunTime:0.001658s ]
[2023-12-08T19:25:00+08:00][sql] SELECT `id`,`path`,`type`,`status`,`pid`,`sort`,`mod_id`,`title`,`icon` FROM `yp_rule` ORDER BY `sort` ASC [ RunTime:0.000565s ]
[2023-12-08T19:25:00+08:00][sql] SELECT * FROM `yp_mod` WHERE  `id` IN (1,10,0,12,3,2) [ RunTime:0.000615s ]
[2023-12-08T19:25:00+08:00][sql] SHOW FULL COLUMNS FROM `yp_member` [ RunTime:0.002002s ]
[2023-12-08T19:25:00+08:00][sql] SELECT COUNT(*) AS think_count FROM `yp_member` [ RunTime:0.001044s ]
[2023-12-08T19:25:00+08:00][sql] SELECT * FROM `yp_member` LIMIT 0,10 [ RunTime:0.000424s ]
[2023-12-08T19:25:17+08:00][sql] CONNECT:[ UseTime:0.001401s ] mysql:host=127.0.0.1;port=3306;dbname=qiye;charset=utf8
[2023-12-08T19:25:17+08:00][sql] SHOW FULL COLUMNS FROM `yp_admin` [ RunTime:0.003531s ]
[2023-12-08T19:25:17+08:00][sql] SELECT `id`,`username`,`status`,`create_time`,`update_time`,`truename`,`mobile`,`last_ip`,`cluderules`,`cludebtn`,`excluderules`,`excludebtn` FROM `yp_admin` WHERE  `id` = 1 LIMIT 1 [ RunTime:0.000959s ]
[2023-12-08T19:25:17+08:00][sql] SHOW FULL COLUMNS FROM `yp_roles` [ RunTime:0.001025s ]
[2023-12-08T19:25:17+08:00][sql] SHOW FULL COLUMNS FROM `yp_access` [ RunTime:0.002050s ]
[2023-12-08T19:25:17+08:00][sql] SELECT `yp_roles`.*,`pivot`.`id` AS `pivot__id`,`pivot`.`admin_id` AS `pivot__admin_id`,`pivot`.`roles_id` AS `pivot__roles_id` FROM `yp_roles` INNER JOIN `yp_access` `pivot` ON `pivot`.`roles_id`=`yp_roles`.`id` WHERE  `pivot`.`admin_id` = '1' [ RunTime:0.000762s ]
[2023-12-08T19:25:17+08:00][sql] SHOW FULL COLUMNS FROM `yp_mod` [ RunTime:0.002093s ]
[2023-12-08T19:25:17+08:00][sql] SELECT `actions`,`name` FROM `yp_mod` [ RunTime:0.000616s ]
[2023-12-08T19:25:17+08:00][sql] SHOW FULL COLUMNS FROM `yp_rule` [ RunTime:0.001822s ]
[2023-12-08T19:25:17+08:00][sql] SELECT `id`,`path`,`type`,`status`,`pid`,`sort`,`mod_id`,`title`,`icon` FROM `yp_rule` ORDER BY `sort` ASC [ RunTime:0.000582s ]
[2023-12-08T19:25:17+08:00][sql] SELECT * FROM `yp_mod` WHERE  `id` IN (1,10,0,12,3,2) [ RunTime:0.000662s ]
[2023-12-08T19:25:18+08:00][sql] CONNECT:[ UseTime:0.001507s ] mysql:host=127.0.0.1;port=3306;dbname=qiye;charset=utf8
[2023-12-08T19:25:18+08:00][sql] SHOW FULL COLUMNS FROM `yp_admin` [ RunTime:0.001800s ]
[2023-12-08T19:25:18+08:00][sql] SELECT `id`,`username`,`status`,`create_time`,`update_time`,`truename`,`mobile`,`last_ip`,`cluderules`,`cludebtn`,`excluderules`,`excludebtn` FROM `yp_admin` WHERE  `id` = 1 LIMIT 1 [ RunTime:0.000487s ]
[2023-12-08T19:25:18+08:00][sql] SHOW FULL COLUMNS FROM `yp_roles` [ RunTime:0.000863s ]
[2023-12-08T19:25:18+08:00][sql] SHOW FULL COLUMNS FROM `yp_access` [ RunTime:0.001256s ]
[2023-12-08T19:25:18+08:00][sql] SELECT `yp_roles`.*,`pivot`.`id` AS `pivot__id`,`pivot`.`admin_id` AS `pivot__admin_id`,`pivot`.`roles_id` AS `pivot__roles_id` FROM `yp_roles` INNER JOIN `yp_access` `pivot` ON `pivot`.`roles_id`=`yp_roles`.`id` WHERE  `pivot`.`admin_id` = '1' [ RunTime:0.000389s ]
[2023-12-08T19:25:18+08:00][sql] SHOW FULL COLUMNS FROM `yp_mod` [ RunTime:0.001369s ]
[2023-12-08T19:25:18+08:00][sql] SELECT `actions`,`name` FROM `yp_mod` [ RunTime:0.000261s ]
[2023-12-08T19:25:18+08:00][sql] SHOW FULL COLUMNS FROM `yp_rule` [ RunTime:0.001328s ]
[2023-12-08T19:25:18+08:00][sql] SELECT `id`,`path`,`type`,`status`,`pid`,`sort`,`mod_id`,`title`,`icon` FROM `yp_rule` ORDER BY `sort` ASC [ RunTime:0.000358s ]
[2023-12-08T19:25:18+08:00][sql] SELECT * FROM `yp_mod` WHERE  `id` IN (1,10,0,12,3,2) [ RunTime:0.000399s ]
[2023-12-08T19:25:18+08:00][sql] SHOW FULL COLUMNS FROM `yp_files` [ RunTime:0.002845s ]
[2023-12-08T19:25:18+08:00][sql] SELECT COUNT(*) AS think_count FROM `yp_files` [ RunTime:0.003563s ]
[2023-12-08T19:25:18+08:00][sql] SELECT * FROM `yp_files` ORDER BY `id` DESC LIMIT 0,30 [ RunTime:0.000517s ]
[2023-12-08T19:25:20+08:00][sql] CONNECT:[ UseTime:0.001158s ] mysql:host=127.0.0.1;port=3306;dbname=qiye;charset=utf8
[2023-12-08T19:25:20+08:00][sql] SHOW FULL COLUMNS FROM `yp_admin` [ RunTime:0.003651s ]
[2023-12-08T19:25:20+08:00][sql] SELECT `id`,`username`,`status`,`create_time`,`update_time`,`truename`,`mobile`,`last_ip`,`cluderules`,`cludebtn`,`excluderules`,`excludebtn` FROM `yp_admin` WHERE  `id` = 1 LIMIT 1 [ RunTime:0.000812s ]
[2023-12-08T19:25:20+08:00][sql] SHOW FULL COLUMNS FROM `yp_roles` [ RunTime:0.002239s ]
[2023-12-08T19:25:20+08:00][sql] SHOW FULL COLUMNS FROM `yp_access` [ RunTime:0.001931s ]
[2023-12-08T19:25:20+08:00][sql] SELECT `yp_roles`.*,`pivot`.`id` AS `pivot__id`,`pivot`.`admin_id` AS `pivot__admin_id`,`pivot`.`roles_id` AS `pivot__roles_id` FROM `yp_roles` INNER JOIN `yp_access` `pivot` ON `pivot`.`roles_id`=`yp_roles`.`id` WHERE  `pivot`.`admin_id` = '1' [ RunTime:0.000394s ]
[2023-12-08T19:25:20+08:00][sql] SHOW FULL COLUMNS FROM `yp_mod` [ RunTime:0.001428s ]
[2023-12-08T19:25:20+08:00][sql] SELECT `actions`,`name` FROM `yp_mod` [ RunTime:0.000379s ]
[2023-12-08T19:25:20+08:00][sql] SHOW FULL COLUMNS FROM `yp_rule` [ RunTime:0.001781s ]
[2023-12-08T19:25:20+08:00][sql] SELECT `id`,`path`,`type`,`status`,`pid`,`sort`,`mod_id`,`title`,`icon` FROM `yp_rule` ORDER BY `sort` ASC [ RunTime:0.000366s ]
[2023-12-08T19:25:20+08:00][sql] SELECT * FROM `yp_mod` WHERE  `id` IN (1,10,0,12,3,2) [ RunTime:0.000473s ]
[2023-12-08T19:25:20+08:00][sql] CONNECT:[ UseTime:0.000472s ] mysql:host=127.0.0.1;port=3306;dbname=qiye;charset=utf8
[2023-12-08T19:25:20+08:00][sql] SHOW FULL COLUMNS FROM `yp_admin` [ RunTime:0.001398s ]
[2023-12-08T19:25:20+08:00][sql] SELECT `id`,`username`,`status`,`create_time`,`update_time`,`truename`,`mobile`,`last_ip`,`cluderules`,`cludebtn`,`excluderules`,`excludebtn` FROM `yp_admin` WHERE  `id` = 1 LIMIT 1 [ RunTime:0.000287s ]
[2023-12-08T19:25:20+08:00][sql] SHOW FULL COLUMNS FROM `yp_roles` [ RunTime:0.001210s ]
[2023-12-08T19:25:20+08:00][sql] SHOW FULL COLUMNS FROM `yp_access` [ RunTime:0.001367s ]
[2023-12-08T19:25:20+08:00][sql] SELECT `yp_roles`.*,`pivot`.`id` AS `pivot__id`,`pivot`.`admin_id` AS `pivot__admin_id`,`pivot`.`roles_id` AS `pivot__roles_id` FROM `yp_roles` INNER JOIN `yp_access` `pivot` ON `pivot`.`roles_id`=`yp_roles`.`id` WHERE  `pivot`.`admin_id` = '1' [ RunTime:0.000579s ]
[2023-12-08T19:25:20+08:00][sql] SHOW FULL COLUMNS FROM `yp_mod` [ RunTime:0.001762s ]
[2023-12-08T19:25:20+08:00][sql] SELECT `actions`,`name` FROM `yp_mod` [ RunTime:0.000406s ]
[2023-12-08T19:25:20+08:00][sql] SHOW FULL COLUMNS FROM `yp_rule` [ RunTime:0.001470s ]
[2023-12-08T19:25:20+08:00][sql] SELECT `id`,`path`,`type`,`status`,`pid`,`sort`,`mod_id`,`title`,`icon` FROM `yp_rule` ORDER BY `sort` ASC [ RunTime:0.000428s ]
[2023-12-08T19:25:20+08:00][sql] SELECT * FROM `yp_mod` WHERE  `id` IN (1,10,0,12,3,2) [ RunTime:0.000326s ]
[2023-12-08T19:25:20+08:00][sql] SHOW FULL COLUMNS FROM `yp_category` [ RunTime:0.001665s ]
[2023-12-08T19:25:20+08:00][sql] SELECT * FROM `yp_category` ORDER BY `sort` ASC,`id` ASC [ RunTime:0.000369s ]
[2023-12-08T19:25:22+08:00][sql] CONNECT:[ UseTime:0.001361s ] mysql:host=127.0.0.1;port=3306;dbname=qiye;charset=utf8
[2023-12-08T19:25:22+08:00][sql] SHOW FULL COLUMNS FROM `yp_admin` [ RunTime:0.003656s ]
[2023-12-08T19:25:22+08:00][sql] SELECT `id`,`username`,`status`,`create_time`,`update_time`,`truename`,`mobile`,`last_ip`,`cluderules`,`cludebtn`,`excluderules`,`excludebtn` FROM `yp_admin` WHERE  `id` = 1 LIMIT 1 [ RunTime:0.000894s ]
[2023-12-08T19:25:22+08:00][sql] SHOW FULL COLUMNS FROM `yp_roles` [ RunTime:0.002299s ]
[2023-12-08T19:25:22+08:00][sql] SHOW FULL COLUMNS FROM `yp_access` [ RunTime:0.002160s ]
[2023-12-08T19:25:22+08:00][sql] SELECT `yp_roles`.*,`pivot`.`id` AS `pivot__id`,`pivot`.`admin_id` AS `pivot__admin_id`,`pivot`.`roles_id` AS `pivot__roles_id` FROM `yp_roles` INNER JOIN `yp_access` `pivot` ON `pivot`.`roles_id`=`yp_roles`.`id` WHERE  `pivot`.`admin_id` = '1' [ RunTime:0.000641s ]
[2023-12-08T19:25:22+08:00][sql] SHOW FULL COLUMNS FROM `yp_mod` [ RunTime:0.002266s ]
[2023-12-08T19:25:22+08:00][sql] SELECT `actions`,`name` FROM `yp_mod` [ RunTime:0.000313s ]
[2023-12-08T19:25:22+08:00][sql] SHOW FULL COLUMNS FROM `yp_rule` [ RunTime:0.001786s ]
[2023-12-08T19:25:22+08:00][sql] SELECT `id`,`path`,`type`,`status`,`pid`,`sort`,`mod_id`,`title`,`icon` FROM `yp_rule` ORDER BY `sort` ASC [ RunTime:0.000644s ]
[2023-12-08T19:25:22+08:00][sql] SELECT * FROM `yp_mod` WHERE  `id` IN (1,10,0,12,3,2) [ RunTime:0.000707s ]
[2023-12-08T19:25:22+08:00][sql] CONNECT:[ UseTime:0.001489s ] mysql:host=127.0.0.1;port=3306;dbname=qiye;charset=utf8
[2023-12-08T19:25:22+08:00][sql] SHOW FULL COLUMNS FROM `yp_admin` [ RunTime:0.003947s ]
[2023-12-08T19:25:22+08:00][sql] SELECT `id`,`username`,`status`,`create_time`,`update_time`,`truename`,`mobile`,`last_ip`,`cluderules`,`cludebtn`,`excluderules`,`excludebtn` FROM `yp_admin` WHERE  `id` = 1 LIMIT 1 [ RunTime:0.000869s ]
[2023-12-08T19:25:22+08:00][sql] SHOW FULL COLUMNS FROM `yp_roles` [ RunTime:0.002349s ]
[2023-12-08T19:25:22+08:00][sql] SHOW FULL COLUMNS FROM `yp_access` [ RunTime:0.002274s ]
[2023-12-08T19:25:22+08:00][sql] SELECT `yp_roles`.*,`pivot`.`id` AS `pivot__id`,`pivot`.`admin_id` AS `pivot__admin_id`,`pivot`.`roles_id` AS `pivot__roles_id` FROM `yp_roles` INNER JOIN `yp_access` `pivot` ON `pivot`.`roles_id`=`yp_roles`.`id` WHERE  `pivot`.`admin_id` = '1' [ RunTime:0.000354s ]
[2023-12-08T19:25:22+08:00][sql] SHOW FULL COLUMNS FROM `yp_mod` [ RunTime:0.002240s ]
[2023-12-08T19:25:22+08:00][sql] SELECT `actions`,`name` FROM `yp_mod` [ RunTime:0.000531s ]
[2023-12-08T19:25:22+08:00][sql] SHOW FULL COLUMNS FROM `yp_rule` [ RunTime:0.001961s ]
[2023-12-08T19:25:22+08:00][sql] SELECT `id`,`path`,`type`,`status`,`pid`,`sort`,`mod_id`,`title`,`icon` FROM `yp_rule` ORDER BY `sort` ASC [ RunTime:0.000575s ]
[2023-12-08T19:25:22+08:00][sql] SELECT * FROM `yp_mod` WHERE  `id` IN (1,10,0,12,3,2) [ RunTime:0.000652s ]
[2023-12-08T19:25:22+08:00][sql] SELECT * FROM `yp_mod` WHERE  `name` = 'sitepro' LIMIT 1 [ RunTime:0.000518s ]
[2023-12-08T19:25:22+08:00][sql] CONNECT:[ UseTime:0.001274s ] mysql:host=127.0.0.1;port=3306;dbname=qiye;charset=utf8
[2023-12-08T19:25:22+08:00][sql] SHOW FULL COLUMNS FROM `yp_admin` [ RunTime:0.002283s ]
[2023-12-08T19:25:22+08:00][sql] SELECT `id`,`username`,`status`,`create_time`,`update_time`,`truename`,`mobile`,`last_ip`,`cluderules`,`cludebtn`,`excluderules`,`excludebtn` FROM `yp_admin` WHERE  `id` = 1 LIMIT 1 [ RunTime:0.000808s ]
[2023-12-08T19:25:22+08:00][sql] SHOW FULL COLUMNS FROM `yp_roles` [ RunTime:0.002233s ]
[2023-12-08T19:25:22+08:00][sql] SHOW FULL COLUMNS FROM `yp_access` [ RunTime:0.001922s ]
[2023-12-08T19:25:22+08:00][sql] SELECT `yp_roles`.*,`pivot`.`id` AS `pivot__id`,`pivot`.`admin_id` AS `pivot__admin_id`,`pivot`.`roles_id` AS `pivot__roles_id` FROM `yp_roles` INNER JOIN `yp_access` `pivot` ON `pivot`.`roles_id`=`yp_roles`.`id` WHERE  `pivot`.`admin_id` = '1' [ RunTime:0.000872s ]
[2023-12-08T19:25:22+08:00][sql] SHOW FULL COLUMNS FROM `yp_mod` [ RunTime:0.002013s ]
[2023-12-08T19:25:22+08:00][sql] SELECT `actions`,`name` FROM `yp_mod` [ RunTime:0.000399s ]
[2023-12-08T19:25:22+08:00][sql] SHOW FULL COLUMNS FROM `yp_rule` [ RunTime:0.001161s ]
[2023-12-08T19:25:22+08:00][sql] SELECT `id`,`path`,`type`,`status`,`pid`,`sort`,`mod_id`,`title`,`icon` FROM `yp_rule` ORDER BY `sort` ASC [ RunTime:0.000408s ]
[2023-12-08T19:25:22+08:00][sql] SELECT * FROM `yp_mod` WHERE  `id` IN (1,10,0,12,3,2) [ RunTime:0.000639s ]
[2023-12-08T19:25:22+08:00][sql] SELECT * FROM `yp_mod` WHERE  `id` = 1 LIMIT 1 [ RunTime:0.000662s ]
[2023-12-08T19:25:22+08:00][sql] SHOW FULL COLUMNS FROM `yp_sitepro` [ RunTime:0.002438s ]
[2023-12-08T19:25:22+08:00][sql] SELECT * FROM `yp_sitepro` WHERE  `id` = 1 LIMIT 1 [ RunTime:0.000818s ]
[2023-12-08T19:25:22+08:00][sql] CONNECT:[ UseTime:0.000596s ] mysql:host=127.0.0.1;port=3306;dbname=qiye;charset=utf8
[2023-12-08T19:25:22+08:00][sql] SHOW FULL COLUMNS FROM `yp_admin` [ RunTime:0.002472s ]
[2023-12-08T19:25:22+08:00][sql] SELECT `id`,`username`,`status`,`create_time`,`update_time`,`truename`,`mobile`,`last_ip`,`cluderules`,`cludebtn`,`excluderules`,`excludebtn` FROM `yp_admin` WHERE  `id` = 1 LIMIT 1 [ RunTime:0.000694s ]
[2023-12-08T19:25:22+08:00][sql] SHOW FULL COLUMNS FROM `yp_roles` [ RunTime:0.001928s ]
[2023-12-08T19:25:22+08:00][sql] SHOW FULL COLUMNS FROM `yp_access` [ RunTime:0.001795s ]
[2023-12-08T19:25:22+08:00][sql] SELECT `yp_roles`.*,`pivot`.`id` AS `pivot__id`,`pivot`.`admin_id` AS `pivot__admin_id`,`pivot`.`roles_id` AS `pivot__roles_id` FROM `yp_roles` INNER JOIN `yp_access` `pivot` ON `pivot`.`roles_id`=`yp_roles`.`id` WHERE  `pivot`.`admin_id` = '1' [ RunTime:0.000380s ]
[2023-12-08T19:25:22+08:00][sql] SHOW FULL COLUMNS FROM `yp_mod` [ RunTime:0.001746s ]
[2023-12-08T19:25:22+08:00][sql] SELECT `actions`,`name` FROM `yp_mod` [ RunTime:0.000461s ]
[2023-12-08T19:25:22+08:00][sql] SHOW FULL COLUMNS FROM `yp_rule` [ RunTime:0.001969s ]
[2023-12-08T19:25:22+08:00][sql] SELECT `id`,`path`,`type`,`status`,`pid`,`sort`,`mod_id`,`title`,`icon` FROM `yp_rule` ORDER BY `sort` ASC [ RunTime:0.000492s ]
[2023-12-08T19:25:22+08:00][sql] SELECT * FROM `yp_mod` WHERE  `id` IN (1,10,0,12,3,2) [ RunTime:0.000554s ]
[2023-12-08T19:25:22+08:00][sql] SHOW FULL COLUMNS FROM `yp_files` [ RunTime:0.001973s ]
[2023-12-08T19:25:22+08:00][sql] SELECT * FROM `yp_files` WHERE  `id` = 71 LIMIT 1 [ RunTime:0.000683s ]
[2023-12-08T20:18:01+08:00][sql] CONNECT:[ UseTime:0.004019s ] mysql:host=127.0.0.1;port=3306;dbname=qiye;charset=utf8
[2023-12-08T20:18:01+08:00][sql] SHOW FULL COLUMNS FROM `yp_admin` [ RunTime:0.021229s ]
[2023-12-08T20:18:01+08:00][sql] SELECT `id`,`username`,`status`,`create_time`,`update_time`,`truename`,`mobile`,`last_ip`,`cluderules`,`cludebtn`,`excluderules`,`excludebtn` FROM `yp_admin` WHERE  `id` = 1 LIMIT 1 [ RunTime:0.001587s ]
[2023-12-08T20:18:01+08:00][sql] SHOW FULL COLUMNS FROM `yp_roles` [ RunTime:0.002214s ]
[2023-12-08T20:18:01+08:00][sql] SHOW FULL COLUMNS FROM `yp_access` [ RunTime:0.003636s ]
[2023-12-08T20:18:01+08:00][sql] SELECT `yp_roles`.*,`pivot`.`id` AS `pivot__id`,`pivot`.`admin_id` AS `pivot__admin_id`,`pivot`.`roles_id` AS `pivot__roles_id` FROM `yp_roles` INNER JOIN `yp_access` `pivot` ON `pivot`.`roles_id`=`yp_roles`.`id` WHERE  `pivot`.`admin_id` = '1' [ RunTime:0.001240s ]
[2023-12-08T20:18:01+08:00][sql] SHOW FULL COLUMNS FROM `yp_mod` [ RunTime:0.001852s ]
[2023-12-08T20:18:01+08:00][sql] SELECT `actions`,`name` FROM `yp_mod` [ RunTime:0.000531s ]
[2023-12-08T20:18:01+08:00][sql] SHOW FULL COLUMNS FROM `yp_rule` [ RunTime:0.001687s ]
[2023-12-08T20:18:01+08:00][sql] SELECT `id`,`path`,`type`,`status`,`pid`,`sort`,`mod_id`,`title`,`icon` FROM `yp_rule` ORDER BY `sort` ASC [ RunTime:0.000624s ]
[2023-12-08T20:18:01+08:00][sql] SELECT * FROM `yp_mod` WHERE  `id` IN (1,10,0,12,3,2) [ RunTime:0.002269s ]
[2023-12-08T20:18:01+08:00][sql] CONNECT:[ UseTime:0.001257s ] mysql:host=127.0.0.1;port=3306;dbname=qiye;charset=utf8
[2023-12-08T20:18:01+08:00][sql] SHOW FULL COLUMNS FROM `yp_admin` [ RunTime:0.002827s ]
[2023-12-08T20:18:01+08:00][sql] SELECT `id`,`username`,`status`,`create_time`,`update_time`,`truename`,`mobile`,`last_ip`,`cluderules`,`cludebtn`,`excluderules`,`excludebtn` FROM `yp_admin` WHERE  `id` = 1 LIMIT 1 [ RunTime:0.000928s ]
[2023-12-08T20:18:01+08:00][sql] SHOW FULL COLUMNS FROM `yp_roles` [ RunTime:0.001601s ]
[2023-12-08T20:18:01+08:00][sql] SHOW FULL COLUMNS FROM `yp_access` [ RunTime:0.001935s ]
[2023-12-08T20:18:01+08:00][sql] SELECT `yp_roles`.*,`pivot`.`id` AS `pivot__id`,`pivot`.`admin_id` AS `pivot__admin_id`,`pivot`.`roles_id` AS `pivot__roles_id` FROM `yp_roles` INNER JOIN `yp_access` `pivot` ON `pivot`.`roles_id`=`yp_roles`.`id` WHERE  `pivot`.`admin_id` = '1' [ RunTime:0.000906s ]
[2023-12-08T20:18:01+08:00][sql] SHOW FULL COLUMNS FROM `yp_mod` [ RunTime:0.001169s ]
[2023-12-08T20:18:01+08:00][sql] SELECT `actions`,`name` FROM `yp_mod` [ RunTime:0.000745s ]
[2023-12-08T20:18:01+08:00][sql] SHOW FULL COLUMNS FROM `yp_rule` [ RunTime:0.001835s ]
[2023-12-08T20:18:01+08:00][sql] SELECT `id`,`path`,`type`,`status`,`pid`,`sort`,`mod_id`,`title`,`icon` FROM `yp_rule` ORDER BY `sort` ASC [ RunTime:0.000374s ]
[2023-12-08T20:18:01+08:00][sql] SELECT * FROM `yp_mod` WHERE  `id` IN (1,10,0,12,3,2) [ RunTime:0.000700s ]
[2023-12-08T20:18:01+08:00][sql] SELECT * FROM `yp_mod` WHERE  `name` = 'sitepro' LIMIT 1 [ RunTime:0.000477s ]
[2023-12-08T20:18:01+08:00][sql] CONNECT:[ UseTime:0.001322s ] mysql:host=127.0.0.1;port=3306;dbname=qiye;charset=utf8
[2023-12-08T20:18:01+08:00][sql] SHOW FULL COLUMNS FROM `yp_admin` [ RunTime:0.004541s ]
[2023-12-08T20:18:01+08:00][sql] SELECT `id`,`username`,`status`,`create_time`,`update_time`,`truename`,`mobile`,`last_ip`,`cluderules`,`cludebtn`,`excluderules`,`excludebtn` FROM `yp_admin` WHERE  `id` = 1 LIMIT 1 [ RunTime:0.000517s ]
[2023-12-08T20:18:01+08:00][sql] SHOW FULL COLUMNS FROM `yp_roles` [ RunTime:0.001678s ]
[2023-12-08T20:18:01+08:00][sql] SHOW FULL COLUMNS FROM `yp_access` [ RunTime:0.001027s ]
[2023-12-08T20:18:01+08:00][sql] SELECT `yp_roles`.*,`pivot`.`id` AS `pivot__id`,`pivot`.`admin_id` AS `pivot__admin_id`,`pivot`.`roles_id` AS `pivot__roles_id` FROM `yp_roles` INNER JOIN `yp_access` `pivot` ON `pivot`.`roles_id`=`yp_roles`.`id` WHERE  `pivot`.`admin_id` = '1' [ RunTime:0.000558s ]
[2023-12-08T20:18:01+08:00][sql] SHOW FULL COLUMNS FROM `yp_mod` [ RunTime:0.001229s ]
[2023-12-08T20:18:01+08:00][sql] SELECT `actions`,`name` FROM `yp_mod` [ RunTime:0.000221s ]
[2023-12-08T20:18:01+08:00][sql] SHOW FULL COLUMNS FROM `yp_rule` [ RunTime:0.001911s ]
[2023-12-08T20:18:01+08:00][sql] SELECT `id`,`path`,`type`,`status`,`pid`,`sort`,`mod_id`,`title`,`icon` FROM `yp_rule` ORDER BY `sort` ASC [ RunTime:0.000606s ]
[2023-12-08T20:18:01+08:00][sql] SELECT * FROM `yp_mod` WHERE  `id` IN (1,10,0,12,3,2) [ RunTime:0.000743s ]
[2023-12-08T20:18:01+08:00][sql] SELECT * FROM `yp_mod` WHERE  `id` = 1 LIMIT 1 [ RunTime:0.000496s ]
[2023-12-08T20:18:01+08:00][sql] SHOW FULL COLUMNS FROM `yp_sitepro` [ RunTime:0.002178s ]
[2023-12-08T20:18:01+08:00][sql] SELECT * FROM `yp_sitepro` WHERE  `id` = 1 LIMIT 1 [ RunTime:0.000518s ]
[2023-12-08T20:18:01+08:00][sql] CONNECT:[ UseTime:0.000849s ] mysql:host=127.0.0.1;port=3306;dbname=qiye;charset=utf8
[2023-12-08T20:18:01+08:00][sql] SHOW FULL COLUMNS FROM `yp_admin` [ RunTime:0.002778s ]
[2023-12-08T20:18:01+08:00][sql] SELECT `id`,`username`,`status`,`create_time`,`update_time`,`truename`,`mobile`,`last_ip`,`cluderules`,`cludebtn`,`excluderules`,`excludebtn` FROM `yp_admin` WHERE  `id` = 1 LIMIT 1 [ RunTime:0.000704s ]
[2023-12-08T20:18:01+08:00][sql] SHOW FULL COLUMNS FROM `yp_roles` [ RunTime:0.001610s ]
[2023-12-08T20:18:01+08:00][sql] SHOW FULL COLUMNS FROM `yp_access` [ RunTime:0.001305s ]
[2023-12-08T20:18:01+08:00][sql] SELECT `yp_roles`.*,`pivot`.`id` AS `pivot__id`,`pivot`.`admin_id` AS `pivot__admin_id`,`pivot`.`roles_id` AS `pivot__roles_id` FROM `yp_roles` INNER JOIN `yp_access` `pivot` ON `pivot`.`roles_id`=`yp_roles`.`id` WHERE  `pivot`.`admin_id` = '1' [ RunTime:0.000642s ]
[2023-12-08T20:18:01+08:00][sql] SHOW FULL COLUMNS FROM `yp_mod` [ RunTime:0.000935s ]
[2023-12-08T20:18:01+08:00][sql] SELECT `actions`,`name` FROM `yp_mod` [ RunTime:0.012011s ]
[2023-12-08T20:18:01+08:00][sql] SHOW FULL COLUMNS FROM `yp_rule` [ RunTime:0.001903s ]
[2023-12-08T20:18:01+08:00][sql] SELECT `id`,`path`,`type`,`status`,`pid`,`sort`,`mod_id`,`title`,`icon` FROM `yp_rule` ORDER BY `sort` ASC [ RunTime:0.000393s ]
[2023-12-08T20:18:01+08:00][sql] SELECT * FROM `yp_mod` WHERE  `id` IN (1,10,0,12,3,2) [ RunTime:0.000335s ]
[2023-12-08T20:18:01+08:00][sql] SHOW FULL COLUMNS FROM `yp_files` [ RunTime:0.002161s ]
[2023-12-08T20:18:01+08:00][sql] SELECT * FROM `yp_files` WHERE  `id` = 71 LIMIT 1 [ RunTime:0.000596s ]
