[2023-09-01T11:23:01+08:00][sql] CONNECT:[ UseTime:0.021686s ] mysql:host=127.0.0.1;port=3306;dbname=qiye;charset=utf8
[2023-09-01T11:23:01+08:00][sql] SHOW FULL COLUMNS FROM `yp_admin` [ RunTime:0.001976s ]
[2023-09-01T11:23:01+08:00][sql] SELECT * FROM `yp_admin` WHERE  `username` = 'admin'  AND `status` = 1 LIMIT 1 [ RunTime:0.000476s ]
[2023-09-01T11:23:01+08:00][sql] CONNECT:[ UseTime:0.019157s ] mysql:host=127.0.0.1;port=3306;dbname=qiye;charset=utf8
[2023-09-01T11:23:01+08:00][sql] SHOW FULL COLUMNS FROM `yp_admin` [ RunTime:0.001747s ]
[2023-09-01T11:23:01+08:00][sql] SELECT `id`,`username`,`status`,`create_time`,`update_time`,`truename`,`mobile`,`last_ip`,`myrules`,`mybtn` FROM `yp_admin` WHERE  `id` = 1 LIMIT 1 [ RunTime:0.000403s ]
[2023-09-01T11:23:01+08:00][sql] SHOW FULL COLUMNS FROM `yp_roles` [ RunTime:0.012264s ]
[2023-09-01T11:23:01+08:00][sql] SHOW FULL COLUMNS FROM `yp_access` [ RunTime:0.011456s ]
[2023-09-01T11:23:01+08:00][sql] SELECT `yp_roles`.*,`pivot`.`id` AS `pivot__id`,`pivot`.`admin_id` AS `pivot__admin_id`,`pivot`.`roles_id` AS `pivot__roles_id` FROM `yp_roles` INNER JOIN `yp_access` `pivot` ON `pivot`.`roles_id`=`yp_roles`.`id` WHERE  `pivot`.`admin_id` = '1' [ RunTime:0.000555s ]
[2023-09-01T11:23:01+08:00][sql] SHOW FULL COLUMNS FROM `yp_rule` [ RunTime:0.011544s ]
[2023-09-01T11:23:01+08:00][sql] SELECT `id`,`path`,`type`,`status`,`pid`,`sort`,`mod_id`,`title`,`icon` FROM `yp_rule` ORDER BY `sort` ASC [ RunTime:0.000445s ]
[2023-09-01T11:23:01+08:00][sql] SHOW FULL COLUMNS FROM `yp_mod` [ RunTime:0.011610s ]
[2023-09-01T11:23:01+08:00][sql] SELECT * FROM `yp_mod` WHERE  `id` IN (1,10,0,12,3,2) [ RunTime:0.000532s ]
[2023-09-01T11:23:01+08:00][sql] SHOW FULL COLUMNS FROM `yp_sitepro` [ RunTime:0.011595s ]
[2023-09-01T11:23:01+08:00][sql] SELECT * FROM `yp_sitepro` WHERE  `id` = 1 LIMIT 1 [ RunTime:0.000455s ]
[2023-09-01T11:23:01+08:00][sql] CONNECT:[ UseTime:0.024268s ] mysql:host=127.0.0.1;port=3306;dbname=qiye;charset=utf8
[2023-09-01T11:23:01+08:00][sql] SHOW FULL COLUMNS FROM `yp_admin` [ RunTime:0.001627s ]
[2023-09-01T11:23:01+08:00][sql] SELECT `id`,`username`,`status`,`create_time`,`update_time`,`truename`,`mobile`,`last_ip`,`myrules`,`mybtn` FROM `yp_admin` WHERE  `id` = 1 LIMIT 1 [ RunTime:0.000408s ]
[2023-09-01T11:23:01+08:00][sql] SHOW FULL COLUMNS FROM `yp_roles` [ RunTime:0.001547s ]
[2023-09-01T11:23:01+08:00][sql] SHOW FULL COLUMNS FROM `yp_access` [ RunTime:0.001432s ]
[2023-09-01T11:23:01+08:00][sql] SELECT `yp_roles`.*,`pivot`.`id` AS `pivot__id`,`pivot`.`admin_id` AS `pivot__admin_id`,`pivot`.`roles_id` AS `pivot__roles_id` FROM `yp_roles` INNER JOIN `yp_access` `pivot` ON `pivot`.`roles_id`=`yp_roles`.`id` WHERE  `pivot`.`admin_id` = '1' [ RunTime:0.000438s ]
[2023-09-01T11:23:01+08:00][sql] SHOW FULL COLUMNS FROM `yp_rule` [ RunTime:0.001485s ]
[2023-09-01T11:23:01+08:00][sql] SELECT `id`,`path`,`type`,`status`,`pid`,`sort`,`mod_id`,`title`,`icon` FROM `yp_rule` ORDER BY `sort` ASC [ RunTime:0.000406s ]
[2023-09-01T11:23:01+08:00][sql] SHOW FULL COLUMNS FROM `yp_mod` [ RunTime:0.001395s ]
[2023-09-01T11:23:01+08:00][sql] SELECT * FROM `yp_mod` WHERE  `id` IN (1,10,0,12,3,2) [ RunTime:0.000416s ]
[2023-09-01T11:23:02+08:00][sql] CONNECT:[ UseTime:0.000847s ] mysql:host=127.0.0.1;port=3306;dbname=qiye;charset=utf8
[2023-09-01T11:23:02+08:00][sql] SHOW FULL COLUMNS FROM `yp_admin` [ RunTime:0.001506s ]
[2023-09-01T11:23:02+08:00][sql] SELECT `id`,`username`,`status`,`create_time`,`update_time`,`truename`,`mobile`,`last_ip`,`myrules`,`mybtn` FROM `yp_admin` WHERE  `id` = 1 LIMIT 1 [ RunTime:0.000313s ]
[2023-09-01T11:23:02+08:00][sql] SHOW FULL COLUMNS FROM `yp_roles` [ RunTime:0.001531s ]
[2023-09-01T11:23:02+08:00][sql] SHOW FULL COLUMNS FROM `yp_access` [ RunTime:0.002203s ]
[2023-09-01T11:23:02+08:00][sql] SELECT `yp_roles`.*,`pivot`.`id` AS `pivot__id`,`pivot`.`admin_id` AS `pivot__admin_id`,`pivot`.`roles_id` AS `pivot__roles_id` FROM `yp_roles` INNER JOIN `yp_access` `pivot` ON `pivot`.`roles_id`=`yp_roles`.`id` WHERE  `pivot`.`admin_id` = '1' [ RunTime:0.000431s ]
[2023-09-01T11:23:02+08:00][sql] SHOW FULL COLUMNS FROM `yp_rule` [ RunTime:0.002282s ]
[2023-09-01T11:23:02+08:00][sql] SELECT `id`,`path`,`type`,`status`,`pid`,`sort`,`mod_id`,`title`,`icon` FROM `yp_rule` ORDER BY `sort` ASC [ RunTime:0.000337s ]
[2023-09-01T11:23:02+08:00][sql] SHOW FULL COLUMNS FROM `yp_mod` [ RunTime:0.002943s ]
[2023-09-01T11:23:02+08:00][sql] SELECT * FROM `yp_mod` WHERE  `id` IN (1,10,0,12,3,2) [ RunTime:0.000442s ]
[2023-09-01T11:23:02+08:00][sql] SELECT `id`,`path`,`type`,`status`,`pid`,`sort`,`mod_id`,`title`,`icon` FROM `yp_rule` ORDER BY `sort` ASC [ RunTime:0.000417s ]
[2023-09-01T11:23:02+08:00][sql] SELECT * FROM `yp_mod` WHERE  `id` IN (1,10,0,12,3,2) [ RunTime:0.000444s ]
[2023-09-01T11:23:02+08:00][sql] CONNECT:[ UseTime:0.000597s ] mysql:host=127.0.0.1;port=3306;dbname=qiye;charset=utf8
[2023-09-01T11:23:02+08:00][sql] SHOW FULL COLUMNS FROM `yp_admin` [ RunTime:0.001492s ]
[2023-09-01T11:23:02+08:00][sql] SELECT `id`,`username`,`status`,`create_time`,`update_time`,`truename`,`mobile`,`last_ip`,`myrules`,`mybtn` FROM `yp_admin` WHERE  `id` = 1 LIMIT 1 [ RunTime:0.000287s ]
[2023-09-01T11:23:02+08:00][sql] SHOW FULL COLUMNS FROM `yp_roles` [ RunTime:0.001890s ]
[2023-09-01T11:23:02+08:00][sql] SHOW FULL COLUMNS FROM `yp_access` [ RunTime:0.001650s ]
[2023-09-01T11:23:02+08:00][sql] SELECT `yp_roles`.*,`pivot`.`id` AS `pivot__id`,`pivot`.`admin_id` AS `pivot__admin_id`,`pivot`.`roles_id` AS `pivot__roles_id` FROM `yp_roles` INNER JOIN `yp_access` `pivot` ON `pivot`.`roles_id`=`yp_roles`.`id` WHERE  `pivot`.`admin_id` = '1' [ RunTime:0.000337s ]
[2023-09-01T11:23:02+08:00][sql] SHOW FULL COLUMNS FROM `yp_rule` [ RunTime:0.001439s ]
[2023-09-01T11:23:02+08:00][sql] SELECT `id`,`path`,`type`,`status`,`pid`,`sort`,`mod_id`,`title`,`icon` FROM `yp_rule` ORDER BY `sort` ASC [ RunTime:0.000300s ]
[2023-09-01T11:23:02+08:00][sql] SHOW FULL COLUMNS FROM `yp_mod` [ RunTime:0.001377s ]
[2023-09-01T11:23:02+08:00][sql] SELECT * FROM `yp_mod` WHERE  `id` IN (1,10,0,12,3,2) [ RunTime:0.000347s ]
[2023-09-01T11:23:02+08:00][sql] SHOW FULL COLUMNS FROM `yp_category` [ RunTime:0.012990s ]
[2023-09-01T11:23:02+08:00][sql] SELECT * FROM `yp_category` ORDER BY `sort` ASC,`id` ASC [ RunTime:0.000332s ]
[2023-09-01T11:23:02+08:00][sql] CONNECT:[ UseTime:0.001408s ] mysql:host=127.0.0.1;port=3306;dbname=qiye;charset=utf8
[2023-09-01T11:23:02+08:00][sql] SHOW FULL COLUMNS FROM `yp_admin` [ RunTime:0.001585s ]
[2023-09-01T11:23:02+08:00][sql] SELECT `id`,`username`,`status`,`create_time`,`update_time`,`truename`,`mobile`,`last_ip`,`myrules`,`mybtn` FROM `yp_admin` WHERE  `id` = 1 LIMIT 1 [ RunTime:0.000307s ]
[2023-09-01T11:23:02+08:00][sql] SHOW FULL COLUMNS FROM `yp_roles` [ RunTime:0.001397s ]
[2023-09-01T11:23:02+08:00][sql] SHOW FULL COLUMNS FROM `yp_access` [ RunTime:0.001932s ]
[2023-09-01T11:23:02+08:00][sql] SELECT `yp_roles`.*,`pivot`.`id` AS `pivot__id`,`pivot`.`admin_id` AS `pivot__admin_id`,`pivot`.`roles_id` AS `pivot__roles_id` FROM `yp_roles` INNER JOIN `yp_access` `pivot` ON `pivot`.`roles_id`=`yp_roles`.`id` WHERE  `pivot`.`admin_id` = '1' [ RunTime:0.000345s ]
[2023-09-01T11:23:02+08:00][sql] SHOW FULL COLUMNS FROM `yp_rule` [ RunTime:0.001540s ]
[2023-09-01T11:23:02+08:00][sql] SELECT `id`,`path`,`type`,`status`,`pid`,`sort`,`mod_id`,`title`,`icon` FROM `yp_rule` ORDER BY `sort` ASC [ RunTime:0.000342s ]
[2023-09-01T11:23:02+08:00][sql] SHOW FULL COLUMNS FROM `yp_mod` [ RunTime:0.001561s ]
[2023-09-01T11:23:02+08:00][sql] SELECT * FROM `yp_mod` WHERE  `id` IN (1,10,0,12,3,2) [ RunTime:0.000398s ]
[2023-09-01T11:23:02+08:00][sql] CONNECT:[ UseTime:0.024915s ] mysql:host=127.0.0.1;port=3306;dbname=qiye;charset=utf8
[2023-09-01T11:23:02+08:00][sql] SHOW FULL COLUMNS FROM `yp_admin` [ RunTime:0.001675s ]
[2023-09-01T11:23:02+08:00][sql] SELECT `id`,`username`,`status`,`create_time`,`update_time`,`truename`,`mobile`,`last_ip`,`myrules`,`mybtn` FROM `yp_admin` WHERE  `id` = 1 LIMIT 1 [ RunTime:0.000418s ]
[2023-09-01T11:23:02+08:00][sql] SHOW FULL COLUMNS FROM `yp_roles` [ RunTime:0.001678s ]
[2023-09-01T11:23:02+08:00][sql] SHOW FULL COLUMNS FROM `yp_access` [ RunTime:0.001853s ]
[2023-09-01T11:23:02+08:00][sql] SELECT `yp_roles`.*,`pivot`.`id` AS `pivot__id`,`pivot`.`admin_id` AS `pivot__admin_id`,`pivot`.`roles_id` AS `pivot__roles_id` FROM `yp_roles` INNER JOIN `yp_access` `pivot` ON `pivot`.`roles_id`=`yp_roles`.`id` WHERE  `pivot`.`admin_id` = '1' [ RunTime:0.000419s ]
[2023-09-01T11:23:02+08:00][sql] SHOW FULL COLUMNS FROM `yp_rule` [ RunTime:0.001749s ]
[2023-09-01T11:23:02+08:00][sql] SELECT `id`,`path`,`type`,`status`,`pid`,`sort`,`mod_id`,`title`,`icon` FROM `yp_rule` ORDER BY `sort` ASC [ RunTime:0.000405s ]
[2023-09-01T11:23:02+08:00][sql] SHOW FULL COLUMNS FROM `yp_mod` [ RunTime:0.004033s ]
[2023-09-01T11:23:02+08:00][sql] SELECT * FROM `yp_mod` WHERE  `id` IN (1,10,0,12,3,2) [ RunTime:0.000518s ]
[2023-09-01T11:23:04+08:00][sql] CONNECT:[ UseTime:0.014457s ] mysql:host=127.0.0.1;port=3306;dbname=qiye;charset=utf8
[2023-09-01T11:23:04+08:00][sql] SHOW FULL COLUMNS FROM `yp_admin` [ RunTime:0.001578s ]
[2023-09-01T11:23:04+08:00][sql] SELECT `id`,`username`,`status`,`create_time`,`update_time`,`truename`,`mobile`,`last_ip`,`myrules`,`mybtn` FROM `yp_admin` WHERE  `id` = 1 LIMIT 1 [ RunTime:0.000410s ]
[2023-09-01T11:23:04+08:00][sql] SHOW FULL COLUMNS FROM `yp_roles` [ RunTime:0.001437s ]
[2023-09-01T11:23:04+08:00][sql] SHOW FULL COLUMNS FROM `yp_access` [ RunTime:0.001664s ]
[2023-09-01T11:23:04+08:00][sql] SELECT `yp_roles`.*,`pivot`.`id` AS `pivot__id`,`pivot`.`admin_id` AS `pivot__admin_id`,`pivot`.`roles_id` AS `pivot__roles_id` FROM `yp_roles` INNER JOIN `yp_access` `pivot` ON `pivot`.`roles_id`=`yp_roles`.`id` WHERE  `pivot`.`admin_id` = '1' [ RunTime:0.000479s ]
[2023-09-01T11:23:04+08:00][sql] SHOW FULL COLUMNS FROM `yp_rule` [ RunTime:0.001687s ]
[2023-09-01T11:23:04+08:00][sql] SELECT `id`,`path`,`type`,`status`,`pid`,`sort`,`mod_id`,`title`,`icon` FROM `yp_rule` ORDER BY `sort` ASC [ RunTime:0.000441s ]
[2023-09-01T11:23:04+08:00][sql] SHOW FULL COLUMNS FROM `yp_mod` [ RunTime:0.001478s ]
[2023-09-01T11:23:04+08:00][sql] SELECT * FROM `yp_mod` WHERE  `id` IN (1,10,0,12,3,2) [ RunTime:0.000447s ]
[2023-09-01T11:23:04+08:00][sql] CONNECT:[ UseTime:0.021742s ] mysql:host=127.0.0.1;port=3306;dbname=qiye;charset=utf8
[2023-09-01T11:23:04+08:00][sql] SHOW FULL COLUMNS FROM `yp_admin` [ RunTime:0.001554s ]
[2023-09-01T11:23:04+08:00][sql] SELECT `id`,`username`,`status`,`create_time`,`update_time`,`truename`,`mobile`,`last_ip`,`myrules`,`mybtn` FROM `yp_admin` WHERE  `id` = 1 LIMIT 1 [ RunTime:0.000387s ]
[2023-09-01T11:23:04+08:00][sql] SHOW FULL COLUMNS FROM `yp_roles` [ RunTime:0.001727s ]
[2023-09-01T11:23:04+08:00][sql] SHOW FULL COLUMNS FROM `yp_access` [ RunTime:0.001475s ]
[2023-09-01T11:23:04+08:00][sql] SELECT `yp_roles`.*,`pivot`.`id` AS `pivot__id`,`pivot`.`admin_id` AS `pivot__admin_id`,`pivot`.`roles_id` AS `pivot__roles_id` FROM `yp_roles` INNER JOIN `yp_access` `pivot` ON `pivot`.`roles_id`=`yp_roles`.`id` WHERE  `pivot`.`admin_id` = '1' [ RunTime:0.000420s ]
[2023-09-01T11:23:04+08:00][sql] SHOW FULL COLUMNS FROM `yp_rule` [ RunTime:0.001468s ]
[2023-09-01T11:23:04+08:00][sql] SELECT `id`,`path`,`type`,`status`,`pid`,`sort`,`mod_id`,`title`,`icon` FROM `yp_rule` ORDER BY `sort` ASC [ RunTime:0.000405s ]
[2023-09-01T11:23:04+08:00][sql] SHOW FULL COLUMNS FROM `yp_mod` [ RunTime:0.001462s ]
[2023-09-01T11:23:04+08:00][sql] SELECT * FROM `yp_mod` WHERE  `id` IN (1,10,0,12,3,2) [ RunTime:0.000437s ]
[2023-09-01T11:23:04+08:00][sql] SELECT * FROM `yp_roles` [ RunTime:0.000354s ]
[2023-09-01T11:23:04+08:00][sql] SELECT `yp_admin`.*,`pivot`.`id` AS `pivot__id`,`pivot`.`admin_id` AS `pivot__admin_id`,`pivot`.`roles_id` AS `pivot__roles_id` FROM `yp_admin` INNER JOIN `yp_access` `pivot` ON `pivot`.`admin_id`=`yp_admin`.`id` WHERE  `pivot`.`roles_id` IN ('1','2','3') [ RunTime:0.000419s ]
[2023-09-01T11:23:06+08:00][sql] CONNECT:[ UseTime:0.010540s ] mysql:host=127.0.0.1;port=3306;dbname=qiye;charset=utf8
[2023-09-01T11:23:06+08:00][sql] SHOW FULL COLUMNS FROM `yp_admin` [ RunTime:0.001621s ]
[2023-09-01T11:23:06+08:00][sql] SELECT `id`,`username`,`status`,`create_time`,`update_time`,`truename`,`mobile`,`last_ip`,`myrules`,`mybtn` FROM `yp_admin` WHERE  `id` = 1 LIMIT 1 [ RunTime:0.000412s ]
[2023-09-01T11:23:06+08:00][sql] SHOW FULL COLUMNS FROM `yp_roles` [ RunTime:0.001448s ]
[2023-09-01T11:23:06+08:00][sql] SHOW FULL COLUMNS FROM `yp_access` [ RunTime:0.001388s ]
[2023-09-01T11:23:06+08:00][sql] SELECT `yp_roles`.*,`pivot`.`id` AS `pivot__id`,`pivot`.`admin_id` AS `pivot__admin_id`,`pivot`.`roles_id` AS `pivot__roles_id` FROM `yp_roles` INNER JOIN `yp_access` `pivot` ON `pivot`.`roles_id`=`yp_roles`.`id` WHERE  `pivot`.`admin_id` = '1' [ RunTime:0.000416s ]
[2023-09-01T11:23:06+08:00][sql] SHOW FULL COLUMNS FROM `yp_rule` [ RunTime:0.001837s ]
[2023-09-01T11:23:06+08:00][sql] SELECT `id`,`path`,`type`,`status`,`pid`,`sort`,`mod_id`,`title`,`icon` FROM `yp_rule` ORDER BY `sort` ASC [ RunTime:0.000465s ]
[2023-09-01T11:23:06+08:00][sql] SHOW FULL COLUMNS FROM `yp_mod` [ RunTime:0.001590s ]
[2023-09-01T11:23:06+08:00][sql] SELECT * FROM `yp_mod` WHERE  `id` IN (1,10,0,12,3,2) [ RunTime:0.000437s ]
[2023-09-01T11:23:06+08:00][sql] SELECT `id`,`path`,`type`,`status`,`pid`,`sort`,`mod_id`,`title`,`icon` FROM `yp_rule` ORDER BY `sort` ASC [ RunTime:0.000441s ]
[2023-09-01T11:23:06+08:00][sql] SELECT * FROM `yp_mod` WHERE  `id` IN (1,10,0,12,3,2) [ RunTime:0.000396s ]
[2023-09-01T11:23:06+08:00][sql] CONNECT:[ UseTime:0.024651s ] mysql:host=127.0.0.1;port=3306;dbname=qiye;charset=utf8
[2023-09-01T11:23:06+08:00][sql] SHOW FULL COLUMNS FROM `yp_admin` [ RunTime:0.001621s ]
[2023-09-01T11:23:06+08:00][sql] SELECT `id`,`username`,`status`,`create_time`,`update_time`,`truename`,`mobile`,`last_ip`,`myrules`,`mybtn` FROM `yp_admin` WHERE  `id` = 1 LIMIT 1 [ RunTime:0.000418s ]
[2023-09-01T11:23:06+08:00][sql] SHOW FULL COLUMNS FROM `yp_roles` [ RunTime:0.001531s ]
[2023-09-01T11:23:06+08:00][sql] SHOW FULL COLUMNS FROM `yp_access` [ RunTime:0.001439s ]
[2023-09-01T11:23:06+08:00][sql] SELECT `yp_roles`.*,`pivot`.`id` AS `pivot__id`,`pivot`.`admin_id` AS `pivot__admin_id`,`pivot`.`roles_id` AS `pivot__roles_id` FROM `yp_roles` INNER JOIN `yp_access` `pivot` ON `pivot`.`roles_id`=`yp_roles`.`id` WHERE  `pivot`.`admin_id` = '1' [ RunTime:0.000441s ]
[2023-09-01T11:23:06+08:00][sql] SHOW FULL COLUMNS FROM `yp_rule` [ RunTime:0.001515s ]
[2023-09-01T11:23:06+08:00][sql] SELECT `id`,`path`,`type`,`status`,`pid`,`sort`,`mod_id`,`title`,`icon` FROM `yp_rule` ORDER BY `sort` ASC [ RunTime:0.000431s ]
[2023-09-01T11:23:06+08:00][sql] SHOW FULL COLUMNS FROM `yp_mod` [ RunTime:0.001499s ]
[2023-09-01T11:23:06+08:00][sql] SELECT * FROM `yp_mod` WHERE  `id` IN (1,10,0,12,3,2) [ RunTime:0.000486s ]
[2023-09-01T11:23:06+08:00][sql] SELECT * FROM `yp_roles` WHERE  `id` = 2 LIMIT 1 [ RunTime:0.000500s ]
[2023-09-01T11:23:06+08:00][sql] SELECT `yp_admin`.*,`pivot`.`id` AS `pivot__id`,`pivot`.`admin_id` AS `pivot__admin_id`,`pivot`.`roles_id` AS `pivot__roles_id` FROM `yp_admin` INNER JOIN `yp_access` `pivot` ON `pivot`.`admin_id`=`yp_admin`.`id` WHERE  `pivot`.`roles_id` = '2' [ RunTime:0.000431s ]
[2023-09-01T11:23:06+08:00][sql] CONNECT:[ UseTime:0.017824s ] mysql:host=127.0.0.1;port=3306;dbname=qiye;charset=utf8
[2023-09-01T11:23:06+08:00][sql] SHOW FULL COLUMNS FROM `yp_admin` [ RunTime:0.001591s ]
[2023-09-01T11:23:06+08:00][sql] SELECT `id`,`username`,`status`,`create_time`,`update_time`,`truename`,`mobile`,`last_ip`,`myrules`,`mybtn` FROM `yp_admin` WHERE  `id` = 1 LIMIT 1 [ RunTime:0.000401s ]
[2023-09-01T11:23:06+08:00][sql] SHOW FULL COLUMNS FROM `yp_roles` [ RunTime:0.001500s ]
[2023-09-01T11:23:06+08:00][sql] SHOW FULL COLUMNS FROM `yp_access` [ RunTime:0.001885s ]
[2023-09-01T11:23:06+08:00][sql] SELECT `yp_roles`.*,`pivot`.`id` AS `pivot__id`,`pivot`.`admin_id` AS `pivot__admin_id`,`pivot`.`roles_id` AS `pivot__roles_id` FROM `yp_roles` INNER JOIN `yp_access` `pivot` ON `pivot`.`roles_id`=`yp_roles`.`id` WHERE  `pivot`.`admin_id` = '1' [ RunTime:0.000430s ]
[2023-09-01T11:23:06+08:00][sql] SHOW FULL COLUMNS FROM `yp_rule` [ RunTime:0.001525s ]
[2023-09-01T11:23:06+08:00][sql] SELECT `id`,`path`,`type`,`status`,`pid`,`sort`,`mod_id`,`title`,`icon` FROM `yp_rule` ORDER BY `sort` ASC [ RunTime:0.000443s ]
[2023-09-01T11:23:06+08:00][sql] SHOW FULL COLUMNS FROM `yp_mod` [ RunTime:0.001457s ]
[2023-09-01T11:23:06+08:00][sql] SELECT * FROM `yp_mod` WHERE  `id` IN (1,10,0,12,3,2) [ RunTime:0.000422s ]
[2023-09-01T11:23:06+08:00][sql] SELECT * FROM `yp_mod` ORDER BY `sort` ASC [ RunTime:0.000445s ]
[2023-09-01T12:15:31+08:00][sql] CONNECT:[ UseTime:0.021631s ] mysql:host=127.0.0.1;port=3306;dbname=qiye;charset=utf8
[2023-09-01T12:15:31+08:00][sql] SHOW FULL COLUMNS FROM `yp_admin` [ RunTime:0.000776s ]
[2023-09-01T12:15:31+08:00][sql] SELECT * FROM `yp_admin` WHERE  `username` = 'admin'  AND `status` = 1 LIMIT 1 [ RunTime:0.000427s ]
[2023-09-01T12:15:31+08:00][sql] CONNECT:[ UseTime:0.023577s ] mysql:host=127.0.0.1;port=3306;dbname=qiye;charset=utf8
[2023-09-01T12:15:31+08:00][sql] SHOW FULL COLUMNS FROM `yp_admin` [ RunTime:0.000676s ]
[2023-09-01T12:15:31+08:00][sql] SELECT `id`,`username`,`status`,`create_time`,`update_time`,`truename`,`mobile`,`last_ip`,`myrules`,`mybtn` FROM `yp_admin` WHERE  `id` = 1 LIMIT 1 [ RunTime:0.000491s ]
[2023-09-01T12:15:31+08:00][sql] SHOW FULL COLUMNS FROM `yp_roles` [ RunTime:0.000789s ]
[2023-09-01T12:15:31+08:00][sql] SHOW FULL COLUMNS FROM `yp_access` [ RunTime:0.000633s ]
[2023-09-01T12:15:31+08:00][sql] SELECT `yp_roles`.*,`pivot`.`id` AS `pivot__id`,`pivot`.`admin_id` AS `pivot__admin_id`,`pivot`.`roles_id` AS `pivot__roles_id` FROM `yp_roles` INNER JOIN `yp_access` `pivot` ON `pivot`.`roles_id`=`yp_roles`.`id` WHERE  `pivot`.`admin_id` = '1' [ RunTime:0.000419s ]
[2023-09-01T12:15:31+08:00][sql] SHOW FULL COLUMNS FROM `yp_rule` [ RunTime:0.000628s ]
[2023-09-01T12:15:31+08:00][sql] SELECT `id`,`path`,`type`,`status`,`pid`,`sort`,`mod_id`,`title`,`icon` FROM `yp_rule` ORDER BY `sort` ASC [ RunTime:0.000416s ]
[2023-09-01T12:15:31+08:00][sql] SHOW FULL COLUMNS FROM `yp_mod` [ RunTime:0.000641s ]
[2023-09-01T12:15:31+08:00][sql] SELECT * FROM `yp_mod` WHERE  `id` IN (1,10,0,12,3,2) [ RunTime:0.000429s ]
[2023-09-01T12:15:31+08:00][sql] SHOW FULL COLUMNS FROM `yp_sitepro` [ RunTime:0.001502s ]
[2023-09-01T12:15:31+08:00][sql] SELECT * FROM `yp_sitepro` WHERE  `id` = 1 LIMIT 1 [ RunTime:0.000392s ]
[2023-09-01T12:15:32+08:00][sql] CONNECT:[ UseTime:0.017391s ] mysql:host=127.0.0.1;port=3306;dbname=qiye;charset=utf8
[2023-09-01T12:15:32+08:00][sql] SHOW FULL COLUMNS FROM `yp_admin` [ RunTime:0.000752s ]
[2023-09-01T12:15:32+08:00][sql] SELECT `id`,`username`,`status`,`create_time`,`update_time`,`truename`,`mobile`,`last_ip`,`myrules`,`mybtn` FROM `yp_admin` WHERE  `id` = 1 LIMIT 1 [ RunTime:0.000388s ]
[2023-09-01T12:15:32+08:00][sql] SHOW FULL COLUMNS FROM `yp_roles` [ RunTime:0.000658s ]
[2023-09-01T12:15:32+08:00][sql] SHOW FULL COLUMNS FROM `yp_access` [ RunTime:0.000583s ]
[2023-09-01T12:15:32+08:00][sql] SELECT `yp_roles`.*,`pivot`.`id` AS `pivot__id`,`pivot`.`admin_id` AS `pivot__admin_id`,`pivot`.`roles_id` AS `pivot__roles_id` FROM `yp_roles` INNER JOIN `yp_access` `pivot` ON `pivot`.`roles_id`=`yp_roles`.`id` WHERE  `pivot`.`admin_id` = '1' [ RunTime:0.000425s ]
[2023-09-01T12:15:32+08:00][sql] SHOW FULL COLUMNS FROM `yp_rule` [ RunTime:0.000694s ]
[2023-09-01T12:15:32+08:00][sql] SELECT `id`,`path`,`type`,`status`,`pid`,`sort`,`mod_id`,`title`,`icon` FROM `yp_rule` ORDER BY `sort` ASC [ RunTime:0.000526s ]
[2023-09-01T12:15:32+08:00][sql] SHOW FULL COLUMNS FROM `yp_mod` [ RunTime:0.000711s ]
[2023-09-01T12:15:32+08:00][sql] SELECT * FROM `yp_mod` WHERE  `id` IN (1,10,0,12,3,2) [ RunTime:0.000450s ]
[2023-09-01T12:15:32+08:00][sql] CONNECT:[ UseTime:0.000611s ] mysql:host=127.0.0.1;port=3306;dbname=qiye;charset=utf8
[2023-09-01T12:15:32+08:00][sql] SHOW FULL COLUMNS FROM `yp_admin` [ RunTime:0.000722s ]
[2023-09-01T12:15:32+08:00][sql] SELECT `id`,`username`,`status`,`create_time`,`update_time`,`truename`,`mobile`,`last_ip`,`myrules`,`mybtn` FROM `yp_admin` WHERE  `id` = 1 LIMIT 1 [ RunTime:0.000323s ]
[2023-09-01T12:15:32+08:00][sql] SHOW FULL COLUMNS FROM `yp_roles` [ RunTime:0.000918s ]
[2023-09-01T12:15:32+08:00][sql] SHOW FULL COLUMNS FROM `yp_access` [ RunTime:0.000694s ]
[2023-09-01T12:15:32+08:00][sql] SELECT `yp_roles`.*,`pivot`.`id` AS `pivot__id`,`pivot`.`admin_id` AS `pivot__admin_id`,`pivot`.`roles_id` AS `pivot__roles_id` FROM `yp_roles` INNER JOIN `yp_access` `pivot` ON `pivot`.`roles_id`=`yp_roles`.`id` WHERE  `pivot`.`admin_id` = '1' [ RunTime:0.000483s ]
[2023-09-01T12:15:32+08:00][sql] SHOW FULL COLUMNS FROM `yp_rule` [ RunTime:0.000642s ]
[2023-09-01T12:15:32+08:00][sql] SELECT `id`,`path`,`type`,`status`,`pid`,`sort`,`mod_id`,`title`,`icon` FROM `yp_rule` ORDER BY `sort` ASC [ RunTime:0.000294s ]
[2023-09-01T12:15:32+08:00][sql] SHOW FULL COLUMNS FROM `yp_mod` [ RunTime:0.000616s ]
[2023-09-01T12:15:32+08:00][sql] SELECT * FROM `yp_mod` WHERE  `id` IN (1,10,0,12,3,2) [ RunTime:0.000350s ]
[2023-09-01T12:15:32+08:00][sql] SELECT `id`,`path`,`type`,`status`,`pid`,`sort`,`mod_id`,`title`,`icon` FROM `yp_rule` ORDER BY `sort` ASC [ RunTime:0.000908s ]
[2023-09-01T12:15:32+08:00][sql] SELECT * FROM `yp_mod` WHERE  `id` IN (1,10,0,12,3,2) [ RunTime:0.000571s ]
[2023-09-01T12:15:32+08:00][sql] CONNECT:[ UseTime:0.001280s ] mysql:host=127.0.0.1;port=3306;dbname=qiye;charset=utf8
[2023-09-01T12:15:32+08:00][sql] SHOW FULL COLUMNS FROM `yp_admin` [ RunTime:0.001060s ]
[2023-09-01T12:15:32+08:00][sql] SELECT `id`,`username`,`status`,`create_time`,`update_time`,`truename`,`mobile`,`last_ip`,`myrules`,`mybtn` FROM `yp_admin` WHERE  `id` = 1 LIMIT 1 [ RunTime:0.000481s ]
[2023-09-01T12:15:32+08:00][sql] SHOW FULL COLUMNS FROM `yp_roles` [ RunTime:0.001310s ]
[2023-09-01T12:15:32+08:00][sql] SHOW FULL COLUMNS FROM `yp_access` [ RunTime:0.000810s ]
[2023-09-01T12:15:32+08:00][sql] SELECT `yp_roles`.*,`pivot`.`id` AS `pivot__id`,`pivot`.`admin_id` AS `pivot__admin_id`,`pivot`.`roles_id` AS `pivot__roles_id` FROM `yp_roles` INNER JOIN `yp_access` `pivot` ON `pivot`.`roles_id`=`yp_roles`.`id` WHERE  `pivot`.`admin_id` = '1' [ RunTime:0.000661s ]
[2023-09-01T12:15:32+08:00][sql] SHOW FULL COLUMNS FROM `yp_rule` [ RunTime:0.001265s ]
[2023-09-01T12:15:32+08:00][sql] SELECT `id`,`path`,`type`,`status`,`pid`,`sort`,`mod_id`,`title`,`icon` FROM `yp_rule` ORDER BY `sort` ASC [ RunTime:0.000726s ]
[2023-09-01T12:15:32+08:00][sql] SHOW FULL COLUMNS FROM `yp_mod` [ RunTime:0.006160s ]
[2023-09-01T12:15:32+08:00][sql] SELECT * FROM `yp_mod` WHERE  `id` IN (1,10,0,12,3,2) [ RunTime:0.000489s ]
[2023-09-01T12:15:32+08:00][sql] SHOW FULL COLUMNS FROM `yp_category` [ RunTime:0.001819s ]
[2023-09-01T12:15:32+08:00][sql] SELECT * FROM `yp_category` ORDER BY `sort` ASC,`id` ASC [ RunTime:0.000549s ]
[2023-09-01T12:15:32+08:00][sql] CONNECT:[ UseTime:0.021373s ] mysql:host=127.0.0.1;port=3306;dbname=qiye;charset=utf8
[2023-09-01T12:15:32+08:00][sql] SHOW FULL COLUMNS FROM `yp_admin` [ RunTime:0.001577s ]
[2023-09-01T12:15:32+08:00][sql] SELECT `id`,`username`,`status`,`create_time`,`update_time`,`truename`,`mobile`,`last_ip`,`myrules`,`mybtn` FROM `yp_admin` WHERE  `id` = 1 LIMIT 1 [ RunTime:0.000327s ]
[2023-09-01T12:15:32+08:00][sql] SHOW FULL COLUMNS FROM `yp_roles` [ RunTime:0.001677s ]
[2023-09-01T12:15:32+08:00][sql] SHOW FULL COLUMNS FROM `yp_access` [ RunTime:0.001751s ]
[2023-09-01T12:15:32+08:00][sql] SELECT `yp_roles`.*,`pivot`.`id` AS `pivot__id`,`pivot`.`admin_id` AS `pivot__admin_id`,`pivot`.`roles_id` AS `pivot__roles_id` FROM `yp_roles` INNER JOIN `yp_access` `pivot` ON `pivot`.`roles_id`=`yp_roles`.`id` WHERE  `pivot`.`admin_id` = '1' [ RunTime:0.000515s ]
[2023-09-01T12:15:32+08:00][sql] SHOW FULL COLUMNS FROM `yp_rule` [ RunTime:0.001421s ]
[2023-09-01T12:15:32+08:00][sql] SELECT `id`,`path`,`type`,`status`,`pid`,`sort`,`mod_id`,`title`,`icon` FROM `yp_rule` ORDER BY `sort` ASC [ RunTime:0.000289s ]
[2023-09-01T12:15:32+08:00][sql] SHOW FULL COLUMNS FROM `yp_mod` [ RunTime:0.001274s ]
[2023-09-01T12:15:32+08:00][sql] SELECT * FROM `yp_mod` WHERE  `id` IN (1,10,0,12,3,2) [ RunTime:0.000551s ]
[2023-09-01T12:15:33+08:00][sql] CONNECT:[ UseTime:0.020653s ] mysql:host=127.0.0.1;port=3306;dbname=qiye;charset=utf8
[2023-09-01T12:15:33+08:00][sql] SHOW FULL COLUMNS FROM `yp_admin` [ RunTime:0.001688s ]
[2023-09-01T12:15:33+08:00][sql] SELECT `id`,`username`,`status`,`create_time`,`update_time`,`truename`,`mobile`,`last_ip`,`myrules`,`mybtn` FROM `yp_admin` WHERE  `id` = 1 LIMIT 1 [ RunTime:0.000390s ]
[2023-09-01T12:15:33+08:00][sql] SHOW FULL COLUMNS FROM `yp_roles` [ RunTime:0.001420s ]
[2023-09-01T12:15:33+08:00][sql] SHOW FULL COLUMNS FROM `yp_access` [ RunTime:0.001355s ]
[2023-09-01T12:15:33+08:00][sql] SELECT `yp_roles`.*,`pivot`.`id` AS `pivot__id`,`pivot`.`admin_id` AS `pivot__admin_id`,`pivot`.`roles_id` AS `pivot__roles_id` FROM `yp_roles` INNER JOIN `yp_access` `pivot` ON `pivot`.`roles_id`=`yp_roles`.`id` WHERE  `pivot`.`admin_id` = '1' [ RunTime:0.000390s ]
[2023-09-01T12:15:33+08:00][sql] SHOW FULL COLUMNS FROM `yp_rule` [ RunTime:0.001540s ]
[2023-09-01T12:15:33+08:00][sql] SELECT `id`,`path`,`type`,`status`,`pid`,`sort`,`mod_id`,`title`,`icon` FROM `yp_rule` ORDER BY `sort` ASC [ RunTime:0.000615s ]
[2023-09-01T12:15:33+08:00][sql] SHOW FULL COLUMNS FROM `yp_mod` [ RunTime:0.001852s ]
[2023-09-01T12:15:33+08:00][sql] SELECT * FROM `yp_mod` WHERE  `id` IN (1,10,0,12,3,2) [ RunTime:0.000581s ]
[2023-09-01T12:15:34+08:00][sql] CONNECT:[ UseTime:0.000812s ] mysql:host=127.0.0.1;port=3306;dbname=qiye;charset=utf8
[2023-09-01T12:15:34+08:00][sql] SHOW FULL COLUMNS FROM `yp_admin` [ RunTime:0.001649s ]
[2023-09-01T12:15:34+08:00][sql] SELECT `id`,`username`,`status`,`create_time`,`update_time`,`truename`,`mobile`,`last_ip`,`myrules`,`mybtn` FROM `yp_admin` WHERE  `id` = 1 LIMIT 1 [ RunTime:0.000381s ]
[2023-09-01T12:15:34+08:00][sql] SHOW FULL COLUMNS FROM `yp_roles` [ RunTime:0.001562s ]
[2023-09-01T12:15:34+08:00][sql] SHOW FULL COLUMNS FROM `yp_access` [ RunTime:0.001438s ]
[2023-09-01T12:15:34+08:00][sql] SELECT `yp_roles`.*,`pivot`.`id` AS `pivot__id`,`pivot`.`admin_id` AS `pivot__admin_id`,`pivot`.`roles_id` AS `pivot__roles_id` FROM `yp_roles` INNER JOIN `yp_access` `pivot` ON `pivot`.`roles_id`=`yp_roles`.`id` WHERE  `pivot`.`admin_id` = '1' [ RunTime:0.000431s ]
[2023-09-01T12:15:34+08:00][sql] SHOW FULL COLUMNS FROM `yp_rule` [ RunTime:0.001457s ]
[2023-09-01T12:15:34+08:00][sql] SELECT `id`,`path`,`type`,`status`,`pid`,`sort`,`mod_id`,`title`,`icon` FROM `yp_rule` ORDER BY `sort` ASC [ RunTime:0.000376s ]
[2023-09-01T12:15:34+08:00][sql] SHOW FULL COLUMNS FROM `yp_mod` [ RunTime:0.001426s ]
[2023-09-01T12:15:34+08:00][sql] SELECT * FROM `yp_mod` WHERE  `id` IN (1,10,0,12,3,2) [ RunTime:0.000428s ]
[2023-09-01T12:15:34+08:00][sql] CONNECT:[ UseTime:0.000665s ] mysql:host=127.0.0.1;port=3306;dbname=qiye;charset=utf8
[2023-09-01T12:15:34+08:00][sql] SHOW FULL COLUMNS FROM `yp_admin` [ RunTime:0.000556s ]
[2023-09-01T12:15:34+08:00][sql] SELECT `id`,`username`,`status`,`create_time`,`update_time`,`truename`,`mobile`,`last_ip`,`myrules`,`mybtn` FROM `yp_admin` WHERE  `id` = 1 LIMIT 1 [ RunTime:0.000282s ]
[2023-09-01T12:15:34+08:00][sql] SHOW FULL COLUMNS FROM `yp_roles` [ RunTime:0.001390s ]
[2023-09-01T12:15:34+08:00][sql] SHOW FULL COLUMNS FROM `yp_access` [ RunTime:0.001270s ]
[2023-09-01T12:15:34+08:00][sql] SELECT `yp_roles`.*,`pivot`.`id` AS `pivot__id`,`pivot`.`admin_id` AS `pivot__admin_id`,`pivot`.`roles_id` AS `pivot__roles_id` FROM `yp_roles` INNER JOIN `yp_access` `pivot` ON `pivot`.`roles_id`=`yp_roles`.`id` WHERE  `pivot`.`admin_id` = '1' [ RunTime:0.000285s ]
[2023-09-01T12:15:34+08:00][sql] SHOW FULL COLUMNS FROM `yp_rule` [ RunTime:0.001493s ]
[2023-09-01T12:15:34+08:00][sql] SELECT `id`,`path`,`type`,`status`,`pid`,`sort`,`mod_id`,`title`,`icon` FROM `yp_rule` ORDER BY `sort` ASC [ RunTime:0.000276s ]
[2023-09-01T12:15:34+08:00][sql] SHOW FULL COLUMNS FROM `yp_mod` [ RunTime:0.001335s ]
[2023-09-01T12:15:34+08:00][sql] SELECT * FROM `yp_mod` WHERE  `id` IN (1,10,0,12,3,2) [ RunTime:0.000316s ]
[2023-09-01T12:15:34+08:00][sql] SELECT * FROM `yp_roles` [ RunTime:0.000211s ]
[2023-09-01T12:15:34+08:00][sql] SELECT `yp_admin`.*,`pivot`.`id` AS `pivot__id`,`pivot`.`admin_id` AS `pivot__admin_id`,`pivot`.`roles_id` AS `pivot__roles_id` FROM `yp_admin` INNER JOIN `yp_access` `pivot` ON `pivot`.`admin_id`=`yp_admin`.`id` WHERE  `pivot`.`roles_id` IN ('1','2','3') [ RunTime:0.000290s ]
[2023-09-01T12:15:36+08:00][sql] CONNECT:[ UseTime:0.012262s ] mysql:host=127.0.0.1;port=3306;dbname=qiye;charset=utf8
[2023-09-01T12:15:36+08:00][sql] SHOW FULL COLUMNS FROM `yp_admin` [ RunTime:0.000968s ]
[2023-09-01T12:15:36+08:00][sql] SELECT `id`,`username`,`status`,`create_time`,`update_time`,`truename`,`mobile`,`last_ip`,`myrules`,`mybtn` FROM `yp_admin` WHERE  `id` = 1 LIMIT 1 [ RunTime:0.000430s ]
[2023-09-01T12:15:36+08:00][sql] SHOW FULL COLUMNS FROM `yp_roles` [ RunTime:0.001591s ]
[2023-09-01T12:15:36+08:00][sql] SHOW FULL COLUMNS FROM `yp_access` [ RunTime:0.001507s ]
[2023-09-01T12:15:36+08:00][sql] SELECT `yp_roles`.*,`pivot`.`id` AS `pivot__id`,`pivot`.`admin_id` AS `pivot__admin_id`,`pivot`.`roles_id` AS `pivot__roles_id` FROM `yp_roles` INNER JOIN `yp_access` `pivot` ON `pivot`.`roles_id`=`yp_roles`.`id` WHERE  `pivot`.`admin_id` = '1' [ RunTime:0.000420s ]
[2023-09-01T12:15:36+08:00][sql] SHOW FULL COLUMNS FROM `yp_rule` [ RunTime:0.001548s ]
[2023-09-01T12:15:36+08:00][sql] SELECT `id`,`path`,`type`,`status`,`pid`,`sort`,`mod_id`,`title`,`icon` FROM `yp_rule` ORDER BY `sort` ASC [ RunTime:0.000408s ]
[2023-09-01T12:15:36+08:00][sql] SHOW FULL COLUMNS FROM `yp_mod` [ RunTime:0.001456s ]
[2023-09-01T12:15:36+08:00][sql] SELECT * FROM `yp_mod` WHERE  `id` IN (1,10,0,12,3,2) [ RunTime:0.000448s ]
[2023-09-01T12:15:36+08:00][sql] SELECT * FROM `yp_mod` ORDER BY `sort` ASC [ RunTime:0.000402s ]
[2023-09-01T12:15:36+08:00][sql] CONNECT:[ UseTime:0.019206s ] mysql:host=127.0.0.1;port=3306;dbname=qiye;charset=utf8
[2023-09-01T12:15:36+08:00][sql] SHOW FULL COLUMNS FROM `yp_admin` [ RunTime:0.000749s ]
[2023-09-01T12:15:36+08:00][sql] SELECT `id`,`username`,`status`,`create_time`,`update_time`,`truename`,`mobile`,`last_ip`,`myrules`,`mybtn` FROM `yp_admin` WHERE  `id` = 1 LIMIT 1 [ RunTime:0.000395s ]
[2023-09-01T12:15:36+08:00][sql] SHOW FULL COLUMNS FROM `yp_roles` [ RunTime:0.000621s ]
[2023-09-01T12:15:36+08:00][sql] SHOW FULL COLUMNS FROM `yp_access` [ RunTime:0.000593s ]
[2023-09-01T12:15:36+08:00][sql] SELECT `yp_roles`.*,`pivot`.`id` AS `pivot__id`,`pivot`.`admin_id` AS `pivot__admin_id`,`pivot`.`roles_id` AS `pivot__roles_id` FROM `yp_roles` INNER JOIN `yp_access` `pivot` ON `pivot`.`roles_id`=`yp_roles`.`id` WHERE  `pivot`.`admin_id` = '1' [ RunTime:0.000539s ]
[2023-09-01T12:15:36+08:00][sql] SHOW FULL COLUMNS FROM `yp_rule` [ RunTime:0.000818s ]
[2023-09-01T12:15:36+08:00][sql] SELECT `id`,`path`,`type`,`status`,`pid`,`sort`,`mod_id`,`title`,`icon` FROM `yp_rule` ORDER BY `sort` ASC [ RunTime:0.000449s ]
[2023-09-01T12:15:36+08:00][sql] SHOW FULL COLUMNS FROM `yp_mod` [ RunTime:0.000673s ]
[2023-09-01T12:15:36+08:00][sql] SELECT * FROM `yp_mod` WHERE  `id` IN (1,10,0,12,3,2) [ RunTime:0.000416s ]
[2023-09-01T12:15:36+08:00][sql] SELECT `id`,`path`,`type`,`status`,`pid`,`sort`,`mod_id`,`title`,`icon` FROM `yp_rule` ORDER BY `sort` ASC [ RunTime:0.000401s ]
[2023-09-01T12:15:36+08:00][sql] SELECT * FROM `yp_mod` WHERE  `id` IN (1,10,0,12,3,2) [ RunTime:0.000396s ]
[2023-09-01T12:15:36+08:00][sql] CONNECT:[ UseTime:0.020657s ] mysql:host=127.0.0.1;port=3306;dbname=qiye;charset=utf8
[2023-09-01T12:15:36+08:00][sql] SHOW FULL COLUMNS FROM `yp_admin` [ RunTime:0.000709s ]
[2023-09-01T12:15:36+08:00][sql] SELECT `id`,`username`,`status`,`create_time`,`update_time`,`truename`,`mobile`,`last_ip`,`myrules`,`mybtn` FROM `yp_admin` WHERE  `id` = 1 LIMIT 1 [ RunTime:0.000387s ]
[2023-09-01T12:15:36+08:00][sql] SHOW FULL COLUMNS FROM `yp_roles` [ RunTime:0.000622s ]
[2023-09-01T12:15:36+08:00][sql] SHOW FULL COLUMNS FROM `yp_access` [ RunTime:0.000593s ]
[2023-09-01T12:15:36+08:00][sql] SELECT `yp_roles`.*,`pivot`.`id` AS `pivot__id`,`pivot`.`admin_id` AS `pivot__admin_id`,`pivot`.`roles_id` AS `pivot__roles_id` FROM `yp_roles` INNER JOIN `yp_access` `pivot` ON `pivot`.`roles_id`=`yp_roles`.`id` WHERE  `pivot`.`admin_id` = '1' [ RunTime:0.000408s ]
[2023-09-01T12:15:36+08:00][sql] SHOW FULL COLUMNS FROM `yp_rule` [ RunTime:0.000642s ]
[2023-09-01T12:15:36+08:00][sql] SELECT `id`,`path`,`type`,`status`,`pid`,`sort`,`mod_id`,`title`,`icon` FROM `yp_rule` ORDER BY `sort` ASC [ RunTime:0.000379s ]
[2023-09-01T12:15:36+08:00][sql] SHOW FULL COLUMNS FROM `yp_mod` [ RunTime:0.000676s ]
[2023-09-01T12:15:36+08:00][sql] SELECT * FROM `yp_mod` WHERE  `id` IN (1,10,0,12,3,2) [ RunTime:0.000537s ]
[2023-09-01T12:15:36+08:00][sql] SELECT * FROM `yp_roles` WHERE  `id` = 1 LIMIT 1 [ RunTime:0.000480s ]
[2023-09-01T12:15:36+08:00][sql] SELECT `yp_admin`.*,`pivot`.`id` AS `pivot__id`,`pivot`.`admin_id` AS `pivot__admin_id`,`pivot`.`roles_id` AS `pivot__roles_id` FROM `yp_admin` INNER JOIN `yp_access` `pivot` ON `pivot`.`admin_id`=`yp_admin`.`id` WHERE  `pivot`.`roles_id` = '1' [ RunTime:0.000419s ]
[2023-09-01T12:15:41+08:00][sql] CONNECT:[ UseTime:0.022359s ] mysql:host=127.0.0.1;port=3306;dbname=qiye;charset=utf8
[2023-09-01T12:15:41+08:00][sql] SHOW FULL COLUMNS FROM `yp_admin` [ RunTime:0.000737s ]
[2023-09-01T12:15:41+08:00][sql] SELECT `id`,`username`,`status`,`create_time`,`update_time`,`truename`,`mobile`,`last_ip`,`myrules`,`mybtn` FROM `yp_admin` WHERE  `id` = 1 LIMIT 1 [ RunTime:0.000388s ]
[2023-09-01T12:15:41+08:00][sql] SHOW FULL COLUMNS FROM `yp_roles` [ RunTime:0.000648s ]
[2023-09-01T12:15:41+08:00][sql] SHOW FULL COLUMNS FROM `yp_access` [ RunTime:0.000602s ]
[2023-09-01T12:15:41+08:00][sql] SELECT `yp_roles`.*,`pivot`.`id` AS `pivot__id`,`pivot`.`admin_id` AS `pivot__admin_id`,`pivot`.`roles_id` AS `pivot__roles_id` FROM `yp_roles` INNER JOIN `yp_access` `pivot` ON `pivot`.`roles_id`=`yp_roles`.`id` WHERE  `pivot`.`admin_id` = '1' [ RunTime:0.000415s ]
[2023-09-01T12:15:41+08:00][sql] SHOW FULL COLUMNS FROM `yp_rule` [ RunTime:0.000828s ]
[2023-09-01T12:15:41+08:00][sql] SELECT `id`,`path`,`type`,`status`,`pid`,`sort`,`mod_id`,`title`,`icon` FROM `yp_rule` ORDER BY `sort` ASC [ RunTime:0.000394s ]
[2023-09-01T12:15:41+08:00][sql] SHOW FULL COLUMNS FROM `yp_mod` [ RunTime:0.000746s ]
[2023-09-01T12:15:41+08:00][sql] SELECT * FROM `yp_mod` WHERE  `id` IN (1,10,0,12,3,2) [ RunTime:0.000415s ]
[2023-09-01T12:15:41+08:00][sql] SELECT * FROM `yp_mod` ORDER BY `sort` ASC [ RunTime:0.000414s ]
[2023-09-01T12:15:41+08:00][sql] CONNECT:[ UseTime:0.025333s ] mysql:host=127.0.0.1;port=3306;dbname=qiye;charset=utf8
[2023-09-01T12:15:41+08:00][sql] SHOW FULL COLUMNS FROM `yp_admin` [ RunTime:0.000739s ]
[2023-09-01T12:15:41+08:00][sql] SELECT `id`,`username`,`status`,`create_time`,`update_time`,`truename`,`mobile`,`last_ip`,`myrules`,`mybtn` FROM `yp_admin` WHERE  `id` = 1 LIMIT 1 [ RunTime:0.000385s ]
[2023-09-01T12:15:41+08:00][sql] SHOW FULL COLUMNS FROM `yp_roles` [ RunTime:0.000657s ]
[2023-09-01T12:15:41+08:00][sql] SHOW FULL COLUMNS FROM `yp_access` [ RunTime:0.000556s ]
[2023-09-01T12:15:41+08:00][sql] SELECT `yp_roles`.*,`pivot`.`id` AS `pivot__id`,`pivot`.`admin_id` AS `pivot__admin_id`,`pivot`.`roles_id` AS `pivot__roles_id` FROM `yp_roles` INNER JOIN `yp_access` `pivot` ON `pivot`.`roles_id`=`yp_roles`.`id` WHERE  `pivot`.`admin_id` = '1' [ RunTime:0.000396s ]
[2023-09-01T12:15:41+08:00][sql] SHOW FULL COLUMNS FROM `yp_rule` [ RunTime:0.000572s ]
[2023-09-01T12:15:41+08:00][sql] SELECT `id`,`path`,`type`,`status`,`pid`,`sort`,`mod_id`,`title`,`icon` FROM `yp_rule` ORDER BY `sort` ASC [ RunTime:0.000379s ]
[2023-09-01T12:15:41+08:00][sql] SHOW FULL COLUMNS FROM `yp_mod` [ RunTime:0.000624s ]
[2023-09-01T12:15:41+08:00][sql] SELECT * FROM `yp_mod` WHERE  `id` IN (1,10,0,12,3,2) [ RunTime:0.000402s ]
[2023-09-01T12:15:41+08:00][sql] SELECT `id`,`path`,`type`,`status`,`pid`,`sort`,`mod_id`,`title`,`icon` FROM `yp_rule` ORDER BY `sort` ASC [ RunTime:0.000525s ]
[2023-09-01T12:15:41+08:00][sql] SELECT * FROM `yp_mod` WHERE  `id` IN (1,10,0,12,3,2) [ RunTime:0.000428s ]
[2023-09-01T12:15:41+08:00][sql] CONNECT:[ UseTime:0.023394s ] mysql:host=127.0.0.1;port=3306;dbname=qiye;charset=utf8
[2023-09-01T12:15:41+08:00][sql] SHOW FULL COLUMNS FROM `yp_admin` [ RunTime:0.000733s ]
[2023-09-01T12:15:41+08:00][sql] SELECT `id`,`username`,`status`,`create_time`,`update_time`,`truename`,`mobile`,`last_ip`,`myrules`,`mybtn` FROM `yp_admin` WHERE  `id` = 1 LIMIT 1 [ RunTime:0.000384s ]
[2023-09-01T12:15:41+08:00][sql] SHOW FULL COLUMNS FROM `yp_roles` [ RunTime:0.000611s ]
[2023-09-01T12:15:41+08:00][sql] SHOW FULL COLUMNS FROM `yp_access` [ RunTime:0.000598s ]
[2023-09-01T12:15:41+08:00][sql] SELECT `yp_roles`.*,`pivot`.`id` AS `pivot__id`,`pivot`.`admin_id` AS `pivot__admin_id`,`pivot`.`roles_id` AS `pivot__roles_id` FROM `yp_roles` INNER JOIN `yp_access` `pivot` ON `pivot`.`roles_id`=`yp_roles`.`id` WHERE  `pivot`.`admin_id` = '1' [ RunTime:0.000424s ]
[2023-09-01T12:15:41+08:00][sql] SHOW FULL COLUMNS FROM `yp_rule` [ RunTime:0.000643s ]
[2023-09-01T12:15:41+08:00][sql] SELECT `id`,`path`,`type`,`status`,`pid`,`sort`,`mod_id`,`title`,`icon` FROM `yp_rule` ORDER BY `sort` ASC [ RunTime:0.000387s ]
[2023-09-01T12:15:41+08:00][sql] SHOW FULL COLUMNS FROM `yp_mod` [ RunTime:0.000627s ]
[2023-09-01T12:15:41+08:00][sql] SELECT * FROM `yp_mod` WHERE  `id` IN (1,10,0,12,3,2) [ RunTime:0.000426s ]
[2023-09-01T12:15:41+08:00][sql] SELECT * FROM `yp_roles` WHERE  `id` = 2 LIMIT 1 [ RunTime:0.000372s ]
[2023-09-01T12:15:41+08:00][sql] SELECT `yp_admin`.*,`pivot`.`id` AS `pivot__id`,`pivot`.`admin_id` AS `pivot__admin_id`,`pivot`.`roles_id` AS `pivot__roles_id` FROM `yp_admin` INNER JOIN `yp_access` `pivot` ON `pivot`.`admin_id`=`yp_admin`.`id` WHERE  `pivot`.`roles_id` = '2' [ RunTime:0.000409s ]
[2023-09-01T12:15:46+08:00][sql] CONNECT:[ UseTime:0.000842s ] mysql:host=127.0.0.1;port=3306;dbname=qiye;charset=utf8
[2023-09-01T12:15:46+08:00][sql] SHOW FULL COLUMNS FROM `yp_admin` [ RunTime:0.000790s ]
[2023-09-01T12:15:46+08:00][sql] SELECT `id`,`username`,`status`,`create_time`,`update_time`,`truename`,`mobile`,`last_ip`,`myrules`,`mybtn` FROM `yp_admin` WHERE  `id` = 1 LIMIT 1 [ RunTime:0.000388s ]
[2023-09-01T12:15:46+08:00][sql] SHOW FULL COLUMNS FROM `yp_roles` [ RunTime:0.000613s ]
[2023-09-01T12:15:46+08:00][sql] SHOW FULL COLUMNS FROM `yp_access` [ RunTime:0.000641s ]
[2023-09-01T12:15:46+08:00][sql] SELECT `yp_roles`.*,`pivot`.`id` AS `pivot__id`,`pivot`.`admin_id` AS `pivot__admin_id`,`pivot`.`roles_id` AS `pivot__roles_id` FROM `yp_roles` INNER JOIN `yp_access` `pivot` ON `pivot`.`roles_id`=`yp_roles`.`id` WHERE  `pivot`.`admin_id` = '1' [ RunTime:0.000415s ]
[2023-09-01T12:15:46+08:00][sql] SHOW FULL COLUMNS FROM `yp_rule` [ RunTime:0.000608s ]
[2023-09-01T12:15:46+08:00][sql] SELECT `id`,`path`,`type`,`status`,`pid`,`sort`,`mod_id`,`title`,`icon` FROM `yp_rule` ORDER BY `sort` ASC [ RunTime:0.000406s ]
[2023-09-01T12:15:46+08:00][sql] SHOW FULL COLUMNS FROM `yp_mod` [ RunTime:0.000642s ]
[2023-09-01T12:15:46+08:00][sql] SELECT * FROM `yp_mod` WHERE  `id` IN (1,10,0,12,3,2) [ RunTime:0.000413s ]
[2023-09-01T12:15:46+08:00][sql] CONNECT:[ UseTime:0.000702s ] mysql:host=127.0.0.1;port=3306;dbname=qiye;charset=utf8
[2023-09-01T12:15:46+08:00][sql] SHOW FULL COLUMNS FROM `yp_admin` [ RunTime:0.000735s ]
[2023-09-01T12:15:46+08:00][sql] SELECT `id`,`username`,`status`,`create_time`,`update_time`,`truename`,`mobile`,`last_ip`,`myrules`,`mybtn` FROM `yp_admin` [ RunTime:0.000339s ]
[2023-09-01T12:15:46+08:00][sql] SHOW FULL COLUMNS FROM `yp_roles` [ RunTime:0.000522s ]
[2023-09-01T12:15:46+08:00][sql] SHOW FULL COLUMNS FROM `yp_access` [ RunTime:0.000480s ]
[2023-09-01T12:15:46+08:00][sql] SELECT `yp_roles`.*,`pivot`.`id` AS `pivot__id`,`pivot`.`admin_id` AS `pivot__admin_id`,`pivot`.`roles_id` AS `pivot__roles_id` FROM `yp_roles` INNER JOIN `yp_access` `pivot` ON `pivot`.`roles_id`=`yp_roles`.`id` WHERE  `pivot`.`admin_id` IN ('1','2') [ RunTime:0.000383s ]
[2023-09-01T12:15:48+08:00][sql] CONNECT:[ UseTime:0.017710s ] mysql:host=127.0.0.1;port=3306;dbname=qiye;charset=utf8
[2023-09-01T12:15:48+08:00][sql] SHOW FULL COLUMNS FROM `yp_admin` [ RunTime:0.000729s ]
[2023-09-01T12:15:48+08:00][sql] SELECT `id`,`username`,`status`,`create_time`,`update_time`,`truename`,`mobile`,`last_ip`,`myrules`,`mybtn` FROM `yp_admin` WHERE  `id` = 1 LIMIT 1 [ RunTime:0.000381s ]
[2023-09-01T12:15:48+08:00][sql] SHOW FULL COLUMNS FROM `yp_roles` [ RunTime:0.000627s ]
[2023-09-01T12:15:48+08:00][sql] SHOW FULL COLUMNS FROM `yp_access` [ RunTime:0.000566s ]
[2023-09-01T12:15:48+08:00][sql] SELECT `yp_roles`.*,`pivot`.`id` AS `pivot__id`,`pivot`.`admin_id` AS `pivot__admin_id`,`pivot`.`roles_id` AS `pivot__roles_id` FROM `yp_roles` INNER JOIN `yp_access` `pivot` ON `pivot`.`roles_id`=`yp_roles`.`id` WHERE  `pivot`.`admin_id` = '1' [ RunTime:0.000415s ]
[2023-09-01T12:15:48+08:00][sql] SHOW FULL COLUMNS FROM `yp_rule` [ RunTime:0.000596s ]
[2023-09-01T12:15:48+08:00][sql] SELECT `id`,`path`,`type`,`status`,`pid`,`sort`,`mod_id`,`title`,`icon` FROM `yp_rule` ORDER BY `sort` ASC [ RunTime:0.000383s ]
[2023-09-01T12:15:48+08:00][sql] SHOW FULL COLUMNS FROM `yp_mod` [ RunTime:0.000628s ]
[2023-09-01T12:15:48+08:00][sql] SELECT * FROM `yp_mod` WHERE  `id` IN (1,10,0,12,3,2) [ RunTime:0.000434s ]
[2023-09-01T12:15:48+08:00][sql] SELECT `id`,`path`,`type`,`status`,`pid`,`sort`,`mod_id`,`title`,`icon` FROM `yp_rule` ORDER BY `sort` ASC [ RunTime:0.000417s ]
[2023-09-01T12:15:48+08:00][sql] SELECT * FROM `yp_mod` WHERE  `id` IN (1,10,0,12,3,2) [ RunTime:0.000393s ]
[2023-09-01T12:15:48+08:00][sql] CONNECT:[ UseTime:0.013186s ] mysql:host=127.0.0.1;port=3306;dbname=qiye;charset=utf8
[2023-09-01T12:15:48+08:00][sql] SHOW FULL COLUMNS FROM `yp_admin` [ RunTime:0.001148s ]
[2023-09-01T12:15:48+08:00][sql] SELECT `id`,`username`,`status`,`create_time`,`update_time`,`truename`,`mobile`,`last_ip`,`myrules`,`mybtn` FROM `yp_admin` WHERE  `id` = 1 LIMIT 1 [ RunTime:0.000439s ]
[2023-09-01T12:15:48+08:00][sql] SHOW FULL COLUMNS FROM `yp_roles` [ RunTime:0.000719s ]
[2023-09-01T12:15:48+08:00][sql] SHOW FULL COLUMNS FROM `yp_access` [ RunTime:0.000612s ]
[2023-09-01T12:15:48+08:00][sql] SELECT `yp_roles`.*,`pivot`.`id` AS `pivot__id`,`pivot`.`admin_id` AS `pivot__admin_id`,`pivot`.`roles_id` AS `pivot__roles_id` FROM `yp_roles` INNER JOIN `yp_access` `pivot` ON `pivot`.`roles_id`=`yp_roles`.`id` WHERE  `pivot`.`admin_id` = '1' [ RunTime:0.000410s ]
[2023-09-01T12:15:48+08:00][sql] CONNECT:[ UseTime:0.015811s ] mysql:host=127.0.0.1;port=3306;dbname=qiye;charset=utf8
[2023-09-01T12:15:48+08:00][sql] SHOW FULL COLUMNS FROM `yp_admin` [ RunTime:0.000752s ]
[2023-09-01T12:15:48+08:00][sql] SELECT `id`,`username`,`status`,`create_time`,`update_time`,`truename`,`mobile`,`last_ip`,`myrules`,`mybtn` FROM `yp_admin` WHERE  `id` = 1 LIMIT 1 [ RunTime:0.000396s ]
[2023-09-01T12:15:48+08:00][sql] SHOW FULL COLUMNS FROM `yp_roles` [ RunTime:0.000671s ]
[2023-09-01T12:15:48+08:00][sql] SHOW FULL COLUMNS FROM `yp_access` [ RunTime:0.000711s ]
[2023-09-01T12:15:48+08:00][sql] SELECT `yp_roles`.*,`pivot`.`id` AS `pivot__id`,`pivot`.`admin_id` AS `pivot__admin_id`,`pivot`.`roles_id` AS `pivot__roles_id` FROM `yp_roles` INNER JOIN `yp_access` `pivot` ON `pivot`.`roles_id`=`yp_roles`.`id` WHERE  `pivot`.`admin_id` = '1' [ RunTime:0.000527s ]
[2023-09-01T12:15:48+08:00][sql] SHOW FULL COLUMNS FROM `yp_rule` [ RunTime:0.000697s ]
[2023-09-01T12:15:48+08:00][sql] SELECT `id`,`path`,`type`,`status`,`pid`,`sort`,`mod_id`,`title`,`icon` FROM `yp_rule` ORDER BY `sort` ASC [ RunTime:0.000417s ]
[2023-09-01T12:15:48+08:00][sql] SHOW FULL COLUMNS FROM `yp_mod` [ RunTime:0.000650s ]
[2023-09-01T12:15:48+08:00][sql] SELECT * FROM `yp_mod` WHERE  `id` IN (1,10,0,12,3,2) [ RunTime:0.000441s ]
[2023-09-01T12:15:48+08:00][sql] SELECT * FROM `yp_mod` ORDER BY `sort` ASC [ RunTime:0.000419s ]
