[2023-09-05T05:40:13+08:00][sql] CONNECT:[ UseTime:0.000611s ] mysql:host=127.0.0.1;port=3306;dbname=qiye;charset=utf8
[2023-09-05T05:40:13+08:00][sql] SHOW FULL COLUMNS FROM `yp_category` [ RunTime:0.001458s ]
[2023-09-05T05:40:13+08:00][sql] SELECT * FROM `yp_category` [ RunTime:0.000240s ]
[2023-09-05T05:40:13+08:00][sql] SHOW FULL COLUMNS FROM `yp_mod` [ RunTime:0.000498s ]
[2023-09-05T05:40:13+08:00][sql] SELECT * FROM `yp_mod` WHERE  `id` = 2 [ RunTime:0.000445s ]
[2023-09-05T05:40:16+08:00][sql] CONNECT:[ UseTime:0.000758s ] mysql:host=127.0.0.1;port=3306;dbname=qiye;charset=utf8
[2023-09-05T05:40:16+08:00][sql] SHOW FULL COLUMNS FROM `yp_category` [ RunTime:0.001656s ]
[2023-09-05T05:40:16+08:00][sql] SELECT * FROM `yp_category` [ RunTime:0.000364s ]
[2023-09-05T05:40:16+08:00][sql] SHOW FULL COLUMNS FROM `yp_mod` [ RunTime:0.000643s ]
[2023-09-05T05:40:16+08:00][sql] SELECT * FROM `yp_mod` WHERE  `id` = 2 [ RunTime:0.000370s ]
[2023-09-05T05:40:16+08:00][sql] SELECT * FROM `yp_category` WHERE  `id` = 1 LIMIT 1 [ RunTime:0.000386s ]
[2023-09-05T05:40:16+08:00][sql] SELECT * FROM `yp_mod` WHERE  `id` = 2 LIMIT 1 [ RunTime:0.000348s ]
[2023-09-05T05:40:16+08:00][sql] SHOW FULL COLUMNS FROM `yp_article` [ RunTime:0.001635s ]
[2023-09-05T05:40:16+08:00][sql] SELECT * FROM `yp_article` WHERE `yp_article`.`delete_time` = '0' [ RunTime:0.000396s ]
[2023-09-05T05:40:16+08:00][sql] CONNECT:[ UseTime:0.018272s ] mysql:host=127.0.0.1;port=3306;dbname=qiye;charset=utf8
[2023-09-05T05:40:16+08:00][sql] SHOW FULL COLUMNS FROM `yp_category` [ RunTime:0.001558s ]
[2023-09-05T05:40:16+08:00][sql] SELECT * FROM `yp_category` [ RunTime:0.000356s ]
[2023-09-05T05:40:16+08:00][sql] SHOW FULL COLUMNS FROM `yp_mod` [ RunTime:0.000622s ]
[2023-09-05T05:40:16+08:00][sql] SELECT * FROM `yp_mod` WHERE  `id` = 2 [ RunTime:0.000369s ]
[2023-09-05T05:40:16+08:00][sql] SELECT * FROM `yp_category` WHERE  `id` = 11 LIMIT 1 [ RunTime:0.000429s ]
[2023-09-05T05:40:16+08:00][sql] SELECT * FROM `yp_mod` WHERE  `id` = 2 LIMIT 1 [ RunTime:0.000406s ]
[2023-09-05T05:40:16+08:00][sql] SHOW FULL COLUMNS FROM `yp_article` [ RunTime:0.001494s ]
[2023-09-05T05:40:16+08:00][sql] SELECT * FROM `yp_article` WHERE `yp_article`.`delete_time` = '0' [ RunTime:0.000355s ]
[2023-09-05T05:40:18+08:00][sql] CONNECT:[ UseTime:0.024218s ] mysql:host=127.0.0.1;port=3306;dbname=qiye;charset=utf8
[2023-09-05T05:40:18+08:00][sql] SHOW FULL COLUMNS FROM `yp_category` [ RunTime:0.001591s ]
[2023-09-05T05:40:18+08:00][sql] SELECT * FROM `yp_category` [ RunTime:0.000374s ]
[2023-09-05T05:40:18+08:00][sql] SHOW FULL COLUMNS FROM `yp_mod` [ RunTime:0.000642s ]
[2023-09-05T05:40:18+08:00][sql] SELECT * FROM `yp_mod` WHERE  `id` = 2 [ RunTime:0.000369s ]
[2023-09-05T05:40:18+08:00][sql] SELECT * FROM `yp_category` WHERE  `id` = 11 LIMIT 1 [ RunTime:0.000359s ]
[2023-09-05T05:40:18+08:00][sql] SELECT * FROM `yp_mod` WHERE  `id` = 2 LIMIT 1 [ RunTime:0.000349s ]
[2023-09-05T05:40:18+08:00][sql] SHOW FULL COLUMNS FROM `yp_article` [ RunTime:0.001497s ]
[2023-09-05T05:40:18+08:00][sql] SELECT * FROM `yp_article` WHERE `yp_article`.`delete_time` = '0' [ RunTime:0.000361s ]
[2023-09-05T05:41:00+08:00][error] [0]语法错误: unexpected '}', expecting ';'[D:\qiye\web\app\index\controller\Index.php:24]
[2023-09-05T05:44:27+08:00][sql] CONNECT:[ UseTime:0.000879s ] mysql:host=127.0.0.1;port=3306;dbname=qiye;charset=utf8
[2023-09-05T05:44:27+08:00][sql] SHOW FULL COLUMNS FROM `yp_category` [ RunTime:0.001006s ]
[2023-09-05T05:44:27+08:00][sql] SELECT * FROM `yp_category` [ RunTime:0.000382s ]
[2023-09-05T05:44:27+08:00][sql] SHOW FULL COLUMNS FROM `yp_mod` [ RunTime:0.000636s ]
[2023-09-05T05:44:27+08:00][sql] SELECT * FROM `yp_mod` WHERE  `id` = 2 [ RunTime:0.000390s ]
[2023-09-05T05:50:43+08:00][sql] CONNECT:[ UseTime:0.018127s ] mysql:host=127.0.0.1;port=3306;dbname=qiye;charset=utf8
[2023-09-05T05:50:43+08:00][sql] SHOW FULL COLUMNS FROM `yp_category` [ RunTime:0.000788s ]
[2023-09-05T05:50:43+08:00][sql] SELECT * FROM `yp_category` [ RunTime:0.000371s ]
[2023-09-05T05:50:43+08:00][sql] SHOW FULL COLUMNS FROM `yp_mod` [ RunTime:0.000665s ]
[2023-09-05T05:50:43+08:00][sql] SELECT * FROM `yp_mod` WHERE  `id` = 2 [ RunTime:0.000427s ]
[2023-09-05T05:50:43+08:00][sql] SELECT * FROM `yp_category` WHERE  `id` = 1 LIMIT 1 [ RunTime:0.000364s ]
[2023-09-05T05:50:43+08:00][sql] SELECT * FROM `yp_mod` WHERE  `id` = 2 LIMIT 1 [ RunTime:0.000348s ]
[2023-09-05T05:50:43+08:00][sql] SHOW FULL COLUMNS FROM `yp_article` [ RunTime:0.000702s ]
[2023-09-05T05:50:43+08:00][sql] SELECT * FROM `yp_article` WHERE `yp_article`.`delete_time` = '0' [ RunTime:0.000362s ]
[2023-09-05T05:50:44+08:00][sql] CONNECT:[ UseTime:0.013715s ] mysql:host=127.0.0.1;port=3306;dbname=qiye;charset=utf8
[2023-09-05T05:50:44+08:00][sql] SHOW FULL COLUMNS FROM `yp_category` [ RunTime:0.000708s ]
[2023-09-05T05:50:44+08:00][sql] SELECT * FROM `yp_category` [ RunTime:0.000352s ]
[2023-09-05T05:50:44+08:00][sql] SHOW FULL COLUMNS FROM `yp_mod` [ RunTime:0.000611s ]
[2023-09-05T05:50:44+08:00][sql] SELECT * FROM `yp_mod` WHERE  `id` = 2 [ RunTime:0.000364s ]
[2023-09-05T05:50:44+08:00][sql] SELECT * FROM `yp_category` WHERE  `id` = 6 LIMIT 1 [ RunTime:0.000352s ]
[2023-09-05T05:50:44+08:00][sql] SELECT * FROM `yp_mod` WHERE  `id` = 2 LIMIT 1 [ RunTime:0.000356s ]
[2023-09-05T05:50:44+08:00][sql] SHOW FULL COLUMNS FROM `yp_article` [ RunTime:0.000755s ]
[2023-09-05T05:50:44+08:00][sql] SELECT * FROM `yp_article` WHERE `yp_article`.`delete_time` = '0' [ RunTime:0.000424s ]
[2023-09-05T05:50:45+08:00][sql] CONNECT:[ UseTime:0.019038s ] mysql:host=127.0.0.1;port=3306;dbname=qiye;charset=utf8
[2023-09-05T05:50:45+08:00][sql] SHOW FULL COLUMNS FROM `yp_category` [ RunTime:0.000797s ]
[2023-09-05T05:50:45+08:00][sql] SELECT * FROM `yp_category` [ RunTime:0.000377s ]
[2023-09-05T05:50:45+08:00][sql] SHOW FULL COLUMNS FROM `yp_mod` [ RunTime:0.000657s ]
[2023-09-05T05:50:45+08:00][sql] SELECT * FROM `yp_mod` WHERE  `id` = 2 [ RunTime:0.000380s ]
[2023-09-05T05:50:45+08:00][sql] SHOW FULL COLUMNS FROM `yp_article` [ RunTime:0.000654s ]
[2023-09-05T05:50:45+08:00][sql] SELECT * FROM `yp_article` WHERE (  `id` = 58 ) AND `yp_article`.`delete_time` = '0' LIMIT 1 [ RunTime:0.000371s ]
[2023-09-05T05:50:48+08:00][sql] CONNECT:[ UseTime:0.019819s ] mysql:host=127.0.0.1;port=3306;dbname=qiye;charset=utf8
[2023-09-05T05:50:48+08:00][sql] SHOW FULL COLUMNS FROM `yp_category` [ RunTime:0.001571s ]
[2023-09-05T05:50:48+08:00][sql] SELECT * FROM `yp_category` [ RunTime:0.000368s ]
[2023-09-05T05:50:48+08:00][sql] SHOW FULL COLUMNS FROM `yp_mod` [ RunTime:0.000647s ]
[2023-09-05T05:50:48+08:00][sql] SELECT * FROM `yp_mod` WHERE  `id` = 2 [ RunTime:0.000368s ]
[2023-09-05T05:50:48+08:00][sql] CONNECT:[ UseTime:0.014706s ] mysql:host=127.0.0.1;port=3306;dbname=qiye;charset=utf8
[2023-09-05T05:50:48+08:00][sql] SHOW FULL COLUMNS FROM `yp_category` [ RunTime:0.000701s ]
[2023-09-05T05:50:48+08:00][sql] SELECT * FROM `yp_category` [ RunTime:0.000361s ]
[2023-09-05T05:50:48+08:00][sql] SHOW FULL COLUMNS FROM `yp_mod` [ RunTime:0.000610s ]
[2023-09-05T05:50:48+08:00][sql] SELECT * FROM `yp_mod` WHERE  `id` = 2 [ RunTime:0.000363s ]
[2023-09-05T05:50:49+08:00][sql] CONNECT:[ UseTime:0.015362s ] mysql:host=127.0.0.1;port=3306;dbname=qiye;charset=utf8
[2023-09-05T05:50:49+08:00][sql] SHOW FULL COLUMNS FROM `yp_category` [ RunTime:0.000640s ]
[2023-09-05T05:50:49+08:00][sql] SELECT * FROM `yp_category` [ RunTime:0.000295s ]
[2023-09-05T05:50:49+08:00][sql] SHOW FULL COLUMNS FROM `yp_mod` [ RunTime:0.000546s ]
[2023-09-05T05:50:49+08:00][sql] SELECT * FROM `yp_mod` WHERE  `id` = 2 [ RunTime:0.000324s ]
